****                   ADMIXTURE Version 1.3.0                  ****
****                    Copyright 2008-2015                     ****
****           David Alexander, Suyash Shringarpure,            ****
****                John  Novembre, Ken Lange                   ****
****                                                            ****
****                 Please cite our paper!                     ****
****   Information at www.genetics.ucla.edu/software/admixture  ****

Cross-validation will be performed.  Folds=5.
Parallel execution requested.  Will use 5 threads.
Random seed: 43
Point estimation method: EM algorithm
Convergence acceleration algorithm: QuasiNewton, 3 secant conditions
Point estimation will terminate when objective function delta < 0.0001
Estimation of standard errors disabled; will compute point estimates only.
Size of G: 49x1041
Performing five EM steps to prime main algorithm
1 (EM) 	Elapsed: 0.007	Loglikelihood: -20083	(delta): 50832.5
2 (EM) 	Elapsed: 0.006	Loglikelihood: -18230.7	(delta): 1852.25
3 (EM) 	Elapsed: 0.006	Loglikelihood: -17727.8	(delta): 502.972
4 (EM) 	Elapsed: 0.006	Loglikelihood: -17380.1	(delta): 347.664
5 (EM) 	Elapsed: 0.006	Loglikelihood: -17088.7	(delta): 291.434
Initial loglikelihood: -17088.7
Starting main algorithm
1 (QN/EM) 	Elapsed: 0.012	Loglikelihood: -16578	(delta): 510.64
2 (QN/EM) 	Elapsed: 0.012	Loglikelihood: -16093.4	(delta): 484.602
3 (QN/EM) 	Elapsed: 0.012	Loglikelihood: -14165	(delta): 1928.4
4 (QN/EM) 	Elapsed: 0.012	Loglikelihood: -13634.6	(delta): 530.455
5 (QN/EM) 	Elapsed: 0.012	Loglikelihood: -13279.7	(delta): 354.88
6 (QN/EM) 	Elapsed: 0.011	Loglikelihood: -12072.2	(delta): 1207.49
7 (QN/EM) 	Elapsed: 0.011	Loglikelihood: -11678.8	(delta): 393.437
8 (QN/EM) 	Elapsed: 0.011	Loglikelihood: -11323.5	(delta): 355.254
9 (QN/EM) 	Elapsed: 0.011	Loglikelihood: -11109.1	(delta): 214.398
10 (QN/EM) 	Elapsed: 0.011	Loglikelihood: -10975	(delta): 134.135
11 (QN/EM) 	Elapsed: 0.011	Loglikelihood: -10894	(delta): 81.0169
12 (QN/EM) 	Elapsed: 0.01	Loglikelihood: -10708.7	(delta): 185.246
13 (QN/EM) 	Elapsed: 0.01	Loglikelihood: -10612.4	(delta): 96.3446
14 (QN/EM) 	Elapsed: 0.01	Loglikelihood: -10487.4	(delta): 124.933
15 (QN/EM) 	Elapsed: 0.01	Loglikelihood: -10431.8	(delta): 55.645
16 (QN/EM) 	Elapsed: 0.01	Loglikelihood: -10372	(delta): 59.7503
17 (QN/EM) 	Elapsed: 0.01	Loglikelihood: -10331.7	(delta): 40.358
18 (QN/EM) 	Elapsed: 0.01	Loglikelihood: -10191.1	(delta): 140.526
19 (QN/EM) 	Elapsed: 0.01	Loglikelihood: -10079	(delta): 112.165
20 (QN/EM) 	Elapsed: 0.01	Loglikelihood: -10004.7	(delta): 74.2522
21 (QN/EM) 	Elapsed: 0.01	Loglikelihood: -9942.08	(delta): 62.6474
22 (QN/EM) 	Elapsed: 0.01	Loglikelihood: -9894.75	(delta): 47.3313
23 (QN/EM) 	Elapsed: 0.01	Loglikelihood: -9802.03	(delta): 92.727
24 (QN/EM) 	Elapsed: 0.01	Loglikelihood: -9744.27	(delta): 57.7595
25 (QN/EM) 	Elapsed: 0.01	Loglikelihood: -9711.88	(delta): 32.3857
26 (QN/EM) 	Elapsed: 0.01	Loglikelihood: -9686.18	(delta): 25.7011
27 (QN/EM) 	Elapsed: 0.011	Loglikelihood: -9671.38	(delta): 14.7952
28 (QN/EM) 	Elapsed: 0.01	Loglikelihood: -9657.36	(delta): 14.0247
29 (QN/EM) 	Elapsed: 0.01	Loglikelihood: -9621.09	(delta): 36.2659
30 (QN/EM) 	Elapsed: 0.01	Loglikelihood: -9560.98	(delta): 60.114
31 (QN/EM) 	Elapsed: 0.01	Loglikelihood: -9526.76	(delta): 34.2172
32 (QN/EM) 	Elapsed: 0.01	Loglikelihood: -9505.36	(delta): 21.4046
33 (QN/EM) 	Elapsed: 0.01	Loglikelihood: -9491.44	(delta): 13.9153
34 (QN/EM) 	Elapsed: 0.01	Loglikelihood: -9447.73	(delta): 43.7084
35 (QN/EM) 	Elapsed: 0.01	Loglikelihood: -9421.68	(delta): 26.0547
36 (QN/EM) 	Elapsed: 0.01	Loglikelihood: -9405.66	(delta): 16.0188
37 (QN/EM) 	Elapsed: 0.01	Loglikelihood: -9396.53	(delta): 9.13482
38 (QN/EM) 	Elapsed: 0.01	Loglikelihood: -9387.84	(delta): 8.68541
39 (QN/EM) 	Elapsed: 0.01	Loglikelihood: -9380.14	(delta): 7.69527
40 (QN/EM) 	Elapsed: 0.01	Loglikelihood: -9377.6	(delta): 2.54718
41 (QN/EM) 	Elapsed: 0.01	Loglikelihood: -9376.52	(delta): 1.07957
42 (QN/EM) 	Elapsed: 0.01	Loglikelihood: -9374.16	(delta): 2.36142
43 (QN/EM) 	Elapsed: 0.01	Loglikelihood: -9371.59	(delta): 2.56612
44 (QN/EM) 	Elapsed: 0.01	Loglikelihood: -9369.91	(delta): 1.68265
45 (QN/EM) 	Elapsed: 0.01	Loglikelihood: -9369.14	(delta): 0.766299
46 (QN/EM) 	Elapsed: 0.01	Loglikelihood: -9368.28	(delta): 0.86089
47 (QN/EM) 	Elapsed: 0.01	Loglikelihood: -9367.98	(delta): 0.298174
48 (QN/EM) 	Elapsed: 0.01	Loglikelihood: -9367.69	(delta): 0.28954
49 (QN/EM) 	Elapsed: 0.01	Loglikelihood: -9365.2	(delta): 2.49112
50 (QN/EM) 	Elapsed: 0.01	Loglikelihood: -9364.52	(delta): 0.683138
51 (QN/EM) 	Elapsed: 0.01	Loglikelihood: -9364.12	(delta): 0.399117
52 (QN/EM) 	Elapsed: 0.01	Loglikelihood: -9363.96	(delta): 0.157581
53 (QN/EM) 	Elapsed: 0.01	Loglikelihood: -9363.81	(delta): 0.149675
54 (QN/EM) 	Elapsed: 0.01	Loglikelihood: -9361.58	(delta): 2.23201
55 (QN/EM) 	Elapsed: 0.01	Loglikelihood: -9361.32	(delta): 0.263347
56 (QN/EM) 	Elapsed: 0.01	Loglikelihood: -9361.23	(delta): 0.0839687
57 (QN/EM) 	Elapsed: 0.01	Loglikelihood: -9361.21	(delta): 0.0225161
58 (QN/EM) 	Elapsed: 0.01	Loglikelihood: -9361.2	(delta): 0.0117958
59 (QN/EM) 	Elapsed: 0.01	Loglikelihood: -9361.17	(delta): 0.0304356
60 (QN/EM) 	Elapsed: 0.01	Loglikelihood: -9361.16	(delta): 0.0102512
61 (QN/EM) 	Elapsed: 0.01	Loglikelihood: -9361.15	(delta): 0.00978396
62 (QN/EM) 	Elapsed: 0.01	Loglikelihood: -9361.14	(delta): 0.00958295
63 (QN/EM) 	Elapsed: 0.01	Loglikelihood: -9360.53	(delta): 0.604823
64 (QN/EM) 	Elapsed: 0.01	Loglikelihood: -9360.53	(delta): 0.00573315
65 (QN/EM) 	Elapsed: 0.01	Loglikelihood: -9360.53	(delta): 0.00027705
66 (QN/EM) 	Elapsed: 0.01	Loglikelihood: -9360.53	(delta): 0.00020203
67 (QN/EM) 	Elapsed: 0.01	Loglikelihood: -9360.53	(delta): 0.000201843
68 (QN/EM) 	Elapsed: 0.01	Loglikelihood: -9360.5	(delta): 0.0262932
69 (QN/EM) 	Elapsed: 0.01	Loglikelihood: -9360.5	(delta): 0.00260119
70 (QN/EM) 	Elapsed: 0.01	Loglikelihood: -9360.5	(delta): 1.741e-05
Summary: 
Converged in 70 iterations (0.791 sec)
Loglikelihood: -9360.498348
Fst divergences between estimated populations: 
	Pop0	Pop1	Pop2	Pop3	Pop4	
Pop0	
Pop1	0.592	
Pop2	0.651	0.612	
Pop3	0.415	0.510	0.533	
Pop4	0.608	0.452	0.614	0.517	
Pop5	0.425	0.334	0.427	0.362	0.377	
CV error (K=6): 0.33225
Writing output files.
