****                   ADMIXTURE Version 1.3.0                  ****
****                    Copyright 2008-2015                     ****
****           David Alexander, Suyash Shringarpure,            ****
****                John  Novembre, Ken Lange                   ****
****                                                            ****
****                 Please cite our paper!                     ****
****   Information at www.genetics.ucla.edu/software/admixture  ****

Cross-validation will be performed.  Folds=5.
Parallel execution requested.  Will use 5 threads.
Random seed: 43
Point estimation method: EM algorithm
Convergence acceleration algorithm: QuasiNewton, 3 secant conditions
Point estimation will terminate when objective function delta < 0.0001
Estimation of standard errors disabled; will compute point estimates only.
Size of G: 49x1041
Performing five EM steps to prime main algorithm
1 (EM) 	Elapsed: 0.008	Loglikelihood: -20081.8	(delta): 48996
2 (EM) 	Elapsed: 0.007	Loglikelihood: -18181.5	(delta): 1900.29
3 (EM) 	Elapsed: 0.007	Loglikelihood: -17655.9	(delta): 525.601
4 (EM) 	Elapsed: 0.007	Loglikelihood: -17285.9	(delta): 370.074
5 (EM) 	Elapsed: 0.007	Loglikelihood: -16966.4	(delta): 319.461
Initial loglikelihood: -16966.4
Starting main algorithm
1 (QN/EM) 	Elapsed: 0.012	Loglikelihood: -16386.2	(delta): 580.145
2 (QN/EM) 	Elapsed: 0.012	Loglikelihood: -15831.3	(delta): 554.964
3 (QN/EM) 	Elapsed: 0.013	Loglikelihood: -13459.3	(delta): 2371.96
4 (QN/EM) 	Elapsed: 0.013	Loglikelihood: -12925.1	(delta): 534.193
5 (QN/EM) 	Elapsed: 0.012	Loglikelihood: -11380.3	(delta): 1544.79
6 (QN/EM) 	Elapsed: 0.011	Loglikelihood: -10795	(delta): 585.355
7 (QN/EM) 	Elapsed: 0.011	Loglikelihood: -10169.5	(delta): 625.45
8 (QN/EM) 	Elapsed: 0.011	Loglikelihood: -9840.1	(delta): 329.433
9 (QN/EM) 	Elapsed: 0.011	Loglikelihood: -9619.92	(delta): 220.181
10 (QN/EM) 	Elapsed: 0.011	Loglikelihood: -9353.03	(delta): 266.891
11 (QN/EM) 	Elapsed: 0.011	Loglikelihood: -9153.94	(delta): 199.089
12 (QN/EM) 	Elapsed: 0.01	Loglikelihood: -8495.34	(delta): 658.6
13 (QN/EM) 	Elapsed: 0.01	Loglikelihood: -8237.05	(delta): 258.282
14 (QN/EM) 	Elapsed: 0.01	Loglikelihood: -8052.36	(delta): 184.698
15 (QN/EM) 	Elapsed: 0.01	Loglikelihood: -7916.71	(delta): 135.644
16 (QN/EM) 	Elapsed: 0.01	Loglikelihood: -7768.02	(delta): 148.696
17 (QN/EM) 	Elapsed: 0.01	Loglikelihood: -7693.73	(delta): 74.284
18 (QN/EM) 	Elapsed: 0.01	Loglikelihood: -7609.03	(delta): 84.7049
19 (QN/EM) 	Elapsed: 0.01	Loglikelihood: -7546.06	(delta): 62.9655
20 (QN/EM) 	Elapsed: 0.01	Loglikelihood: -7507.42	(delta): 38.6443
21 (QN/EM) 	Elapsed: 0.01	Loglikelihood: -7469.81	(delta): 37.6085
22 (QN/EM) 	Elapsed: 0.01	Loglikelihood: -7412.36	(delta): 57.4543
23 (QN/EM) 	Elapsed: 0.01	Loglikelihood: -7392.45	(delta): 19.9024
24 (QN/EM) 	Elapsed: 0.01	Loglikelihood: -7356.61	(delta): 35.84
25 (QN/EM) 	Elapsed: 0.01	Loglikelihood: -7330.99	(delta): 25.6188
26 (QN/EM) 	Elapsed: 0.01	Loglikelihood: -7298.14	(delta): 32.8592
27 (QN/EM) 	Elapsed: 0.01	Loglikelihood: -7289.7	(delta): 8.43883
28 (QN/EM) 	Elapsed: 0.01	Loglikelihood: -7285.39	(delta): 4.30321
29 (QN/EM) 	Elapsed: 0.011	Loglikelihood: -7282.67	(delta): 2.72453
30 (QN/EM) 	Elapsed: 0.011	Loglikelihood: -7279.61	(delta): 3.05876
31 (QN/EM) 	Elapsed: 0.011	Loglikelihood: -7276.97	(delta): 2.64442
32 (QN/EM) 	Elapsed: 0.011	Loglikelihood: -7274.44	(delta): 2.52173
33 (QN/EM) 	Elapsed: 0.01	Loglikelihood: -7266.13	(delta): 8.30912
34 (QN/EM) 	Elapsed: 0.01	Loglikelihood: -7259.4	(delta): 6.73948
35 (QN/EM) 	Elapsed: 0.011	Loglikelihood: -7257.17	(delta): 2.22429
36 (QN/EM) 	Elapsed: 0.01	Loglikelihood: -7254.91	(delta): 2.26174
37 (QN/EM) 	Elapsed: 0.01	Loglikelihood: -7251.71	(delta): 3.20285
38 (QN/EM) 	Elapsed: 0.01	Loglikelihood: -7250.29	(delta): 1.41897
39 (QN/EM) 	Elapsed: 0.01	Loglikelihood: -7244.88	(delta): 5.40948
40 (QN/EM) 	Elapsed: 0.01	Loglikelihood: -7238.66	(delta): 6.21964
41 (QN/EM) 	Elapsed: 0.01	Loglikelihood: -7236.24	(delta): 2.42045
42 (QN/EM) 	Elapsed: 0.011	Loglikelihood: -7235.77	(delta): 0.469264
43 (QN/EM) 	Elapsed: 0.011	Loglikelihood: -7235.72	(delta): 0.0456301
44 (QN/EM) 	Elapsed: 0.01	Loglikelihood: -7235.68	(delta): 0.0442322
45 (QN/EM) 	Elapsed: 0.011	Loglikelihood: -7235.65	(delta): 0.030551
46 (QN/EM) 	Elapsed: 0.011	Loglikelihood: -7235.62	(delta): 0.0292768
47 (QN/EM) 	Elapsed: 0.011	Loglikelihood: -7235.59	(delta): 0.028033
48 (QN/EM) 	Elapsed: 0.01	Loglikelihood: -7234.99	(delta): 0.603832
49 (QN/EM) 	Elapsed: 0.01	Loglikelihood: -7234.88	(delta): 0.107562
50 (QN/EM) 	Elapsed: 0.01	Loglikelihood: -7234.87	(delta): 0.00676565
51 (QN/EM) 	Elapsed: 0.011	Loglikelihood: -7234.87	(delta): 0.00339754
52 (QN/EM) 	Elapsed: 0.01	Loglikelihood: -7234.84	(delta): 0.030385
53 (QN/EM) 	Elapsed: 0.01	Loglikelihood: -7234.83	(delta): 0.0117572
54 (QN/EM) 	Elapsed: 0.01	Loglikelihood: -7234.82	(delta): 0.00756939
55 (QN/EM) 	Elapsed: 0.01	Loglikelihood: -7234.74	(delta): 0.0791919
56 (QN/EM) 	Elapsed: 0.011	Loglikelihood: -7234.74	(delta): 0.000631716
57 (QN/EM) 	Elapsed: 0.011	Loglikelihood: -7234.74	(delta): 0.00052181
58 (QN/EM) 	Elapsed: 0.01	Loglikelihood: -7234.72	(delta): 0.020156
59 (QN/EM) 	Elapsed: 0.011	Loglikelihood: -7234.72	(delta): 0.00123456
60 (QN/EM) 	Elapsed: 0.011	Loglikelihood: -7234.72	(delta): 0.00108853
61 (QN/EM) 	Elapsed: 0.01	Loglikelihood: -7234.71	(delta): 0.00964796
62 (QN/EM) 	Elapsed: 0.01	Loglikelihood: -7234.71	(delta): 0.000701825
63 (QN/EM) 	Elapsed: 0.011	Loglikelihood: -7234.71	(delta): 7.95295e-05
Summary: 
Converged in 63 iterations (0.747 sec)
Loglikelihood: -7234.706106
Fst divergences between estimated populations: 
	Pop0	Pop1	Pop2	Pop3	Pop4	Pop5	Pop6	
Pop0	
Pop1	0.573	
Pop2	0.570	0.413	
Pop3	0.415	0.680	0.662	
Pop4	0.517	0.595	0.578	0.608	
Pop5	0.536	0.703	0.668	0.649	0.612	
Pop6	0.510	0.555	0.523	0.592	0.452	0.610	
Pop7	0.417	0.459	0.445	0.480	0.455	0.478	0.429	
CV error (K=8): 0.32468
Writing output files.
