****                   ADMIXTURE Version 1.3.0                  ****
****                    Copyright 2008-2015                     ****
****           David Alexander, Suyash Shringarpure,            ****
****                John  Novembre, Ken Lange                   ****
****                                                            ****
****                 Please cite our paper!                     ****
****   Information at www.genetics.ucla.edu/software/admixture  ****

Cross-validation will be performed.  Folds=5.
Parallel execution requested.  Will use 5 threads.
Random seed: 43
Point estimation method: EM algorithm
Convergence acceleration algorithm: QuasiNewton, 3 secant conditions
Point estimation will terminate when objective function delta < 0.0001
Estimation of standard errors disabled; will compute point estimates only.
Size of G: 49x1041
Performing five EM steps to prime main algorithm
1 (EM) 	Elapsed: 0.007	Loglikelihood: -20103.6	(delta): 48736.2
2 (EM) 	Elapsed: 0.007	Loglikelihood: -18126.7	(delta): 1976.94
3 (EM) 	Elapsed: 0.007	Loglikelihood: -17590.9	(delta): 535.765
4 (EM) 	Elapsed: 0.007	Loglikelihood: -17200.2	(delta): 390.698
5 (EM) 	Elapsed: 0.007	Loglikelihood: -16844.9	(delta): 355.351
Initial loglikelihood: -16844.9
Starting main algorithm
1 (QN/EM) 	Elapsed: 0.016	Loglikelihood: -16172.7	(delta): 672.195
2 (QN/EM) 	Elapsed: 0.015	Loglikelihood: -15530.4	(delta): 642.256
3 (QN/EM) 	Elapsed: 0.016	Loglikelihood: -13323.7	(delta): 2206.69
4 (QN/EM) 	Elapsed: 0.016	Loglikelihood: -12830.6	(delta): 493.119
5 (QN/EM) 	Elapsed: 0.015	Loglikelihood: -11444	(delta): 1386.67
6 (QN/EM) 	Elapsed: 0.015	Loglikelihood: -10583.5	(delta): 860.476
7 (QN/EM) 	Elapsed: 0.015	Loglikelihood: -9962.41	(delta): 621.068
8 (QN/EM) 	Elapsed: 0.015	Loglikelihood: -9637.16	(delta): 325.248
9 (QN/EM) 	Elapsed: 0.014	Loglikelihood: -9289.52	(delta): 347.647
10 (QN/EM) 	Elapsed: 0.014	Loglikelihood: -8643.99	(delta): 645.523
11 (QN/EM) 	Elapsed: 0.014	Loglikelihood: -8266.45	(delta): 377.539
12 (QN/EM) 	Elapsed: 0.014	Loglikelihood: -8041.71	(delta): 224.747
13 (QN/EM) 	Elapsed: 0.014	Loglikelihood: -7892.82	(delta): 148.883
14 (QN/EM) 	Elapsed: 0.014	Loglikelihood: -7751.82	(delta): 141.006
15 (QN/EM) 	Elapsed: 0.014	Loglikelihood: -7520.22	(delta): 231.6
16 (QN/EM) 	Elapsed: 0.014	Loglikelihood: -7332.38	(delta): 187.834
17 (QN/EM) 	Elapsed: 0.014	Loglikelihood: -7204.34	(delta): 128.041
18 (QN/EM) 	Elapsed: 0.014	Loglikelihood: -7131.5	(delta): 72.843
19 (QN/EM) 	Elapsed: 0.014	Loglikelihood: -7049.82	(delta): 81.6758
20 (QN/EM) 	Elapsed: 0.014	Loglikelihood: -6955.41	(delta): 94.4126
21 (QN/EM) 	Elapsed: 0.014	Loglikelihood: -6919.21	(delta): 36.2002
22 (QN/EM) 	Elapsed: 0.015	Loglikelihood: -6899.09	(delta): 20.1205
23 (QN/EM) 	Elapsed: 0.015	Loglikelihood: -6879.78	(delta): 19.3112
24 (QN/EM) 	Elapsed: 0.015	Loglikelihood: -6818.67	(delta): 61.1083
25 (QN/EM) 	Elapsed: 0.015	Loglikelihood: -6777.97	(delta): 40.6954
26 (QN/EM) 	Elapsed: 0.015	Loglikelihood: -6761.77	(delta): 16.2022
27 (QN/EM) 	Elapsed: 0.015	Loglikelihood: -6756.28	(delta): 5.49638
28 (QN/EM) 	Elapsed: 0.014	Loglikelihood: -6749.44	(delta): 6.84018
29 (QN/EM) 	Elapsed: 0.014	Loglikelihood: -6735.56	(delta): 13.8733
30 (QN/EM) 	Elapsed: 0.015	Loglikelihood: -6732.91	(delta): 2.65196
31 (QN/EM) 	Elapsed: 0.014	Loglikelihood: -6722.07	(delta): 10.8446
32 (QN/EM) 	Elapsed: 0.015	Loglikelihood: -6719.77	(delta): 2.29316
33 (QN/EM) 	Elapsed: 0.015	Loglikelihood: -6717.92	(delta): 1.85739
34 (QN/EM) 	Elapsed: 0.014	Loglikelihood: -6715.99	(delta): 1.9267
35 (QN/EM) 	Elapsed: 0.014	Loglikelihood: -6713.06	(delta): 2.92424
36 (QN/EM) 	Elapsed: 0.014	Loglikelihood: -6711.38	(delta): 1.689
37 (QN/EM) 	Elapsed: 0.014	Loglikelihood: -6710.06	(delta): 1.31241
38 (QN/EM) 	Elapsed: 0.014	Loglikelihood: -6705.06	(delta): 5.0042
39 (QN/EM) 	Elapsed: 0.015	Loglikelihood: -6704.38	(delta): 0.682952
40 (QN/EM) 	Elapsed: 0.014	Loglikelihood: -6697.74	(delta): 6.63872
41 (QN/EM) 	Elapsed: 0.015	Loglikelihood: -6696.86	(delta): 0.879489
42 (QN/EM) 	Elapsed: 0.015	Loglikelihood: -6696.84	(delta): 0.0173879
43 (QN/EM) 	Elapsed: 0.014	Loglikelihood: -6696.81	(delta): 0.0342733
44 (QN/EM) 	Elapsed: 0.014	Loglikelihood: -6696.64	(delta): 0.164246
45 (QN/EM) 	Elapsed: 0.015	Loglikelihood: -6696.63	(delta): 0.0143463
46 (QN/EM) 	Elapsed: 0.015	Loglikelihood: -6696.61	(delta): 0.0167008
47 (QN/EM) 	Elapsed: 0.015	Loglikelihood: -6696.59	(delta): 0.0189205
48 (QN/EM) 	Elapsed: 0.014	Loglikelihood: -6696.54	(delta): 0.0563439
49 (QN/EM) 	Elapsed: 0.015	Loglikelihood: -6696.52	(delta): 0.0149645
50 (QN/EM) 	Elapsed: 0.015	Loglikelihood: -6696.51	(delta): 0.0125124
51 (QN/EM) 	Elapsed: 0.014	Loglikelihood: -6696.43	(delta): 0.074345
52 (QN/EM) 	Elapsed: 0.014	Loglikelihood: -6696.4	(delta): 0.0315595
53 (QN/EM) 	Elapsed: 0.014	Loglikelihood: -6696.39	(delta): 0.0118766
54 (QN/EM) 	Elapsed: 0.014	Loglikelihood: -6696.29	(delta): 0.0977143
55 (QN/EM) 	Elapsed: 0.015	Loglikelihood: -6696.28	(delta): 0.0119865
56 (QN/EM) 	Elapsed: 0.015	Loglikelihood: -6696.27	(delta): 0.0114781
57 (QN/EM) 	Elapsed: 0.014	Loglikelihood: -6696.21	(delta): 0.062515
58 (QN/EM) 	Elapsed: 0.015	Loglikelihood: -6696.15	(delta): 0.059297
59 (QN/EM) 	Elapsed: 0.015	Loglikelihood: -6696.13	(delta): 0.0184656
60 (QN/EM) 	Elapsed: 0.014	Loglikelihood: -6696.08	(delta): 0.0462637
61 (QN/EM) 	Elapsed: 0.014	Loglikelihood: -6696.07	(delta): 0.0116675
62 (QN/EM) 	Elapsed: 0.014	Loglikelihood: -6696.07	(delta): 0.0028532
63 (QN/EM) 	Elapsed: 0.015	Loglikelihood: -6696.04	(delta): 0.0244185
64 (QN/EM) 	Elapsed: 0.014	Loglikelihood: -6696.03	(delta): 0.0118641
65 (QN/EM) 	Elapsed: 0.014	Loglikelihood: -6696.01	(delta): 0.0267277
66 (QN/EM) 	Elapsed: 0.014	Loglikelihood: -6695.85	(delta): 0.15698
67 (QN/EM) 	Elapsed: 0.014	Loglikelihood: -6695.56	(delta): 0.290644
68 (QN/EM) 	Elapsed: 0.014	Loglikelihood: -6694.36	(delta): 1.1953
69 (QN/EM) 	Elapsed: 0.014	Loglikelihood: -6692.68	(delta): 1.68249
70 (QN/EM) 	Elapsed: 0.014	Loglikelihood: -6692.16	(delta): 0.517992
71 (QN/EM) 	Elapsed: 0.014	Loglikelihood: -6691.34	(delta): 0.818445
72 (QN/EM) 	Elapsed: 0.014	Loglikelihood: -6690.99	(delta): 0.350151
73 (QN/EM) 	Elapsed: 0.014	Loglikelihood: -6690.03	(delta): 0.968155
74 (QN/EM) 	Elapsed: 0.015	Loglikelihood: -6689.71	(delta): 0.317564
75 (QN/EM) 	Elapsed: 0.014	Loglikelihood: -6689.56	(delta): 0.152445
76 (QN/EM) 	Elapsed: 0.015	Loglikelihood: -6689.38	(delta): 0.17433
77 (QN/EM) 	Elapsed: 0.015	Loglikelihood: -6689.14	(delta): 0.244044
78 (QN/EM) 	Elapsed: 0.015	Loglikelihood: -6688.86	(delta): 0.272092
79 (QN/EM) 	Elapsed: 0.014	Loglikelihood: -6688.18	(delta): 0.688376
80 (QN/EM) 	Elapsed: 0.015	Loglikelihood: -6687.99	(delta): 0.182393
81 (QN/EM) 	Elapsed: 0.014	Loglikelihood: -6687.15	(delta): 0.839105
82 (QN/EM) 	Elapsed: 0.015	Loglikelihood: -6686.81	(delta): 0.348525
83 (QN/EM) 	Elapsed: 0.014	Loglikelihood: -6686.04	(delta): 0.763735
84 (QN/EM) 	Elapsed: 0.014	Loglikelihood: -6684.77	(delta): 1.27447
85 (QN/EM) 	Elapsed: 0.015	Loglikelihood: -6684.31	(delta): 0.459631
86 (QN/EM) 	Elapsed: 0.014	Loglikelihood: -6684.06	(delta): 0.247775
87 (QN/EM) 	Elapsed: 0.014	Loglikelihood: -6683.77	(delta): 0.290546
88 (QN/EM) 	Elapsed: 0.015	Loglikelihood: -6683.5	(delta): 0.267963
89 (QN/EM) 	Elapsed: 0.015	Loglikelihood: -6683.25	(delta): 0.252061
90 (QN/EM) 	Elapsed: 0.014	Loglikelihood: -6682.9	(delta): 0.348923
91 (QN/EM) 	Elapsed: 0.015	Loglikelihood: -6682.76	(delta): 0.138689
92 (QN/EM) 	Elapsed: 0.014	Loglikelihood: -6682.43	(delta): 0.334503
93 (QN/EM) 	Elapsed: 0.014	Loglikelihood: -6681.12	(delta): 1.30946
94 (QN/EM) 	Elapsed: 0.015	Loglikelihood: -6680.34	(delta): 0.779261
95 (QN/EM) 	Elapsed: 0.014	Loglikelihood: -6680.06	(delta): 0.276367
96 (QN/EM) 	Elapsed: 0.014	Loglikelihood: -6679.91	(delta): 0.149319
97 (QN/EM) 	Elapsed: 0.014	Loglikelihood: -6679.09	(delta): 0.825898
98 (QN/EM) 	Elapsed: 0.015	Loglikelihood: -6678.51	(delta): 0.576367
99 (QN/EM) 	Elapsed: 0.015	Loglikelihood: -6678.51	(delta): 0.000677386
100 (QN/EM) 	Elapsed: 0.015	Loglikelihood: -6678.51	(delta): 0.00240817
101 (QN/EM) 	Elapsed: 0.014	Loglikelihood: -6678.51	(delta): 0.000144776
102 (QN/EM) 	Elapsed: 0.015	Loglikelihood: -6678.51	(delta): 0.00010779
103 (QN/EM) 	Elapsed: 0.014	Loglikelihood: -6678.51	(delta): 0.00197846
104 (QN/EM) 	Elapsed: 0.014	Loglikelihood: -6678.51	(delta): 0.000542424
105 (QN/EM) 	Elapsed: 0.014	Loglikelihood: -6678.51	(delta): 0.000129225
106 (QN/EM) 	Elapsed: 0.014	Loglikelihood: -6678.51	(delta): 7.16436e-05
Summary: 
Converged in 106 iterations (1.657 sec)
Loglikelihood: -6678.505199
Fst divergences between estimated populations: 
	Pop0	Pop1	Pop2	Pop3	Pop4	Pop5	Pop6	Pop7	
Pop0	
Pop1	0.741	
Pop2	0.508	0.563	
Pop3	0.620	0.667	0.438	
Pop4	0.610	0.661	0.455	0.474	
Pop5	0.741	0.643	0.558	0.681	0.671	
Pop6	0.536	0.516	0.444	0.518	0.510	0.509	
Pop7	0.571	0.624	0.237	0.493	0.515	0.620	0.500	
Pop8	0.612	0.677	0.483	0.526	0.452	0.685	0.517	0.535	
CV error (K=9): 0.34754
Writing output files.
