
Unrecognized argument: snapp.rep2.xml

  Usage: beast [-window] [-options] [-working] [-seed] [-prefix <PREFIX>] [-statefile <STATEFILE>] [-overwrite] [-resume] [-validate] [-errors <i>] [-threads <i>] [-java] [-noerr] [-loglevel <LEVEL>] [-instances <i>] [-beagle] [-beagle_info] [-beagle_order <order>] [-beagle_CPU] [-beagle_GPU] [-beagle_SSE] [-beagle_single] [-beagle_double] [-beagle_scaling <default|none|dynamic|always>] [-help] [-version] [-strictversions] [-D <DEFINITIONS>] [-DF <DEFINITIONFILE>] [-DFout <DEFINITIONRESULTFILE>] [-sampleFromPrior] [<input-file-name>]
    -window Provide a console window
    -options Display an options dialog
    -working Change working directory to input file's directory
    -seed Specify a random number generator seed
    -prefix Specify a prefix for all output log filenames
    -statefile Specify the filename for storing/restoring the state
    -overwrite Allow overwriting of log files
    -resume Allow appending of log files
    -validate Parse the XML, but do not run -- useful for debugging XML
    -errors Specify maximum number of numerical errors before stopping
    -threads The number of computational threads to use (default 1), -1 for number of cores
    -java Use Java only, no native implementations
    -noerr Suppress all output to standard error
    -loglevel error,warning,info,debug,trace
    -instances divide site patterns amongst number of threads (use with -threads option)
    -beagle Use beagle library if available
    -beagle_info BEAGLE: show information on available resources
    -beagle_order BEAGLE: set order of resource use
    -beagle_CPU BEAGLE: use CPU instance
    -beagle_GPU BEAGLE: use GPU instance if available
    -beagle_SSE BEAGLE: use SSE extensions if available
    -beagle_single BEAGLE: use single precision if available
    -beagle_double BEAGLE: use double precision if available
    -beagle_scaling BEAGLE: specify scaling scheme to use
    -help Print this information and stop
    -version Print version and stop
    -strictversions Use only package versions as specified in the 'required' attribute
    -D attribute-value pairs to be replaced in the XML, e.g., -D "arg1=10,arg2=20"
    -DF as -D, but attribute-value pairs defined in file in JSON format
    -DFout BEAST XML file written when -DF option is used
    -sampleFromPrior samples from prior for MCMC analysis (by adding sampleFromPrior="true" in the first run element)

  Example: beast test.xml
  Example: beast -window test.xml
  Example: beast -help

