****                   ADMIXTURE Version 1.3.0                  ****
****                    Copyright 2008-2015                     ****
****           David Alexander, Suyash Shringarpure,            ****
****                John  Novembre, Ken Lange                   ****
****                                                            ****
****                 Please cite our paper!                     ****
****   Information at www.genetics.ucla.edu/software/admixture  ****

Cross-validation will be performed.  Folds=5.
Parallel execution requested.  Will use 5 threads.
Random seed: 43
Point estimation method: EM algorithm
Convergence acceleration algorithm: QuasiNewton, 3 secant conditions
Point estimation will terminate when objective function delta < 0.0001
Estimation of standard errors disabled; will compute point estimates only.
Size of G: 43x1117
Performing five EM steps to prime main algorithm
1 (EM) 	Elapsed: 0.007	Loglikelihood: -20339	(delta): 56732.2
2 (EM) 	Elapsed: 0.007	Loglikelihood: -19410	(delta): 928.983
3 (EM) 	Elapsed: 0.007	Loglikelihood: -19221.7	(delta): 188.245
4 (EM) 	Elapsed: 0.007	Loglikelihood: -19127.6	(delta): 94.1651
5 (EM) 	Elapsed: 0.007	Loglikelihood: -19077	(delta): 50.523
Initial loglikelihood: -19077
Starting main algorithm
1 (QN/EM) 	Elapsed: 0.015	Loglikelihood: -19031	(delta): 46.0196
2 (QN/EM) 	Elapsed: 0.015	Loglikelihood: -19009.8	(delta): 21.2727
3 (QN/EM) 	Elapsed: 0.038	Loglikelihood: -18993.6	(delta): 16.1093
4 (QN/EM) 	Elapsed: 0.024	Loglikelihood: -18941.1	(delta): 52.5006
5 (QN/EM) 	Elapsed: 0.039	Loglikelihood: -18799.3	(delta): 141.841
6 (QN/EM) 	Elapsed: 0.029	Loglikelihood: -18493.6	(delta): 305.654
7 (QN/EM) 	Elapsed: 0.024	Loglikelihood: -18035.5	(delta): 458.117
8 (QN/EM) 	Elapsed: 0.025	Loglikelihood: -17449.5	(delta): 586.046
9 (QN/EM) 	Elapsed: 0.025	Loglikelihood: -17154.2	(delta): 295.264
10 (QN/EM) 	Elapsed: 0.024	Loglikelihood: -16980.3	(delta): 173.935
11 (QN/EM) 	Elapsed: 0.024	Loglikelihood: -16893.3	(delta): 87.013
12 (QN/EM) 	Elapsed: 0.024	Loglikelihood: -16754.8	(delta): 138.485
13 (QN/EM) 	Elapsed: 0.024	Loglikelihood: -16682.1	(delta): 72.6811
14 (QN/EM) 	Elapsed: 0.024	Loglikelihood: -16632.3	(delta): 49.7611
15 (QN/EM) 	Elapsed: 0.024	Loglikelihood: -16580.6	(delta): 51.7582
16 (QN/EM) 	Elapsed: 0.024	Loglikelihood: -16546	(delta): 34.596
17 (QN/EM) 	Elapsed: 0.024	Loglikelihood: -16501.6	(delta): 44.3779
18 (QN/EM) 	Elapsed: 0.024	Loglikelihood: -16482.1	(delta): 19.4836
19 (QN/EM) 	Elapsed: 0.029	Loglikelihood: -16456.5	(delta): 25.6426
20 (QN/EM) 	Elapsed: 0.024	Loglikelihood: -16420.5	(delta): 35.9391
21 (QN/EM) 	Elapsed: 0.024	Loglikelihood: -16414.1	(delta): 6.41545
22 (QN/EM) 	Elapsed: 0.039	Loglikelihood: -16398	(delta): 16.1694
23 (QN/EM) 	Elapsed: 0.024	Loglikelihood: -16397.1	(delta): 0.889374
24 (QN/EM) 	Elapsed: 0.024	Loglikelihood: -16394.7	(delta): 2.39677
25 (QN/EM) 	Elapsed: 0.024	Loglikelihood: -16390.5	(delta): 4.17701
26 (QN/EM) 	Elapsed: 0.024	Loglikelihood: -16390	(delta): 0.53233
27 (QN/EM) 	Elapsed: 0.024	Loglikelihood: -16389.8	(delta): 0.136407
28 (QN/EM) 	Elapsed: 0.024	Loglikelihood: -16389.7	(delta): 0.109372
29 (QN/EM) 	Elapsed: 0.038	Loglikelihood: -16389.7	(delta): 0.068822
30 (QN/EM) 	Elapsed: 0.039	Loglikelihood: -16389.6	(delta): 0.0664038
31 (QN/EM) 	Elapsed: 0.04	Loglikelihood: -16389.5	(delta): 0.0475343
32 (QN/EM) 	Elapsed: 0.025	Loglikelihood: -16389.3	(delta): 0.251069
33 (QN/EM) 	Elapsed: 0.04	Loglikelihood: -16389.2	(delta): 0.041285
34 (QN/EM) 	Elapsed: 0.025	Loglikelihood: -16388.8	(delta): 0.480284
35 (QN/EM) 	Elapsed: 0.025	Loglikelihood: -16388.7	(delta): 0.0311313
36 (QN/EM) 	Elapsed: 0.025	Loglikelihood: -16388.7	(delta): 0.065889
37 (QN/EM) 	Elapsed: 0.025	Loglikelihood: -16388.6	(delta): 0.0722889
38 (QN/EM) 	Elapsed: 0.025	Loglikelihood: -16388.6	(delta): 0.018479
39 (QN/EM) 	Elapsed: 0.026	Loglikelihood: -16388.5	(delta): 0.0881649
40 (QN/EM) 	Elapsed: 0.04	Loglikelihood: -16388.5	(delta): 0.00199396
41 (QN/EM) 	Elapsed: 0.025	Loglikelihood: -16388.5	(delta): 0.0115778
42 (QN/EM) 	Elapsed: 0.025	Loglikelihood: -16388.5	(delta): 0.0046301
43 (QN/EM) 	Elapsed: 0.025	Loglikelihood: -16388.5	(delta): 0.003284
44 (QN/EM) 	Elapsed: 0.025	Loglikelihood: -16388.4	(delta): 0.0204497
45 (QN/EM) 	Elapsed: 0.025	Loglikelihood: -16388.4	(delta): 0.00364526
46 (QN/EM) 	Elapsed: 0.025	Loglikelihood: -16388.4	(delta): 0.00129923
47 (QN/EM) 	Elapsed: 0.025	Loglikelihood: -16388.4	(delta): 0.00244304
48 (QN/EM) 	Elapsed: 0.026	Loglikelihood: -16388.4	(delta): 0.00281496
49 (QN/EM) 	Elapsed: 0.025	Loglikelihood: -16388.4	(delta): 0.00125425
50 (QN/EM) 	Elapsed: 0.025	Loglikelihood: -16388.4	(delta): 0.00425103
51 (QN/EM) 	Elapsed: 0.025	Loglikelihood: -16388.4	(delta): 0.000216482
52 (QN/EM) 	Elapsed: 0.025	Loglikelihood: -16388.4	(delta): 0.000337735
53 (QN/EM) 	Elapsed: 0.025	Loglikelihood: -16388.4	(delta): 0.000319803
54 (QN/EM) 	Elapsed: 0.04	Loglikelihood: -16388.4	(delta): 4.42609e-05
Summary: 
Converged in 54 iterations (1.817 sec)
Loglikelihood: -16388.431771
Fst divergences between estimated populations: 
	Pop0	
Pop0	
Pop1	0.350	
CV error (K=2): 0.37147
Writing output files.
