****                   ADMIXTURE Version 1.3.0                  ****
****                    Copyright 2008-2015                     ****
****           David Alexander, Suyash Shringarpure,            ****
****                John  Novembre, Ken Lange                   ****
****                                                            ****
****                 Please cite our paper!                     ****
****   Information at www.genetics.ucla.edu/software/admixture  ****

Cross-validation will be performed.  Folds=5.
Parallel execution requested.  Will use 5 threads.
Random seed: 43
Point estimation method: EM algorithm
Convergence acceleration algorithm: QuasiNewton, 3 secant conditions
Point estimation will terminate when objective function delta < 0.0001
Estimation of standard errors disabled; will compute point estimates only.
Size of G: 43x1117
Performing five EM steps to prime main algorithm
1 (EM) 	Elapsed: 0.004	Loglikelihood: -20861.5	(delta): 48077.6
2 (EM) 	Elapsed: 0.004	Loglikelihood: -19190.3	(delta): 1671.27
3 (EM) 	Elapsed: 0.004	Loglikelihood: -18781.7	(delta): 408.6
4 (EM) 	Elapsed: 0.004	Loglikelihood: -18545.2	(delta): 236.461
5 (EM) 	Elapsed: 0.004	Loglikelihood: -18381.5	(delta): 163.736
Initial loglikelihood: -18381.5
Starting main algorithm
1 (QN/EM) 	Elapsed: 0.008	Loglikelihood: -18153.8	(delta): 227.629
2 (QN/EM) 	Elapsed: 0.008	Loglikelihood: -17987.2	(delta): 166.592
3 (QN/EM) 	Elapsed: 0.009	Loglikelihood: -17292.7	(delta): 694.523
4 (QN/EM) 	Elapsed: 0.009	Loglikelihood: -17036.3	(delta): 256.434
5 (QN/EM) 	Elapsed: 0.009	Loglikelihood: -16844.7	(delta): 191.625
6 (QN/EM) 	Elapsed: 0.009	Loglikelihood: -16405.3	(delta): 439.313
7 (QN/EM) 	Elapsed: 0.009	Loglikelihood: -16164	(delta): 241.291
8 (QN/EM) 	Elapsed: 0.009	Loglikelihood: -16053.9	(delta): 110.112
9 (QN/EM) 	Elapsed: 0.009	Loglikelihood: -15960.4	(delta): 93.5498
10 (QN/EM) 	Elapsed: 0.009	Loglikelihood: -15852	(delta): 108.378
11 (QN/EM) 	Elapsed: 0.009	Loglikelihood: -15776.3	(delta): 75.68
12 (QN/EM) 	Elapsed: 0.009	Loglikelihood: -15697.7	(delta): 78.6402
13 (QN/EM) 	Elapsed: 0.009	Loglikelihood: -15646.6	(delta): 51.0879
14 (QN/EM) 	Elapsed: 0.009	Loglikelihood: -15563.8	(delta): 82.8169
15 (QN/EM) 	Elapsed: 0.009	Loglikelihood: -15521.2	(delta): 42.6275
16 (QN/EM) 	Elapsed: 0.009	Loglikelihood: -15422.3	(delta): 98.8169
17 (QN/EM) 	Elapsed: 0.008	Loglikelihood: -15359	(delta): 63.3476
18 (QN/EM) 	Elapsed: 0.008	Loglikelihood: -15282.2	(delta): 76.7969
19 (QN/EM) 	Elapsed: 0.009	Loglikelihood: -15199.9	(delta): 82.3256
20 (QN/EM) 	Elapsed: 0.009	Loglikelihood: -15163.4	(delta): 36.43
21 (QN/EM) 	Elapsed: 0.008	Loglikelihood: -15115	(delta): 48.4181
22 (QN/EM) 	Elapsed: 0.009	Loglikelihood: -15092.7	(delta): 22.2723
23 (QN/EM) 	Elapsed: 0.009	Loglikelihood: -15062.7	(delta): 30.0966
24 (QN/EM) 	Elapsed: 0.009	Loglikelihood: -15048.1	(delta): 14.5079
25 (QN/EM) 	Elapsed: 0.009	Loglikelihood: -15037.9	(delta): 10.2945
26 (QN/EM) 	Elapsed: 0.008	Loglikelihood: -15014.9	(delta): 22.9645
27 (QN/EM) 	Elapsed: 0.009	Loglikelihood: -14986.5	(delta): 28.3846
28 (QN/EM) 	Elapsed: 0.009	Loglikelihood: -14973.5	(delta): 12.9652
29 (QN/EM) 	Elapsed: 0.009	Loglikelihood: -14937	(delta): 36.5065
30 (QN/EM) 	Elapsed: 0.009	Loglikelihood: -14920.4	(delta): 16.6585
31 (QN/EM) 	Elapsed: 0.009	Loglikelihood: -14912.4	(delta): 7.93719
32 (QN/EM) 	Elapsed: 0.009	Loglikelihood: -14890.5	(delta): 21.9636
33 (QN/EM) 	Elapsed: 0.009	Loglikelihood: -14877.1	(delta): 13.3346
34 (QN/EM) 	Elapsed: 0.009	Loglikelihood: -14858.1	(delta): 19.0833
35 (QN/EM) 	Elapsed: 0.009	Loglikelihood: -14849.4	(delta): 8.64947
36 (QN/EM) 	Elapsed: 0.009	Loglikelihood: -14842.2	(delta): 7.18961
37 (QN/EM) 	Elapsed: 0.009	Loglikelihood: -14828.8	(delta): 13.3721
38 (QN/EM) 	Elapsed: 0.009	Loglikelihood: -14822.8	(delta): 6.06937
39 (QN/EM) 	Elapsed: 0.009	Loglikelihood: -14816.7	(delta): 6.06463
40 (QN/EM) 	Elapsed: 0.009	Loglikelihood: -14802.2	(delta): 14.4705
41 (QN/EM) 	Elapsed: 0.009	Loglikelihood: -14798.2	(delta): 4.05183
42 (QN/EM) 	Elapsed: 0.009	Loglikelihood: -14794.5	(delta): 3.6584
43 (QN/EM) 	Elapsed: 0.009	Loglikelihood: -14791	(delta): 3.49516
44 (QN/EM) 	Elapsed: 0.009	Loglikelihood: -14771.5	(delta): 19.495
45 (QN/EM) 	Elapsed: 0.009	Loglikelihood: -14757.4	(delta): 14.1306
46 (QN/EM) 	Elapsed: 0.008	Loglikelihood: -14750.8	(delta): 6.60253
47 (QN/EM) 	Elapsed: 0.008	Loglikelihood: -14744.3	(delta): 6.47535
48 (QN/EM) 	Elapsed: 0.009	Loglikelihood: -14740.3	(delta): 4.03522
49 (QN/EM) 	Elapsed: 0.008	Loglikelihood: -14737.3	(delta): 2.95149
50 (QN/EM) 	Elapsed: 0.008	Loglikelihood: -14722.9	(delta): 14.4531
51 (QN/EM) 	Elapsed: 0.008	Loglikelihood: -14715	(delta): 7.88814
52 (QN/EM) 	Elapsed: 0.009	Loglikelihood: -14712.9	(delta): 2.10072
53 (QN/EM) 	Elapsed: 0.009	Loglikelihood: -14709.6	(delta): 3.2836
54 (QN/EM) 	Elapsed: 0.009	Loglikelihood: -14708	(delta): 1.61
55 (QN/EM) 	Elapsed: 0.009	Loglikelihood: -14706	(delta): 2.03263
56 (QN/EM) 	Elapsed: 0.009	Loglikelihood: -14703.9	(delta): 2.03579
57 (QN/EM) 	Elapsed: 0.009	Loglikelihood: -14702.7	(delta): 1.27288
58 (QN/EM) 	Elapsed: 0.009	Loglikelihood: -14701.6	(delta): 1.08699
59 (QN/EM) 	Elapsed: 0.009	Loglikelihood: -14700.9	(delta): 0.653601
60 (QN/EM) 	Elapsed: 0.009	Loglikelihood: -14698.9	(delta): 2.02059
61 (QN/EM) 	Elapsed: 0.009	Loglikelihood: -14697.3	(delta): 1.65009
62 (QN/EM) 	Elapsed: 0.009	Loglikelihood: -14695.9	(delta): 1.36493
63 (QN/EM) 	Elapsed: 0.009	Loglikelihood: -14695.2	(delta): 0.64663
64 (QN/EM) 	Elapsed: 0.009	Loglikelihood: -14694.7	(delta): 0.492602
65 (QN/EM) 	Elapsed: 0.009	Loglikelihood: -14694.2	(delta): 0.540744
66 (QN/EM) 	Elapsed: 0.009	Loglikelihood: -14693.7	(delta): 0.488619
67 (QN/EM) 	Elapsed: 0.009	Loglikelihood: -14690.6	(delta): 3.08615
68 (QN/EM) 	Elapsed: 0.009	Loglikelihood: -14690	(delta): 0.649951
69 (QN/EM) 	Elapsed: 0.009	Loglikelihood: -14688.3	(delta): 1.70239
70 (QN/EM) 	Elapsed: 0.009	Loglikelihood: -14687.5	(delta): 0.73607
71 (QN/EM) 	Elapsed: 0.009	Loglikelihood: -14687.3	(delta): 0.250912
72 (QN/EM) 	Elapsed: 0.009	Loglikelihood: -14686.4	(delta): 0.882021
73 (QN/EM) 	Elapsed: 0.009	Loglikelihood: -14684.7	(delta): 1.67922
74 (QN/EM) 	Elapsed: 0.009	Loglikelihood: -14684.4	(delta): 0.317775
75 (QN/EM) 	Elapsed: 0.009	Loglikelihood: -14683.9	(delta): 0.561389
76 (QN/EM) 	Elapsed: 0.009	Loglikelihood: -14683.6	(delta): 0.233684
77 (QN/EM) 	Elapsed: 0.009	Loglikelihood: -14683.4	(delta): 0.228471
78 (QN/EM) 	Elapsed: 0.009	Loglikelihood: -14682.7	(delta): 0.739514
79 (QN/EM) 	Elapsed: 0.009	Loglikelihood: -14682.4	(delta): 0.245174
80 (QN/EM) 	Elapsed: 0.009	Loglikelihood: -14682.2	(delta): 0.248095
81 (QN/EM) 	Elapsed: 0.009	Loglikelihood: -14680.8	(delta): 1.32029
82 (QN/EM) 	Elapsed: 0.009	Loglikelihood: -14678.3	(delta): 2.49264
83 (QN/EM) 	Elapsed: 0.009	Loglikelihood: -14677.9	(delta): 0.459475
84 (QN/EM) 	Elapsed: 0.009	Loglikelihood: -14677.4	(delta): 0.438132
85 (QN/EM) 	Elapsed: 0.009	Loglikelihood: -14677.3	(delta): 0.179964
86 (QN/EM) 	Elapsed: 0.01	Loglikelihood: -14677.1	(delta): 0.186058
87 (QN/EM) 	Elapsed: 0.009	Loglikelihood: -14676.4	(delta): 0.713841
88 (QN/EM) 	Elapsed: 0.009	Loglikelihood: -14676.1	(delta): 0.283034
89 (QN/EM) 	Elapsed: 0.009	Loglikelihood: -14675.9	(delta): 0.171526
90 (QN/EM) 	Elapsed: 0.009	Loglikelihood: -14675.8	(delta): 0.126485
91 (QN/EM) 	Elapsed: 0.009	Loglikelihood: -14674.5	(delta): 1.30751
92 (QN/EM) 	Elapsed: 0.009	Loglikelihood: -14673.7	(delta): 0.807491
93 (QN/EM) 	Elapsed: 0.009	Loglikelihood: -14673.1	(delta): 0.618179
94 (QN/EM) 	Elapsed: 0.009	Loglikelihood: -14672.7	(delta): 0.388697
95 (QN/EM) 	Elapsed: 0.009	Loglikelihood: -14671.9	(delta): 0.727035
96 (QN/EM) 	Elapsed: 0.009	Loglikelihood: -14671.6	(delta): 0.362073
97 (QN/EM) 	Elapsed: 0.009	Loglikelihood: -14671.3	(delta): 0.316512
98 (QN/EM) 	Elapsed: 0.009	Loglikelihood: -14670.7	(delta): 0.521273
99 (QN/EM) 	Elapsed: 0.009	Loglikelihood: -14670.6	(delta): 0.166775
100 (QN/EM) 	Elapsed: 0.009	Loglikelihood: -14670.4	(delta): 0.17912
101 (QN/EM) 	Elapsed: 0.009	Loglikelihood: -14670.2	(delta): 0.168471
102 (QN/EM) 	Elapsed: 0.009	Loglikelihood: -14669.9	(delta): 0.367107
103 (QN/EM) 	Elapsed: 0.009	Loglikelihood: -14669.5	(delta): 0.388833
104 (QN/EM) 	Elapsed: 0.009	Loglikelihood: -14669.1	(delta): 0.40266
105 (QN/EM) 	Elapsed: 0.009	Loglikelihood: -14668.8	(delta): 0.276977
106 (QN/EM) 	Elapsed: 0.009	Loglikelihood: -14668.6	(delta): 0.21076
107 (QN/EM) 	Elapsed: 0.009	Loglikelihood: -14668.4	(delta): 0.21224
108 (QN/EM) 	Elapsed: 0.009	Loglikelihood: -14667.6	(delta): 0.789569
109 (QN/EM) 	Elapsed: 0.009	Loglikelihood: -14667.1	(delta): 0.520191
110 (QN/EM) 	Elapsed: 0.009	Loglikelihood: -14665.6	(delta): 1.46963
111 (QN/EM) 	Elapsed: 0.009	Loglikelihood: -14665.4	(delta): 0.155603
112 (QN/EM) 	Elapsed: 0.009	Loglikelihood: -14665.3	(delta): 0.121413
113 (QN/EM) 	Elapsed: 0.009	Loglikelihood: -14665.1	(delta): 0.196722
114 (QN/EM) 	Elapsed: 0.009	Loglikelihood: -14664.9	(delta): 0.169924
115 (QN/EM) 	Elapsed: 0.009	Loglikelihood: -14664.9	(delta): 0.0591371
116 (QN/EM) 	Elapsed: 0.009	Loglikelihood: -14664.8	(delta): 0.0690579
117 (QN/EM) 	Elapsed: 0.009	Loglikelihood: -14664.7	(delta): 0.0676355
118 (QN/EM) 	Elapsed: 0.009	Loglikelihood: -14664.7	(delta): 0.0572329
119 (QN/EM) 	Elapsed: 0.009	Loglikelihood: -14664.6	(delta): 0.0497116
120 (QN/EM) 	Elapsed: 0.009	Loglikelihood: -14664.6	(delta): 0.0468524
121 (QN/EM) 	Elapsed: 0.009	Loglikelihood: -14664.5	(delta): 0.0458386
122 (QN/EM) 	Elapsed: 0.009	Loglikelihood: -14664.5	(delta): 0.0452712
123 (QN/EM) 	Elapsed: 0.009	Loglikelihood: -14662.3	(delta): 2.24894
124 (QN/EM) 	Elapsed: 0.009	Loglikelihood: -14661.9	(delta): 0.397739
125 (QN/EM) 	Elapsed: 0.009	Loglikelihood: -14661.7	(delta): 0.135008
126 (QN/EM) 	Elapsed: 0.009	Loglikelihood: -14661.7	(delta): 0.00771399
127 (QN/EM) 	Elapsed: 0.009	Loglikelihood: -14661.7	(delta): 0.036333
128 (QN/EM) 	Elapsed: 0.009	Loglikelihood: -14661.5	(delta): 0.148039
129 (QN/EM) 	Elapsed: 0.009	Loglikelihood: -14661.5	(delta): 0.0582206
130 (QN/EM) 	Elapsed: 0.009	Loglikelihood: -14661.3	(delta): 0.194647
131 (QN/EM) 	Elapsed: 0.009	Loglikelihood: -14661.2	(delta): 0.0744058
132 (QN/EM) 	Elapsed: 0.009	Loglikelihood: -14660.8	(delta): 0.363899
133 (QN/EM) 	Elapsed: 0.009	Loglikelihood: -14660.5	(delta): 0.303904
134 (QN/EM) 	Elapsed: 0.009	Loglikelihood: -14660.3	(delta): 0.183711
135 (QN/EM) 	Elapsed: 0.009	Loglikelihood: -14660.1	(delta): 0.202403
136 (QN/EM) 	Elapsed: 0.009	Loglikelihood: -14659.6	(delta): 0.58276
137 (QN/EM) 	Elapsed: 0.009	Loglikelihood: -14659.5	(delta): 0.0918319
138 (QN/EM) 	Elapsed: 0.009	Loglikelihood: -14659.4	(delta): 0.0896565
139 (QN/EM) 	Elapsed: 0.009	Loglikelihood: -14659.3	(delta): 0.0445077
140 (QN/EM) 	Elapsed: 0.009	Loglikelihood: -14659.3	(delta): 0.0641033
141 (QN/EM) 	Elapsed: 0.009	Loglikelihood: -14659.2	(delta): 0.0795907
142 (QN/EM) 	Elapsed: 0.009	Loglikelihood: -14658.9	(delta): 0.292096
143 (QN/EM) 	Elapsed: 0.01	Loglikelihood: -14658.7	(delta): 0.16984
144 (QN/EM) 	Elapsed: 0.009	Loglikelihood: -14658.7	(delta): 0.0418968
145 (QN/EM) 	Elapsed: 0.009	Loglikelihood: -14658.6	(delta): 0.0540574
146 (QN/EM) 	Elapsed: 0.009	Loglikelihood: -14658.6	(delta): 0.0642884
147 (QN/EM) 	Elapsed: 0.009	Loglikelihood: -14658.2	(delta): 0.404426
148 (QN/EM) 	Elapsed: 0.009	Loglikelihood: -14658.1	(delta): 0.0283881
149 (QN/EM) 	Elapsed: 0.009	Loglikelihood: -14658	(delta): 0.154393
150 (QN/EM) 	Elapsed: 0.009	Loglikelihood: -14657.9	(delta): 0.0524523
151 (QN/EM) 	Elapsed: 0.009	Loglikelihood: -14657.7	(delta): 0.221502
152 (QN/EM) 	Elapsed: 0.009	Loglikelihood: -14657.6	(delta): 0.125758
153 (QN/EM) 	Elapsed: 0.009	Loglikelihood: -14657.5	(delta): 0.0973301
154 (QN/EM) 	Elapsed: 0.009	Loglikelihood: -14657.4	(delta): 0.114438
155 (QN/EM) 	Elapsed: 0.009	Loglikelihood: -14657.3	(delta): 0.105491
156 (QN/EM) 	Elapsed: 0.009	Loglikelihood: -14657.2	(delta): 0.0864907
157 (QN/EM) 	Elapsed: 0.009	Loglikelihood: -14657.1	(delta): 0.0823332
158 (QN/EM) 	Elapsed: 0.009	Loglikelihood: -14657	(delta): 0.0998943
159 (QN/EM) 	Elapsed: 0.009	Loglikelihood: -14656.9	(delta): 0.0953217
160 (QN/EM) 	Elapsed: 0.009	Loglikelihood: -14656.8	(delta): 0.0769395
161 (QN/EM) 	Elapsed: 0.009	Loglikelihood: -14656.8	(delta): 0.0622781
162 (QN/EM) 	Elapsed: 0.009	Loglikelihood: -14656.7	(delta): 0.054838
163 (QN/EM) 	Elapsed: 0.009	Loglikelihood: -14656.4	(delta): 0.353723
164 (QN/EM) 	Elapsed: 0.009	Loglikelihood: -14656.2	(delta): 0.179043
165 (QN/EM) 	Elapsed: 0.009	Loglikelihood: -14656	(delta): 0.217122
166 (QN/EM) 	Elapsed: 0.009	Loglikelihood: -14655.9	(delta): 0.09131
167 (QN/EM) 	Elapsed: 0.009	Loglikelihood: -14655.6	(delta): 0.290983
168 (QN/EM) 	Elapsed: 0.009	Loglikelihood: -14655.4	(delta): 0.191358
169 (QN/EM) 	Elapsed: 0.009	Loglikelihood: -14654.9	(delta): 0.463564
170 (QN/EM) 	Elapsed: 0.009	Loglikelihood: -14654.8	(delta): 0.105612
171 (QN/EM) 	Elapsed: 0.009	Loglikelihood: -14654.8	(delta): 0.00966181
172 (QN/EM) 	Elapsed: 0.009	Loglikelihood: -14654.8	(delta): 0.0115574
173 (QN/EM) 	Elapsed: 0.009	Loglikelihood: -14654.8	(delta): 0.00980046
174 (QN/EM) 	Elapsed: 0.009	Loglikelihood: -14654.8	(delta): 0.0173738
175 (QN/EM) 	Elapsed: 0.009	Loglikelihood: -14654.7	(delta): 0.025435
176 (QN/EM) 	Elapsed: 0.009	Loglikelihood: -14654.7	(delta): 0.0265131
177 (QN/EM) 	Elapsed: 0.009	Loglikelihood: -14654.7	(delta): 0.0192091
178 (QN/EM) 	Elapsed: 0.009	Loglikelihood: -14654.7	(delta): 0.0121236
179 (QN/EM) 	Elapsed: 0.009	Loglikelihood: -14654.7	(delta): 0.00906885
180 (QN/EM) 	Elapsed: 0.009	Loglikelihood: -14654.7	(delta): 0.00819517
181 (QN/EM) 	Elapsed: 0.009	Loglikelihood: -14654.7	(delta): 0.00795836
182 (QN/EM) 	Elapsed: 0.009	Loglikelihood: -14654.7	(delta): 0.00786439
183 (QN/EM) 	Elapsed: 0.009	Loglikelihood: -14654.5	(delta): 0.182806
184 (QN/EM) 	Elapsed: 0.009	Loglikelihood: -14654.2	(delta): 0.265954
185 (QN/EM) 	Elapsed: 0.009	Loglikelihood: -14654.1	(delta): 0.104281
186 (QN/EM) 	Elapsed: 0.009	Loglikelihood: -14654.1	(delta): 0.0226888
187 (QN/EM) 	Elapsed: 0.009	Loglikelihood: -14654	(delta): 0.0309621
188 (QN/EM) 	Elapsed: 0.009	Loglikelihood: -14654	(delta): 0.00445428
189 (QN/EM) 	Elapsed: 0.009	Loglikelihood: -14654	(delta): 0.00140675
190 (QN/EM) 	Elapsed: 0.009	Loglikelihood: -14654	(delta): 0.00922175
191 (QN/EM) 	Elapsed: 0.009	Loglikelihood: -14654	(delta): 0.0139016
192 (QN/EM) 	Elapsed: 0.009	Loglikelihood: -14654	(delta): 0.00651618
193 (QN/EM) 	Elapsed: 0.009	Loglikelihood: -14654	(delta): 0.00762518
194 (QN/EM) 	Elapsed: 0.009	Loglikelihood: -14654	(delta): 0.0178862
195 (QN/EM) 	Elapsed: 0.009	Loglikelihood: -14654	(delta): 0.00811694
196 (QN/EM) 	Elapsed: 0.009	Loglikelihood: -14654	(delta): 0.00268656
197 (QN/EM) 	Elapsed: 0.009	Loglikelihood: -14654	(delta): 0.00459761
198 (QN/EM) 	Elapsed: 0.009	Loglikelihood: -14654	(delta): 0.00460818
199 (QN/EM) 	Elapsed: 0.009	Loglikelihood: -14654	(delta): 0.00409269
200 (QN/EM) 	Elapsed: 0.009	Loglikelihood: -14654	(delta): 0.00233741
201 (QN/EM) 	Elapsed: 0.009	Loglikelihood: -14654	(delta): 0.00403838
202 (QN/EM) 	Elapsed: 0.009	Loglikelihood: -14654	(delta): 0.0026985
203 (QN/EM) 	Elapsed: 0.009	Loglikelihood: -14653.9	(delta): 0.028821
204 (QN/EM) 	Elapsed: 0.009	Loglikelihood: -14653.9	(delta): 0.0207107
205 (QN/EM) 	Elapsed: 0.009	Loglikelihood: -14653.9	(delta): 0.00716371
206 (QN/EM) 	Elapsed: 0.009	Loglikelihood: -14653.9	(delta): 0.0174228
207 (QN/EM) 	Elapsed: 0.009	Loglikelihood: -14653.9	(delta): 0.00390702
208 (QN/EM) 	Elapsed: 0.009	Loglikelihood: -14653.9	(delta): 0.0135021
209 (QN/EM) 	Elapsed: 0.009	Loglikelihood: -14653.9	(delta): 0.00793006
210 (QN/EM) 	Elapsed: 0.009	Loglikelihood: -14653.8	(delta): 0.0174249
211 (QN/EM) 	Elapsed: 0.009	Loglikelihood: -14653.8	(delta): 0.0587657
212 (QN/EM) 	Elapsed: 0.009	Loglikelihood: -14653.7	(delta): 0.075019
213 (QN/EM) 	Elapsed: 0.009	Loglikelihood: -14653.6	(delta): 0.0528708
214 (QN/EM) 	Elapsed: 0.009	Loglikelihood: -14653.6	(delta): 0.0330207
215 (QN/EM) 	Elapsed: 0.009	Loglikelihood: -14653.6	(delta): 0.0408534
216 (QN/EM) 	Elapsed: 0.009	Loglikelihood: -14653.5	(delta): 0.0421956
217 (QN/EM) 	Elapsed: 0.009	Loglikelihood: -14653.5	(delta): 0.011662
218 (QN/EM) 	Elapsed: 0.009	Loglikelihood: -14653.5	(delta): 0.0145449
219 (QN/EM) 	Elapsed: 0.009	Loglikelihood: -14653.5	(delta): 0.0163231
220 (QN/EM) 	Elapsed: 0.009	Loglikelihood: -14653.5	(delta): 0.0157799
221 (QN/EM) 	Elapsed: 0.009	Loglikelihood: -14653.5	(delta): 0.0133499
222 (QN/EM) 	Elapsed: 0.009	Loglikelihood: -14653.3	(delta): 0.150661
223 (QN/EM) 	Elapsed: 0.009	Loglikelihood: -14653	(delta): 0.295807
224 (QN/EM) 	Elapsed: 0.009	Loglikelihood: -14653	(delta): 0.0502555
225 (QN/EM) 	Elapsed: 0.009	Loglikelihood: -14652.8	(delta): 0.115809
226 (QN/EM) 	Elapsed: 0.009	Loglikelihood: -14652.8	(delta): 0.0713692
227 (QN/EM) 	Elapsed: 0.009	Loglikelihood: -14652.7	(delta): 0.065529
228 (QN/EM) 	Elapsed: 0.009	Loglikelihood: -14652.7	(delta): 0.0514238
229 (QN/EM) 	Elapsed: 0.009	Loglikelihood: -14652.6	(delta): 0.0459969
230 (QN/EM) 	Elapsed: 0.009	Loglikelihood: -14652.6	(delta): 0.0267501
231 (QN/EM) 	Elapsed: 0.009	Loglikelihood: -14652.6	(delta): 0.0177533
232 (QN/EM) 	Elapsed: 0.009	Loglikelihood: -14652.5	(delta): 0.0237444
233 (QN/EM) 	Elapsed: 0.009	Loglikelihood: -14652.5	(delta): 0.0129407
234 (QN/EM) 	Elapsed: 0.009	Loglikelihood: -14652	(delta): 0.581115
235 (QN/EM) 	Elapsed: 0.009	Loglikelihood: -14651.4	(delta): 0.514795
236 (QN/EM) 	Elapsed: 0.009	Loglikelihood: -14651.4	(delta): 0.00941697
237 (QN/EM) 	Elapsed: 0.009	Loglikelihood: -14651.4	(delta): 0.00231148
238 (QN/EM) 	Elapsed: 0.009	Loglikelihood: -14651.4	(delta): 0.000583044
239 (QN/EM) 	Elapsed: 0.009	Loglikelihood: -14651.4	(delta): 0.000609055
240 (QN/EM) 	Elapsed: 0.009	Loglikelihood: -14651.4	(delta): 0.00129147
241 (QN/EM) 	Elapsed: 0.009	Loglikelihood: -14651.4	(delta): 0.00442172
242 (QN/EM) 	Elapsed: 0.009	Loglikelihood: -14651.4	(delta): 0.00406817
243 (QN/EM) 	Elapsed: 0.009	Loglikelihood: -14651.4	(delta): 0.00114969
244 (QN/EM) 	Elapsed: 0.009	Loglikelihood: -14651.4	(delta): 0.00365884
245 (QN/EM) 	Elapsed: 0.009	Loglikelihood: -14651.4	(delta): 0.00464646
246 (QN/EM) 	Elapsed: 0.009	Loglikelihood: -14651.4	(delta): 0.00263728
247 (QN/EM) 	Elapsed: 0.009	Loglikelihood: -14651.4	(delta): 0.00193327
248 (QN/EM) 	Elapsed: 0.009	Loglikelihood: -14651.4	(delta): 0.00302847
249 (QN/EM) 	Elapsed: 0.009	Loglikelihood: -14651.4	(delta): 0.00386522
250 (QN/EM) 	Elapsed: 0.009	Loglikelihood: -14651.4	(delta): 0.00220064
251 (QN/EM) 	Elapsed: 0.009	Loglikelihood: -14651.4	(delta): 0.00211604
252 (QN/EM) 	Elapsed: 0.009	Loglikelihood: -14651.4	(delta): 0.00706562
253 (QN/EM) 	Elapsed: 0.009	Loglikelihood: -14651.4	(delta): 0.00549622
254 (QN/EM) 	Elapsed: 0.009	Loglikelihood: -14651.4	(delta): 0.00226859
255 (QN/EM) 	Elapsed: 0.009	Loglikelihood: -14651.4	(delta): 0.00273526
256 (QN/EM) 	Elapsed: 0.009	Loglikelihood: -14651.3	(delta): 0.0389663
257 (QN/EM) 	Elapsed: 0.009	Loglikelihood: -14651.3	(delta): 0.0191025
258 (QN/EM) 	Elapsed: 0.009	Loglikelihood: -14651.3	(delta): 0.00468025
259 (QN/EM) 	Elapsed: 0.009	Loglikelihood: -14651.3	(delta): 0.00579608
260 (QN/EM) 	Elapsed: 0.009	Loglikelihood: -14651.3	(delta): 0.00123077
261 (QN/EM) 	Elapsed: 0.009	Loglikelihood: -14651.3	(delta): 0.00123058
262 (QN/EM) 	Elapsed: 0.009	Loglikelihood: -14651.3	(delta): 0.00124241
263 (QN/EM) 	Elapsed: 0.009	Loglikelihood: -14651.3	(delta): 0.00125507
264 (QN/EM) 	Elapsed: 0.009	Loglikelihood: -14651.3	(delta): 0.00126816
265 (QN/EM) 	Elapsed: 0.009	Loglikelihood: -14651.3	(delta): 0.00128169
266 (QN/EM) 	Elapsed: 0.009	Loglikelihood: -14651.3	(delta): 0.00129562
267 (QN/EM) 	Elapsed: 0.009	Loglikelihood: -14651.3	(delta): 0.00130994
268 (QN/EM) 	Elapsed: 0.009	Loglikelihood: -14651.3	(delta): 0.00132463
269 (QN/EM) 	Elapsed: 0.009	Loglikelihood: -14651.3	(delta): 0.00133968
270 (QN/EM) 	Elapsed: 0.009	Loglikelihood: -14651.3	(delta): 0.00135507
271 (QN/EM) 	Elapsed: 0.009	Loglikelihood: -14651.3	(delta): 0.00137078
272 (QN/EM) 	Elapsed: 0.009	Loglikelihood: -14651.3	(delta): 0.0013868
273 (QN/EM) 	Elapsed: 0.009	Loglikelihood: -14651.3	(delta): 0.00140312
274 (QN/EM) 	Elapsed: 0.009	Loglikelihood: -14651.3	(delta): 0.00141973
275 (QN/EM) 	Elapsed: 0.009	Loglikelihood: -14651.3	(delta): 0.00143662
276 (QN/EM) 	Elapsed: 0.009	Loglikelihood: -14651.3	(delta): 0.00145377
277 (QN/EM) 	Elapsed: 0.009	Loglikelihood: -14651.3	(delta): 0.00147117
278 (QN/EM) 	Elapsed: 0.009	Loglikelihood: -14651.3	(delta): 0.00148882
279 (QN/EM) 	Elapsed: 0.009	Loglikelihood: -14651.3	(delta): 0.0015067
280 (QN/EM) 	Elapsed: 0.009	Loglikelihood: -14651.3	(delta): 0.0015248
281 (QN/EM) 	Elapsed: 0.009	Loglikelihood: -14651.3	(delta): 0.00154312
282 (QN/EM) 	Elapsed: 0.009	Loglikelihood: -14651.3	(delta): 0.00156163
283 (QN/EM) 	Elapsed: 0.009	Loglikelihood: -14651.3	(delta): 0.00158033
284 (QN/EM) 	Elapsed: 0.009	Loglikelihood: -14651.3	(delta): 0.00159921
285 (QN/EM) 	Elapsed: 0.009	Loglikelihood: -14651.3	(delta): 0.00161824
286 (QN/EM) 	Elapsed: 0.009	Loglikelihood: -14651.3	(delta): 0.00163742
287 (QN/EM) 	Elapsed: 0.009	Loglikelihood: -14651.3	(delta): 0.00165672
288 (QN/EM) 	Elapsed: 0.009	Loglikelihood: -14651.3	(delta): 0.00167612
289 (QN/EM) 	Elapsed: 0.009	Loglikelihood: -14651.3	(delta): 0.00169561
290 (QN/EM) 	Elapsed: 0.009	Loglikelihood: -14651.3	(delta): 0.00171515
291 (QN/EM) 	Elapsed: 0.009	Loglikelihood: -14651.3	(delta): 0.00173472
292 (QN/EM) 	Elapsed: 0.009	Loglikelihood: -14651.3	(delta): 0.00175429
293 (QN/EM) 	Elapsed: 0.009	Loglikelihood: -14651.3	(delta): 0.00177383
294 (QN/EM) 	Elapsed: 0.009	Loglikelihood: -14651.3	(delta): 0.00179329
295 (QN/EM) 	Elapsed: 0.009	Loglikelihood: -14651.2	(delta): 0.00181265
296 (QN/EM) 	Elapsed: 0.009	Loglikelihood: -14651.2	(delta): 0.00183185
297 (QN/EM) 	Elapsed: 0.009	Loglikelihood: -14651.2	(delta): 0.00185084
298 (QN/EM) 	Elapsed: 0.009	Loglikelihood: -14651.2	(delta): 0.00186957
299 (QN/EM) 	Elapsed: 0.009	Loglikelihood: -14651.2	(delta): 0.00188798
300 (QN/EM) 	Elapsed: 0.009	Loglikelihood: -14651.2	(delta): 0.00190601
301 (QN/EM) 	Elapsed: 0.009	Loglikelihood: -14651.2	(delta): 0.00192358
302 (QN/EM) 	Elapsed: 0.009	Loglikelihood: -14651.2	(delta): 0.00194062
303 (QN/EM) 	Elapsed: 0.009	Loglikelihood: -14651.2	(delta): 0.00195705
304 (QN/EM) 	Elapsed: 0.009	Loglikelihood: -14651.2	(delta): 0.00197278
305 (QN/EM) 	Elapsed: 0.009	Loglikelihood: -14651.2	(delta): 0.00198772
306 (QN/EM) 	Elapsed: 0.009	Loglikelihood: -14651.2	(delta): 0.00200177
307 (QN/EM) 	Elapsed: 0.009	Loglikelihood: -14651.2	(delta): 0.00201482
308 (QN/EM) 	Elapsed: 0.009	Loglikelihood: -14651.2	(delta): 0.00202679
309 (QN/EM) 	Elapsed: 0.009	Loglikelihood: -14651.2	(delta): 0.00203755
310 (QN/EM) 	Elapsed: 0.01	Loglikelihood: -14651.2	(delta): 0.00204701
311 (QN/EM) 	Elapsed: 0.009	Loglikelihood: -14651.2	(delta): 0.00205506
312 (QN/EM) 	Elapsed: 0.009	Loglikelihood: -14651.2	(delta): 0.00474034
313 (QN/EM) 	Elapsed: 0.009	Loglikelihood: -14651.2	(delta): 0.0157873
314 (QN/EM) 	Elapsed: 0.009	Loglikelihood: -14651.2	(delta): 0.027597
315 (QN/EM) 	Elapsed: 0.009	Loglikelihood: -14651.1	(delta): 0.0280262
316 (QN/EM) 	Elapsed: 0.009	Loglikelihood: -14651.1	(delta): 0.028188
317 (QN/EM) 	Elapsed: 0.009	Loglikelihood: -14651.1	(delta): 0.0147023
318 (QN/EM) 	Elapsed: 0.009	Loglikelihood: -14651.1	(delta): 0.00586399
319 (QN/EM) 	Elapsed: 0.009	Loglikelihood: -14651.1	(delta): 0.000474452
320 (QN/EM) 	Elapsed: 0.009	Loglikelihood: -14651.1	(delta): 0.00318427
321 (QN/EM) 	Elapsed: 0.009	Loglikelihood: -14651.1	(delta): 0.00260431
322 (QN/EM) 	Elapsed: 0.009	Loglikelihood: -14651.1	(delta): 0.000848699
323 (QN/EM) 	Elapsed: 0.009	Loglikelihood: -14651.1	(delta): 0.000166983
324 (QN/EM) 	Elapsed: 0.009	Loglikelihood: -14651.1	(delta): 0.00010738
325 (QN/EM) 	Elapsed: 0.009	Loglikelihood: -14651.1	(delta): 2.49788e-05
Summary: 
Converged in 325 iterations (3.153 sec)
Loglikelihood: -14651.084681
Fst divergences between estimated populations: 
	Pop0	Pop1	Pop2	
Pop0	
Pop1	0.135	
Pop2	0.076	0.121	
Pop3	0.387	0.407	0.363	
CV error (K=4): 0.44412
Writing output files.
