PLINK v1.90b6.21 64-bit (19 Oct 2020)
Options in effect:
  --allow-extra-chr
  --double-id
  --make-bed
  --out binary_fileset
  --vcf /home/d669d153/work/todi.subset.2022/revision.admixture/san.tris/todi.san.tris.vcf

Hostname: r32r34n02
Working directory: /panfs/pfs.local/work/bi/d669d153/todi.subset.2022/revision.admixture/san.tris
Start time: Tue Mar  7 14:57:48 2023

Random number seed: 1678222668
128845 MB RAM detected; reserving 64422 MB for main workspace.
--vcf: binary_fileset-temporary.bed + binary_fileset-temporary.bim +
binary_fileset-temporary.fam written.
1167 variants loaded from .bim file.
44 people (0 males, 0 females, 44 ambiguous) loaded from .fam.
Ambiguous sex IDs written to binary_fileset.nosex .
Using 1 thread (no multithreaded calculations invoked).
Before main variant filters, 44 founders and 0 nonfounders present.
Calculating allele frequencies... done.
Total genotyping rate is 0.924768.
1167 variants and 44 people pass filters and QC.
Note: No phenotypes present.
--make-bed to binary_fileset.bed + binary_fileset.bim + binary_fileset.fam ...
done.

End time: Tue Mar  7 14:57:48 2023
