****                   ADMIXTURE Version 1.3.0                  ****
****                    Copyright 2008-2015                     ****
****           David Alexander, Suyash Shringarpure,            ****
****                John  Novembre, Ken Lange                   ****
****                                                            ****
****                 Please cite our paper!                     ****
****   Information at www.genetics.ucla.edu/software/admixture  ****

Cross-validation will be performed.  Folds=5.
Parallel execution requested.  Will use 5 threads.
Random seed: 43
Point estimation method: EM algorithm
Convergence acceleration algorithm: QuasiNewton, 3 secant conditions
Point estimation will terminate when objective function delta < 0.0001
Estimation of standard errors disabled; will compute point estimates only.
Size of G: 44x1167
Performing five EM steps to prime main algorithm
1 (EM) 	Elapsed: 0.003	Loglikelihood: -20270.8	(delta): 76642.9
2 (EM) 	Elapsed: 0.003	Loglikelihood: -20270.8	(delta): -3.63798e-12
3 (EM) 	Elapsed: 0.003	Loglikelihood: -20270.8	(delta): 0
4 (EM) 	Elapsed: 0.003	Loglikelihood: -20270.8	(delta): 0
5 (EM) 	Elapsed: 0.003	Loglikelihood: -20270.8	(delta): 0
Initial loglikelihood: -20270.8
Starting main algorithm
1 (QN/EM) 	Elapsed: 0.003	Loglikelihood: -20270.8	(delta): 0
Summary: 
Converged in 1 iterations (0.021 sec)
Loglikelihood: -20270.786952
PROBLEM INVERTING MATRIX!
PROBLEM INVERTING MATRIX!
PROBLEM INVERTING MATRIX!
PROBLEM INVERTING MATRIX!
PROBLEM INVERTING MATRIX!
CV error (K=1): 0.41560
Writing output files.
