****                   ADMIXTURE Version 1.3.0                  ****
****                    Copyright 2008-2015                     ****
****           David Alexander, Suyash Shringarpure,            ****
****                John  Novembre, Ken Lange                   ****
****                                                            ****
****                 Please cite our paper!                     ****
****   Information at www.genetics.ucla.edu/software/admixture  ****

Cross-validation will be performed.  Folds=5.
Parallel execution requested.  Will use 5 threads.
Random seed: 43
Point estimation method: EM algorithm
Convergence acceleration algorithm: QuasiNewton, 3 secant conditions
Point estimation will terminate when objective function delta < 0.0001
Estimation of standard errors disabled; will compute point estimates only.
Size of G: 44x1167
Performing five EM steps to prime main algorithm
1 (EM) 	Elapsed: 0.005	Loglikelihood: -21058.7	(delta): 62549.5
2 (EM) 	Elapsed: 0.002	Loglikelihood: -20102.7	(delta): 955.987
3 (EM) 	Elapsed: 0.002	Loglikelihood: -19914.2	(delta): 188.434
4 (EM) 	Elapsed: 0.002	Loglikelihood: -19826.1	(delta): 88.1805
5 (EM) 	Elapsed: 0.002	Loglikelihood: -19778.8	(delta): 47.2303
Initial loglikelihood: -19778.8
Starting main algorithm
1 (QN/EM) 	Elapsed: 0.003	Loglikelihood: -19735.4	(delta): 43.4031
2 (QN/EM) 	Elapsed: 0.003	Loglikelihood: -19715.7	(delta): 19.6817
3 (QN/EM) 	Elapsed: 0.004	Loglikelihood: -19551.6	(delta): 164.116
4 (QN/EM) 	Elapsed: 0.003	Loglikelihood: -19451.5	(delta): 100.124
5 (QN/EM) 	Elapsed: 0.003	Loglikelihood: -19354	(delta): 97.541
6 (QN/EM) 	Elapsed: 0.003	Loglikelihood: -19237.4	(delta): 116.581
7 (QN/EM) 	Elapsed: 0.003	Loglikelihood: -18897.9	(delta): 339.461
8 (QN/EM) 	Elapsed: 0.003	Loglikelihood: -18730.7	(delta): 167.178
9 (QN/EM) 	Elapsed: 0.003	Loglikelihood: -18639.5	(delta): 91.2606
10 (QN/EM) 	Elapsed: 0.003	Loglikelihood: -18536.5	(delta): 102.934
11 (QN/EM) 	Elapsed: 0.003	Loglikelihood: -18400.6	(delta): 135.9
12 (QN/EM) 	Elapsed: 0.003	Loglikelihood: -18290.6	(delta): 110.091
13 (QN/EM) 	Elapsed: 0.003	Loglikelihood: -18191.2	(delta): 99.3744
14 (QN/EM) 	Elapsed: 0.003	Loglikelihood: -18117.6	(delta): 73.5974
15 (QN/EM) 	Elapsed: 0.004	Loglikelihood: -18073.6	(delta): 43.9406
16 (QN/EM) 	Elapsed: 0.004	Loglikelihood: -18025	(delta): 48.5986
17 (QN/EM) 	Elapsed: 0.004	Loglikelihood: -17970.5	(delta): 54.5835
18 (QN/EM) 	Elapsed: 0.004	Loglikelihood: -17910.8	(delta): 59.6671
19 (QN/EM) 	Elapsed: 0.004	Loglikelihood: -17847.4	(delta): 63.3962
20 (QN/EM) 	Elapsed: 0.004	Loglikelihood: -17779.8	(delta): 67.5785
21 (QN/EM) 	Elapsed: 0.004	Loglikelihood: -17706.8	(delta): 73.0507
22 (QN/EM) 	Elapsed: 0.004	Loglikelihood: -17627.4	(delta): 79.3343
23 (QN/EM) 	Elapsed: 0.004	Loglikelihood: -17542.3	(delta): 85.1599
24 (QN/EM) 	Elapsed: 0.004	Loglikelihood: -17171.1	(delta): 371.148
25 (QN/EM) 	Elapsed: 0.004	Loglikelihood: -16973.3	(delta): 197.783
26 (QN/EM) 	Elapsed: 0.004	Loglikelihood: -16924.6	(delta): 48.7862
27 (QN/EM) 	Elapsed: 0.003	Loglikelihood: -16872.9	(delta): 51.6152
28 (QN/EM) 	Elapsed: 0.003	Loglikelihood: -16786.4	(delta): 86.5161
29 (QN/EM) 	Elapsed: 0.004	Loglikelihood: -16736	(delta): 50.3987
30 (QN/EM) 	Elapsed: 0.003	Loglikelihood: -16695.1	(delta): 40.9145
31 (QN/EM) 	Elapsed: 0.003	Loglikelihood: -16674.5	(delta): 20.6092
32 (QN/EM) 	Elapsed: 0.003	Loglikelihood: -16654.9	(delta): 19.6087
33 (QN/EM) 	Elapsed: 0.003	Loglikelihood: -16647.8	(delta): 7.12304
34 (QN/EM) 	Elapsed: 0.003	Loglikelihood: -16619.5	(delta): 28.2843
35 (QN/EM) 	Elapsed: 0.004	Loglikelihood: -16616.1	(delta): 3.42852
36 (QN/EM) 	Elapsed: 0.004	Loglikelihood: -16614.3	(delta): 1.71175
37 (QN/EM) 	Elapsed: 0.003	Loglikelihood: -16613.5	(delta): 0.80628
38 (QN/EM) 	Elapsed: 0.003	Loglikelihood: -16607.9	(delta): 5.58875
39 (QN/EM) 	Elapsed: 0.003	Loglikelihood: -16607	(delta): 0.952267
40 (QN/EM) 	Elapsed: 0.003	Loglikelihood: -16606.4	(delta): 0.579927
41 (QN/EM) 	Elapsed: 0.003	Loglikelihood: -16606.4	(delta): 0.0628625
42 (QN/EM) 	Elapsed: 0.003	Loglikelihood: -16606.2	(delta): 0.106185
43 (QN/EM) 	Elapsed: 0.003	Loglikelihood: -16605.9	(delta): 0.319586
44 (QN/EM) 	Elapsed: 0.003	Loglikelihood: -16605.6	(delta): 0.37437
45 (QN/EM) 	Elapsed: 0.003	Loglikelihood: -16605.5	(delta): 0.0920523
46 (QN/EM) 	Elapsed: 0.003	Loglikelihood: -16605.4	(delta): 0.0111834
47 (QN/EM) 	Elapsed: 0.003	Loglikelihood: -16605.3	(delta): 0.132538
48 (QN/EM) 	Elapsed: 0.003	Loglikelihood: -16605.3	(delta): 0.0247555
49 (QN/EM) 	Elapsed: 0.003	Loglikelihood: -16605.2	(delta): 0.0503016
50 (QN/EM) 	Elapsed: 0.004	Loglikelihood: -16605.2	(delta): 0.0015613
51 (QN/EM) 	Elapsed: 0.003	Loglikelihood: -16605.2	(delta): 0.0642467
52 (QN/EM) 	Elapsed: 0.003	Loglikelihood: -16605.2	(delta): 0.00120776
53 (QN/EM) 	Elapsed: 0.003	Loglikelihood: -16605.2	(delta): 0.000597714
54 (QN/EM) 	Elapsed: 0.003	Loglikelihood: -16605.2	(delta): 5.7046e-05
Summary: 
Converged in 54 iterations (0.241 sec)
Loglikelihood: -16605.173843
Fst divergences between estimated populations: 
	Pop0	
Pop0	
Pop1	0.354	
CV error (K=2): 0.36284
Writing output files.
