****                   ADMIXTURE Version 1.3.0                  ****
****                    Copyright 2008-2015                     ****
****           David Alexander, Suyash Shringarpure,            ****
****                John  Novembre, Ken Lange                   ****
****                                                            ****
****                 Please cite our paper!                     ****
****   Information at www.genetics.ucla.edu/software/admixture  ****

Cross-validation will be performed.  Folds=5.
Parallel execution requested.  Will use 5 threads.
Random seed: 43
Point estimation method: EM algorithm
Convergence acceleration algorithm: QuasiNewton, 3 secant conditions
Point estimation will terminate when objective function delta < 0.0001
Estimation of standard errors disabled; will compute point estimates only.
Size of G: 44x1167
Performing five EM steps to prime main algorithm
1 (EM) 	Elapsed: 0.006	Loglikelihood: -21536.2	(delta): 50493
2 (EM) 	Elapsed: 0.006	Loglikelihood: -19702.8	(delta): 1833.37
3 (EM) 	Elapsed: 0.007	Loglikelihood: -19184.8	(delta): 518.017
4 (EM) 	Elapsed: 0.006	Loglikelihood: -18851.4	(delta): 333.405
5 (EM) 	Elapsed: 0.006	Loglikelihood: -18598.5	(delta): 252.898
Initial loglikelihood: -18598.5
Starting main algorithm
1 (QN/EM) 	Elapsed: 0.015	Loglikelihood: -18221	(delta): 377.489
2 (QN/EM) 	Elapsed: 0.015	Loglikelihood: -17923.1	(delta): 297.929
3 (QN/EM) 	Elapsed: 0.016	Loglikelihood: -16378.1	(delta): 1545.02
4 (QN/EM) 	Elapsed: 0.016	Loglikelihood: -16049.4	(delta): 328.657
5 (QN/EM) 	Elapsed: 0.015	Loglikelihood: -15701.3	(delta): 348.084
6 (QN/EM) 	Elapsed: 0.015	Loglikelihood: -15362.5	(delta): 338.841
7 (QN/EM) 	Elapsed: 0.015	Loglikelihood: -15201	(delta): 161.463
8 (QN/EM) 	Elapsed: 0.015	Loglikelihood: -15004.2	(delta): 196.885
9 (QN/EM) 	Elapsed: 0.016	Loglikelihood: -14821	(delta): 183.178
10 (QN/EM) 	Elapsed: 0.015	Loglikelihood: -14710.6	(delta): 110.423
11 (QN/EM) 	Elapsed: 0.015	Loglikelihood: -14651.8	(delta): 58.7422
12 (QN/EM) 	Elapsed: 0.015	Loglikelihood: -14561.4	(delta): 90.4328
13 (QN/EM) 	Elapsed: 0.015	Loglikelihood: -14515.2	(delta): 46.1709
14 (QN/EM) 	Elapsed: 0.015	Loglikelihood: -14445.1	(delta): 70.1115
15 (QN/EM) 	Elapsed: 0.015	Loglikelihood: -14410.4	(delta): 34.7119
16 (QN/EM) 	Elapsed: 0.015	Loglikelihood: -14374.1	(delta): 36.2523
17 (QN/EM) 	Elapsed: 0.015	Loglikelihood: -14338	(delta): 36.1421
18 (QN/EM) 	Elapsed: 0.015	Loglikelihood: -14314.3	(delta): 23.7005
19 (QN/EM) 	Elapsed: 0.015	Loglikelihood: -14276.4	(delta): 37.9255
20 (QN/EM) 	Elapsed: 0.016	Loglikelihood: -14251.2	(delta): 25.1693
21 (QN/EM) 	Elapsed: 0.015	Loglikelihood: -14211.5	(delta): 39.6842
22 (QN/EM) 	Elapsed: 0.015	Loglikelihood: -14167	(delta): 44.5182
23 (QN/EM) 	Elapsed: 0.015	Loglikelihood: -14146.2	(delta): 20.7653
24 (QN/EM) 	Elapsed: 0.015	Loglikelihood: -14137.8	(delta): 8.40247
25 (QN/EM) 	Elapsed: 0.016	Loglikelihood: -14119.1	(delta): 18.7525
26 (QN/EM) 	Elapsed: 0.016	Loglikelihood: -14104.6	(delta): 14.4333
27 (QN/EM) 	Elapsed: 0.015	Loglikelihood: -14091.3	(delta): 13.3075
28 (QN/EM) 	Elapsed: 0.015	Loglikelihood: -14085.7	(delta): 5.62262
29 (QN/EM) 	Elapsed: 0.015	Loglikelihood: -14077.8	(delta): 7.92681
30 (QN/EM) 	Elapsed: 0.015	Loglikelihood: -14048.1	(delta): 29.704
31 (QN/EM) 	Elapsed: 0.015	Loglikelihood: -14041.8	(delta): 6.24911
32 (QN/EM) 	Elapsed: 0.015	Loglikelihood: -14039.5	(delta): 2.32321
33 (QN/EM) 	Elapsed: 0.016	Loglikelihood: -14037.9	(delta): 1.57408
34 (QN/EM) 	Elapsed: 0.015	Loglikelihood: -14034	(delta): 3.93109
35 (QN/EM) 	Elapsed: 0.015	Loglikelihood: -14031.6	(delta): 2.44107
36 (QN/EM) 	Elapsed: 0.015	Loglikelihood: -14027.4	(delta): 4.13022
37 (QN/EM) 	Elapsed: 0.015	Loglikelihood: -14021.8	(delta): 5.58376
38 (QN/EM) 	Elapsed: 0.015	Loglikelihood: -14019.7	(delta): 2.12348
39 (QN/EM) 	Elapsed: 0.015	Loglikelihood: -14017.3	(delta): 2.41171
40 (QN/EM) 	Elapsed: 0.015	Loglikelihood: -14016	(delta): 1.26679
41 (QN/EM) 	Elapsed: 0.015	Loglikelihood: -14014.6	(delta): 1.41522
42 (QN/EM) 	Elapsed: 0.015	Loglikelihood: -14010.4	(delta): 4.24275
43 (QN/EM) 	Elapsed: 0.015	Loglikelihood: -14008.7	(delta): 1.72968
44 (QN/EM) 	Elapsed: 0.015	Loglikelihood: -14005.4	(delta): 3.20572
45 (QN/EM) 	Elapsed: 0.015	Loglikelihood: -14004.7	(delta): 0.779403
46 (QN/EM) 	Elapsed: 0.015	Loglikelihood: -14003.2	(delta): 1.47176
47 (QN/EM) 	Elapsed: 0.015	Loglikelihood: -14001.9	(delta): 1.25124
48 (QN/EM) 	Elapsed: 0.015	Loglikelihood: -14001.7	(delta): 0.286204
49 (QN/EM) 	Elapsed: 0.015	Loglikelihood: -13996.4	(delta): 5.29624
50 (QN/EM) 	Elapsed: 0.016	Loglikelihood: -13995.6	(delta): 0.739171
51 (QN/EM) 	Elapsed: 0.016	Loglikelihood: -13995.3	(delta): 0.317317
52 (QN/EM) 	Elapsed: 0.016	Loglikelihood: -13995	(delta): 0.344771
53 (QN/EM) 	Elapsed: 0.015	Loglikelihood: -13994.2	(delta): 0.791575
54 (QN/EM) 	Elapsed: 0.016	Loglikelihood: -13991.8	(delta): 2.40127
55 (QN/EM) 	Elapsed: 0.015	Loglikelihood: -13990.4	(delta): 1.36074
56 (QN/EM) 	Elapsed: 0.016	Loglikelihood: -13989.9	(delta): 0.550552
57 (QN/EM) 	Elapsed: 0.015	Loglikelihood: -13989.2	(delta): 0.677297
58 (QN/EM) 	Elapsed: 0.016	Loglikelihood: -13988.4	(delta): 0.813814
59 (QN/EM) 	Elapsed: 0.016	Loglikelihood: -13987.5	(delta): 0.908187
60 (QN/EM) 	Elapsed: 0.016	Loglikelihood: -13986.5	(delta): 0.957949
61 (QN/EM) 	Elapsed: 0.017	Loglikelihood: -13985.5	(delta): 1.01708
62 (QN/EM) 	Elapsed: 0.018	Loglikelihood: -13983.5	(delta): 2.01446
63 (QN/EM) 	Elapsed: 0.018	Loglikelihood: -13976.8	(delta): 6.69647
64 (QN/EM) 	Elapsed: 0.018	Loglikelihood: -13974.7	(delta): 2.11436
65 (QN/EM) 	Elapsed: 0.017	Loglikelihood: -13971.7	(delta): 2.91018
66 (QN/EM) 	Elapsed: 0.018	Loglikelihood: -13970.3	(delta): 1.46119
67 (QN/EM) 	Elapsed: 0.018	Loglikelihood: -13969.1	(delta): 1.15193
68 (QN/EM) 	Elapsed: 0.018	Loglikelihood: -13968.1	(delta): 1.04134
69 (QN/EM) 	Elapsed: 0.017	Loglikelihood: -13956.4	(delta): 11.737
70 (QN/EM) 	Elapsed: 0.018	Loglikelihood: -13952.8	(delta): 3.53798
71 (QN/EM) 	Elapsed: 0.018	Loglikelihood: -13949.1	(delta): 3.73181
72 (QN/EM) 	Elapsed: 0.017	Loglikelihood: -13945.7	(delta): 3.40834
73 (QN/EM) 	Elapsed: 0.017	Loglikelihood: -13942.9	(delta): 2.75951
74 (QN/EM) 	Elapsed: 0.017	Loglikelihood: -13939.3	(delta): 3.66808
75 (QN/EM) 	Elapsed: 0.017	Loglikelihood: -13936.8	(delta): 2.45464
76 (QN/EM) 	Elapsed: 0.017	Loglikelihood: -13935.4	(delta): 1.35303
77 (QN/EM) 	Elapsed: 0.017	Loglikelihood: -13932	(delta): 3.46706
78 (QN/EM) 	Elapsed: 0.017	Loglikelihood: -13927.4	(delta): 4.57308
79 (QN/EM) 	Elapsed: 0.017	Loglikelihood: -13926.5	(delta): 0.921682
80 (QN/EM) 	Elapsed: 0.017	Loglikelihood: -13926.2	(delta): 0.23873
81 (QN/EM) 	Elapsed: 0.018	Loglikelihood: -13926	(delta): 0.193692
82 (QN/EM) 	Elapsed: 0.018	Loglikelihood: -13925.6	(delta): 0.436398
83 (QN/EM) 	Elapsed: 0.018	Loglikelihood: -13924.8	(delta): 0.841019
84 (QN/EM) 	Elapsed: 0.018	Loglikelihood: -13923.5	(delta): 1.26541
85 (QN/EM) 	Elapsed: 0.018	Loglikelihood: -13921.7	(delta): 1.80674
86 (QN/EM) 	Elapsed: 0.018	Loglikelihood: -13919.2	(delta): 2.45123
87 (QN/EM) 	Elapsed: 0.017	Loglikelihood: -13911.1	(delta): 8.13635
88 (QN/EM) 	Elapsed: 0.017	Loglikelihood: -13908.2	(delta): 2.91282
89 (QN/EM) 	Elapsed: 0.017	Loglikelihood: -13905.9	(delta): 2.27775
90 (QN/EM) 	Elapsed: 0.017	Loglikelihood: -13902.9	(delta): 3.06054
91 (QN/EM) 	Elapsed: 0.018	Loglikelihood: -13901.8	(delta): 1.03442
92 (QN/EM) 	Elapsed: 0.017	Loglikelihood: -13897.6	(delta): 4.19275
93 (QN/EM) 	Elapsed: 0.017	Loglikelihood: -13893.9	(delta): 3.71926
94 (QN/EM) 	Elapsed: 0.017	Loglikelihood: -13892	(delta): 1.91486
95 (QN/EM) 	Elapsed: 0.018	Loglikelihood: -13890.4	(delta): 1.60681
96 (QN/EM) 	Elapsed: 0.018	Loglikelihood: -13889.3	(delta): 1.08757
97 (QN/EM) 	Elapsed: 0.018	Loglikelihood: -13888.7	(delta): 0.631942
98 (QN/EM) 	Elapsed: 0.017	Loglikelihood: -13888	(delta): 0.658205
99 (QN/EM) 	Elapsed: 0.017	Loglikelihood: -13883.4	(delta): 4.59187
100 (QN/EM) 	Elapsed: 0.018	Loglikelihood: -13883.3	(delta): 0.127684
101 (QN/EM) 	Elapsed: 0.017	Loglikelihood: -13882.8	(delta): 0.538592
102 (QN/EM) 	Elapsed: 0.017	Loglikelihood: -13882	(delta): 0.77469
103 (QN/EM) 	Elapsed: 0.017	Loglikelihood: -13881.9	(delta): 0.0568691
104 (QN/EM) 	Elapsed: 0.017	Loglikelihood: -13881.9	(delta): 0.063737
105 (QN/EM) 	Elapsed: 0.018	Loglikelihood: -13881.8	(delta): 0.0682143
106 (QN/EM) 	Elapsed: 0.017	Loglikelihood: -13881.6	(delta): 0.207845
107 (QN/EM) 	Elapsed: 0.017	Loglikelihood: -13881.4	(delta): 0.169441
108 (QN/EM) 	Elapsed: 0.018	Loglikelihood: -13881.3	(delta): 0.0834807
109 (QN/EM) 	Elapsed: 0.017	Loglikelihood: -13880.8	(delta): 0.541563
110 (QN/EM) 	Elapsed: 0.017	Loglikelihood: -13879.8	(delta): 0.96329
111 (QN/EM) 	Elapsed: 0.017	Loglikelihood: -13879.2	(delta): 0.59394
112 (QN/EM) 	Elapsed: 0.017	Loglikelihood: -13878.5	(delta): 0.758189
113 (QN/EM) 	Elapsed: 0.017	Loglikelihood: -13878.1	(delta): 0.412719
114 (QN/EM) 	Elapsed: 0.017	Loglikelihood: -13874.2	(delta): 3.83279
115 (QN/EM) 	Elapsed: 0.017	Loglikelihood: -13872.9	(delta): 1.34122
116 (QN/EM) 	Elapsed: 0.017	Loglikelihood: -13872.1	(delta): 0.746962
117 (QN/EM) 	Elapsed: 0.017	Loglikelihood: -13872	(delta): 0.158342
118 (QN/EM) 	Elapsed: 0.017	Loglikelihood: -13871.6	(delta): 0.340224
119 (QN/EM) 	Elapsed: 0.017	Loglikelihood: -13870.5	(delta): 1.1209
120 (QN/EM) 	Elapsed: 0.018	Loglikelihood: -13869.7	(delta): 0.83532
121 (QN/EM) 	Elapsed: 0.017	Loglikelihood: -13869.3	(delta): 0.400733
122 (QN/EM) 	Elapsed: 0.017	Loglikelihood: -13869.2	(delta): 0.0928944
123 (QN/EM) 	Elapsed: 0.018	Loglikelihood: -13869.1	(delta): 0.118988
124 (QN/EM) 	Elapsed: 0.018	Loglikelihood: -13868.9	(delta): 0.201972
125 (QN/EM) 	Elapsed: 0.018	Loglikelihood: -13868.6	(delta): 0.265974
126 (QN/EM) 	Elapsed: 0.018	Loglikelihood: -13868.3	(delta): 0.280857
127 (QN/EM) 	Elapsed: 0.018	Loglikelihood: -13868	(delta): 0.285582
128 (QN/EM) 	Elapsed: 0.017	Loglikelihood: -13867.7	(delta): 0.345157
129 (QN/EM) 	Elapsed: 0.017	Loglikelihood: -13867.3	(delta): 0.367542
130 (QN/EM) 	Elapsed: 0.017	Loglikelihood: -13867.1	(delta): 0.182434
131 (QN/EM) 	Elapsed: 0.017	Loglikelihood: -13867	(delta): 0.169433
132 (QN/EM) 	Elapsed: 0.017	Loglikelihood: -13865.9	(delta): 1.10976
133 (QN/EM) 	Elapsed: 0.017	Loglikelihood: -13865.5	(delta): 0.324372
134 (QN/EM) 	Elapsed: 0.017	Loglikelihood: -13865	(delta): 0.540411
135 (QN/EM) 	Elapsed: 0.018	Loglikelihood: -13864.7	(delta): 0.316559
136 (QN/EM) 	Elapsed: 0.018	Loglikelihood: -13864.2	(delta): 0.43829
137 (QN/EM) 	Elapsed: 0.018	Loglikelihood: -13863.8	(delta): 0.426416
138 (QN/EM) 	Elapsed: 0.017	Loglikelihood: -13863.5	(delta): 0.277154
139 (QN/EM) 	Elapsed: 0.018	Loglikelihood: -13863.2	(delta): 0.358907
140 (QN/EM) 	Elapsed: 0.017	Loglikelihood: -13862.9	(delta): 0.303126
141 (QN/EM) 	Elapsed: 0.017	Loglikelihood: -13860.6	(delta): 2.30377
142 (QN/EM) 	Elapsed: 0.017	Loglikelihood: -13859.5	(delta): 1.06739
143 (QN/EM) 	Elapsed: 0.017	Loglikelihood: -13858.7	(delta): 0.767823
144 (QN/EM) 	Elapsed: 0.017	Loglikelihood: -13858.5	(delta): 0.257331
145 (QN/EM) 	Elapsed: 0.017	Loglikelihood: -13858.2	(delta): 0.306755
146 (QN/EM) 	Elapsed: 0.017	Loglikelihood: -13857.9	(delta): 0.271799
147 (QN/EM) 	Elapsed: 0.017	Loglikelihood: -13857.7	(delta): 0.181115
148 (QN/EM) 	Elapsed: 0.017	Loglikelihood: -13857.4	(delta): 0.354774
149 (QN/EM) 	Elapsed: 0.018	Loglikelihood: -13857.3	(delta): 0.084128
150 (QN/EM) 	Elapsed: 0.018	Loglikelihood: -13857.2	(delta): 0.0881803
151 (QN/EM) 	Elapsed: 0.018	Loglikelihood: -13857.1	(delta): 0.0882821
152 (QN/EM) 	Elapsed: 0.017	Loglikelihood: -13855	(delta): 2.08321
153 (QN/EM) 	Elapsed: 0.017	Loglikelihood: -13854.4	(delta): 0.594987
154 (QN/EM) 	Elapsed: 0.018	Loglikelihood: -13854.1	(delta): 0.353149
155 (QN/EM) 	Elapsed: 0.017	Loglikelihood: -13854	(delta): 0.0803082
156 (QN/EM) 	Elapsed: 0.017	Loglikelihood: -13853.9	(delta): 0.123257
157 (QN/EM) 	Elapsed: 0.017	Loglikelihood: -13853.8	(delta): 0.105071
158 (QN/EM) 	Elapsed: 0.017	Loglikelihood: -13853.7	(delta): 0.0405203
159 (QN/EM) 	Elapsed: 0.017	Loglikelihood: -13853.7	(delta): 0.0129405
160 (QN/EM) 	Elapsed: 0.017	Loglikelihood: -13853.7	(delta): 0.0238065
161 (QN/EM) 	Elapsed: 0.017	Loglikelihood: -13853.7	(delta): 0.0205004
162 (QN/EM) 	Elapsed: 0.017	Loglikelihood: -13853.6	(delta): 0.0384331
163 (QN/EM) 	Elapsed: 0.017	Loglikelihood: -13853.6	(delta): 0.00452685
164 (QN/EM) 	Elapsed: 0.017	Loglikelihood: -13853.6	(delta): 0.0737672
165 (QN/EM) 	Elapsed: 0.018	Loglikelihood: -13853.5	(delta): 0.0166184
166 (QN/EM) 	Elapsed: 0.017	Loglikelihood: -13853.5	(delta): 0.01771
167 (QN/EM) 	Elapsed: 0.018	Loglikelihood: -13853.5	(delta): 0.0210248
168 (QN/EM) 	Elapsed: 0.018	Loglikelihood: -13853.5	(delta): 0.0257817
169 (QN/EM) 	Elapsed: 0.017	Loglikelihood: -13853.4	(delta): 0.0320909
170 (QN/EM) 	Elapsed: 0.018	Loglikelihood: -13853.4	(delta): 0.0403043
171 (QN/EM) 	Elapsed: 0.018	Loglikelihood: -13853.4	(delta): 0.0509364
172 (QN/EM) 	Elapsed: 0.018	Loglikelihood: -13853.3	(delta): 0.0646433
173 (QN/EM) 	Elapsed: 0.018	Loglikelihood: -13853.2	(delta): 0.0821944
174 (QN/EM) 	Elapsed: 0.018	Loglikelihood: -13853.1	(delta): 0.104398
175 (QN/EM) 	Elapsed: 0.017	Loglikelihood: -13851.7	(delta): 1.42308
176 (QN/EM) 	Elapsed: 0.018	Loglikelihood: -13849.4	(delta): 2.22759
177 (QN/EM) 	Elapsed: 0.017	Loglikelihood: -13848.7	(delta): 0.704771
178 (QN/EM) 	Elapsed: 0.017	Loglikelihood: -13848.3	(delta): 0.43446
179 (QN/EM) 	Elapsed: 0.018	Loglikelihood: -13848.1	(delta): 0.242065
180 (QN/EM) 	Elapsed: 0.017	Loglikelihood: -13847.5	(delta): 0.605199
181 (QN/EM) 	Elapsed: 0.018	Loglikelihood: -13846.2	(delta): 1.27632
182 (QN/EM) 	Elapsed: 0.017	Loglikelihood: -13844.5	(delta): 1.67762
183 (QN/EM) 	Elapsed: 0.018	Loglikelihood: -13841.1	(delta): 3.45606
184 (QN/EM) 	Elapsed: 0.018	Loglikelihood: -13839.9	(delta): 1.14764
185 (QN/EM) 	Elapsed: 0.017	Loglikelihood: -13839.3	(delta): 0.56337
186 (QN/EM) 	Elapsed: 0.018	Loglikelihood: -13838.7	(delta): 0.625036
187 (QN/EM) 	Elapsed: 0.017	Loglikelihood: -13837.8	(delta): 0.91018
188 (QN/EM) 	Elapsed: 0.018	Loglikelihood: -13837.2	(delta): 0.609339
189 (QN/EM) 	Elapsed: 0.017	Loglikelihood: -13836.4	(delta): 0.754045
190 (QN/EM) 	Elapsed: 0.017	Loglikelihood: -13835.7	(delta): 0.7668
191 (QN/EM) 	Elapsed: 0.017	Loglikelihood: -13834.7	(delta): 0.99438
192 (QN/EM) 	Elapsed: 0.017	Loglikelihood: -13834.1	(delta): 0.565526
193 (QN/EM) 	Elapsed: 0.017	Loglikelihood: -13833.3	(delta): 0.844238
194 (QN/EM) 	Elapsed: 0.017	Loglikelihood: -13832.7	(delta): 0.576364
195 (QN/EM) 	Elapsed: 0.017	Loglikelihood: -13831.4	(delta): 1.3105
196 (QN/EM) 	Elapsed: 0.017	Loglikelihood: -13830.2	(delta): 1.14479
197 (QN/EM) 	Elapsed: 0.017	Loglikelihood: -13829	(delta): 1.2197
198 (QN/EM) 	Elapsed: 0.017	Loglikelihood: -13828.6	(delta): 0.46983
199 (QN/EM) 	Elapsed: 0.018	Loglikelihood: -13828	(delta): 0.548492
200 (QN/EM) 	Elapsed: 0.017	Loglikelihood: -13827.2	(delta): 0.768392
201 (QN/EM) 	Elapsed: 0.017	Loglikelihood: -13827	(delta): 0.2479
202 (QN/EM) 	Elapsed: 0.018	Loglikelihood: -13826.8	(delta): 0.182822
203 (QN/EM) 	Elapsed: 0.017	Loglikelihood: -13826.2	(delta): 0.554189
204 (QN/EM) 	Elapsed: 0.017	Loglikelihood: -13825.9	(delta): 0.370335
205 (QN/EM) 	Elapsed: 0.017	Loglikelihood: -13825.6	(delta): 0.264325
206 (QN/EM) 	Elapsed: 0.017	Loglikelihood: -13823.4	(delta): 2.1907
207 (QN/EM) 	Elapsed: 0.018	Loglikelihood: -13821.5	(delta): 1.88637
208 (QN/EM) 	Elapsed: 0.017	Loglikelihood: -13820.5	(delta): 1.08007
209 (QN/EM) 	Elapsed: 0.017	Loglikelihood: -13820.4	(delta): 0.0731019
210 (QN/EM) 	Elapsed: 0.017	Loglikelihood: -13819.3	(delta): 1.1097
211 (QN/EM) 	Elapsed: 0.017	Loglikelihood: -13818.7	(delta): 0.526747
212 (QN/EM) 	Elapsed: 0.018	Loglikelihood: -13818.7	(delta): 0.00616442
213 (QN/EM) 	Elapsed: 0.017	Loglikelihood: -13818.7	(delta): 0.00132079
214 (QN/EM) 	Elapsed: 0.017	Loglikelihood: -13818.7	(delta): 0.00133968
215 (QN/EM) 	Elapsed: 0.018	Loglikelihood: -13818.7	(delta): 0.000315482
216 (QN/EM) 	Elapsed: 0.017	Loglikelihood: -13818.7	(delta): 0.00319833
217 (QN/EM) 	Elapsed: 0.017	Loglikelihood: -13818.7	(delta): 0.00238355
218 (QN/EM) 	Elapsed: 0.017	Loglikelihood: -13818.7	(delta): 0.00408048
219 (QN/EM) 	Elapsed: 0.017	Loglikelihood: -13818.7	(delta): 0.00553583
220 (QN/EM) 	Elapsed: 0.017	Loglikelihood: -13818.7	(delta): 0.000935881
221 (QN/EM) 	Elapsed: 0.017	Loglikelihood: -13818.7	(delta): 0.00120712
222 (QN/EM) 	Elapsed: 0.017	Loglikelihood: -13818.7	(delta): 0.00662172
223 (QN/EM) 	Elapsed: 0.017	Loglikelihood: -13818.7	(delta): 0.0310985
224 (QN/EM) 	Elapsed: 0.017	Loglikelihood: -13818.7	(delta): 0.0111386
225 (QN/EM) 	Elapsed: 0.017	Loglikelihood: -13818.7	(delta): 0.000740058
226 (QN/EM) 	Elapsed: 0.017	Loglikelihood: -13818.7	(delta): 0.000422086
227 (QN/EM) 	Elapsed: 0.017	Loglikelihood: -13818.7	(delta): 0.00169852
228 (QN/EM) 	Elapsed: 0.017	Loglikelihood: -13818.7	(delta): 0.000155382
229 (QN/EM) 	Elapsed: 0.017	Loglikelihood: -13818.7	(delta): 0.00219351
230 (QN/EM) 	Elapsed: 0.017	Loglikelihood: -13818.7	(delta): 0.00158995
231 (QN/EM) 	Elapsed: 0.017	Loglikelihood: -13818.7	(delta): 0.00840388
232 (QN/EM) 	Elapsed: 0.017	Loglikelihood: -13818.7	(delta): 0.00183622
233 (QN/EM) 	Elapsed: 0.017	Loglikelihood: -13818.7	(delta): 0.00125424
234 (QN/EM) 	Elapsed: 0.017	Loglikelihood: -13818.7	(delta): 0.000840291
235 (QN/EM) 	Elapsed: 0.018	Loglikelihood: -13818.7	(delta): 0.000146097
236 (QN/EM) 	Elapsed: 0.017	Loglikelihood: -13818.7	(delta): 0.00275038
237 (QN/EM) 	Elapsed: 0.017	Loglikelihood: -13818.6	(delta): 0.00674104
238 (QN/EM) 	Elapsed: 0.017	Loglikelihood: -13818.6	(delta): 0.00354675
239 (QN/EM) 	Elapsed: 0.017	Loglikelihood: -13818.6	(delta): 0.000793802
240 (QN/EM) 	Elapsed: 0.017	Loglikelihood: -13818.6	(delta): 0.00213669
241 (QN/EM) 	Elapsed: 0.017	Loglikelihood: -13818.6	(delta): 0.00618511
242 (QN/EM) 	Elapsed: 0.017	Loglikelihood: -13818.6	(delta): 0.0160552
243 (QN/EM) 	Elapsed: 0.017	Loglikelihood: -13818.6	(delta): 0.00134167
244 (QN/EM) 	Elapsed: 0.017	Loglikelihood: -13818.6	(delta): 0.00149393
245 (QN/EM) 	Elapsed: 0.017	Loglikelihood: -13818.6	(delta): 0.00637542
246 (QN/EM) 	Elapsed: 0.018	Loglikelihood: -13818.6	(delta): 0.000324132
247 (QN/EM) 	Elapsed: 0.017	Loglikelihood: -13818.6	(delta): 0.00189877
248 (QN/EM) 	Elapsed: 0.017	Loglikelihood: -13818.6	(delta): 0.00683289
249 (QN/EM) 	Elapsed: 0.017	Loglikelihood: -13818.6	(delta): 0.00819465
250 (QN/EM) 	Elapsed: 0.017	Loglikelihood: -13818.6	(delta): 0.00369228
251 (QN/EM) 	Elapsed: 0.017	Loglikelihood: -13818.6	(delta): 0.00196903
252 (QN/EM) 	Elapsed: 0.017	Loglikelihood: -13818.6	(delta): 0.0154826
253 (QN/EM) 	Elapsed: 0.017	Loglikelihood: -13818.5	(delta): 0.0357528
254 (QN/EM) 	Elapsed: 0.017	Loglikelihood: -13818.5	(delta): 0.00805888
255 (QN/EM) 	Elapsed: 0.017	Loglikelihood: -13818.5	(delta): 0.00257908
256 (QN/EM) 	Elapsed: 0.017	Loglikelihood: -13818.5	(delta): 0.00600337
257 (QN/EM) 	Elapsed: 0.018	Loglikelihood: -13818.5	(delta): 0.000626075
258 (QN/EM) 	Elapsed: 0.017	Loglikelihood: -13818.5	(delta): 0.00572097
259 (QN/EM) 	Elapsed: 0.017	Loglikelihood: -13818.5	(delta): 0.0436475
260 (QN/EM) 	Elapsed: 0.017	Loglikelihood: -13818.4	(delta): 0.0248673
261 (QN/EM) 	Elapsed: 0.017	Loglikelihood: -13818.4	(delta): 0.00590654
262 (QN/EM) 	Elapsed: 0.017	Loglikelihood: -13818.4	(delta): 0.000969232
263 (QN/EM) 	Elapsed: 0.017	Loglikelihood: -13818.4	(delta): 0.000826044
264 (QN/EM) 	Elapsed: 0.017	Loglikelihood: -13818.4	(delta): 0.00100095
265 (QN/EM) 	Elapsed: 0.017	Loglikelihood: -13818.4	(delta): 0.00037352
266 (QN/EM) 	Elapsed: 0.017	Loglikelihood: -13818.4	(delta): 0.000123486
267 (QN/EM) 	Elapsed: 0.017	Loglikelihood: -13818.4	(delta): 5.88963e-05
Summary: 
Converged in 267 iterations (4.703 sec)
Loglikelihood: -13818.430437
Fst divergences between estimated populations: 
	Pop0	Pop1	Pop2	Pop3	Pop4	
Pop0	
Pop1	0.126	
Pop2	0.134	0.106	
Pop3	0.130	0.107	0.110	
Pop4	0.139	0.104	0.109	0.100	
Pop5	0.407	0.405	0.399	0.385	0.388	
CV error (K=6): 0.54567
Writing output files.
