****                   ADMIXTURE Version 1.3.0                  ****
****                    Copyright 2008-2015                     ****
****           David Alexander, Suyash Shringarpure,            ****
****                John  Novembre, Ken Lange                   ****
****                                                            ****
****                 Please cite our paper!                     ****
****   Information at www.genetics.ucla.edu/software/admixture  ****

Cross-validation will be performed.  Folds=5.
Parallel execution requested.  Will use 5 threads.
Random seed: 43
Point estimation method: EM algorithm
Convergence acceleration algorithm: QuasiNewton, 3 secant conditions
Point estimation will terminate when objective function delta < 0.0001
Estimation of standard errors disabled; will compute point estimates only.
Size of G: 43x756
Performing five EM steps to prime main algorithm
1 (EM) 	Elapsed: 0.013	Loglikelihood: -14648.2	(delta): 38158.1
2 (EM) 	Elapsed: 0.005	Loglikelihood: -13901.6	(delta): 746.609
3 (EM) 	Elapsed: 0.001	Loglikelihood: -13668.3	(delta): 233.312
4 (EM) 	Elapsed: 0.002	Loglikelihood: -13506	(delta): 162.282
5 (EM) 	Elapsed: 0.002	Loglikelihood: -13367.6	(delta): 138.43
Initial loglikelihood: -13367.6
Starting main algorithm
1 (QN/EM) 	Elapsed: 0.002	Loglikelihood: -13091.3	(delta): 276.296
2 (QN/EM) 	Elapsed: 0.002	Loglikelihood: -12788	(delta): 303.32
3 (QN/EM) 	Elapsed: 0.002	Loglikelihood: -12373.9	(delta): 414.089
4 (QN/EM) 	Elapsed: 0.002	Loglikelihood: -11565.5	(delta): 808.366
5 (QN/EM) 	Elapsed: 0.002	Loglikelihood: -11070.2	(delta): 495.308
6 (QN/EM) 	Elapsed: 0.002	Loglikelihood: -10844.3	(delta): 225.946
7 (QN/EM) 	Elapsed: 0.002	Loglikelihood: -10749.2	(delta): 95.0315
8 (QN/EM) 	Elapsed: 0.002	Loglikelihood: -10663.7	(delta): 85.5886
9 (QN/EM) 	Elapsed: 0.002	Loglikelihood: -10626	(delta): 37.6749
10 (QN/EM) 	Elapsed: 0.002	Loglikelihood: -10602.3	(delta): 23.6691
11 (QN/EM) 	Elapsed: 0.002	Loglikelihood: -10586.3	(delta): 15.986
12 (QN/EM) 	Elapsed: 0.002	Loglikelihood: -10555.9	(delta): 30.4117
13 (QN/EM) 	Elapsed: 0.002	Loglikelihood: -10545.9	(delta): 10.027
14 (QN/EM) 	Elapsed: 0.002	Loglikelihood: -10539.4	(delta): 6.4851
15 (QN/EM) 	Elapsed: 0.002	Loglikelihood: -10534.6	(delta): 4.79369
16 (QN/EM) 	Elapsed: 0.002	Loglikelihood: -10531.7	(delta): 2.8687
17 (QN/EM) 	Elapsed: 0.002	Loglikelihood: -10525.1	(delta): 6.66411
18 (QN/EM) 	Elapsed: 0.002	Loglikelihood: -10520.2	(delta): 4.88609
19 (QN/EM) 	Elapsed: 0.002	Loglikelihood: -10519.2	(delta): 0.997382
20 (QN/EM) 	Elapsed: 0.002	Loglikelihood: -10518.3	(delta): 0.878989
21 (QN/EM) 	Elapsed: 0.002	Loglikelihood: -10517	(delta): 1.27796
22 (QN/EM) 	Elapsed: 0.002	Loglikelihood: -10515.5	(delta): 1.57461
23 (QN/EM) 	Elapsed: 0.002	Loglikelihood: -10512.5	(delta): 2.91925
24 (QN/EM) 	Elapsed: 0.002	Loglikelihood: -10512.2	(delta): 0.374254
25 (QN/EM) 	Elapsed: 0.002	Loglikelihood: -10512.1	(delta): 0.0279153
26 (QN/EM) 	Elapsed: 0.002	Loglikelihood: -10512.1	(delta): 0.0321227
27 (QN/EM) 	Elapsed: 0.002	Loglikelihood: -10512.1	(delta): 0.0386743
28 (QN/EM) 	Elapsed: 0.002	Loglikelihood: -10512	(delta): 0.0310569
29 (QN/EM) 	Elapsed: 0.002	Loglikelihood: -10512	(delta): 0.0210367
30 (QN/EM) 	Elapsed: 0.002	Loglikelihood: -10512	(delta): 0.0188177
31 (QN/EM) 	Elapsed: 0.002	Loglikelihood: -10511.9	(delta): 0.0715108
32 (QN/EM) 	Elapsed: 0.002	Loglikelihood: -10511.7	(delta): 0.234815
33 (QN/EM) 	Elapsed: 0.002	Loglikelihood: -10511.7	(delta): 0.0184957
34 (QN/EM) 	Elapsed: 0.002	Loglikelihood: -10511.7	(delta): 0.00215295
35 (QN/EM) 	Elapsed: 0.002	Loglikelihood: -10511.6	(delta): 0.0185232
36 (QN/EM) 	Elapsed: 0.002	Loglikelihood: -10511.6	(delta): 0.0133524
37 (QN/EM) 	Elapsed: 0.002	Loglikelihood: -10511.6	(delta): 0.00675962
38 (QN/EM) 	Elapsed: 0.002	Loglikelihood: -10511.6	(delta): 0.00819746
39 (QN/EM) 	Elapsed: 0.002	Loglikelihood: -10511.6	(delta): 0.00924571
40 (QN/EM) 	Elapsed: 0.002	Loglikelihood: -10511.6	(delta): 0.000383868
41 (QN/EM) 	Elapsed: 0.002	Loglikelihood: -10511.6	(delta): 3.66904e-05
Summary: 
Converged in 41 iterations (0.162 sec)
Loglikelihood: -10511.609173
Fst divergences between estimated populations: 
	Pop0	
Pop0	
Pop1	0.336	
CV error (K=2): 0.44079
Writing output files.
