****                   ADMIXTURE Version 1.3.0                  ****
****                    Copyright 2008-2015                     ****
****           David Alexander, Suyash Shringarpure,            ****
****                John  Novembre, Ken Lange                   ****
****                                                            ****
****                 Please cite our paper!                     ****
****   Information at www.genetics.ucla.edu/software/admixture  ****

Cross-validation will be performed.  Folds=5.
Parallel execution requested.  Will use 5 threads.
Random seed: 43
Point estimation method: EM algorithm
Convergence acceleration algorithm: QuasiNewton, 3 secant conditions
Point estimation will terminate when objective function delta < 0.0001
Estimation of standard errors disabled; will compute point estimates only.
Size of G: 43x756
Performing five EM steps to prime main algorithm
1 (EM) 	Elapsed: 0.022	Loglikelihood: -15130.4	(delta): 30523.1
2 (EM) 	Elapsed: 0.012	Loglikelihood: -13928.9	(delta): 1201.53
3 (EM) 	Elapsed: 0.005	Loglikelihood: -13539.1	(delta): 389.841
4 (EM) 	Elapsed: 0.005	Loglikelihood: -13253.9	(delta): 285.128
5 (EM) 	Elapsed: 0.005	Loglikelihood: -12994.7	(delta): 259.288
Initial loglikelihood: -12994.7
Starting main algorithm
1 (QN/EM) 	Elapsed: 0.006	Loglikelihood: -12484.7	(delta): 509.968
2 (QN/EM) 	Elapsed: 0.006	Loglikelihood: -11970.7	(delta): 513.985
3 (QN/EM) 	Elapsed: 0.007	Loglikelihood: -10613	(delta): 1357.69
4 (QN/EM) 	Elapsed: 0.007	Loglikelihood: -10275.1	(delta): 337.923
5 (QN/EM) 	Elapsed: 0.007	Loglikelihood: -9461.56	(delta): 813.531
6 (QN/EM) 	Elapsed: 0.007	Loglikelihood: -8712.08	(delta): 749.478
7 (QN/EM) 	Elapsed: 0.007	Loglikelihood: -8275.21	(delta): 436.87
8 (QN/EM) 	Elapsed: 0.007	Loglikelihood: -7941.17	(delta): 334.042
9 (QN/EM) 	Elapsed: 0.007	Loglikelihood: -7757.24	(delta): 183.929
10 (QN/EM) 	Elapsed: 0.007	Loglikelihood: -7384.48	(delta): 372.759
11 (QN/EM) 	Elapsed: 0.007	Loglikelihood: -7244.34	(delta): 140.141
12 (QN/EM) 	Elapsed: 0.007	Loglikelihood: -7164.31	(delta): 80.0285
13 (QN/EM) 	Elapsed: 0.007	Loglikelihood: -7113.81	(delta): 50.508
14 (QN/EM) 	Elapsed: 0.007	Loglikelihood: -7057.76	(delta): 56.044
15 (QN/EM) 	Elapsed: 0.007	Loglikelihood: -7026.31	(delta): 31.4529
16 (QN/EM) 	Elapsed: 0.007	Loglikelihood: -6996.15	(delta): 30.1627
17 (QN/EM) 	Elapsed: 0.007	Loglikelihood: -6983.43	(delta): 12.7216
18 (QN/EM) 	Elapsed: 0.007	Loglikelihood: -6913.91	(delta): 69.5183
19 (QN/EM) 	Elapsed: 0.007	Loglikelihood: -6871.32	(delta): 42.5917
20 (QN/EM) 	Elapsed: 0.007	Loglikelihood: -6835.56	(delta): 35.7559
21 (QN/EM) 	Elapsed: 0.007	Loglikelihood: -6793.81	(delta): 41.7452
22 (QN/EM) 	Elapsed: 0.007	Loglikelihood: -6714.83	(delta): 78.9825
23 (QN/EM) 	Elapsed: 0.007	Loglikelihood: -6646.66	(delta): 68.1759
24 (QN/EM) 	Elapsed: 0.007	Loglikelihood: -6592.71	(delta): 53.9441
25 (QN/EM) 	Elapsed: 0.007	Loglikelihood: -6568.31	(delta): 24.4003
26 (QN/EM) 	Elapsed: 0.007	Loglikelihood: -6542.9	(delta): 25.4154
27 (QN/EM) 	Elapsed: 0.007	Loglikelihood: -6492.21	(delta): 50.6898
28 (QN/EM) 	Elapsed: 0.007	Loglikelihood: -6474.38	(delta): 17.8315
29 (QN/EM) 	Elapsed: 0.007	Loglikelihood: -6465.36	(delta): 9.01276
30 (QN/EM) 	Elapsed: 0.007	Loglikelihood: -6455.23	(delta): 10.1322
31 (QN/EM) 	Elapsed: 0.007	Loglikelihood: -6449.76	(delta): 5.47308
32 (QN/EM) 	Elapsed: 0.007	Loglikelihood: -6446.6	(delta): 3.15621
33 (QN/EM) 	Elapsed: 0.007	Loglikelihood: -6443.19	(delta): 3.41006
34 (QN/EM) 	Elapsed: 0.007	Loglikelihood: -6440.57	(delta): 2.61792
35 (QN/EM) 	Elapsed: 0.007	Loglikelihood: -6439.03	(delta): 1.54709
36 (QN/EM) 	Elapsed: 0.007	Loglikelihood: -6438.07	(delta): 0.959571
37 (QN/EM) 	Elapsed: 0.007	Loglikelihood: -6436.99	(delta): 1.07845
38 (QN/EM) 	Elapsed: 0.007	Loglikelihood: -6434.58	(delta): 2.40991
39 (QN/EM) 	Elapsed: 0.007	Loglikelihood: -6428.85	(delta): 5.72316
40 (QN/EM) 	Elapsed: 0.007	Loglikelihood: -6427.51	(delta): 1.34661
41 (QN/EM) 	Elapsed: 0.007	Loglikelihood: -6426.25	(delta): 1.26069
42 (QN/EM) 	Elapsed: 0.007	Loglikelihood: -6425.64	(delta): 0.60928
43 (QN/EM) 	Elapsed: 0.007	Loglikelihood: -6424.98	(delta): 0.662138
44 (QN/EM) 	Elapsed: 0.007	Loglikelihood: -6424.55	(delta): 0.422017
45 (QN/EM) 	Elapsed: 0.007	Loglikelihood: -6424.27	(delta): 0.287545
46 (QN/EM) 	Elapsed: 0.007	Loglikelihood: -6423.73	(delta): 0.531446
47 (QN/EM) 	Elapsed: 0.007	Loglikelihood: -6422.6	(delta): 1.13562
48 (QN/EM) 	Elapsed: 0.007	Loglikelihood: -6422.26	(delta): 0.335377
49 (QN/EM) 	Elapsed: 0.007	Loglikelihood: -6422.06	(delta): 0.207899
50 (QN/EM) 	Elapsed: 0.007	Loglikelihood: -6421.44	(delta): 0.618983
51 (QN/EM) 	Elapsed: 0.007	Loglikelihood: -6420.59	(delta): 0.846086
52 (QN/EM) 	Elapsed: 0.007	Loglikelihood: -6420.3	(delta): 0.293348
53 (QN/EM) 	Elapsed: 0.007	Loglikelihood: -6420.26	(delta): 0.0391812
54 (QN/EM) 	Elapsed: 0.007	Loglikelihood: -6420.24	(delta): 0.021652
55 (QN/EM) 	Elapsed: 0.007	Loglikelihood: -6420.17	(delta): 0.0629716
56 (QN/EM) 	Elapsed: 0.007	Loglikelihood: -6420.16	(delta): 0.0138975
57 (QN/EM) 	Elapsed: 0.007	Loglikelihood: -6420.15	(delta): 0.0116583
58 (QN/EM) 	Elapsed: 0.007	Loglikelihood: -6420.14	(delta): 0.00329348
59 (QN/EM) 	Elapsed: 0.007	Loglikelihood: -6419.9	(delta): 0.246078
60 (QN/EM) 	Elapsed: 0.007	Loglikelihood: -6419.88	(delta): 0.0199154
61 (QN/EM) 	Elapsed: 0.007	Loglikelihood: -6419.86	(delta): 0.0157383
62 (QN/EM) 	Elapsed: 0.007	Loglikelihood: -6419.85	(delta): 0.0159678
63 (QN/EM) 	Elapsed: 0.007	Loglikelihood: -6419.83	(delta): 0.0163689
64 (QN/EM) 	Elapsed: 0.007	Loglikelihood: -6419.81	(delta): 0.0168014
65 (QN/EM) 	Elapsed: 0.007	Loglikelihood: -6419.72	(delta): 0.0981052
66 (QN/EM) 	Elapsed: 0.007	Loglikelihood: -6419.67	(delta): 0.0440832
67 (QN/EM) 	Elapsed: 0.007	Loglikelihood: -6419.65	(delta): 0.0183073
68 (QN/EM) 	Elapsed: 0.007	Loglikelihood: -6419.49	(delta): 0.163396
69 (QN/EM) 	Elapsed: 0.007	Loglikelihood: -6419.47	(delta): 0.0235068
70 (QN/EM) 	Elapsed: 0.007	Loglikelihood: -6419.44	(delta): 0.0235713
71 (QN/EM) 	Elapsed: 0.007	Loglikelihood: -6419.42	(delta): 0.0241581
72 (QN/EM) 	Elapsed: 0.007	Loglikelihood: -6419.39	(delta): 0.0249638
73 (QN/EM) 	Elapsed: 0.007	Loglikelihood: -6419.37	(delta): 0.0258636
74 (QN/EM) 	Elapsed: 0.007	Loglikelihood: -6419.34	(delta): 0.0268151
75 (QN/EM) 	Elapsed: 0.007	Loglikelihood: -6419.31	(delta): 0.0278051
76 (QN/EM) 	Elapsed: 0.007	Loglikelihood: -6419.28	(delta): 0.0288293
77 (QN/EM) 	Elapsed: 0.007	Loglikelihood: -6419.25	(delta): 0.0298861
78 (QN/EM) 	Elapsed: 0.007	Loglikelihood: -6419.22	(delta): 0.0309742
79 (QN/EM) 	Elapsed: 0.007	Loglikelihood: -6419.19	(delta): 0.0320925
80 (QN/EM) 	Elapsed: 0.007	Loglikelihood: -6419.16	(delta): 0.0332391
81 (QN/EM) 	Elapsed: 0.007	Loglikelihood: -6419.12	(delta): 0.0344122
82 (QN/EM) 	Elapsed: 0.007	Loglikelihood: -6419.09	(delta): 0.0356091
83 (QN/EM) 	Elapsed: 0.007	Loglikelihood: -6418.88	(delta): 0.204885
84 (QN/EM) 	Elapsed: 0.007	Loglikelihood: -6418.84	(delta): 0.0442986
85 (QN/EM) 	Elapsed: 0.007	Loglikelihood: -6418.8	(delta): 0.0398416
86 (QN/EM) 	Elapsed: 0.007	Loglikelihood: -6418.76	(delta): 0.0406772
87 (QN/EM) 	Elapsed: 0.007	Loglikelihood: -6418.72	(delta): 0.0418665
88 (QN/EM) 	Elapsed: 0.007	Loglikelihood: -6418.67	(delta): 0.0430835
89 (QN/EM) 	Elapsed: 0.007	Loglikelihood: -6418.63	(delta): 0.044275
90 (QN/EM) 	Elapsed: 0.007	Loglikelihood: -6418.26	(delta): 0.374294
91 (QN/EM) 	Elapsed: 0.007	Loglikelihood: -6417.68	(delta): 0.578799
92 (QN/EM) 	Elapsed: 0.007	Loglikelihood: -6417.57	(delta): 0.104507
93 (QN/EM) 	Elapsed: 0.007	Loglikelihood: -6417.52	(delta): 0.0480783
94 (QN/EM) 	Elapsed: 0.007	Loglikelihood: -6417.51	(delta): 0.0127863
95 (QN/EM) 	Elapsed: 0.007	Loglikelihood: -6417.51	(delta): 0.0015231
96 (QN/EM) 	Elapsed: 0.007	Loglikelihood: -6417.51	(delta): 0.000980997
97 (QN/EM) 	Elapsed: 0.007	Loglikelihood: -6417.51	(delta): 0.000206836
98 (QN/EM) 	Elapsed: 0.007	Loglikelihood: -6417.51	(delta): 0.000155223
99 (QN/EM) 	Elapsed: 0.007	Loglikelihood: -6417.51	(delta): 3.387e-05
Summary: 
Converged in 99 iterations (0.817 sec)
Loglikelihood: -6417.508216
Fst divergences between estimated populations: 
	Pop0	Pop1	Pop2	Pop3	
Pop0	
Pop1	0.592	
Pop2	0.452	0.608	
Pop3	0.457	0.370	0.459	
Pop4	0.474	0.606	0.525	0.469	
CV error (K=5): 0.36843
Writing output files.
