****                   ADMIXTURE Version 1.3.0                  ****
****                    Copyright 2008-2015                     ****
****           David Alexander, Suyash Shringarpure,            ****
****                John  Novembre, Ken Lange                   ****
****                                                            ****
****                 Please cite our paper!                     ****
****   Information at www.genetics.ucla.edu/software/admixture  ****

Cross-validation will be performed.  Folds=5.
Parallel execution requested.  Will use 5 threads.
Random seed: 43
Point estimation method: EM algorithm
Convergence acceleration algorithm: QuasiNewton, 3 secant conditions
Point estimation will terminate when objective function delta < 0.0001
Estimation of standard errors disabled; will compute point estimates only.
Size of G: 43x756
Performing five EM steps to prime main algorithm
1 (EM) 	Elapsed: 0.015	Loglikelihood: -15043.8	(delta): 29797
2 (EM) 	Elapsed: 0.008	Loglikelihood: -13732.9	(delta): 1310.87
3 (EM) 	Elapsed: 0.009	Loglikelihood: -13304.3	(delta): 428.697
4 (EM) 	Elapsed: 0.008	Loglikelihood: -12977.3	(delta): 326.909
5 (EM) 	Elapsed: 0.007	Loglikelihood: -12682.7	(delta): 294.601
Initial loglikelihood: -12682.7
Starting main algorithm
1 (QN/EM) 	Elapsed: 0.009	Loglikelihood: -12119.2	(delta): 563.51
2 (QN/EM) 	Elapsed: 0.009	Loglikelihood: -11555.8	(delta): 563.466
3 (QN/EM) 	Elapsed: 0.01	Loglikelihood: -9641.85	(delta): 1913.92
4 (QN/EM) 	Elapsed: 0.009	Loglikelihood: -9063.86	(delta): 577.99
5 (QN/EM) 	Elapsed: 0.009	Loglikelihood: -8510.52	(delta): 553.339
6 (QN/EM) 	Elapsed: 0.009	Loglikelihood: -7033.57	(delta): 1476.95
7 (QN/EM) 	Elapsed: 0.009	Loglikelihood: -6636.52	(delta): 397.043
8 (QN/EM) 	Elapsed: 0.009	Loglikelihood: -6252.87	(delta): 383.649
9 (QN/EM) 	Elapsed: 0.009	Loglikelihood: -6053.95	(delta): 198.919
10 (QN/EM) 	Elapsed: 0.009	Loglikelihood: -5900.99	(delta): 152.967
11 (QN/EM) 	Elapsed: 0.009	Loglikelihood: -5805.44	(delta): 95.5438
12 (QN/EM) 	Elapsed: 0.009	Loglikelihood: -5718.23	(delta): 87.2089
13 (QN/EM) 	Elapsed: 0.009	Loglikelihood: -5667.04	(delta): 51.1903
14 (QN/EM) 	Elapsed: 0.01	Loglikelihood: -5639.94	(delta): 27.1073
15 (QN/EM) 	Elapsed: 0.01	Loglikelihood: -5617.97	(delta): 21.9707
16 (QN/EM) 	Elapsed: 0.009	Loglikelihood: -5544.87	(delta): 73.0968
17 (QN/EM) 	Elapsed: 0.01	Loglikelihood: -5493.29	(delta): 51.5783
18 (QN/EM) 	Elapsed: 0.009	Loglikelihood: -5486	(delta): 7.29417
19 (QN/EM) 	Elapsed: 0.009	Loglikelihood: -5483.86	(delta): 2.1403
20 (QN/EM) 	Elapsed: 0.009	Loglikelihood: -5481.85	(delta): 2.00688
21 (QN/EM) 	Elapsed: 0.009	Loglikelihood: -5478.45	(delta): 3.39509
22 (QN/EM) 	Elapsed: 0.009	Loglikelihood: -5476.67	(delta): 1.78412
23 (QN/EM) 	Elapsed: 0.009	Loglikelihood: -5474	(delta): 2.66783
24 (QN/EM) 	Elapsed: 0.009	Loglikelihood: -5472.28	(delta): 1.72155
25 (QN/EM) 	Elapsed: 0.01	Loglikelihood: -5471.78	(delta): 0.497098
26 (QN/EM) 	Elapsed: 0.009	Loglikelihood: -5470.6	(delta): 1.18682
27 (QN/EM) 	Elapsed: 0.009	Loglikelihood: -5469.21	(delta): 1.38349
28 (QN/EM) 	Elapsed: 0.01	Loglikelihood: -5468.85	(delta): 0.364352
29 (QN/EM) 	Elapsed: 0.01	Loglikelihood: -5468.44	(delta): 0.410944
30 (QN/EM) 	Elapsed: 0.01	Loglikelihood: -5468	(delta): 0.436388
31 (QN/EM) 	Elapsed: 0.009	Loglikelihood: -5466.41	(delta): 1.59233
32 (QN/EM) 	Elapsed: 0.009	Loglikelihood: -5465.18	(delta): 1.23363
33 (QN/EM) 	Elapsed: 0.01	Loglikelihood: -5464.86	(delta): 0.311786
34 (QN/EM) 	Elapsed: 0.01	Loglikelihood: -5464.48	(delta): 0.387149
35 (QN/EM) 	Elapsed: 0.01	Loglikelihood: -5464.03	(delta): 0.446385
36 (QN/EM) 	Elapsed: 0.009	Loglikelihood: -5462.74	(delta): 1.29199
37 (QN/EM) 	Elapsed: 0.01	Loglikelihood: -5462.65	(delta): 0.0900608
38 (QN/EM) 	Elapsed: 0.01	Loglikelihood: -5462.57	(delta): 0.081597
39 (QN/EM) 	Elapsed: 0.01	Loglikelihood: -5462.36	(delta): 0.208496
40 (QN/EM) 	Elapsed: 0.01	Loglikelihood: -5462.19	(delta): 0.166153
41 (QN/EM) 	Elapsed: 0.009	Loglikelihood: -5462.01	(delta): 0.179006
42 (QN/EM) 	Elapsed: 0.009	Loglikelihood: -5461.94	(delta): 0.0755111
43 (QN/EM) 	Elapsed: 0.009	Loglikelihood: -5461.89	(delta): 0.0477164
44 (QN/EM) 	Elapsed: 0.009	Loglikelihood: -5461.38	(delta): 0.513174
45 (QN/EM) 	Elapsed: 0.01	Loglikelihood: -5461.35	(delta): 0.0243609
46 (QN/EM) 	Elapsed: 0.009	Loglikelihood: -5461.29	(delta): 0.0660574
47 (QN/EM) 	Elapsed: 0.01	Loglikelihood: -5461.25	(delta): 0.0337316
48 (QN/EM) 	Elapsed: 0.01	Loglikelihood: -5461.23	(delta): 0.0211913
49 (QN/EM) 	Elapsed: 0.009	Loglikelihood: -5461.17	(delta): 0.0607404
50 (QN/EM) 	Elapsed: 0.01	Loglikelihood: -5461.16	(delta): 0.00702785
51 (QN/EM) 	Elapsed: 0.009	Loglikelihood: -5461.16	(delta): 0.00688114
52 (QN/EM) 	Elapsed: 0.009	Loglikelihood: -5461.13	(delta): 0.0241795
53 (QN/EM) 	Elapsed: 0.009	Loglikelihood: -5461.13	(delta): 0.00335854
54 (QN/EM) 	Elapsed: 0.009	Loglikelihood: -5461.11	(delta): 0.0219487
55 (QN/EM) 	Elapsed: 0.01	Loglikelihood: -5461.11	(delta): 0.00211226
56 (QN/EM) 	Elapsed: 0.009	Loglikelihood: -5461.1	(delta): 0.00198568
57 (QN/EM) 	Elapsed: 0.009	Loglikelihood: -5461.08	(delta): 0.0222795
58 (QN/EM) 	Elapsed: 0.009	Loglikelihood: -5461.08	(delta): 0.00211992
59 (QN/EM) 	Elapsed: 0.01	Loglikelihood: -5461.08	(delta): 0.00114185
60 (QN/EM) 	Elapsed: 0.009	Loglikelihood: -5461.07	(delta): 0.0121433
61 (QN/EM) 	Elapsed: 0.009	Loglikelihood: -5461.06	(delta): 0.0080548
62 (QN/EM) 	Elapsed: 0.01	Loglikelihood: -5461.06	(delta): 0.000694795
63 (QN/EM) 	Elapsed: 0.009	Loglikelihood: -5461.05	(delta): 0.00702675
64 (QN/EM) 	Elapsed: 0.009	Loglikelihood: -5461.04	(delta): 0.00565304
65 (QN/EM) 	Elapsed: 0.009	Loglikelihood: -5461.04	(delta): 0.000419938
66 (QN/EM) 	Elapsed: 0.009	Loglikelihood: -5461.04	(delta): 0.00337702
67 (QN/EM) 	Elapsed: 0.009	Loglikelihood: -5461.04	(delta): 0.00340705
68 (QN/EM) 	Elapsed: 0.009	Loglikelihood: -5461.04	(delta): 0.000366595
69 (QN/EM) 	Elapsed: 0.009	Loglikelihood: -5461.04	(delta): 0.00154504
70 (QN/EM) 	Elapsed: 0.009	Loglikelihood: -5461.03	(delta): 0.00106089
71 (QN/EM) 	Elapsed: 0.01	Loglikelihood: -5461.03	(delta): 0.000546674
72 (QN/EM) 	Elapsed: 0.009	Loglikelihood: -5461.03	(delta): 0.00103739
73 (QN/EM) 	Elapsed: 0.009	Loglikelihood: -5461.03	(delta): 0.000408812
74 (QN/EM) 	Elapsed: 0.009	Loglikelihood: -5461.03	(delta): 0.000350987
75 (QN/EM) 	Elapsed: 0.009	Loglikelihood: -5461.03	(delta): 0.000135863
76 (QN/EM) 	Elapsed: 0.009	Loglikelihood: -5461.03	(delta): 0.00018572
77 (QN/EM) 	Elapsed: 0.009	Loglikelihood: -5461.03	(delta): 7.49807e-05
Summary: 
Converged in 77 iterations (0.834 sec)
Loglikelihood: -5461.031435
Fst divergences between estimated populations: 
	Pop0	Pop1	Pop2	Pop3	Pop4	Pop5	
Pop0	
Pop1	0.625	
Pop2	0.520	0.731	
Pop3	0.411	0.671	0.518	
Pop4	0.617	0.643	0.719	0.661	
Pop5	0.553	0.775	0.422	0.567	0.767	
Pop6	0.474	0.513	0.568	0.514	0.522	0.587	
CV error (K=7): 0.37328
Writing output files.
