****                   ADMIXTURE Version 1.3.0                  ****
****                    Copyright 2008-2015                     ****
****           David Alexander, Suyash Shringarpure,            ****
****                John  Novembre, Ken Lange                   ****
****                                                            ****
****                 Please cite our paper!                     ****
****   Information at www.genetics.ucla.edu/software/admixture  ****

Cross-validation will be performed.  Folds=5.
Parallel execution requested.  Will use 5 threads.
Random seed: 43
Point estimation method: EM algorithm
Convergence acceleration algorithm: QuasiNewton, 3 secant conditions
Point estimation will terminate when objective function delta < 0.0001
Estimation of standard errors disabled; will compute point estimates only.
Size of G: 43x756
Performing five EM steps to prime main algorithm
1 (EM) 	Elapsed: 0.024	Loglikelihood: -14967.9	(delta): 28984.3
2 (EM) 	Elapsed: 0.024	Loglikelihood: -13606.9	(delta): 1361.01
3 (EM) 	Elapsed: 0.012	Loglikelihood: -13125.1	(delta): 481.809
4 (EM) 	Elapsed: 0.006	Loglikelihood: -12737	(delta): 388.071
5 (EM) 	Elapsed: 0.006	Loglikelihood: -12373.4	(delta): 363.561
Initial loglikelihood: -12373.4
Starting main algorithm
1 (QN/EM) 	Elapsed: 0.012	Loglikelihood: -11699.8	(delta): 673.664
2 (QN/EM) 	Elapsed: 0.012	Loglikelihood: -11104.8	(delta): 594.975
3 (QN/EM) 	Elapsed: 0.013	Loglikelihood: -9078.31	(delta): 2026.5
4 (QN/EM) 	Elapsed: 0.013	Loglikelihood: -8727.77	(delta): 350.537
5 (QN/EM) 	Elapsed: 0.012	Loglikelihood: -7839.52	(delta): 888.25
6 (QN/EM) 	Elapsed: 0.012	Loglikelihood: -7085.39	(delta): 754.13
7 (QN/EM) 	Elapsed: 0.012	Loglikelihood: -6846.7	(delta): 238.688
8 (QN/EM) 	Elapsed: 0.012	Loglikelihood: -6497.1	(delta): 349.604
9 (QN/EM) 	Elapsed: 0.012	Loglikelihood: -6126.61	(delta): 370.485
10 (QN/EM) 	Elapsed: 0.012	Loglikelihood: -5853.09	(delta): 273.524
11 (QN/EM) 	Elapsed: 0.012	Loglikelihood: -5639.36	(delta): 213.73
12 (QN/EM) 	Elapsed: 0.012	Loglikelihood: -5400.48	(delta): 238.875
13 (QN/EM) 	Elapsed: 0.012	Loglikelihood: -5123.31	(delta): 277.173
14 (QN/EM) 	Elapsed: 0.013	Loglikelihood: -4977.55	(delta): 145.761
15 (QN/EM) 	Elapsed: 0.013	Loglikelihood: -4844.77	(delta): 132.779
16 (QN/EM) 	Elapsed: 0.013	Loglikelihood: -4775.11	(delta): 69.6608
17 (QN/EM) 	Elapsed: 0.013	Loglikelihood: -4720.08	(delta): 55.0305
18 (QN/EM) 	Elapsed: 0.012	Loglikelihood: -4655.5	(delta): 64.5816
19 (QN/EM) 	Elapsed: 0.012	Loglikelihood: -4609.19	(delta): 46.3094
20 (QN/EM) 	Elapsed: 0.012	Loglikelihood: -4575.59	(delta): 33.5941
21 (QN/EM) 	Elapsed: 0.013	Loglikelihood: -4557.78	(delta): 17.8167
22 (QN/EM) 	Elapsed: 0.012	Loglikelihood: -4530.35	(delta): 27.4279
23 (QN/EM) 	Elapsed: 0.012	Loglikelihood: -4512.6	(delta): 17.7511
24 (QN/EM) 	Elapsed: 0.012	Loglikelihood: -4482.78	(delta): 29.8203
25 (QN/EM) 	Elapsed: 0.012	Loglikelihood: -4470.61	(delta): 12.1682
26 (QN/EM) 	Elapsed: 0.012	Loglikelihood: -4437.45	(delta): 33.1577
27 (QN/EM) 	Elapsed: 0.012	Loglikelihood: -4429.18	(delta): 8.26759
28 (QN/EM) 	Elapsed: 0.012	Loglikelihood: -4418.38	(delta): 10.8083
29 (QN/EM) 	Elapsed: 0.012	Loglikelihood: -4412.67	(delta): 5.70977
30 (QN/EM) 	Elapsed: 0.013	Loglikelihood: -4407.14	(delta): 5.53171
31 (QN/EM) 	Elapsed: 0.012	Loglikelihood: -4403.62	(delta): 3.51341
32 (QN/EM) 	Elapsed: 0.013	Loglikelihood: -4397.51	(delta): 6.10992
33 (QN/EM) 	Elapsed: 0.012	Loglikelihood: -4394.67	(delta): 2.8371
34 (QN/EM) 	Elapsed: 0.013	Loglikelihood: -4392.17	(delta): 2.50837
35 (QN/EM) 	Elapsed: 0.012	Loglikelihood: -4388.64	(delta): 3.52692
36 (QN/EM) 	Elapsed: 0.012	Loglikelihood: -4384.6	(delta): 4.03927
37 (QN/EM) 	Elapsed: 0.013	Loglikelihood: -4377.31	(delta): 7.28873
38 (QN/EM) 	Elapsed: 0.012	Loglikelihood: -4374.86	(delta): 2.45357
39 (QN/EM) 	Elapsed: 0.012	Loglikelihood: -4371.06	(delta): 3.80107
40 (QN/EM) 	Elapsed: 0.012	Loglikelihood: -4367.92	(delta): 3.1372
41 (QN/EM) 	Elapsed: 0.012	Loglikelihood: -4366.75	(delta): 1.173
42 (QN/EM) 	Elapsed: 0.013	Loglikelihood: -4366.18	(delta): 0.565057
43 (QN/EM) 	Elapsed: 0.013	Loglikelihood: -4365.6	(delta): 0.585499
44 (QN/EM) 	Elapsed: 0.013	Loglikelihood: -4361.85	(delta): 3.74227
45 (QN/EM) 	Elapsed: 0.012	Loglikelihood: -4356.88	(delta): 4.973
46 (QN/EM) 	Elapsed: 0.013	Loglikelihood: -4356.06	(delta): 0.821345
47 (QN/EM) 	Elapsed: 0.013	Loglikelihood: -4356.01	(delta): 0.0493064
48 (QN/EM) 	Elapsed: 0.013	Loglikelihood: -4355.95	(delta): 0.0616563
49 (QN/EM) 	Elapsed: 0.013	Loglikelihood: -4355.88	(delta): 0.0722566
50 (QN/EM) 	Elapsed: 0.012	Loglikelihood: -4355.74	(delta): 0.139214
51 (QN/EM) 	Elapsed: 0.013	Loglikelihood: -4355.68	(delta): 0.055873
52 (QN/EM) 	Elapsed: 0.013	Loglikelihood: -4355.65	(delta): 0.027019
53 (QN/EM) 	Elapsed: 0.013	Loglikelihood: -4355.63	(delta): 0.0267031
54 (QN/EM) 	Elapsed: 0.012	Loglikelihood: -4355.6	(delta): 0.0292753
55 (QN/EM) 	Elapsed: 0.012	Loglikelihood: -4355.31	(delta): 0.290419
56 (QN/EM) 	Elapsed: 0.012	Loglikelihood: -4355.27	(delta): 0.0401059
57 (QN/EM) 	Elapsed: 0.013	Loglikelihood: -4355.26	(delta): 0.00277406
58 (QN/EM) 	Elapsed: 0.012	Loglikelihood: -4355.17	(delta): 0.0942368
59 (QN/EM) 	Elapsed: 0.013	Loglikelihood: -4355.09	(delta): 0.0772627
60 (QN/EM) 	Elapsed: 0.013	Loglikelihood: -4354.97	(delta): 0.119122
61 (QN/EM) 	Elapsed: 0.013	Loglikelihood: -4354.89	(delta): 0.0821492
62 (QN/EM) 	Elapsed: 0.013	Loglikelihood: -4354.86	(delta): 0.0345225
63 (QN/EM) 	Elapsed: 0.013	Loglikelihood: -4354.84	(delta): 0.0209663
64 (QN/EM) 	Elapsed: 0.012	Loglikelihood: -4354.03	(delta): 0.801915
65 (QN/EM) 	Elapsed: 0.013	Loglikelihood: -4353.96	(delta): 0.0745048
66 (QN/EM) 	Elapsed: 0.013	Loglikelihood: -4353.96	(delta): 7.48447e-07
Summary: 
Converged in 66 iterations (0.966 sec)
Loglikelihood: -4353.960003
Fst divergences between estimated populations: 
	Pop0	Pop1	Pop2	Pop3	Pop4	Pop5	Pop6	Pop7	
Pop0	
Pop1	0.568	
Pop2	0.612	0.752	
Pop3	0.554	0.643	0.761	
Pop4	0.551	0.661	0.555	0.671	
Pop5	0.610	0.726	0.413	0.738	0.523	
Pop6	0.273	0.581	0.619	0.585	0.545	0.606	
Pop7	0.580	0.741	0.703	0.741	0.610	0.668	0.595	
Pop8	0.558	0.677	0.595	0.685	0.452	0.578	0.557	0.612	
CV error (K=9): 0.36580
Writing output files.
