Checkpoint (concat.ckp.gz) indicates that a previous run successfully finished
Use `-redo` option if you really want to redo the analysis and overwrite all output files.
Use `--redo-tree` option if you want to restore ModelFinder and only redo tree search.
Use `--undo` option if you want to continue previous run when changing/adding options.
IQ-TREE multicore version 2.2.0 COVID-edition for Linux 64-bit built Jun  1 2022
Developed by Bui Quang Minh, James Barbetti, Nguyen Lam Tung,
Olga Chernomor, Heiko Schmidt, Dominik Schrempf, Michael Woodhams, Ly Trong Nhan.

Host:    r11r28n04 (AVX512, FMA3, 187 GB RAM)
Command: /home/d669d153/work/iqtree-2.2.0-Linux/bin/iqtree2 -s todi.mito.alignment.nex -S todi.mito.alignment.nex --prefix loci -nt AUTO
Seed:    421142 (Using SPRNG - Scalable Parallel Random Number Generator)
Time:    Wed Jul 13 20:00:59 2022
Kernel:  AVX+FMA - auto-detect threads (15 CPU cores detected)

Reading partition model file todi.mito.alignment.nex ...
Skipping unknown block (DATA)...
Reading alignment file todi.mito.alignment.nex ... Nexus format detected
Skipping unknown block (SETS)...
WARNING: 181 sites contain only gaps or ambiguous characters.
Alignment has 8 sequences with 11538 columns, 169 distinct patterns
236 parsimony-informative, 733 singleton sites, 10569 constant sites
                                     Gap/Ambiguity  Composition  p-value
Analyzing sequences: done in 3.7314e-05 secs using 1201% CPU
   1  todiramphus_saurophagus_kunhm27804     1.57%    passed     99.52%
   2  todiramphus_sanctus_anwcb56378         1.57%    passed     98.28%
   3  todiramphus_colonus_snzptkp2003071     1.57%    passed     99.74%
   4  todiramphus_leucopygius_amnhdot6658    1.57%    passed     87.66%
   5  todiramphus_albicilla_kunhm22581       1.57%    passed     99.73%
   6  todiramphus_sordidus_anwcb44295        1.57%    passed     99.87%
   7  todiramphus_tristrami_amnhdot6704      1.57%    passed     99.62%
   8  todiramphus_chloris_kunhm18130         1.57%    passed     99.43%
****  TOTAL                                  1.57%  0 sequences failed composition chi2 test (p-value<5%; df=3)
NOTE: No CharPartition defined, use all CharSets

Loading 10 partitions...
Subset	Type	Seqs	Sites	Infor	Invar	Model	Name
1		8	1639	32	1514		ATPase8_6_COI3
2		8	1551	25	1426		COI1
3		8	690	8	640		COI2
4		8	1680	31	1527		NAD4
5		8	962	16	883		NADH1
6		8	1054	22	957		NADH2
7		8	354	10	327		ND3
8		8	1915	44	1753		ND5
9		8	537	21	472		ND6
10		8	1156	27	1070		cytb
Linked 8 total sequences

NOTE: Restoring information from model checkpoint file loci.model.gz

CHECKPOINT: Initial tree restored
BEST NUMBER OF THREADS: 10

Perform fast likelihood tree search using GTR+I+G model...
Estimate model parameters (epsilon = 5.000)

WARNING: Estimated model parameters are at boundary that can cause numerical instability!

Perform nearest neighbor interchange...
Optimizing NNI: done in 0.00140022 secs using 764.1% CPU
Estimate model parameters (epsilon = 1.000)
Optimizing NNI: done in 0.00154561 secs using 782.7% CPU
Optimizing NNI: done in 0.00157459 secs using 787.2% CPU
Estimate model parameters (epsilon = 1.000)
Estimate model parameters (epsilon = 1.000)
Optimizing NNI: done in 0.00162255 secs using 795.7% CPU
Estimate model parameters (epsilon = 1.000)
Optimizing NNI: done in 0.00166957 secs using 801.5% CPU
Optimizing NNI: done in 0.00172917 secs using 799.7% CPU
Estimate model parameters (epsilon = 1.000)
Optimizing NNI: done in 0.00179263 secs using 813.9% CPU
Estimate model parameters (epsilon = 1.000)
Estimate model parameters (epsilon = 1.000)
Optimizing NNI: done in 0.00257465 secs using 864.1% CPU
Optimizing NNI: done in 0.00260198 secs uEstimatsineg model paramet e8rs (e6psilon = 7.3% CPU
1.000)
Estimate model parameters (epsilon = 1.000)
Optimizing NNI: done in 0.00290964 secs using 881.9% CPU
Estimate model parameters (epsilon = 1.000)

WARNING: Estimated model parameters are at boundary that can cause numerical instability!


WARNING: Estimated model parameters are at boundary that can cause numerical instability!


WARNING: Estimated model parameters are at boundary that can cause numerical instability!


WARNING: Estimated model parameters are at boundary that can cause numerical instability!


WARNING: Estimated model parameters are at boundary that can cause numerical instability!


WARNING: Estimated model parameters are at boundary that can cause numerical instability!

Log-likelihood: -20876.214
Time for fast ML tree search: 0.027 seconds

NOTE: ModelFinder requires 1 MB RAM!
NUMBER OF THREADS FOR PARTITION FINDING: 10
Selecting individual models for 10 charsets using BIC...
 No. Model        Score       TreeLen     Charset
   1 HKY+F+I      5838.456    0.101       COI1
   2 TN+F+I       3608.921    0.108       NADH1
   3 HKY+F+I      2580.040    0.104       COI2
   4 HKY+F+I      2144.485    0.199       ND6
   5 TN+F+I       6322.122    0.142       NAD4
   6 HKY+F+I      1358.112    0.191       ND3
   7 TN+F+I       3984.251    0.146       NADH2
   8 TN+F+I       6066.812    0.111       ATPase8_6_COI3
   9 TN+F+I       6890.072    0.136       ND5
  10 TIM3+F+I     4269.814    0.125       cytb	0h:0m:1s (0h:0m:0s left)
Full partition model BIC score: 43514.331 (LnL: -20882.623  df:187)
Partition information was printed to loci.best_scheme.nex
Partition information in Raxml format was printed to loci.best_scheme

All model information printed to loci.model.gz
CPU time for ModelFinder: 8.693 seconds (0h:0m:8s)
Wall-clock time for ModelFinder: 1.444 seconds (0h:0m:1s)

NOTE: 0 MB RAM (0 GB) is required!
BEST NUMBER OF THREADS: 10

Estimate model parameters (epsilon = 0.100)
Partition ND3 / Model: HKY+F+I / df: 18 / LogL: -626.224
Partition ATPase8_6_COI3 / Model: TN+F+I / df: 19 / LogL: -2963.088
Partition COI2 / Model: HKY+F+I / df: 18 / LogL: -1231.188
Partition COI1 / Model: HKY+F+I / df: 18 / LogL: -2853.108
Partition ND6 / Model: HKY+F+I / df: 18 / LogL: -1015.667
Partition NAD4 / Model: TN+F+I / df: 19 / LogL: -3090.509
Partition NADH2 / Model: TN+F+I / df: 19 / LogL: -1926.002
Partition ND5 / Model: TN+F+I / df: 19 / LogL: -3373.238
Partition NADH1 / Model: TN+F+I / df: 19 / LogL: -1739.197
Partition cytb / Model: TIM3+F+I / df: 20 / LogL: -2064.379
Optimal log-likelihood: -20882.601
Wrote distance file to... 
--------------------------------------------------------------------
|                SEPARATE TREE SEARCH FOR PARTITIONS               |
--------------------------------------------------------------------
Partition COI2 / Iterations: 102 / LogL: -1230.79 / Time: 0h:0m:0s
Partition COI1 / Iterations: 102 / LogL: -2852.83 / Time: 0h:0m:0s
Partition NADH1 / Iterations: 102 / LogL: -1739.2 / Time: 0h:0m:0s
Partition ND6 / Iterations: 102 / LogL: -1015.67 / Time: 0h:0m:0s
Partition ND3 / Iterations: 120 / LogL: -626.188 / Time: 0h:0m:0s
Partition cytb / Iterations: 102 / LogL: -2064.38 / Time: 0h:0m:0s
Partition ATPase8_6_COI3 / Iterations: 102 / LogL: -2963.09 / Time: 0h:0m:0s
Partition NADH2 / Iterations: 102 / LogL: -1926 / Time: 0h:0m:0s
Partition NAD4 / Iterations: 102 / LogL: -3090.51 / Time: 0h:0m:0s
Partition ND5 / Iterations: 102 / LogL: -3373.24 / Time: 0h:0m:0s
--------------------------------------------------------------------
|                    FINALIZING TREE SEARCH                        |
--------------------------------------------------------------------
Performs final model parameters optimization
Estimate model parameters (epsilon = 0.010)
Partition ND6 / Model: HKY+F+I / df: 18 / LogL: -1015.667
Partition COI1 / Model: HKY+F+I / df: 18 / LogL: -2852.834
Partition NADH2 / Model: TN+F+I / df: 19 / LogL: -1926.002
Partition NAD4 / Model: TN+F+I / df: 19 / LogL: -3090.509
Partition COI2 / Model: HKY+F+I / df: 18 / LogL: -1230.786
Partition NADH1 / Model: TN+F+I / df: 19 / LogL: -1739.197
Partition ND5 / Model: TN+F+I / df: 19 / LogL: -3373.237
Partition ATPase8_6_COI3 / Model: TN+F+I / df: 19 / LogL: -2963.088
Partition cytb / Model: TIM3+F+I / df: 20 / LogL: -2064.379
Partition ND3 / Model: HKY+F+I / df: 18 / LogL: -626.152
Optimal log-likelihood: -20881.852

WARNING: Estimated model parameters are at boundary that can cause numerical instability!

Partition information was printed to loci.best_model.nex
BEST SCORE FOUND : -20881.852
Total tree length: 1.493

Total number of iterations: 0
CPU time used for tree search: 2.210 sec (0h:0m:2s)
Wall-clock time used for tree search: 0.298 sec (0h:0m:0s)
Total CPU time used: 2.474 sec (0h:0m:2s)
Total wall-clock time used: 0.331 sec (0h:0m:0s)

Analysis results written to: 
  IQ-TREE report:                loci.iqtree
  Maximum-likelihood tree:       loci.treefile
  Screen log file:               loci.log

Date and Time: Wed Jul 13 20:01:01 2022
IQ-TREE multicore version 2.2.0 COVID-edition for Linux 64-bit built Jun  1 2022
Developed by Bui Quang Minh, James Barbetti, Nguyen Lam Tung,
Olga Chernomor, Heiko Schmidt, Dominik Schrempf, Michael Woodhams, Ly Trong Nhan.

Host:    r11r28n04 (AVX512, FMA3, 187 GB RAM)
Command: /home/d669d153/work/iqtree-2.2.0-Linux/bin/iqtree2 -t concat.treefile --gcf loci.treefile -s todi.mito.alignment.nex --scf 100 --prefix concord
Seed:    245040 (Using SPRNG - Scalable Parallel Random Number Generator)
Time:    Wed Jul 13 20:01:01 2022
Kernel:  AVX+FMA - 1 threads (15 CPU cores detected)

HINT: Use -nt option to specify number of threads because your CPU has 15 cores!
HINT: -nt AUTO will automatically determine the best number of threads to use.

Reading alignment file todi.mito.alignment.nex ... Nexus format detected
Skipping unknown block (SETS)...
WARNING: 181 sites contain only gaps or ambiguous characters.
Alignment has 8 sequences with 11538 columns, 169 distinct patterns
236 parsimony-informative, 733 singleton sites, 10569 constant sites
                                     Gap/Ambiguity  Composition  p-value
Analyzing sequences: done in 2.1461e-05 secs using 74.55% CPU
   1  todiramphus_saurophagus_kunhm27804     1.57%    passed     99.52%
   2  todiramphus_sanctus_anwcb56378         1.57%    passed     98.28%
   3  todiramphus_colonus_snzptkp2003071     1.57%    passed     99.74%
   4  todiramphus_leucopygius_amnhdot6658    1.57%    passed     87.66%
   5  todiramphus_albicilla_kunhm22581       1.57%    passed     99.73%
   6  todiramphus_sordidus_anwcb44295        1.57%    passed     99.87%
   7  todiramphus_tristrami_amnhdot6704      1.57%    passed     99.62%
   8  todiramphus_chloris_kunhm18130         1.57%    passed     99.43%
****  TOTAL                                  1.57%  0 sequences failed composition chi2 test (p-value<5%; df=3)
Reading tree concat.treefile ...
un-rooted tree with 8 taxa and 13 branches
Reading tree(s) file loci.treefile ...
10 tree(s) loaded (0 rooted and 10 unrooted)
Computing gene concordance factor...
0.000 sec
Computing site concordance factor...
0.001 sec
Tree with concordance factors written to concord.cf.tree
Annotated tree (best viewed in FigTree) written to concord.cf.tree.nex
Tree with branch IDs written to concord.cf.branch
Concordance factors per branch printed to concord.cf.stat
Date and Time: Wed Jul 13 20:01:01 2022
