PLINK v1.90b6.21 64-bit (19 Oct 2020)
Options in effect:
  --allow-extra-chr
  --double-id
  --make-bed
  --out binary_fileset
  --vcf /home/d669d153/work/todi.subset.2022/revision.admixture/no.leuco/todi.noleuco.vcf

Hostname: r06r30n02
Working directory: /panfs/pfs.local/work/bi/d669d153/todi.subset.2022/revision.admixture/no.leuco
Start time: Mon Mar  6 16:53:48 2023

Random number seed: 1678143228
515917 MB RAM detected; reserving 257958 MB for main workspace.
--vcf: binary_fileset-temporary.bed + binary_fileset-temporary.bim +
binary_fileset-temporary.fam written.
1570 variants loaded from .bim file.
78 people (0 males, 0 females, 78 ambiguous) loaded from .fam.
Ambiguous sex IDs written to binary_fileset.nosex .
Using 1 thread (no multithreaded calculations invoked).
Before main variant filters, 78 founders and 0 nonfounders present.
Calculating allele frequencies... done.
Total genotyping rate is 0.928034.
1570 variants and 78 people pass filters and QC.
Note: No phenotypes present.
--make-bed to binary_fileset.bed + binary_fileset.bim + binary_fileset.fam ...
done.

End time: Mon Mar  6 16:53:49 2023
