PLINK v1.90b6.21 64-bit (19 Oct 2020)
Options in effect:
  --allow-extra-chr
  --double-id
  --make-bed
  --out binary_fileset
  --vcf /home/d669d153/work/todi.subset.2022/revision.admixture/san.col/todi.san.col.vcf

Hostname: r32r34n02
Working directory: /panfs/pfs.local/work/bi/d669d153/todi.subset.2022/revision.admixture/san.col
Start time: Tue Mar  7 15:07:56 2023

Random number seed: 1678223276
128845 MB RAM detected; reserving 64422 MB for main workspace.
--vcf: binary_fileset-temporary.bed + binary_fileset-temporary.bim +
binary_fileset-temporary.fam written.
1073 variants loaded from .bim file.
38 people (0 males, 0 females, 38 ambiguous) loaded from .fam.
Ambiguous sex IDs written to binary_fileset.nosex .
Using 1 thread (no multithreaded calculations invoked).
Before main variant filters, 38 founders and 0 nonfounders present.
Calculating allele frequencies... done.
Total genotyping rate is 0.926129.
1073 variants and 38 people pass filters and QC.
Note: No phenotypes present.
--make-bed to binary_fileset.bed + binary_fileset.bim + binary_fileset.fam ...
done.

End time: Tue Mar  7 15:07:57 2023
