****                   ADMIXTURE Version 1.3.0                  ****
****                    Copyright 2008-2015                     ****
****           David Alexander, Suyash Shringarpure,            ****
****                John  Novembre, Ken Lange                   ****
****                                                            ****
****                 Please cite our paper!                     ****
****   Information at www.genetics.ucla.edu/software/admixture  ****

Cross-validation will be performed.  Folds=5.
Parallel execution requested.  Will use 5 threads.
Random seed: 43
Point estimation method: EM algorithm
Convergence acceleration algorithm: QuasiNewton, 3 secant conditions
Point estimation will terminate when objective function delta < 0.0001
Estimation of standard errors disabled; will compute point estimates only.
Size of G: 38x1073
Performing five EM steps to prime main algorithm
1 (EM) 	Elapsed: 0.014	Loglikelihood: -17894.2	(delta): 36845.9
2 (EM) 	Elapsed: 0.014	Loglikelihood: -16226.5	(delta): 1667.67
3 (EM) 	Elapsed: 0.014	Loglikelihood: -15781.4	(delta): 445.048
4 (EM) 	Elapsed: 0.014	Loglikelihood: -15487.7	(delta): 293.745
5 (EM) 	Elapsed: 0.014	Loglikelihood: -15258.1	(delta): 229.577
Initial loglikelihood: -15258.1
Starting main algorithm
1 (QN/EM) 	Elapsed: 0.024	Loglikelihood: -14906.3	(delta): 351.834
2 (QN/EM) 	Elapsed: 0.024	Loglikelihood: -14636.6	(delta): 269.659
3 (QN/EM) 	Elapsed: 0.025	Loglikelihood: -13828.3	(delta): 808.36
4 (QN/EM) 	Elapsed: 0.025	Loglikelihood: -13649	(delta): 179.293
5 (QN/EM) 	Elapsed: 0.024	Loglikelihood: -13492	(delta): 156.954
6 (QN/EM) 	Elapsed: 0.025	Loglikelihood: -13159.5	(delta): 332.471
7 (QN/EM) 	Elapsed: 0.025	Loglikelihood: -12675	(delta): 484.528
8 (QN/EM) 	Elapsed: 0.024	Loglikelihood: -12355.3	(delta): 319.745
9 (QN/EM) 	Elapsed: 0.024	Loglikelihood: -12216.4	(delta): 138.884
10 (QN/EM) 	Elapsed: 0.024	Loglikelihood: -11876.8	(delta): 339.577
11 (QN/EM) 	Elapsed: 0.025	Loglikelihood: -11820	(delta): 56.7959
12 (QN/EM) 	Elapsed: 0.024	Loglikelihood: -11776.6	(delta): 43.451
13 (QN/EM) 	Elapsed: 0.024	Loglikelihood: -11741.1	(delta): 35.4331
14 (QN/EM) 	Elapsed: 0.024	Loglikelihood: -11717.3	(delta): 23.8638
15 (QN/EM) 	Elapsed: 0.025	Loglikelihood: -11663.2	(delta): 54.018
16 (QN/EM) 	Elapsed: 0.025	Loglikelihood: -11633.3	(delta): 29.9232
17 (QN/EM) 	Elapsed: 0.025	Loglikelihood: -11610	(delta): 23.3051
18 (QN/EM) 	Elapsed: 0.025	Loglikelihood: -11559.6	(delta): 50.462
19 (QN/EM) 	Elapsed: 0.025	Loglikelihood: -11550.1	(delta): 9.49771
20 (QN/EM) 	Elapsed: 0.024	Loglikelihood: -11535.8	(delta): 14.2773
21 (QN/EM) 	Elapsed: 0.025	Loglikelihood: -11516.7	(delta): 19.1293
22 (QN/EM) 	Elapsed: 0.024	Loglikelihood: -11465	(delta): 51.6289
23 (QN/EM) 	Elapsed: 0.024	Loglikelihood: -11446.7	(delta): 18.3633
24 (QN/EM) 	Elapsed: 0.024	Loglikelihood: -11428.3	(delta): 18.3861
25 (QN/EM) 	Elapsed: 0.025	Loglikelihood: -11406.4	(delta): 21.9132
26 (QN/EM) 	Elapsed: 0.024	Loglikelihood: -11391.6	(delta): 14.7446
27 (QN/EM) 	Elapsed: 0.024	Loglikelihood: -11374.5	(delta): 17.0806
28 (QN/EM) 	Elapsed: 0.024	Loglikelihood: -11354.9	(delta): 19.6792
29 (QN/EM) 	Elapsed: 0.024	Loglikelihood: -11328	(delta): 26.8962
30 (QN/EM) 	Elapsed: 0.024	Loglikelihood: -11317.6	(delta): 10.3662
31 (QN/EM) 	Elapsed: 0.024	Loglikelihood: -11297.8	(delta): 19.7687
32 (QN/EM) 	Elapsed: 0.025	Loglikelihood: -11279.6	(delta): 18.2723
33 (QN/EM) 	Elapsed: 0.024	Loglikelihood: -11265.2	(delta): 14.3181
34 (QN/EM) 	Elapsed: 0.024	Loglikelihood: -11250.8	(delta): 14.3949
35 (QN/EM) 	Elapsed: 0.024	Loglikelihood: -11246.1	(delta): 4.78103
36 (QN/EM) 	Elapsed: 0.024	Loglikelihood: -11239.6	(delta): 6.44596
37 (QN/EM) 	Elapsed: 0.025	Loglikelihood: -11236	(delta): 3.61124
38 (QN/EM) 	Elapsed: 0.024	Loglikelihood: -11226.4	(delta): 9.57529
39 (QN/EM) 	Elapsed: 0.024	Loglikelihood: -11222.4	(delta): 4.05119
40 (QN/EM) 	Elapsed: 0.024	Loglikelihood: -11214	(delta): 8.3824
41 (QN/EM) 	Elapsed: 0.024	Loglikelihood: -11212.1	(delta): 1.86563
42 (QN/EM) 	Elapsed: 0.024	Loglikelihood: -11209.1	(delta): 3.04856
43 (QN/EM) 	Elapsed: 0.024	Loglikelihood: -11207.7	(delta): 1.34876
44 (QN/EM) 	Elapsed: 0.024	Loglikelihood: -11206.5	(delta): 1.25144
45 (QN/EM) 	Elapsed: 0.024	Loglikelihood: -11205	(delta): 1.47726
46 (QN/EM) 	Elapsed: 0.024	Loglikelihood: -11203.8	(delta): 1.19693
47 (QN/EM) 	Elapsed: 0.025	Loglikelihood: -11203.1	(delta): 0.674885
48 (QN/EM) 	Elapsed: 0.024	Loglikelihood: -11199.5	(delta): 3.64697
49 (QN/EM) 	Elapsed: 0.025	Loglikelihood: -11198.9	(delta): 0.614288
50 (QN/EM) 	Elapsed: 0.025	Loglikelihood: -11198.3	(delta): 0.558435
51 (QN/EM) 	Elapsed: 0.024	Loglikelihood: -11190.5	(delta): 7.7975
52 (QN/EM) 	Elapsed: 0.024	Loglikelihood: -11187.2	(delta): 3.30189
53 (QN/EM) 	Elapsed: 0.025	Loglikelihood: -11186.1	(delta): 1.13009
54 (QN/EM) 	Elapsed: 0.024	Loglikelihood: -11184.4	(delta): 1.67179
55 (QN/EM) 	Elapsed: 0.024	Loglikelihood: -11183.4	(delta): 0.97307
56 (QN/EM) 	Elapsed: 0.025	Loglikelihood: -11182.6	(delta): 0.822274
57 (QN/EM) 	Elapsed: 0.025	Loglikelihood: -11181.7	(delta): 0.955036
58 (QN/EM) 	Elapsed: 0.025	Loglikelihood: -11180.9	(delta): 0.761343
59 (QN/EM) 	Elapsed: 0.025	Loglikelihood: -11180.2	(delta): 0.690761
60 (QN/EM) 	Elapsed: 0.025	Loglikelihood: -11178.3	(delta): 1.90118
61 (QN/EM) 	Elapsed: 0.025	Loglikelihood: -11175.2	(delta): 3.12552
62 (QN/EM) 	Elapsed: 0.024	Loglikelihood: -11174.2	(delta): 0.941999
63 (QN/EM) 	Elapsed: 0.025	Loglikelihood: -11173.3	(delta): 0.959672
64 (QN/EM) 	Elapsed: 0.025	Loglikelihood: -11169.9	(delta): 3.4055
65 (QN/EM) 	Elapsed: 0.025	Loglikelihood: -11169.2	(delta): 0.677267
66 (QN/EM) 	Elapsed: 0.024	Loglikelihood: -11167.6	(delta): 1.63149
67 (QN/EM) 	Elapsed: 0.024	Loglikelihood: -11167	(delta): 0.610425
68 (QN/EM) 	Elapsed: 0.024	Loglikelihood: -11166.2	(delta): 0.794801
69 (QN/EM) 	Elapsed: 0.025	Loglikelihood: -11165.2	(delta): 0.915659
70 (QN/EM) 	Elapsed: 0.025	Loglikelihood: -11164.9	(delta): 0.315492
71 (QN/EM) 	Elapsed: 0.025	Loglikelihood: -11164.6	(delta): 0.305094
72 (QN/EM) 	Elapsed: 0.024	Loglikelihood: -11163.8	(delta): 0.818325
73 (QN/EM) 	Elapsed: 0.025	Loglikelihood: -11162.5	(delta): 1.3148
74 (QN/EM) 	Elapsed: 0.025	Loglikelihood: -11162	(delta): 0.532056
75 (QN/EM) 	Elapsed: 0.024	Loglikelihood: -11160.6	(delta): 1.36584
76 (QN/EM) 	Elapsed: 0.024	Loglikelihood: -11158.2	(delta): 2.38405
77 (QN/EM) 	Elapsed: 0.024	Loglikelihood: -11157.3	(delta): 0.958512
78 (QN/EM) 	Elapsed: 0.025	Loglikelihood: -11156.9	(delta): 0.340184
79 (QN/EM) 	Elapsed: 0.024	Loglikelihood: -11155.8	(delta): 1.07356
80 (QN/EM) 	Elapsed: 0.025	Loglikelihood: -11154.7	(delta): 1.09703
81 (QN/EM) 	Elapsed: 0.024	Loglikelihood: -11153.4	(delta): 1.3817
82 (QN/EM) 	Elapsed: 0.024	Loglikelihood: -11151.9	(delta): 1.45655
83 (QN/EM) 	Elapsed: 0.024	Loglikelihood: -11151.4	(delta): 0.530807
84 (QN/EM) 	Elapsed: 0.024	Loglikelihood: -11149	(delta): 2.39095
85 (QN/EM) 	Elapsed: 0.025	Loglikelihood: -11146.3	(delta): 2.68171
86 (QN/EM) 	Elapsed: 0.024	Loglikelihood: -11144.2	(delta): 2.07284
87 (QN/EM) 	Elapsed: 0.024	Loglikelihood: -11144.1	(delta): 0.157007
88 (QN/EM) 	Elapsed: 0.025	Loglikelihood: -11144	(delta): 0.0707832
89 (QN/EM) 	Elapsed: 0.025	Loglikelihood: -11143.9	(delta): 0.0764006
90 (QN/EM) 	Elapsed: 0.025	Loglikelihood: -11143.8	(delta): 0.152157
91 (QN/EM) 	Elapsed: 0.025	Loglikelihood: -11143.6	(delta): 0.150197
92 (QN/EM) 	Elapsed: 0.025	Loglikelihood: -11143.5	(delta): 0.0698937
93 (QN/EM) 	Elapsed: 0.025	Loglikelihood: -11143.5	(delta): 0.0745532
94 (QN/EM) 	Elapsed: 0.025	Loglikelihood: -11143.4	(delta): 0.0750392
95 (QN/EM) 	Elapsed: 0.024	Loglikelihood: -11143.3	(delta): 0.0971201
96 (QN/EM) 	Elapsed: 0.025	Loglikelihood: -11143.2	(delta): 0.113169
97 (QN/EM) 	Elapsed: 0.025	Loglikelihood: -11143	(delta): 0.14555
98 (QN/EM) 	Elapsed: 0.025	Loglikelihood: -11142.8	(delta): 0.240018
99 (QN/EM) 	Elapsed: 0.025	Loglikelihood: -11142.6	(delta): 0.159736
100 (QN/EM) 	Elapsed: 0.025	Loglikelihood: -11142.4	(delta): 0.222996
101 (QN/EM) 	Elapsed: 0.025	Loglikelihood: -11141.4	(delta): 1.05809
102 (QN/EM) 	Elapsed: 0.024	Loglikelihood: -11139.4	(delta): 1.92478
103 (QN/EM) 	Elapsed: 0.025	Loglikelihood: -11138.6	(delta): 0.819803
104 (QN/EM) 	Elapsed: 0.025	Loglikelihood: -11137.8	(delta): 0.785925
105 (QN/EM) 	Elapsed: 0.024	Loglikelihood: -11136.5	(delta): 1.34298
106 (QN/EM) 	Elapsed: 0.025	Loglikelihood: -11135	(delta): 1.48727
107 (QN/EM) 	Elapsed: 0.024	Loglikelihood: -11133.3	(delta): 1.72878
108 (QN/EM) 	Elapsed: 0.025	Loglikelihood: -11131.9	(delta): 1.34348
109 (QN/EM) 	Elapsed: 0.024	Loglikelihood: -11130.9	(delta): 1.01297
110 (QN/EM) 	Elapsed: 0.024	Loglikelihood: -11129.9	(delta): 0.980919
111 (QN/EM) 	Elapsed: 0.025	Loglikelihood: -11129.5	(delta): 0.472976
112 (QN/EM) 	Elapsed: 0.025	Loglikelihood: -11129.2	(delta): 0.272361
113 (QN/EM) 	Elapsed: 0.025	Loglikelihood: -11128.9	(delta): 0.254018
114 (QN/EM) 	Elapsed: 0.025	Loglikelihood: -11128.7	(delta): 0.24912
115 (QN/EM) 	Elapsed: 0.024	Loglikelihood: -11127.9	(delta): 0.756044
116 (QN/EM) 	Elapsed: 0.025	Loglikelihood: -11127.3	(delta): 0.635993
117 (QN/EM) 	Elapsed: 0.024	Loglikelihood: -11126.9	(delta): 0.37563
118 (QN/EM) 	Elapsed: 0.024	Loglikelihood: -11126.6	(delta): 0.279375
119 (QN/EM) 	Elapsed: 0.024	Loglikelihood: -11126.4	(delta): 0.261901
120 (QN/EM) 	Elapsed: 0.025	Loglikelihood: -11126.2	(delta): 0.184916
121 (QN/EM) 	Elapsed: 0.024	Loglikelihood: -11126	(delta): 0.215142
122 (QN/EM) 	Elapsed: 0.024	Loglikelihood: -11125	(delta): 1.01798
123 (QN/EM) 	Elapsed: 0.025	Loglikelihood: -11124.7	(delta): 0.242083
124 (QN/EM) 	Elapsed: 0.025	Loglikelihood: -11124.1	(delta): 0.643628
125 (QN/EM) 	Elapsed: 0.025	Loglikelihood: -11122	(delta): 2.04399
126 (QN/EM) 	Elapsed: 0.024	Loglikelihood: -11121.6	(delta): 0.463676
127 (QN/EM) 	Elapsed: 0.024	Loglikelihood: -11121.3	(delta): 0.270812
128 (QN/EM) 	Elapsed: 0.025	Loglikelihood: -11121.1	(delta): 0.163441
129 (QN/EM) 	Elapsed: 0.024	Loglikelihood: -11117	(delta): 4.11419
130 (QN/EM) 	Elapsed: 0.024	Loglikelihood: -11116.6	(delta): 0.440708
131 (QN/EM) 	Elapsed: 0.024	Loglikelihood: -11116.5	(delta): 0.069023
132 (QN/EM) 	Elapsed: 0.024	Loglikelihood: -11116.5	(delta): 0.0467106
133 (QN/EM) 	Elapsed: 0.024	Loglikelihood: -11116.2	(delta): 0.302588
134 (QN/EM) 	Elapsed: 0.024	Loglikelihood: -11116.1	(delta): 0.08337
135 (QN/EM) 	Elapsed: 0.024	Loglikelihood: -11116	(delta): 0.0361505
136 (QN/EM) 	Elapsed: 0.025	Loglikelihood: -11116	(delta): 0.0035117
137 (QN/EM) 	Elapsed: 0.024	Loglikelihood: -11115.7	(delta): 0.315632
138 (QN/EM) 	Elapsed: 0.025	Loglikelihood: -11115.7	(delta): 0.027782
139 (QN/EM) 	Elapsed: 0.024	Loglikelihood: -11115.7	(delta): 1.81899e-12
Summary: 
Converged in 139 iterations (3.583 sec)
Loglikelihood: -11115.693277
Fst divergences between estimated populations: 
	Pop0	Pop1	Pop2	Pop3	Pop4	Pop5	Pop6	Pop7	Pop8	
Pop0	
Pop1	0.188	
Pop2	0.184	0.176	
Pop3	0.499	0.476	0.481	
Pop4	0.171	0.178	0.153	0.474	
Pop5	0.184	0.175	0.164	0.488	0.163	
Pop6	0.195	0.182	0.166	0.496	0.151	0.169	
Pop7	0.176	0.152	0.163	0.464	0.154	0.164	0.171	
Pop8	0.201	0.168	0.182	0.506	0.166	0.179	0.175	0.148	
Pop9	0.238	0.231	0.221	0.542	0.213	0.221	0.232	0.212	0.238	
CV error (K=10): 0.90173
Writing output files.
