****                   ADMIXTURE Version 1.3.0                  ****
****                    Copyright 2008-2015                     ****
****           David Alexander, Suyash Shringarpure,            ****
****                John  Novembre, Ken Lange                   ****
****                                                            ****
****                 Please cite our paper!                     ****
****   Information at www.genetics.ucla.edu/software/admixture  ****

Cross-validation will be performed.  Folds=5.
Parallel execution requested.  Will use 5 threads.
Random seed: 43
Point estimation method: EM algorithm
Convergence acceleration algorithm: QuasiNewton, 3 secant conditions
Point estimation will terminate when objective function delta < 0.0001
Estimation of standard errors disabled; will compute point estimates only.
Size of G: 38x1073
Performing five EM steps to prime main algorithm
1 (EM) 	Elapsed: 0.015	Loglikelihood: -16852.2	(delta): 59991.9
2 (EM) 	Elapsed: 0.013	Loglikelihood: -16852.2	(delta): 0
3 (EM) 	Elapsed: 0.007	Loglikelihood: -16852.2	(delta): 0
4 (EM) 	Elapsed: 0.003	Loglikelihood: -16852.2	(delta): 0
5 (EM) 	Elapsed: 0.002	Loglikelihood: -16852.2	(delta): 0
Initial loglikelihood: -16852.2
Starting main algorithm
1 (QN/EM) 	Elapsed: 0.003	Loglikelihood: -16852.2	(delta): 0
Summary: 
Converged in 1 iterations (0.074 sec)
Loglikelihood: -16852.177417
PROBLEM INVERTING MATRIX!
PROBLEM INVERTING MATRIX!
PROBLEM INVERTING MATRIX!
PROBLEM INVERTING MATRIX!
PROBLEM INVERTING MATRIX!
CV error (K=1): 0.43733
Writing output files.
