****                   ADMIXTURE Version 1.3.0                  ****
****                    Copyright 2008-2015                     ****
****           David Alexander, Suyash Shringarpure,            ****
****                John  Novembre, Ken Lange                   ****
****                                                            ****
****                 Please cite our paper!                     ****
****   Information at www.genetics.ucla.edu/software/admixture  ****

Cross-validation will be performed.  Folds=5.
Parallel execution requested.  Will use 5 threads.
Random seed: 43
Point estimation method: EM algorithm
Convergence acceleration algorithm: QuasiNewton, 3 secant conditions
Point estimation will terminate when objective function delta < 0.0001
Estimation of standard errors disabled; will compute point estimates only.
Size of G: 38x1073
Performing five EM steps to prime main algorithm
1 (EM) 	Elapsed: 0.003	Loglikelihood: -17903.5	(delta): 42417.1
2 (EM) 	Elapsed: 0.003	Loglikelihood: -16613.1	(delta): 1290.45
3 (EM) 	Elapsed: 0.003	Loglikelihood: -16349.5	(delta): 263.578
4 (EM) 	Elapsed: 0.003	Loglikelihood: -16204.7	(delta): 144.752
5 (EM) 	Elapsed: 0.003	Loglikelihood: -16106.7	(delta): 98.0477
Initial loglikelihood: -16106.7
Starting main algorithm
1 (QN/EM) 	Elapsed: 0.007	Loglikelihood: -15985.2	(delta): 121.527
2 (QN/EM) 	Elapsed: 0.007	Loglikelihood: -15913.2	(delta): 71.9433
3 (QN/EM) 	Elapsed: 0.007	Loglikelihood: -15748.2	(delta): 164.982
4 (QN/EM) 	Elapsed: 0.007	Loglikelihood: -15629.5	(delta): 118.792
5 (QN/EM) 	Elapsed: 0.007	Loglikelihood: -15549.7	(delta): 79.8044
6 (QN/EM) 	Elapsed: 0.007	Loglikelihood: -15483.9	(delta): 65.793
7 (QN/EM) 	Elapsed: 0.007	Loglikelihood: -15369	(delta): 114.891
8 (QN/EM) 	Elapsed: 0.007	Loglikelihood: -15284.1	(delta): 84.8276
9 (QN/EM) 	Elapsed: 0.007	Loglikelihood: -15244.9	(delta): 39.2318
10 (QN/EM) 	Elapsed: 0.007	Loglikelihood: -15215.6	(delta): 29.2871
11 (QN/EM) 	Elapsed: 0.007	Loglikelihood: -15194.6	(delta): 21.0271
12 (QN/EM) 	Elapsed: 0.007	Loglikelihood: -15168.9	(delta): 25.6511
13 (QN/EM) 	Elapsed: 0.007	Loglikelihood: -15133.6	(delta): 35.3178
14 (QN/EM) 	Elapsed: 0.007	Loglikelihood: -15121.9	(delta): 11.7284
15 (QN/EM) 	Elapsed: 0.007	Loglikelihood: -15115	(delta): 6.92713
16 (QN/EM) 	Elapsed: 0.007	Loglikelihood: -15088.9	(delta): 26.1106
17 (QN/EM) 	Elapsed: 0.007	Loglikelihood: -15070.1	(delta): 18.7268
18 (QN/EM) 	Elapsed: 0.007	Loglikelihood: -15060.8	(delta): 9.36323
19 (QN/EM) 	Elapsed: 0.007	Loglikelihood: -15032.2	(delta): 28.606
20 (QN/EM) 	Elapsed: 0.007	Loglikelihood: -15025.8	(delta): 6.40804
21 (QN/EM) 	Elapsed: 0.007	Loglikelihood: -15008.9	(delta): 16.8989
22 (QN/EM) 	Elapsed: 0.007	Loglikelihood: -15004.4	(delta): 4.42778
23 (QN/EM) 	Elapsed: 0.007	Loglikelihood: -14984.5	(delta): 19.9526
24 (QN/EM) 	Elapsed: 0.007	Loglikelihood: -14956.1	(delta): 28.3663
25 (QN/EM) 	Elapsed: 0.007	Loglikelihood: -14943.1	(delta): 13.0493
26 (QN/EM) 	Elapsed: 0.007	Loglikelihood: -14937.2	(delta): 5.8597
27 (QN/EM) 	Elapsed: 0.007	Loglikelihood: -14934.1	(delta): 3.08634
28 (QN/EM) 	Elapsed: 0.007	Loglikelihood: -14928.8	(delta): 5.36271
29 (QN/EM) 	Elapsed: 0.007	Loglikelihood: -14925.1	(delta): 3.66739
30 (QN/EM) 	Elapsed: 0.007	Loglikelihood: -14920.8	(delta): 4.23635
31 (QN/EM) 	Elapsed: 0.007	Loglikelihood: -14915.2	(delta): 5.62648
32 (QN/EM) 	Elapsed: 0.007	Loglikelihood: -14909.6	(delta): 5.61525
33 (QN/EM) 	Elapsed: 0.007	Loglikelihood: -14885.3	(delta): 24.292
34 (QN/EM) 	Elapsed: 0.007	Loglikelihood: -14858.1	(delta): 27.1754
35 (QN/EM) 	Elapsed: 0.007	Loglikelihood: -14850.4	(delta): 7.77336
36 (QN/EM) 	Elapsed: 0.007	Loglikelihood: -14845.5	(delta): 4.89524
37 (QN/EM) 	Elapsed: 0.007	Loglikelihood: -14839.7	(delta): 5.79353
38 (QN/EM) 	Elapsed: 0.007	Loglikelihood: -14835.6	(delta): 4.12559
39 (QN/EM) 	Elapsed: 0.007	Loglikelihood: -14811.7	(delta): 23.8166
40 (QN/EM) 	Elapsed: 0.007	Loglikelihood: -14806.4	(delta): 5.36075
41 (QN/EM) 	Elapsed: 0.007	Loglikelihood: -14798.4	(delta): 7.99126
42 (QN/EM) 	Elapsed: 0.007	Loglikelihood: -14795.5	(delta): 2.92207
43 (QN/EM) 	Elapsed: 0.007	Loglikelihood: -14788.5	(delta): 6.99073
44 (QN/EM) 	Elapsed: 0.007	Loglikelihood: -14781	(delta): 7.41971
45 (QN/EM) 	Elapsed: 0.007	Loglikelihood: -14771.5	(delta): 9.55968
46 (QN/EM) 	Elapsed: 0.007	Loglikelihood: -14758.6	(delta): 12.9196
47 (QN/EM) 	Elapsed: 0.007	Loglikelihood: -14743.2	(delta): 15.3678
48 (QN/EM) 	Elapsed: 0.007	Loglikelihood: -14735.3	(delta): 7.92529
49 (QN/EM) 	Elapsed: 0.007	Loglikelihood: -14731.3	(delta): 3.9791
50 (QN/EM) 	Elapsed: 0.007	Loglikelihood: -14713.7	(delta): 17.6331
51 (QN/EM) 	Elapsed: 0.007	Loglikelihood: -14692.4	(delta): 21.2274
52 (QN/EM) 	Elapsed: 0.007	Loglikelihood: -14662.9	(delta): 29.5675
53 (QN/EM) 	Elapsed: 0.007	Loglikelihood: -14638.2	(delta): 24.6228
54 (QN/EM) 	Elapsed: 0.007	Loglikelihood: -14601	(delta): 37.2341
55 (QN/EM) 	Elapsed: 0.007	Loglikelihood: -14577.8	(delta): 23.1694
56 (QN/EM) 	Elapsed: 0.007	Loglikelihood: -14570.5	(delta): 7.37177
57 (QN/EM) 	Elapsed: 0.007	Loglikelihood: -14564.9	(delta): 5.59771
58 (QN/EM) 	Elapsed: 0.007	Loglikelihood: -14556.2	(delta): 8.69212
59 (QN/EM) 	Elapsed: 0.007	Loglikelihood: -14551.4	(delta): 4.80199
60 (QN/EM) 	Elapsed: 0.007	Loglikelihood: -14542	(delta): 9.41016
61 (QN/EM) 	Elapsed: 0.007	Loglikelihood: -14533.8	(delta): 8.16647
62 (QN/EM) 	Elapsed: 0.007	Loglikelihood: -14526.8	(delta): 6.98023
63 (QN/EM) 	Elapsed: 0.007	Loglikelihood: -14519	(delta): 7.85165
64 (QN/EM) 	Elapsed: 0.007	Loglikelihood: -14507.8	(delta): 11.1921
65 (QN/EM) 	Elapsed: 0.007	Loglikelihood: -14500.7	(delta): 7.1153
66 (QN/EM) 	Elapsed: 0.007	Loglikelihood: -14498	(delta): 2.66838
67 (QN/EM) 	Elapsed: 0.007	Loglikelihood: -14495.3	(delta): 2.65693
68 (QN/EM) 	Elapsed: 0.007	Loglikelihood: -14492.6	(delta): 2.7685
69 (QN/EM) 	Elapsed: 0.007	Loglikelihood: -14489.6	(delta): 2.95109
70 (QN/EM) 	Elapsed: 0.007	Loglikelihood: -14485.3	(delta): 4.29618
71 (QN/EM) 	Elapsed: 0.007	Loglikelihood: -14481.2	(delta): 4.12658
72 (QN/EM) 	Elapsed: 0.007	Loglikelihood: -14478.8	(delta): 2.38237
73 (QN/EM) 	Elapsed: 0.007	Loglikelihood: -14476.9	(delta): 1.94018
74 (QN/EM) 	Elapsed: 0.007	Loglikelihood: -14475	(delta): 1.85816
75 (QN/EM) 	Elapsed: 0.007	Loglikelihood: -14473.1	(delta): 1.89565
76 (QN/EM) 	Elapsed: 0.007	Loglikelihood: -14470	(delta): 3.15214
77 (QN/EM) 	Elapsed: 0.007	Loglikelihood: -14454.5	(delta): 15.4813
78 (QN/EM) 	Elapsed: 0.007	Loglikelihood: -14453.9	(delta): 0.57523
79 (QN/EM) 	Elapsed: 0.007	Loglikelihood: -14452.4	(delta): 1.54578
80 (QN/EM) 	Elapsed: 0.007	Loglikelihood: -14451.5	(delta): 0.86879
81 (QN/EM) 	Elapsed: 0.007	Loglikelihood: -14451	(delta): 0.507654
82 (QN/EM) 	Elapsed: 0.007	Loglikelihood: -14449.9	(delta): 1.06056
83 (QN/EM) 	Elapsed: 0.007	Loglikelihood: -14449.8	(delta): 0.1121
84 (QN/EM) 	Elapsed: 0.007	Loglikelihood: -14449.1	(delta): 0.715233
85 (QN/EM) 	Elapsed: 0.007	Loglikelihood: -14447.6	(delta): 1.4598
86 (QN/EM) 	Elapsed: 0.007	Loglikelihood: -14447.5	(delta): 0.131491
87 (QN/EM) 	Elapsed: 0.007	Loglikelihood: -14447.2	(delta): 0.267628
88 (QN/EM) 	Elapsed: 0.007	Loglikelihood: -14447.2	(delta): 0.0826583
89 (QN/EM) 	Elapsed: 0.007	Loglikelihood: -14447.1	(delta): 0.0464435
90 (QN/EM) 	Elapsed: 0.007	Loglikelihood: -14447.1	(delta): 0.0538097
91 (QN/EM) 	Elapsed: 0.007	Loglikelihood: -14447	(delta): 0.0617323
92 (QN/EM) 	Elapsed: 0.007	Loglikelihood: -14446.9	(delta): 0.0678799
93 (QN/EM) 	Elapsed: 0.007	Loglikelihood: -14446.6	(delta): 0.300507
94 (QN/EM) 	Elapsed: 0.007	Loglikelihood: -14446.6	(delta): 0.0650057
95 (QN/EM) 	Elapsed: 0.007	Loglikelihood: -14446.5	(delta): 0.0577538
96 (QN/EM) 	Elapsed: 0.007	Loglikelihood: -14446.2	(delta): 0.280963
97 (QN/EM) 	Elapsed: 0.007	Loglikelihood: -14446	(delta): 0.273137
98 (QN/EM) 	Elapsed: 0.007	Loglikelihood: -14445.8	(delta): 0.178838
99 (QN/EM) 	Elapsed: 0.007	Loglikelihood: -14445.7	(delta): 0.0863771
100 (QN/EM) 	Elapsed: 0.007	Loglikelihood: -14445.5	(delta): 0.204167
101 (QN/EM) 	Elapsed: 0.007	Loglikelihood: -14445.4	(delta): 0.110373
102 (QN/EM) 	Elapsed: 0.007	Loglikelihood: -14445.3	(delta): 0.101356
103 (QN/EM) 	Elapsed: 0.007	Loglikelihood: -14445.1	(delta): 0.146019
104 (QN/EM) 	Elapsed: 0.007	Loglikelihood: -14444.6	(delta): 0.517217
105 (QN/EM) 	Elapsed: 0.007	Loglikelihood: -14444.5	(delta): 0.0884147
106 (QN/EM) 	Elapsed: 0.007	Loglikelihood: -14444.5	(delta): 0.0687683
107 (QN/EM) 	Elapsed: 0.007	Loglikelihood: -14444.2	(delta): 0.228799
108 (QN/EM) 	Elapsed: 0.007	Loglikelihood: -14444.2	(delta): 0.0636138
109 (QN/EM) 	Elapsed: 0.007	Loglikelihood: -14444.1	(delta): 0.0944384
110 (QN/EM) 	Elapsed: 0.007	Loglikelihood: -14444	(delta): 0.0308795
111 (QN/EM) 	Elapsed: 0.007	Loglikelihood: -14443.7	(delta): 0.337201
112 (QN/EM) 	Elapsed: 0.007	Loglikelihood: -14443.5	(delta): 0.146885
113 (QN/EM) 	Elapsed: 0.007	Loglikelihood: -14443.5	(delta): 0.077373
114 (QN/EM) 	Elapsed: 0.007	Loglikelihood: -14443.3	(delta): 0.128297
115 (QN/EM) 	Elapsed: 0.007	Loglikelihood: -14443.3	(delta): 0.0386684
116 (QN/EM) 	Elapsed: 0.007	Loglikelihood: -14443.2	(delta): 0.113201
117 (QN/EM) 	Elapsed: 0.007	Loglikelihood: -14443.1	(delta): 0.133785
118 (QN/EM) 	Elapsed: 0.007	Loglikelihood: -14443	(delta): 0.0786416
119 (QN/EM) 	Elapsed: 0.007	Loglikelihood: -14442.9	(delta): 0.120842
120 (QN/EM) 	Elapsed: 0.007	Loglikelihood: -14442.8	(delta): 0.0468097
121 (QN/EM) 	Elapsed: 0.007	Loglikelihood: -14442.8	(delta): 0.0395286
122 (QN/EM) 	Elapsed: 0.007	Loglikelihood: -14442.7	(delta): 0.058159
123 (QN/EM) 	Elapsed: 0.007	Loglikelihood: -14442.6	(delta): 0.161334
124 (QN/EM) 	Elapsed: 0.007	Loglikelihood: -14442.5	(delta): 0.0385177
125 (QN/EM) 	Elapsed: 0.007	Loglikelihood: -14442.5	(delta): 0.0178647
126 (QN/EM) 	Elapsed: 0.007	Loglikelihood: -14442.5	(delta): 0.0131541
127 (QN/EM) 	Elapsed: 0.007	Loglikelihood: -14442.5	(delta): 0.0139814
128 (QN/EM) 	Elapsed: 0.007	Loglikelihood: -14442.5	(delta): 0.0149527
129 (QN/EM) 	Elapsed: 0.007	Loglikelihood: -14442.1	(delta): 0.352597
130 (QN/EM) 	Elapsed: 0.007	Loglikelihood: -14442	(delta): 0.122516
131 (QN/EM) 	Elapsed: 0.007	Loglikelihood: -14441.9	(delta): 0.047394
132 (QN/EM) 	Elapsed: 0.007	Loglikelihood: -14441.9	(delta): 0.0469786
133 (QN/EM) 	Elapsed: 0.007	Loglikelihood: -14441.8	(delta): 0.0717996
134 (QN/EM) 	Elapsed: 0.007	Loglikelihood: -14440.8	(delta): 1.02535
135 (QN/EM) 	Elapsed: 0.007	Loglikelihood: -14440.5	(delta): 0.29112
136 (QN/EM) 	Elapsed: 0.007	Loglikelihood: -14440.2	(delta): 0.337667
137 (QN/EM) 	Elapsed: 0.007	Loglikelihood: -14439.4	(delta): 0.777822
138 (QN/EM) 	Elapsed: 0.007	Loglikelihood: -14439.2	(delta): 0.177903
139 (QN/EM) 	Elapsed: 0.007	Loglikelihood: -14438.7	(delta): 0.453238
140 (QN/EM) 	Elapsed: 0.007	Loglikelihood: -14438.5	(delta): 0.202152
141 (QN/EM) 	Elapsed: 0.007	Loglikelihood: -14438.2	(delta): 0.338536
142 (QN/EM) 	Elapsed: 0.007	Loglikelihood: -14437.7	(delta): 0.520916
143 (QN/EM) 	Elapsed: 0.007	Loglikelihood: -14437.5	(delta): 0.191464
144 (QN/EM) 	Elapsed: 0.007	Loglikelihood: -14437.4	(delta): 0.107558
145 (QN/EM) 	Elapsed: 0.007	Loglikelihood: -14437	(delta): 0.348271
146 (QN/EM) 	Elapsed: 0.007	Loglikelihood: -14436.7	(delta): 0.323738
147 (QN/EM) 	Elapsed: 0.007	Loglikelihood: -14436.6	(delta): 0.11345
148 (QN/EM) 	Elapsed: 0.007	Loglikelihood: -14436.2	(delta): 0.420613
149 (QN/EM) 	Elapsed: 0.007	Loglikelihood: -14436	(delta): 0.165583
150 (QN/EM) 	Elapsed: 0.007	Loglikelihood: -14435.9	(delta): 0.151516
151 (QN/EM) 	Elapsed: 0.007	Loglikelihood: -14435.6	(delta): 0.267851
152 (QN/EM) 	Elapsed: 0.007	Loglikelihood: -14434.6	(delta): 1.01018
153 (QN/EM) 	Elapsed: 0.007	Loglikelihood: -14434.4	(delta): 0.149565
154 (QN/EM) 	Elapsed: 0.007	Loglikelihood: -14434	(delta): 0.442579
155 (QN/EM) 	Elapsed: 0.007	Loglikelihood: -14433.9	(delta): 0.132953
156 (QN/EM) 	Elapsed: 0.007	Loglikelihood: -14433.7	(delta): 0.164252
157 (QN/EM) 	Elapsed: 0.007	Loglikelihood: -14433.3	(delta): 0.411021
158 (QN/EM) 	Elapsed: 0.007	Loglikelihood: -14432.8	(delta): 0.510355
159 (QN/EM) 	Elapsed: 0.007	Loglikelihood: -14432.5	(delta): 0.293197
160 (QN/EM) 	Elapsed: 0.007	Loglikelihood: -14431.9	(delta): 0.546621
161 (QN/EM) 	Elapsed: 0.007	Loglikelihood: -14431.8	(delta): 0.139622
162 (QN/EM) 	Elapsed: 0.007	Loglikelihood: -14431.7	(delta): 0.13786
163 (QN/EM) 	Elapsed: 0.007	Loglikelihood: -14431.5	(delta): 0.169861
164 (QN/EM) 	Elapsed: 0.007	Loglikelihood: -14431.3	(delta): 0.177826
165 (QN/EM) 	Elapsed: 0.007	Loglikelihood: -14431.1	(delta): 0.169805
166 (QN/EM) 	Elapsed: 0.007	Loglikelihood: -14431	(delta): 0.161309
167 (QN/EM) 	Elapsed: 0.007	Loglikelihood: -14430.8	(delta): 0.153732
168 (QN/EM) 	Elapsed: 0.007	Loglikelihood: -14430.4	(delta): 0.388346
169 (QN/EM) 	Elapsed: 0.007	Loglikelihood: -14430	(delta): 0.455148
170 (QN/EM) 	Elapsed: 0.007	Loglikelihood: -14429.7	(delta): 0.264713
171 (QN/EM) 	Elapsed: 0.007	Loglikelihood: -14429.6	(delta): 0.162613
172 (QN/EM) 	Elapsed: 0.007	Loglikelihood: -14429.4	(delta): 0.132277
173 (QN/EM) 	Elapsed: 0.007	Loglikelihood: -14429.4	(delta): 0.046884
174 (QN/EM) 	Elapsed: 0.007	Loglikelihood: -14429.1	(delta): 0.232468
175 (QN/EM) 	Elapsed: 0.007	Loglikelihood: -14429.1	(delta): 0.0365508
176 (QN/EM) 	Elapsed: 0.007	Loglikelihood: -14429.1	(delta): 0.0421512
177 (QN/EM) 	Elapsed: 0.007	Loglikelihood: -14429	(delta): 0.0284249
178 (QN/EM) 	Elapsed: 0.007	Loglikelihood: -14429	(delta): 0.0291007
179 (QN/EM) 	Elapsed: 0.007	Loglikelihood: -14429	(delta): 0.0309426
180 (QN/EM) 	Elapsed: 0.007	Loglikelihood: -14428.9	(delta): 0.0352635
181 (QN/EM) 	Elapsed: 0.007	Loglikelihood: -14428.6	(delta): 0.293266
182 (QN/EM) 	Elapsed: 0.007	Loglikelihood: -14428.6	(delta): 0.0934064
183 (QN/EM) 	Elapsed: 0.007	Loglikelihood: -14428.4	(delta): 0.109936
184 (QN/EM) 	Elapsed: 0.007	Loglikelihood: -14428.3	(delta): 0.103589
185 (QN/EM) 	Elapsed: 0.007	Loglikelihood: -14428.2	(delta): 0.102698
186 (QN/EM) 	Elapsed: 0.007	Loglikelihood: -14428.1	(delta): 0.128011
187 (QN/EM) 	Elapsed: 0.007	Loglikelihood: -14427.8	(delta): 0.349694
188 (QN/EM) 	Elapsed: 0.007	Loglikelihood: -14427.7	(delta): 0.0151244
189 (QN/EM) 	Elapsed: 0.007	Loglikelihood: -14427.7	(delta): 0.0145899
190 (QN/EM) 	Elapsed: 0.007	Loglikelihood: -14427.7	(delta): 0.0217724
191 (QN/EM) 	Elapsed: 0.007	Loglikelihood: -14427.6	(delta): 0.147936
192 (QN/EM) 	Elapsed: 0.007	Loglikelihood: -14427.4	(delta): 0.16745
193 (QN/EM) 	Elapsed: 0.007	Loglikelihood: -14427.3	(delta): 0.0584827
194 (QN/EM) 	Elapsed: 0.007	Loglikelihood: -14427.3	(delta): 0.0269003
195 (QN/EM) 	Elapsed: 0.007	Loglikelihood: -14427.3	(delta): 0.0290826
196 (QN/EM) 	Elapsed: 0.007	Loglikelihood: -14427.2	(delta): 0.0324893
197 (QN/EM) 	Elapsed: 0.007	Loglikelihood: -14427.2	(delta): 0.0371713
198 (QN/EM) 	Elapsed: 0.007	Loglikelihood: -14427.2	(delta): 0.0433258
199 (QN/EM) 	Elapsed: 0.007	Loglikelihood: -14427.1	(delta): 0.0511752
200 (QN/EM) 	Elapsed: 0.007	Loglikelihood: -14427.1	(delta): 0.0609301
201 (QN/EM) 	Elapsed: 0.007	Loglikelihood: -14426.8	(delta): 0.283327
202 (QN/EM) 	Elapsed: 0.007	Loglikelihood: -14426.5	(delta): 0.286318
203 (QN/EM) 	Elapsed: 0.007	Loglikelihood: -14426.3	(delta): 0.215314
204 (QN/EM) 	Elapsed: 0.007	Loglikelihood: -14426.1	(delta): 0.217031
205 (QN/EM) 	Elapsed: 0.007	Loglikelihood: -14425.7	(delta): 0.30949
206 (QN/EM) 	Elapsed: 0.007	Loglikelihood: -14425.6	(delta): 0.126318
207 (QN/EM) 	Elapsed: 0.007	Loglikelihood: -14425.5	(delta): 0.118908
208 (QN/EM) 	Elapsed: 0.007	Loglikelihood: -14425.4	(delta): 0.0895089
209 (QN/EM) 	Elapsed: 0.007	Loglikelihood: -14425.3	(delta): 0.0672557
210 (QN/EM) 	Elapsed: 0.007	Loglikelihood: -14424.7	(delta): 0.633891
211 (QN/EM) 	Elapsed: 0.007	Loglikelihood: -14424.1	(delta): 0.572461
212 (QN/EM) 	Elapsed: 0.007	Loglikelihood: -14423.6	(delta): 0.557038
213 (QN/EM) 	Elapsed: 0.007	Loglikelihood: -14422.7	(delta): 0.85082
214 (QN/EM) 	Elapsed: 0.007	Loglikelihood: -14422.5	(delta): 0.20573
215 (QN/EM) 	Elapsed: 0.007	Loglikelihood: -14422.4	(delta): 0.0936373
216 (QN/EM) 	Elapsed: 0.007	Loglikelihood: -14422.3	(delta): 0.100091
217 (QN/EM) 	Elapsed: 0.007	Loglikelihood: -14422.2	(delta): 0.168029
218 (QN/EM) 	Elapsed: 0.007	Loglikelihood: -14421.9	(delta): 0.263589
219 (QN/EM) 	Elapsed: 0.007	Loglikelihood: -14421.6	(delta): 0.321239
220 (QN/EM) 	Elapsed: 0.007	Loglikelihood: -14420.8	(delta): 0.739683
221 (QN/EM) 	Elapsed: 0.007	Loglikelihood: -14420	(delta): 0.802084
222 (QN/EM) 	Elapsed: 0.007	Loglikelihood: -14420	(delta): 0.0697384
223 (QN/EM) 	Elapsed: 0.007	Loglikelihood: -14419.5	(delta): 0.425262
224 (QN/EM) 	Elapsed: 0.007	Loglikelihood: -14419.5	(delta): 0.0775977
225 (QN/EM) 	Elapsed: 0.007	Loglikelihood: -14419.4	(delta): 0.0345476
226 (QN/EM) 	Elapsed: 0.007	Loglikelihood: -14419.4	(delta): 0.062595
227 (QN/EM) 	Elapsed: 0.007	Loglikelihood: -14419.3	(delta): 0.0972055
228 (QN/EM) 	Elapsed: 0.007	Loglikelihood: -14419.2	(delta): 0.101264
229 (QN/EM) 	Elapsed: 0.007	Loglikelihood: -14419	(delta): 0.118168
230 (QN/EM) 	Elapsed: 0.007	Loglikelihood: -14419	(delta): 0.0506773
231 (QN/EM) 	Elapsed: 0.007	Loglikelihood: -14418.8	(delta): 0.163135
232 (QN/EM) 	Elapsed: 0.007	Loglikelihood: -14418.6	(delta): 0.261665
233 (QN/EM) 	Elapsed: 0.007	Loglikelihood: -14418.5	(delta): 0.104994
234 (QN/EM) 	Elapsed: 0.007	Loglikelihood: -14418.4	(delta): 0.0573262
235 (QN/EM) 	Elapsed: 0.007	Loglikelihood: -14418.1	(delta): 0.278883
236 (QN/EM) 	Elapsed: 0.007	Loglikelihood: -14417.8	(delta): 0.321163
237 (QN/EM) 	Elapsed: 0.007	Loglikelihood: -14417.8	(delta): 0.0126735
238 (QN/EM) 	Elapsed: 0.007	Loglikelihood: -14417.8	(delta): 0.0257531
239 (QN/EM) 	Elapsed: 0.007	Loglikelihood: -14417.6	(delta): 0.181543
240 (QN/EM) 	Elapsed: 0.007	Loglikelihood: -14417.6	(delta): 0.00845001
241 (QN/EM) 	Elapsed: 0.007	Loglikelihood: -14417.6	(delta): 0.00872959
242 (QN/EM) 	Elapsed: 0.007	Loglikelihood: -14417.5	(delta): 0.0284978
243 (QN/EM) 	Elapsed: 0.007	Loglikelihood: -14417.5	(delta): 0.0183272
244 (QN/EM) 	Elapsed: 0.007	Loglikelihood: -14417.5	(delta): 0.0497765
245 (QN/EM) 	Elapsed: 0.007	Loglikelihood: -14417.5	(delta): 0.00513822
246 (QN/EM) 	Elapsed: 0.007	Loglikelihood: -14417.4	(delta): 0.0405034
247 (QN/EM) 	Elapsed: 0.007	Loglikelihood: -14417.4	(delta): 0.0193746
248 (QN/EM) 	Elapsed: 0.007	Loglikelihood: -14417.3	(delta): 0.160299
249 (QN/EM) 	Elapsed: 0.007	Loglikelihood: -14417.2	(delta): 0.00431348
250 (QN/EM) 	Elapsed: 0.007	Loglikelihood: -14417.2	(delta): 0.00423422
251 (QN/EM) 	Elapsed: 0.007	Loglikelihood: -14417.2	(delta): 0.0073089
252 (QN/EM) 	Elapsed: 0.007	Loglikelihood: -14417.2	(delta): 0.00575385
253 (QN/EM) 	Elapsed: 0.007	Loglikelihood: -14417.2	(delta): 0.0101738
254 (QN/EM) 	Elapsed: 0.007	Loglikelihood: -14417.2	(delta): 0.0291601
255 (QN/EM) 	Elapsed: 0.007	Loglikelihood: -14417.2	(delta): 0.00751636
256 (QN/EM) 	Elapsed: 0.007	Loglikelihood: -14417.2	(delta): 0.00159739
257 (QN/EM) 	Elapsed: 0.007	Loglikelihood: -14417.2	(delta): 0.00346708
258 (QN/EM) 	Elapsed: 0.007	Loglikelihood: -14417.2	(delta): 0.0113255
259 (QN/EM) 	Elapsed: 0.007	Loglikelihood: -14417.2	(delta): 0.00179647
260 (QN/EM) 	Elapsed: 0.007	Loglikelihood: -14417.2	(delta): 0.00184732
261 (QN/EM) 	Elapsed: 0.007	Loglikelihood: -14417.2	(delta): 0.00190537
262 (QN/EM) 	Elapsed: 0.007	Loglikelihood: -14417.2	(delta): 0.00196918
263 (QN/EM) 	Elapsed: 0.007	Loglikelihood: -14417.2	(delta): 0.00204173
264 (QN/EM) 	Elapsed: 0.007	Loglikelihood: -14417.2	(delta): 0.0021303
265 (QN/EM) 	Elapsed: 0.007	Loglikelihood: -14417.2	(delta): 0.00225017
266 (QN/EM) 	Elapsed: 0.007	Loglikelihood: -14417.1	(delta): 0.00243203
267 (QN/EM) 	Elapsed: 0.007	Loglikelihood: -14417.1	(delta): 0.00273478
268 (QN/EM) 	Elapsed: 0.007	Loglikelihood: -14417.1	(delta): 0.00326348
269 (QN/EM) 	Elapsed: 0.007	Loglikelihood: -14417.1	(delta): 0.028949
270 (QN/EM) 	Elapsed: 0.007	Loglikelihood: -14417.1	(delta): 0.00348792
271 (QN/EM) 	Elapsed: 0.007	Loglikelihood: -14417.1	(delta): 0.0522184
272 (QN/EM) 	Elapsed: 0.007	Loglikelihood: -14417	(delta): 0.0236821
273 (QN/EM) 	Elapsed: 0.007	Loglikelihood: -14417	(delta): 0.02679
274 (QN/EM) 	Elapsed: 0.007	Loglikelihood: -14417	(delta): 0.00676734
275 (QN/EM) 	Elapsed: 0.007	Loglikelihood: -14417	(delta): 0.00959945
276 (QN/EM) 	Elapsed: 0.007	Loglikelihood: -14417	(delta): 0.0178055
277 (QN/EM) 	Elapsed: 0.007	Loglikelihood: -14417	(delta): 0.017693
278 (QN/EM) 	Elapsed: 0.007	Loglikelihood: -14416.9	(delta): 0.0345992
279 (QN/EM) 	Elapsed: 0.007	Loglikelihood: -14416.9	(delta): 0.00633457
280 (QN/EM) 	Elapsed: 0.007	Loglikelihood: -14416.9	(delta): 0.00718478
281 (QN/EM) 	Elapsed: 0.007	Loglikelihood: -14416.9	(delta): 0.00816218
282 (QN/EM) 	Elapsed: 0.007	Loglikelihood: -14416.9	(delta): 0.00928069
283 (QN/EM) 	Elapsed: 0.007	Loglikelihood: -14416.9	(delta): 0.010617
284 (QN/EM) 	Elapsed: 0.007	Loglikelihood: -14416.9	(delta): 0.0123204
285 (QN/EM) 	Elapsed: 0.007	Loglikelihood: -14416.9	(delta): 0.0145464
286 (QN/EM) 	Elapsed: 0.007	Loglikelihood: -14416.8	(delta): 0.0179542
287 (QN/EM) 	Elapsed: 0.007	Loglikelihood: -14416.8	(delta): 0.0170001
288 (QN/EM) 	Elapsed: 0.007	Loglikelihood: -14416.7	(delta): 0.070313
289 (QN/EM) 	Elapsed: 0.007	Loglikelihood: -14416.7	(delta): 0.0211758
290 (QN/EM) 	Elapsed: 0.007	Loglikelihood: -14416.7	(delta): 0.0244734
291 (QN/EM) 	Elapsed: 0.007	Loglikelihood: -14416.7	(delta): 0.0289467
292 (QN/EM) 	Elapsed: 0.007	Loglikelihood: -14416.6	(delta): 0.03486
293 (QN/EM) 	Elapsed: 0.007	Loglikelihood: -14416.6	(delta): 0.0576945
294 (QN/EM) 	Elapsed: 0.007	Loglikelihood: -14416.5	(delta): 0.125462
295 (QN/EM) 	Elapsed: 0.007	Loglikelihood: -14416.4	(delta): 0.10118
296 (QN/EM) 	Elapsed: 0.007	Loglikelihood: -14416.2	(delta): 0.120012
297 (QN/EM) 	Elapsed: 0.007	Loglikelihood: -14416.1	(delta): 0.140255
298 (QN/EM) 	Elapsed: 0.007	Loglikelihood: -14415.9	(delta): 0.16104
299 (QN/EM) 	Elapsed: 0.007	Loglikelihood: -14415.8	(delta): 0.181622
300 (QN/EM) 	Elapsed: 0.007	Loglikelihood: -14415.5	(delta): 0.201865
301 (QN/EM) 	Elapsed: 0.007	Loglikelihood: -14415.3	(delta): 0.222511
302 (QN/EM) 	Elapsed: 0.007	Loglikelihood: -14415.1	(delta): 0.244462
303 (QN/EM) 	Elapsed: 0.007	Loglikelihood: -14414.2	(delta): 0.847189
304 (QN/EM) 	Elapsed: 0.007	Loglikelihood: -14412.6	(delta): 1.62339
305 (QN/EM) 	Elapsed: 0.007	Loglikelihood: -14412.3	(delta): 0.319252
306 (QN/EM) 	Elapsed: 0.007	Loglikelihood: -14411.8	(delta): 0.486486
307 (QN/EM) 	Elapsed: 0.007	Loglikelihood: -14411.7	(delta): 0.150005
308 (QN/EM) 	Elapsed: 0.007	Loglikelihood: -14411.5	(delta): 0.140162
309 (QN/EM) 	Elapsed: 0.007	Loglikelihood: -14411.3	(delta): 0.258829
310 (QN/EM) 	Elapsed: 0.007	Loglikelihood: -14410.4	(delta): 0.818302
311 (QN/EM) 	Elapsed: 0.007	Loglikelihood: -14410.3	(delta): 0.170816
312 (QN/EM) 	Elapsed: 0.007	Loglikelihood: -14410.1	(delta): 0.152694
313 (QN/EM) 	Elapsed: 0.007	Loglikelihood: -14409.9	(delta): 0.244115
314 (QN/EM) 	Elapsed: 0.007	Loglikelihood: -14409.5	(delta): 0.321353
315 (QN/EM) 	Elapsed: 0.007	Loglikelihood: -14409.5	(delta): 0.0591591
316 (QN/EM) 	Elapsed: 0.007	Loglikelihood: -14409.4	(delta): 0.0617851
317 (QN/EM) 	Elapsed: 0.007	Loglikelihood: -14409.4	(delta): 0.0724261
318 (QN/EM) 	Elapsed: 0.007	Loglikelihood: -14409	(delta): 0.314536
319 (QN/EM) 	Elapsed: 0.007	Loglikelihood: -14408.9	(delta): 0.117117
320 (QN/EM) 	Elapsed: 0.007	Loglikelihood: -14408.7	(delta): 0.273932
321 (QN/EM) 	Elapsed: 0.007	Loglikelihood: -14408.5	(delta): 0.199233
322 (QN/EM) 	Elapsed: 0.007	Loglikelihood: -14408.1	(delta): 0.344626
323 (QN/EM) 	Elapsed: 0.007	Loglikelihood: -14407.8	(delta): 0.346442
324 (QN/EM) 	Elapsed: 0.007	Loglikelihood: -14407.5	(delta): 0.302787
325 (QN/EM) 	Elapsed: 0.007	Loglikelihood: -14407.4	(delta): 0.0889097
326 (QN/EM) 	Elapsed: 0.007	Loglikelihood: -14407.2	(delta): 0.202784
327 (QN/EM) 	Elapsed: 0.007	Loglikelihood: -14406.9	(delta): 0.22426
328 (QN/EM) 	Elapsed: 0.007	Loglikelihood: -14406.2	(delta): 0.786472
329 (QN/EM) 	Elapsed: 0.007	Loglikelihood: -14406.1	(delta): 0.0214304
330 (QN/EM) 	Elapsed: 0.007	Loglikelihood: -14406	(delta): 0.0952821
331 (QN/EM) 	Elapsed: 0.007	Loglikelihood: -14406	(delta): 0.0351854
332 (QN/EM) 	Elapsed: 0.007	Loglikelihood: -14406	(delta): 0.013774
333 (QN/EM) 	Elapsed: 0.007	Loglikelihood: -14406	(delta): 0.0136565
334 (QN/EM) 	Elapsed: 0.007	Loglikelihood: -14406	(delta): 0.0132964
335 (QN/EM) 	Elapsed: 0.007	Loglikelihood: -14405.9	(delta): 0.0128689
336 (QN/EM) 	Elapsed: 0.007	Loglikelihood: -14405.9	(delta): 0.0164737
337 (QN/EM) 	Elapsed: 0.007	Loglikelihood: -14405.9	(delta): 0.0445394
338 (QN/EM) 	Elapsed: 0.007	Loglikelihood: -14405.9	(delta): 0.0164629
339 (QN/EM) 	Elapsed: 0.007	Loglikelihood: -14405.9	(delta): 0.0133568
340 (QN/EM) 	Elapsed: 0.007	Loglikelihood: -14405.8	(delta): 0.0125794
341 (QN/EM) 	Elapsed: 0.007	Loglikelihood: -14405.8	(delta): 0.0120655
342 (QN/EM) 	Elapsed: 0.007	Loglikelihood: -14405.8	(delta): 0.011401
343 (QN/EM) 	Elapsed: 0.007	Loglikelihood: -14405.8	(delta): 0.0106234
344 (QN/EM) 	Elapsed: 0.007	Loglikelihood: -14405.8	(delta): 0.00987915
345 (QN/EM) 	Elapsed: 0.007	Loglikelihood: -14405.6	(delta): 0.217207
346 (QN/EM) 	Elapsed: 0.007	Loglikelihood: -14405.5	(delta): 0.116904
347 (QN/EM) 	Elapsed: 0.007	Loglikelihood: -14405.5	(delta): 0.00321348
348 (QN/EM) 	Elapsed: 0.007	Loglikelihood: -14405.5	(delta): 0.00115839
349 (QN/EM) 	Elapsed: 0.007	Loglikelihood: -14405.4	(delta): 0.0493441
350 (QN/EM) 	Elapsed: 0.007	Loglikelihood: -14405.4	(delta): 0.0121973
351 (QN/EM) 	Elapsed: 0.007	Loglikelihood: -14405.4	(delta): 0.00919794
352 (QN/EM) 	Elapsed: 0.007	Loglikelihood: -14405.4	(delta): 0.0155845
353 (QN/EM) 	Elapsed: 0.007	Loglikelihood: -14405.4	(delta): 0.0218026
354 (QN/EM) 	Elapsed: 0.007	Loglikelihood: -14405.3	(delta): 0.0283815
355 (QN/EM) 	Elapsed: 0.007	Loglikelihood: -14405.3	(delta): 0.0124463
356 (QN/EM) 	Elapsed: 0.007	Loglikelihood: -14405.3	(delta): 0.00308631
357 (QN/EM) 	Elapsed: 0.007	Loglikelihood: -14405.3	(delta): 0.00272749
358 (QN/EM) 	Elapsed: 0.007	Loglikelihood: -14405.3	(delta): 0.00247659
359 (QN/EM) 	Elapsed: 0.007	Loglikelihood: -14405.3	(delta): 0.00709612
360 (QN/EM) 	Elapsed: 0.007	Loglikelihood: -14405.3	(delta): 0.00202656
361 (QN/EM) 	Elapsed: 0.007	Loglikelihood: -14405.3	(delta): 0.00695659
362 (QN/EM) 	Elapsed: 0.007	Loglikelihood: -14405.3	(delta): 0.00369814
363 (QN/EM) 	Elapsed: 0.007	Loglikelihood: -14405.3	(delta): 0.00822492
364 (QN/EM) 	Elapsed: 0.007	Loglikelihood: -14405.3	(delta): 0.00694971
365 (QN/EM) 	Elapsed: 0.007	Loglikelihood: -14405.3	(delta): 0.0062062
366 (QN/EM) 	Elapsed: 0.007	Loglikelihood: -14405.3	(delta): 0.00515026
367 (QN/EM) 	Elapsed: 0.007	Loglikelihood: -14405.2	(delta): 0.017848
368 (QN/EM) 	Elapsed: 0.007	Loglikelihood: -14405.2	(delta): 0.0103735
369 (QN/EM) 	Elapsed: 0.007	Loglikelihood: -14405.2	(delta): 0.00847713
370 (QN/EM) 	Elapsed: 0.007	Loglikelihood: -14405.2	(delta): 0.0074781
371 (QN/EM) 	Elapsed: 0.007	Loglikelihood: -14405.2	(delta): 0.0284145
372 (QN/EM) 	Elapsed: 0.007	Loglikelihood: -14405.2	(delta): 0.0214973
373 (QN/EM) 	Elapsed: 0.007	Loglikelihood: -14405.2	(delta): 0.0112419
374 (QN/EM) 	Elapsed: 0.007	Loglikelihood: -14405.1	(delta): 0.0126689
375 (QN/EM) 	Elapsed: 0.007	Loglikelihood: -14405.1	(delta): 0.0453901
376 (QN/EM) 	Elapsed: 0.007	Loglikelihood: -14405.1	(delta): 0.0428752
377 (QN/EM) 	Elapsed: 0.007	Loglikelihood: -14405	(delta): 0.023595
378 (QN/EM) 	Elapsed: 0.007	Loglikelihood: -14405	(delta): 0.0215809
379 (QN/EM) 	Elapsed: 0.007	Loglikelihood: -14404.9	(delta): 0.119211
380 (QN/EM) 	Elapsed: 0.007	Loglikelihood: -14404.8	(delta): 0.0669257
381 (QN/EM) 	Elapsed: 0.007	Loglikelihood: -14404.8	(delta): 0.0632913
382 (QN/EM) 	Elapsed: 0.007	Loglikelihood: -14404.7	(delta): 0.0597729
383 (QN/EM) 	Elapsed: 0.007	Loglikelihood: -14404.3	(delta): 0.438494
384 (QN/EM) 	Elapsed: 0.007	Loglikelihood: -14404.1	(delta): 0.134529
385 (QN/EM) 	Elapsed: 0.007	Loglikelihood: -14403.9	(delta): 0.180887
386 (QN/EM) 	Elapsed: 0.007	Loglikelihood: -14403.8	(delta): 0.150426
387 (QN/EM) 	Elapsed: 0.007	Loglikelihood: -14402.8	(delta): 0.960641
388 (QN/EM) 	Elapsed: 0.007	Loglikelihood: -14402.7	(delta): 0.176063
389 (QN/EM) 	Elapsed: 0.007	Loglikelihood: -14402.3	(delta): 0.33168
390 (QN/EM) 	Elapsed: 0.007	Loglikelihood: -14402.2	(delta): 0.0978626
391 (QN/EM) 	Elapsed: 0.007	Loglikelihood: -14401.7	(delta): 0.516223
392 (QN/EM) 	Elapsed: 0.007	Loglikelihood: -14401.6	(delta): 0.152415
393 (QN/EM) 	Elapsed: 0.007	Loglikelihood: -14401.3	(delta): 0.286771
394 (QN/EM) 	Elapsed: 0.007	Loglikelihood: -14401.2	(delta): 0.0556705
395 (QN/EM) 	Elapsed: 0.007	Loglikelihood: -14401	(delta): 0.213417
396 (QN/EM) 	Elapsed: 0.006	Loglikelihood: -14400.9	(delta): 0.113859
397 (QN/EM) 	Elapsed: 0.007	Loglikelihood: -14400.6	(delta): 0.262514
398 (QN/EM) 	Elapsed: 0.007	Loglikelihood: -14400.6	(delta): 0.0528351
399 (QN/EM) 	Elapsed: 0.007	Loglikelihood: -14400.3	(delta): 0.227723
400 (QN/EM) 	Elapsed: 0.007	Loglikelihood: -14400.3	(delta): 0.0266168
401 (QN/EM) 	Elapsed: 0.007	Loglikelihood: -14400.2	(delta): 0.0880904
402 (QN/EM) 	Elapsed: 0.007	Loglikelihood: -14400.2	(delta): 0.029587
403 (QN/EM) 	Elapsed: 0.007	Loglikelihood: -14400	(delta): 0.226447
404 (QN/EM) 	Elapsed: 0.007	Loglikelihood: -14399.9	(delta): 0.0565315
405 (QN/EM) 	Elapsed: 0.007	Loglikelihood: -14399.6	(delta): 0.347951
406 (QN/EM) 	Elapsed: 0.007	Loglikelihood: -14399.4	(delta): 0.153532
407 (QN/EM) 	Elapsed: 0.007	Loglikelihood: -14399.4	(delta): 0.00629279
408 (QN/EM) 	Elapsed: 0.007	Loglikelihood: -14399.4	(delta): 0.0110506
409 (QN/EM) 	Elapsed: 0.007	Loglikelihood: -14399.4	(delta): 0.00331715
410 (QN/EM) 	Elapsed: 0.007	Loglikelihood: -14399.4	(delta): 0.00430107
411 (QN/EM) 	Elapsed: 0.007	Loglikelihood: -14399.4	(delta): 0.00586115
412 (QN/EM) 	Elapsed: 0.007	Loglikelihood: -14399.4	(delta): 0.00809545
413 (QN/EM) 	Elapsed: 0.007	Loglikelihood: -14399.4	(delta): 0.0111152
414 (QN/EM) 	Elapsed: 0.007	Loglikelihood: -14399.2	(delta): 0.138795
415 (QN/EM) 	Elapsed: 0.007	Loglikelihood: -14399.1	(delta): 0.0852199
416 (QN/EM) 	Elapsed: 0.007	Loglikelihood: -14399.1	(delta): 0.0182662
417 (QN/EM) 	Elapsed: 0.007	Loglikelihood: -14399.1	(delta): 0.0497181
418 (QN/EM) 	Elapsed: 0.007	Loglikelihood: -14399.1	(delta): 0.00219
419 (QN/EM) 	Elapsed: 0.007	Loglikelihood: -14399.1	(delta): 0.001282
420 (QN/EM) 	Elapsed: 0.007	Loglikelihood: -14399.1	(delta): 0.00427032
421 (QN/EM) 	Elapsed: 0.007	Loglikelihood: -14399.1	(delta): 0.00030255
422 (QN/EM) 	Elapsed: 0.007	Loglikelihood: -14399.1	(delta): 0.00134636
423 (QN/EM) 	Elapsed: 0.007	Loglikelihood: -14399.1	(delta): 0.000490801
424 (QN/EM) 	Elapsed: 0.007	Loglikelihood: -14399.1	(delta): 0.000711461
425 (QN/EM) 	Elapsed: 0.007	Loglikelihood: -14399.1	(delta): 0.000221901
426 (QN/EM) 	Elapsed: 0.007	Loglikelihood: -14399.1	(delta): 0.000445327
427 (QN/EM) 	Elapsed: 0.007	Loglikelihood: -14399.1	(delta): 0.000272744
428 (QN/EM) 	Elapsed: 0.007	Loglikelihood: -14399.1	(delta): 0.000179438
429 (QN/EM) 	Elapsed: 0.007	Loglikelihood: -14399.1	(delta): 4.31138e-05
Summary: 
Converged in 429 iterations (3.282 sec)
Loglikelihood: -14399.064931
Fst divergences between estimated populations: 
	Pop0	Pop1	
Pop0	
Pop1	0.429	
Pop2	0.088	0.404	
CV error (K=3): 0.45646
Writing output files.
