****                   ADMIXTURE Version 1.3.0                  ****
****                    Copyright 2008-2015                     ****
****           David Alexander, Suyash Shringarpure,            ****
****                John  Novembre, Ken Lange                   ****
****                                                            ****
****                 Please cite our paper!                     ****
****   Information at www.genetics.ucla.edu/software/admixture  ****

Cross-validation will be performed.  Folds=5.
Parallel execution requested.  Will use 5 threads.
Random seed: 43
Point estimation method: EM algorithm
Convergence acceleration algorithm: QuasiNewton, 3 secant conditions
Point estimation will terminate when objective function delta < 0.0001
Estimation of standard errors disabled; will compute point estimates only.
Size of G: 38x1073
Performing five EM steps to prime main algorithm
1 (EM) 	Elapsed: 0.005	Loglikelihood: -17822.3	(delta): 40117
2 (EM) 	Elapsed: 0.005	Loglikelihood: -16431	(delta): 1391.37
3 (EM) 	Elapsed: 0.005	Loglikelihood: -16094	(delta): 336.991
4 (EM) 	Elapsed: 0.005	Loglikelihood: -15899.4	(delta): 194.539
5 (EM) 	Elapsed: 0.005	Loglikelihood: -15765.7	(delta): 133.699
Initial loglikelihood: -15765.7
Starting main algorithm
1 (QN/EM) 	Elapsed: 0.007	Loglikelihood: -15582.2	(delta): 183.518
2 (QN/EM) 	Elapsed: 0.007	Loglikelihood: -15455.8	(delta): 126.437
3 (QN/EM) 	Elapsed: 0.008	Loglikelihood: -15051	(delta): 404.806
4 (QN/EM) 	Elapsed: 0.007	Loglikelihood: -14956.2	(delta): 94.7916
5 (QN/EM) 	Elapsed: 0.007	Loglikelihood: -14850.7	(delta): 105.488
6 (QN/EM) 	Elapsed: 0.007	Loglikelihood: -14630	(delta): 220.687
7 (QN/EM) 	Elapsed: 0.008	Loglikelihood: -14579.2	(delta): 50.7971
8 (QN/EM) 	Elapsed: 0.007	Loglikelihood: -14498.8	(delta): 80.3957
9 (QN/EM) 	Elapsed: 0.007	Loglikelihood: -14447.7	(delta): 51.1565
10 (QN/EM) 	Elapsed: 0.007	Loglikelihood: -14400.1	(delta): 47.5451
11 (QN/EM) 	Elapsed: 0.007	Loglikelihood: -14381.2	(delta): 18.9668
12 (QN/EM) 	Elapsed: 0.007	Loglikelihood: -14369	(delta): 12.1149
13 (QN/EM) 	Elapsed: 0.007	Loglikelihood: -14337.1	(delta): 31.906
14 (QN/EM) 	Elapsed: 0.008	Loglikelihood: -14323.9	(delta): 13.2543
15 (QN/EM) 	Elapsed: 0.007	Loglikelihood: -14305.4	(delta): 18.5055
16 (QN/EM) 	Elapsed: 0.007	Loglikelihood: -14239.9	(delta): 65.4743
17 (QN/EM) 	Elapsed: 0.007	Loglikelihood: -14204.8	(delta): 35.0477
18 (QN/EM) 	Elapsed: 0.007	Loglikelihood: -14180.3	(delta): 24.5764
19 (QN/EM) 	Elapsed: 0.007	Loglikelihood: -14157.8	(delta): 22.4652
20 (QN/EM) 	Elapsed: 0.007	Loglikelihood: -14144.4	(delta): 13.436
21 (QN/EM) 	Elapsed: 0.007	Loglikelihood: -14123.8	(delta): 20.5294
22 (QN/EM) 	Elapsed: 0.007	Loglikelihood: -14106.4	(delta): 17.4147
23 (QN/EM) 	Elapsed: 0.007	Loglikelihood: -14093.5	(delta): 12.8979
24 (QN/EM) 	Elapsed: 0.007	Loglikelihood: -14063.8	(delta): 29.7228
25 (QN/EM) 	Elapsed: 0.007	Loglikelihood: -14034.5	(delta): 29.3481
26 (QN/EM) 	Elapsed: 0.007	Loglikelihood: -14022.7	(delta): 11.737
27 (QN/EM) 	Elapsed: 0.007	Loglikelihood: -14011.7	(delta): 11.0587
28 (QN/EM) 	Elapsed: 0.007	Loglikelihood: -14004.3	(delta): 7.35142
29 (QN/EM) 	Elapsed: 0.008	Loglikelihood: -14000.6	(delta): 3.69368
30 (QN/EM) 	Elapsed: 0.007	Loglikelihood: -13985.5	(delta): 15.1637
31 (QN/EM) 	Elapsed: 0.007	Loglikelihood: -13977.2	(delta): 8.29349
32 (QN/EM) 	Elapsed: 0.007	Loglikelihood: -13959.5	(delta): 17.61
33 (QN/EM) 	Elapsed: 0.007	Loglikelihood: -13947.7	(delta): 11.8148
34 (QN/EM) 	Elapsed: 0.007	Loglikelihood: -13937.9	(delta): 9.79906
35 (QN/EM) 	Elapsed: 0.007	Loglikelihood: -13920.9	(delta): 17.0735
36 (QN/EM) 	Elapsed: 0.007	Loglikelihood: -13912.9	(delta): 7.98317
37 (QN/EM) 	Elapsed: 0.007	Loglikelihood: -13907.5	(delta): 5.38771
38 (QN/EM) 	Elapsed: 0.007	Loglikelihood: -13901.9	(delta): 5.59296
39 (QN/EM) 	Elapsed: 0.007	Loglikelihood: -13887.8	(delta): 14.0724
40 (QN/EM) 	Elapsed: 0.008	Loglikelihood: -13870.6	(delta): 17.2044
41 (QN/EM) 	Elapsed: 0.007	Loglikelihood: -13866	(delta): 4.65347
42 (QN/EM) 	Elapsed: 0.007	Loglikelihood: -13859.7	(delta): 6.24856
43 (QN/EM) 	Elapsed: 0.007	Loglikelihood: -13841.6	(delta): 18.1324
44 (QN/EM) 	Elapsed: 0.007	Loglikelihood: -13822.5	(delta): 19.1201
45 (QN/EM) 	Elapsed: 0.007	Loglikelihood: -13815.7	(delta): 6.75372
46 (QN/EM) 	Elapsed: 0.007	Loglikelihood: -13810.3	(delta): 5.4406
47 (QN/EM) 	Elapsed: 0.007	Loglikelihood: -13807	(delta): 3.23755
48 (QN/EM) 	Elapsed: 0.007	Loglikelihood: -13805	(delta): 2.05507
49 (QN/EM) 	Elapsed: 0.007	Loglikelihood: -13799.7	(delta): 5.24712
50 (QN/EM) 	Elapsed: 0.007	Loglikelihood: -13791.1	(delta): 8.64059
51 (QN/EM) 	Elapsed: 0.007	Loglikelihood: -13787.6	(delta): 3.48581
52 (QN/EM) 	Elapsed: 0.007	Loglikelihood: -13784.8	(delta): 2.83447
53 (QN/EM) 	Elapsed: 0.007	Loglikelihood: -13784.2	(delta): 0.617954
54 (QN/EM) 	Elapsed: 0.007	Loglikelihood: -13783.6	(delta): 0.555847
55 (QN/EM) 	Elapsed: 0.007	Loglikelihood: -13780.4	(delta): 3.20212
56 (QN/EM) 	Elapsed: 0.007	Loglikelihood: -13777	(delta): 3.37274
57 (QN/EM) 	Elapsed: 0.007	Loglikelihood: -13776.3	(delta): 0.723533
58 (QN/EM) 	Elapsed: 0.007	Loglikelihood: -13775.9	(delta): 0.445646
59 (QN/EM) 	Elapsed: 0.007	Loglikelihood: -13775.3	(delta): 0.543736
60 (QN/EM) 	Elapsed: 0.007	Loglikelihood: -13774.5	(delta): 0.839393
61 (QN/EM) 	Elapsed: 0.008	Loglikelihood: -13773.7	(delta): 0.773721
62 (QN/EM) 	Elapsed: 0.008	Loglikelihood: -13772.9	(delta): 0.774637
63 (QN/EM) 	Elapsed: 0.007	Loglikelihood: -13770	(delta): 2.94734
64 (QN/EM) 	Elapsed: 0.007	Loglikelihood: -13767.7	(delta): 2.24039
65 (QN/EM) 	Elapsed: 0.007	Loglikelihood: -13764.4	(delta): 3.28758
66 (QN/EM) 	Elapsed: 0.007	Loglikelihood: -13761.7	(delta): 2.70016
67 (QN/EM) 	Elapsed: 0.007	Loglikelihood: -13760.5	(delta): 1.21353
68 (QN/EM) 	Elapsed: 0.007	Loglikelihood: -13760	(delta): 0.507477
69 (QN/EM) 	Elapsed: 0.007	Loglikelihood: -13759	(delta): 1.02373
70 (QN/EM) 	Elapsed: 0.007	Loglikelihood: -13755.8	(delta): 3.24508
71 (QN/EM) 	Elapsed: 0.007	Loglikelihood: -13752.6	(delta): 3.11168
72 (QN/EM) 	Elapsed: 0.007	Loglikelihood: -13751.5	(delta): 1.12153
73 (QN/EM) 	Elapsed: 0.007	Loglikelihood: -13750.7	(delta): 0.846698
74 (QN/EM) 	Elapsed: 0.007	Loglikelihood: -13750	(delta): 0.638007
75 (QN/EM) 	Elapsed: 0.007	Loglikelihood: -13749.2	(delta): 0.871545
76 (QN/EM) 	Elapsed: 0.008	Loglikelihood: -13747.4	(delta): 1.77224
77 (QN/EM) 	Elapsed: 0.007	Loglikelihood: -13746.7	(delta): 0.695036
78 (QN/EM) 	Elapsed: 0.007	Loglikelihood: -13745.5	(delta): 1.16175
79 (QN/EM) 	Elapsed: 0.007	Loglikelihood: -13745.2	(delta): 0.344813
80 (QN/EM) 	Elapsed: 0.008	Loglikelihood: -13744.8	(delta): 0.356949
81 (QN/EM) 	Elapsed: 0.007	Loglikelihood: -13744.3	(delta): 0.552891
82 (QN/EM) 	Elapsed: 0.007	Loglikelihood: -13740.1	(delta): 4.19125
83 (QN/EM) 	Elapsed: 0.007	Loglikelihood: -13738.4	(delta): 1.67313
84 (QN/EM) 	Elapsed: 0.008	Loglikelihood: -13737.7	(delta): 0.692376
85 (QN/EM) 	Elapsed: 0.007	Loglikelihood: -13737	(delta): 0.686518
86 (QN/EM) 	Elapsed: 0.007	Loglikelihood: -13736.3	(delta): 0.710919
87 (QN/EM) 	Elapsed: 0.007	Loglikelihood: -13735.6	(delta): 0.741303
88 (QN/EM) 	Elapsed: 0.008	Loglikelihood: -13734.8	(delta): 0.776502
89 (QN/EM) 	Elapsed: 0.007	Loglikelihood: -13734	(delta): 0.816775
90 (QN/EM) 	Elapsed: 0.007	Loglikelihood: -13733.1	(delta): 0.85957
91 (QN/EM) 	Elapsed: 0.008	Loglikelihood: -13732.2	(delta): 0.898782
92 (QN/EM) 	Elapsed: 0.007	Loglikelihood: -13731.3	(delta): 0.928369
93 (QN/EM) 	Elapsed: 0.007	Loglikelihood: -13730.4	(delta): 0.941029
94 (QN/EM) 	Elapsed: 0.007	Loglikelihood: -13729.4	(delta): 0.935437
95 (QN/EM) 	Elapsed: 0.007	Loglikelihood: -13728.5	(delta): 0.92509
96 (QN/EM) 	Elapsed: 0.007	Loglikelihood: -13727.6	(delta): 0.918086
97 (QN/EM) 	Elapsed: 0.007	Loglikelihood: -13726.7	(delta): 0.909557
98 (QN/EM) 	Elapsed: 0.007	Loglikelihood: -13725.8	(delta): 0.89541
99 (QN/EM) 	Elapsed: 0.007	Loglikelihood: -13718.6	(delta): 7.172
100 (QN/EM) 	Elapsed: 0.008	Loglikelihood: -13712.8	(delta): 5.76953
101 (QN/EM) 	Elapsed: 0.007	Loglikelihood: -13711.8	(delta): 1.06173
102 (QN/EM) 	Elapsed: 0.007	Loglikelihood: -13711.1	(delta): 0.69239
103 (QN/EM) 	Elapsed: 0.007	Loglikelihood: -13709.5	(delta): 1.58376
104 (QN/EM) 	Elapsed: 0.007	Loglikelihood: -13706.4	(delta): 3.14418
105 (QN/EM) 	Elapsed: 0.007	Loglikelihood: -13703.3	(delta): 3.09881
106 (QN/EM) 	Elapsed: 0.008	Loglikelihood: -13701.4	(delta): 1.84791
107 (QN/EM) 	Elapsed: 0.007	Loglikelihood: -13699.5	(delta): 1.88893
108 (QN/EM) 	Elapsed: 0.007	Loglikelihood: -13698.7	(delta): 0.832094
109 (QN/EM) 	Elapsed: 0.007	Loglikelihood: -13697.6	(delta): 1.10942
110 (QN/EM) 	Elapsed: 0.008	Loglikelihood: -13697.2	(delta): 0.335173
111 (QN/EM) 	Elapsed: 0.007	Loglikelihood: -13697	(delta): 0.291343
112 (QN/EM) 	Elapsed: 0.007	Loglikelihood: -13696.4	(delta): 0.563306
113 (QN/EM) 	Elapsed: 0.007	Loglikelihood: -13695.9	(delta): 0.446639
114 (QN/EM) 	Elapsed: 0.007	Loglikelihood: -13695.4	(delta): 0.545831
115 (QN/EM) 	Elapsed: 0.007	Loglikelihood: -13694.9	(delta): 0.482173
116 (QN/EM) 	Elapsed: 0.007	Loglikelihood: -13691.8	(delta): 3.08565
117 (QN/EM) 	Elapsed: 0.007	Loglikelihood: -13690.8	(delta): 0.984731
118 (QN/EM) 	Elapsed: 0.007	Loglikelihood: -13690.1	(delta): 0.779827
119 (QN/EM) 	Elapsed: 0.007	Loglikelihood: -13689.7	(delta): 0.369699
120 (QN/EM) 	Elapsed: 0.007	Loglikelihood: -13689	(delta): 0.73753
121 (QN/EM) 	Elapsed: 0.007	Loglikelihood: -13688.2	(delta): 0.778176
122 (QN/EM) 	Elapsed: 0.007	Loglikelihood: -13687.8	(delta): 0.346472
123 (QN/EM) 	Elapsed: 0.007	Loglikelihood: -13687.3	(delta): 0.555948
124 (QN/EM) 	Elapsed: 0.007	Loglikelihood: -13687	(delta): 0.245527
125 (QN/EM) 	Elapsed: 0.007	Loglikelihood: -13686.8	(delta): 0.266993
126 (QN/EM) 	Elapsed: 0.007	Loglikelihood: -13686.6	(delta): 0.135927
127 (QN/EM) 	Elapsed: 0.006	Loglikelihood: -13685	(delta): 1.60163
128 (QN/EM) 	Elapsed: 0.007	Loglikelihood: -13684.2	(delta): 0.81178
129 (QN/EM) 	Elapsed: 0.006	Loglikelihood: -13684	(delta): 0.200519
130 (QN/EM) 	Elapsed: 0.007	Loglikelihood: -13683.9	(delta): 0.120331
131 (QN/EM) 	Elapsed: 0.006	Loglikelihood: -13683.5	(delta): 0.376362
132 (QN/EM) 	Elapsed: 0.007	Loglikelihood: -13683.5	(delta): 0.0318457
133 (QN/EM) 	Elapsed: 0.007	Loglikelihood: -13683.5	(delta): 0.0322433
134 (QN/EM) 	Elapsed: 0.006	Loglikelihood: -13683.2	(delta): 0.258169
135 (QN/EM) 	Elapsed: 0.007	Loglikelihood: -13683.2	(delta): 0.0275179
136 (QN/EM) 	Elapsed: 0.007	Loglikelihood: -13683.1	(delta): 0.0249224
137 (QN/EM) 	Elapsed: 0.007	Loglikelihood: -13683.1	(delta): 0.0656356
138 (QN/EM) 	Elapsed: 0.007	Loglikelihood: -13682.4	(delta): 0.692467
139 (QN/EM) 	Elapsed: 0.007	Loglikelihood: -13681.7	(delta): 0.700883
140 (QN/EM) 	Elapsed: 0.006	Loglikelihood: -13681.2	(delta): 0.479618
141 (QN/EM) 	Elapsed: 0.007	Loglikelihood: -13680.8	(delta): 0.368815
142 (QN/EM) 	Elapsed: 0.007	Loglikelihood: -13680.6	(delta): 0.197185
143 (QN/EM) 	Elapsed: 0.007	Loglikelihood: -13680.4	(delta): 0.207944
144 (QN/EM) 	Elapsed: 0.007	Loglikelihood: -13680	(delta): 0.410274
145 (QN/EM) 	Elapsed: 0.007	Loglikelihood: -13679.4	(delta): 0.574259
146 (QN/EM) 	Elapsed: 0.007	Loglikelihood: -13679.4	(delta): 0.0763571
147 (QN/EM) 	Elapsed: 0.007	Loglikelihood: -13679.3	(delta): 0.072317
148 (QN/EM) 	Elapsed: 0.006	Loglikelihood: -13678.9	(delta): 0.408836
149 (QN/EM) 	Elapsed: 0.007	Loglikelihood: -13678.8	(delta): 0.0580187
150 (QN/EM) 	Elapsed: 0.007	Loglikelihood: -13678.8	(delta): 0.0541723
151 (QN/EM) 	Elapsed: 0.007	Loglikelihood: -13678.6	(delta): 0.167868
152 (QN/EM) 	Elapsed: 0.007	Loglikelihood: -13678.3	(delta): 0.329837
153 (QN/EM) 	Elapsed: 0.007	Loglikelihood: -13678	(delta): 0.31274
154 (QN/EM) 	Elapsed: 0.007	Loglikelihood: -13677.8	(delta): 0.200741
155 (QN/EM) 	Elapsed: 0.007	Loglikelihood: -13677.6	(delta): 0.139867
156 (QN/EM) 	Elapsed: 0.007	Loglikelihood: -13677.3	(delta): 0.316072
157 (QN/EM) 	Elapsed: 0.007	Loglikelihood: -13677.1	(delta): 0.247765
158 (QN/EM) 	Elapsed: 0.007	Loglikelihood: -13676.3	(delta): 0.744276
159 (QN/EM) 	Elapsed: 0.007	Loglikelihood: -13676.1	(delta): 0.23081
160 (QN/EM) 	Elapsed: 0.007	Loglikelihood: -13675.7	(delta): 0.384086
161 (QN/EM) 	Elapsed: 0.007	Loglikelihood: -13675.4	(delta): 0.338758
162 (QN/EM) 	Elapsed: 0.007	Loglikelihood: -13674.8	(delta): 0.549867
163 (QN/EM) 	Elapsed: 0.007	Loglikelihood: -13674.4	(delta): 0.417452
164 (QN/EM) 	Elapsed: 0.007	Loglikelihood: -13674.3	(delta): 0.122886
165 (QN/EM) 	Elapsed: 0.007	Loglikelihood: -13674.2	(delta): 0.0735946
166 (QN/EM) 	Elapsed: 0.007	Loglikelihood: -13672.9	(delta): 1.31291
167 (QN/EM) 	Elapsed: 0.007	Loglikelihood: -13672.8	(delta): 0.137179
168 (QN/EM) 	Elapsed: 0.007	Loglikelihood: -13672.7	(delta): 0.065564
169 (QN/EM) 	Elapsed: 0.007	Loglikelihood: -13672.7	(delta): 0.00942167
170 (QN/EM) 	Elapsed: 0.007	Loglikelihood: -13672.7	(delta): 0.010324
171 (QN/EM) 	Elapsed: 0.007	Loglikelihood: -13672.7	(delta): 0.00898511
172 (QN/EM) 	Elapsed: 0.007	Loglikelihood: -13672.7	(delta): 0.00620098
173 (QN/EM) 	Elapsed: 0.007	Loglikelihood: -13672.6	(delta): 0.0400367
174 (QN/EM) 	Elapsed: 0.007	Loglikelihood: -13672.6	(delta): 0.0237183
175 (QN/EM) 	Elapsed: 0.007	Loglikelihood: -13672.6	(delta): 0.000464332
176 (QN/EM) 	Elapsed: 0.007	Loglikelihood: -13672.6	(delta): 0.000619298
177 (QN/EM) 	Elapsed: 0.007	Loglikelihood: -13672.6	(delta): 0.00243381
178 (QN/EM) 	Elapsed: 0.007	Loglikelihood: -13672.6	(delta): 3.75777e-05
Summary: 
Converged in 178 iterations (1.409 sec)
Loglikelihood: -13672.585344
Fst divergences between estimated populations: 
	Pop0	Pop1	Pop2	
Pop0	
Pop1	0.457	
Pop2	0.098	0.432	
Pop3	0.090	0.421	0.056	
CV error (K=4): 0.55573
Writing output files.
