****                   ADMIXTURE Version 1.3.0                  ****
****                    Copyright 2008-2015                     ****
****           David Alexander, Suyash Shringarpure,            ****
****                John  Novembre, Ken Lange                   ****
****                                                            ****
****                 Please cite our paper!                     ****
****   Information at www.genetics.ucla.edu/software/admixture  ****

Cross-validation will be performed.  Folds=5.
Parallel execution requested.  Will use 5 threads.
Random seed: 43
Point estimation method: EM algorithm
Convergence acceleration algorithm: QuasiNewton, 3 secant conditions
Point estimation will terminate when objective function delta < 0.0001
Estimation of standard errors disabled; will compute point estimates only.
Size of G: 38x1073
Performing five EM steps to prime main algorithm
1 (EM) 	Elapsed: 0.008	Loglikelihood: -17953.3	(delta): 38542.3
2 (EM) 	Elapsed: 0.008	Loglikelihood: -16358.1	(delta): 1595.16
3 (EM) 	Elapsed: 0.008	Loglikelihood: -15954.8	(delta): 403.38
4 (EM) 	Elapsed: 0.008	Loglikelihood: -15713.4	(delta): 241.329
5 (EM) 	Elapsed: 0.008	Loglikelihood: -15537.8	(delta): 175.589
Initial loglikelihood: -15537.8
Starting main algorithm
1 (QN/EM) 	Elapsed: 0.016	Loglikelihood: -15292.6	(delta): 245.197
2 (QN/EM) 	Elapsed: 0.016	Loglikelihood: -15124.8	(delta): 167.882
3 (QN/EM) 	Elapsed: 0.017	Loglikelihood: -14615.9	(delta): 508.851
4 (QN/EM) 	Elapsed: 0.016	Loglikelihood: -14426.8	(delta): 189.162
5 (QN/EM) 	Elapsed: 0.016	Loglikelihood: -14151.1	(delta): 275.659
6 (QN/EM) 	Elapsed: 0.016	Loglikelihood: -13950.2	(delta): 200.928
7 (QN/EM) 	Elapsed: 0.016	Loglikelihood: -13770.6	(delta): 179.557
8 (QN/EM) 	Elapsed: 0.016	Loglikelihood: -13686.7	(delta): 83.8815
9 (QN/EM) 	Elapsed: 0.016	Loglikelihood: -13563.1	(delta): 123.669
10 (QN/EM) 	Elapsed: 0.016	Loglikelihood: -13490.1	(delta): 72.9706
11 (QN/EM) 	Elapsed: 0.016	Loglikelihood: -13436.1	(delta): 53.9734
12 (QN/EM) 	Elapsed: 0.016	Loglikelihood: -13400.2	(delta): 35.9079
13 (QN/EM) 	Elapsed: 0.016	Loglikelihood: -13274	(delta): 126.162
14 (QN/EM) 	Elapsed: 0.016	Loglikelihood: -13236.7	(delta): 37.3803
15 (QN/EM) 	Elapsed: 0.016	Loglikelihood: -13206.9	(delta): 29.7175
16 (QN/EM) 	Elapsed: 0.016	Loglikelihood: -13153.3	(delta): 53.6881
17 (QN/EM) 	Elapsed: 0.016	Loglikelihood: -13117.8	(delta): 35.4252
18 (QN/EM) 	Elapsed: 0.016	Loglikelihood: -13087.3	(delta): 30.5773
19 (QN/EM) 	Elapsed: 0.016	Loglikelihood: -13066.7	(delta): 20.5698
20 (QN/EM) 	Elapsed: 0.016	Loglikelihood: -13037.2	(delta): 29.5214
21 (QN/EM) 	Elapsed: 0.016	Loglikelihood: -13014.3	(delta): 22.8228
22 (QN/EM) 	Elapsed: 0.016	Loglikelihood: -12996.8	(delta): 17.5146
23 (QN/EM) 	Elapsed: 0.017	Loglikelihood: -12988	(delta): 8.82259
24 (QN/EM) 	Elapsed: 0.016	Loglikelihood: -12970.8	(delta): 17.188
25 (QN/EM) 	Elapsed: 0.017	Loglikelihood: -12929.9	(delta): 40.8925
26 (QN/EM) 	Elapsed: 0.017	Loglikelihood: -12902.4	(delta): 27.5099
27 (QN/EM) 	Elapsed: 0.016	Loglikelihood: -12883.5	(delta): 18.8871
28 (QN/EM) 	Elapsed: 0.016	Loglikelihood: -12846.5	(delta): 37.0252
29 (QN/EM) 	Elapsed: 0.017	Loglikelihood: -12835.9	(delta): 10.593
30 (QN/EM) 	Elapsed: 0.017	Loglikelihood: -12829.5	(delta): 6.36649
31 (QN/EM) 	Elapsed: 0.016	Loglikelihood: -12823.1	(delta): 6.45962
32 (QN/EM) 	Elapsed: 0.017	Loglikelihood: -12812.5	(delta): 10.5461
33 (QN/EM) 	Elapsed: 0.017	Loglikelihood: -12808.9	(delta): 3.61126
34 (QN/EM) 	Elapsed: 0.016	Loglikelihood: -12801.6	(delta): 7.36788
35 (QN/EM) 	Elapsed: 0.016	Loglikelihood: -12788.2	(delta): 13.3139
36 (QN/EM) 	Elapsed: 0.016	Loglikelihood: -12780.8	(delta): 7.42127
37 (QN/EM) 	Elapsed: 0.016	Loglikelihood: -12778.3	(delta): 2.53086
38 (QN/EM) 	Elapsed: 0.017	Loglikelihood: -12776.8	(delta): 1.46664
39 (QN/EM) 	Elapsed: 0.016	Loglikelihood: -12774	(delta): 2.86758
40 (QN/EM) 	Elapsed: 0.017	Loglikelihood: -12772.7	(delta): 1.27356
41 (QN/EM) 	Elapsed: 0.017	Loglikelihood: -12771.3	(delta): 1.37555
42 (QN/EM) 	Elapsed: 0.016	Loglikelihood: -12767.9	(delta): 3.45849
43 (QN/EM) 	Elapsed: 0.017	Loglikelihood: -12766.7	(delta): 1.15249
44 (QN/EM) 	Elapsed: 0.016	Loglikelihood: -12762.9	(delta): 3.84579
45 (QN/EM) 	Elapsed: 0.016	Loglikelihood: -12752.9	(delta): 9.97592
46 (QN/EM) 	Elapsed: 0.016	Loglikelihood: -12750.9	(delta): 2.01368
47 (QN/EM) 	Elapsed: 0.016	Loglikelihood: -12747.1	(delta): 3.75164
48 (QN/EM) 	Elapsed: 0.017	Loglikelihood: -12746.4	(delta): 0.68883
49 (QN/EM) 	Elapsed: 0.017	Loglikelihood: -12745.9	(delta): 0.505049
50 (QN/EM) 	Elapsed: 0.016	Loglikelihood: -12744.4	(delta): 1.47806
51 (QN/EM) 	Elapsed: 0.017	Loglikelihood: -12743.5	(delta): 0.920611
52 (QN/EM) 	Elapsed: 0.017	Loglikelihood: -12743.1	(delta): 0.381246
53 (QN/EM) 	Elapsed: 0.016	Loglikelihood: -12742.3	(delta): 0.87923
54 (QN/EM) 	Elapsed: 0.017	Loglikelihood: -12742	(delta): 0.268958
55 (QN/EM) 	Elapsed: 0.016	Loglikelihood: -12737	(delta): 5.01155
56 (QN/EM) 	Elapsed: 0.017	Loglikelihood: -12735.8	(delta): 1.20868
57 (QN/EM) 	Elapsed: 0.017	Loglikelihood: -12735.4	(delta): 0.357132
58 (QN/EM) 	Elapsed: 0.016	Loglikelihood: -12734.7	(delta): 0.72116
59 (QN/EM) 	Elapsed: 0.017	Loglikelihood: -12734.1	(delta): 0.574501
60 (QN/EM) 	Elapsed: 0.016	Loglikelihood: -12733	(delta): 1.16051
61 (QN/EM) 	Elapsed: 0.016	Loglikelihood: -12731.1	(delta): 1.81709
62 (QN/EM) 	Elapsed: 0.016	Loglikelihood: -12730.6	(delta): 0.527258
63 (QN/EM) 	Elapsed: 0.016	Loglikelihood: -12729	(delta): 1.56234
64 (QN/EM) 	Elapsed: 0.016	Loglikelihood: -12728.8	(delta): 0.230597
65 (QN/EM) 	Elapsed: 0.016	Loglikelihood: -12719.6	(delta): 9.21963
66 (QN/EM) 	Elapsed: 0.016	Loglikelihood: -12717.6	(delta): 2.02925
67 (QN/EM) 	Elapsed: 0.016	Loglikelihood: -12715.3	(delta): 2.27951
68 (QN/EM) 	Elapsed: 0.016	Loglikelihood: -12714.8	(delta): 0.473885
69 (QN/EM) 	Elapsed: 0.016	Loglikelihood: -12714.7	(delta): 0.153932
70 (QN/EM) 	Elapsed: 0.016	Loglikelihood: -12714.6	(delta): 0.109647
71 (QN/EM) 	Elapsed: 0.017	Loglikelihood: -12714.4	(delta): 0.128817
72 (QN/EM) 	Elapsed: 0.017	Loglikelihood: -12714.3	(delta): 0.113379
73 (QN/EM) 	Elapsed: 0.016	Loglikelihood: -12714.2	(delta): 0.0977706
74 (QN/EM) 	Elapsed: 0.017	Loglikelihood: -12714.1	(delta): 0.0898573
75 (QN/EM) 	Elapsed: 0.016	Loglikelihood: -12713.9	(delta): 0.177366
76 (QN/EM) 	Elapsed: 0.016	Loglikelihood: -12713.7	(delta): 0.234404
77 (QN/EM) 	Elapsed: 0.017	Loglikelihood: -12713.6	(delta): 0.0977329
78 (QN/EM) 	Elapsed: 0.016	Loglikelihood: -12713.2	(delta): 0.368007
79 (QN/EM) 	Elapsed: 0.016	Loglikelihood: -12712.9	(delta): 0.32651
80 (QN/EM) 	Elapsed: 0.016	Loglikelihood: -12712.6	(delta): 0.345841
81 (QN/EM) 	Elapsed: 0.016	Loglikelihood: -12711.8	(delta): 0.753829
82 (QN/EM) 	Elapsed: 0.016	Loglikelihood: -12711.6	(delta): 0.206985
83 (QN/EM) 	Elapsed: 0.016	Loglikelihood: -12711.1	(delta): 0.471653
84 (QN/EM) 	Elapsed: 0.017	Loglikelihood: -12711	(delta): 0.121669
85 (QN/EM) 	Elapsed: 0.016	Loglikelihood: -12710.4	(delta): 0.573537
86 (QN/EM) 	Elapsed: 0.016	Loglikelihood: -12709.4	(delta): 1.06824
87 (QN/EM) 	Elapsed: 0.016	Loglikelihood: -12706.8	(delta): 2.60109
88 (QN/EM) 	Elapsed: 0.017	Loglikelihood: -12704.8	(delta): 2.02005
89 (QN/EM) 	Elapsed: 0.017	Loglikelihood: -12704.2	(delta): 0.529837
90 (QN/EM) 	Elapsed: 0.017	Loglikelihood: -12703.8	(delta): 0.445925
91 (QN/EM) 	Elapsed: 0.017	Loglikelihood: -12703.3	(delta): 0.489158
92 (QN/EM) 	Elapsed: 0.017	Loglikelihood: -12702.8	(delta): 0.512157
93 (QN/EM) 	Elapsed: 0.016	Loglikelihood: -12701.5	(delta): 1.30626
94 (QN/EM) 	Elapsed: 0.016	Loglikelihood: -12700.8	(delta): 0.658661
95 (QN/EM) 	Elapsed: 0.016	Loglikelihood: -12700	(delta): 0.850903
96 (QN/EM) 	Elapsed: 0.017	Loglikelihood: -12699.6	(delta): 0.359784
97 (QN/EM) 	Elapsed: 0.017	Loglikelihood: -12699.3	(delta): 0.299371
98 (QN/EM) 	Elapsed: 0.017	Loglikelihood: -12699.1	(delta): 0.233459
99 (QN/EM) 	Elapsed: 0.017	Loglikelihood: -12698.9	(delta): 0.212557
100 (QN/EM) 	Elapsed: 0.016	Loglikelihood: -12698.1	(delta): 0.735442
101 (QN/EM) 	Elapsed: 0.016	Loglikelihood: -12696.7	(delta): 1.38914
102 (QN/EM) 	Elapsed: 0.017	Loglikelihood: -12696.4	(delta): 0.330249
103 (QN/EM) 	Elapsed: 0.017	Loglikelihood: -12696.1	(delta): 0.286318
104 (QN/EM) 	Elapsed: 0.016	Loglikelihood: -12695.9	(delta): 0.222955
105 (QN/EM) 	Elapsed: 0.017	Loglikelihood: -12695.4	(delta): 0.479584
106 (QN/EM) 	Elapsed: 0.017	Loglikelihood: -12694.8	(delta): 0.56681
107 (QN/EM) 	Elapsed: 0.016	Loglikelihood: -12694.6	(delta): 0.245369
108 (QN/EM) 	Elapsed: 0.016	Loglikelihood: -12694	(delta): 0.557136
109 (QN/EM) 	Elapsed: 0.016	Loglikelihood: -12693.9	(delta): 0.119608
110 (QN/EM) 	Elapsed: 0.017	Loglikelihood: -12693.8	(delta): 0.127101
111 (QN/EM) 	Elapsed: 0.016	Loglikelihood: -12693.5	(delta): 0.287017
112 (QN/EM) 	Elapsed: 0.016	Loglikelihood: -12692.3	(delta): 1.17784
113 (QN/EM) 	Elapsed: 0.017	Loglikelihood: -12692.1	(delta): 0.257679
114 (QN/EM) 	Elapsed: 0.016	Loglikelihood: -12691.4	(delta): 0.630567
115 (QN/EM) 	Elapsed: 0.016	Loglikelihood: -12690.9	(delta): 0.494287
116 (QN/EM) 	Elapsed: 0.016	Loglikelihood: -12690.7	(delta): 0.225044
117 (QN/EM) 	Elapsed: 0.016	Loglikelihood: -12690.4	(delta): 0.293331
118 (QN/EM) 	Elapsed: 0.016	Loglikelihood: -12690.3	(delta): 0.099586
119 (QN/EM) 	Elapsed: 0.016	Loglikelihood: -12690.2	(delta): 0.0973169
120 (QN/EM) 	Elapsed: 0.016	Loglikelihood: -12690.1	(delta): 0.153785
121 (QN/EM) 	Elapsed: 0.016	Loglikelihood: -12689.9	(delta): 0.139945
122 (QN/EM) 	Elapsed: 0.016	Loglikelihood: -12689.9	(delta): 0.0491878
123 (QN/EM) 	Elapsed: 0.016	Loglikelihood: -12689.8	(delta): 0.0517716
124 (QN/EM) 	Elapsed: 0.016	Loglikelihood: -12689.4	(delta): 0.464391
125 (QN/EM) 	Elapsed: 0.016	Loglikelihood: -12689.2	(delta): 0.151157
126 (QN/EM) 	Elapsed: 0.016	Loglikelihood: -12689.2	(delta): 0.0554758
127 (QN/EM) 	Elapsed: 0.016	Loglikelihood: -12689.1	(delta): 0.064572
128 (QN/EM) 	Elapsed: 0.016	Loglikelihood: -12688.8	(delta): 0.277494
129 (QN/EM) 	Elapsed: 0.016	Loglikelihood: -12688.4	(delta): 0.400267
130 (QN/EM) 	Elapsed: 0.016	Loglikelihood: -12688.1	(delta): 0.289028
131 (QN/EM) 	Elapsed: 0.016	Loglikelihood: -12688.1	(delta): 0.0572355
132 (QN/EM) 	Elapsed: 0.016	Loglikelihood: -12687.9	(delta): 0.154464
133 (QN/EM) 	Elapsed: 0.016	Loglikelihood: -12686.3	(delta): 1.59943
134 (QN/EM) 	Elapsed: 0.016	Loglikelihood: -12684.9	(delta): 1.39162
135 (QN/EM) 	Elapsed: 0.016	Loglikelihood: -12684.5	(delta): 0.414268
136 (QN/EM) 	Elapsed: 0.016	Loglikelihood: -12684.3	(delta): 0.177303
137 (QN/EM) 	Elapsed: 0.016	Loglikelihood: -12684.1	(delta): 0.259993
138 (QN/EM) 	Elapsed: 0.016	Loglikelihood: -12681.9	(delta): 2.22169
139 (QN/EM) 	Elapsed: 0.016	Loglikelihood: -12681.1	(delta): 0.747292
140 (QN/EM) 	Elapsed: 0.016	Loglikelihood: -12680.5	(delta): 0.589223
141 (QN/EM) 	Elapsed: 0.016	Loglikelihood: -12680.2	(delta): 0.310511
142 (QN/EM) 	Elapsed: 0.016	Loglikelihood: -12679.9	(delta): 0.31186
143 (QN/EM) 	Elapsed: 0.017	Loglikelihood: -12679.3	(delta): 0.651007
144 (QN/EM) 	Elapsed: 0.016	Loglikelihood: -12678.9	(delta): 0.319768
145 (QN/EM) 	Elapsed: 0.016	Loglikelihood: -12678.3	(delta): 0.680425
146 (QN/EM) 	Elapsed: 0.016	Loglikelihood: -12677.9	(delta): 0.34483
147 (QN/EM) 	Elapsed: 0.016	Loglikelihood: -12677.6	(delta): 0.266544
148 (QN/EM) 	Elapsed: 0.016	Loglikelihood: -12677	(delta): 0.67336
149 (QN/EM) 	Elapsed: 0.016	Loglikelihood: -12676.5	(delta): 0.495195
150 (QN/EM) 	Elapsed: 0.017	Loglikelihood: -12676.1	(delta): 0.336786
151 (QN/EM) 	Elapsed: 0.016	Loglikelihood: -12675.7	(delta): 0.464285
152 (QN/EM) 	Elapsed: 0.017	Loglikelihood: -12675.4	(delta): 0.232229
153 (QN/EM) 	Elapsed: 0.017	Loglikelihood: -12675.2	(delta): 0.253438
154 (QN/EM) 	Elapsed: 0.016	Loglikelihood: -12674.5	(delta): 0.674333
155 (QN/EM) 	Elapsed: 0.017	Loglikelihood: -12674.4	(delta): 0.158954
156 (QN/EM) 	Elapsed: 0.017	Loglikelihood: -12674.1	(delta): 0.252994
157 (QN/EM) 	Elapsed: 0.016	Loglikelihood: -12673.5	(delta): 0.623026
158 (QN/EM) 	Elapsed: 0.017	Loglikelihood: -12673.2	(delta): 0.307895
159 (QN/EM) 	Elapsed: 0.017	Loglikelihood: -12672.9	(delta): 0.305844
160 (QN/EM) 	Elapsed: 0.016	Loglikelihood: -12672.5	(delta): 0.387433
161 (QN/EM) 	Elapsed: 0.017	Loglikelihood: -12672.2	(delta): 0.314426
162 (QN/EM) 	Elapsed: 0.017	Loglikelihood: -12671.9	(delta): 0.254799
163 (QN/EM) 	Elapsed: 0.016	Loglikelihood: -12671.3	(delta): 0.638664
164 (QN/EM) 	Elapsed: 0.016	Loglikelihood: -12670.9	(delta): 0.373874
165 (QN/EM) 	Elapsed: 0.016	Loglikelihood: -12670.5	(delta): 0.422788
166 (QN/EM) 	Elapsed: 0.016	Loglikelihood: -12670.1	(delta): 0.329854
167 (QN/EM) 	Elapsed: 0.016	Loglikelihood: -12669.7	(delta): 0.460156
168 (QN/EM) 	Elapsed: 0.017	Loglikelihood: -12669.6	(delta): 0.118859
169 (QN/EM) 	Elapsed: 0.016	Loglikelihood: -12669.2	(delta): 0.3487
170 (QN/EM) 	Elapsed: 0.017	Loglikelihood: -12669.1	(delta): 0.112801
171 (QN/EM) 	Elapsed: 0.017	Loglikelihood: -12669	(delta): 0.128959
172 (QN/EM) 	Elapsed: 0.017	Loglikelihood: -12668.8	(delta): 0.142822
173 (QN/EM) 	Elapsed: 0.016	Loglikelihood: -12668.7	(delta): 0.167003
174 (QN/EM) 	Elapsed: 0.016	Loglikelihood: -12668.4	(delta): 0.280053
175 (QN/EM) 	Elapsed: 0.017	Loglikelihood: -12667.7	(delta): 0.660814
176 (QN/EM) 	Elapsed: 0.017	Loglikelihood: -12667.6	(delta): 0.137485
177 (QN/EM) 	Elapsed: 0.016	Loglikelihood: -12666.9	(delta): 0.636093
178 (QN/EM) 	Elapsed: 0.016	Loglikelihood: -12665.3	(delta): 1.66944
179 (QN/EM) 	Elapsed: 0.017	Loglikelihood: -12664.5	(delta): 0.755323
180 (QN/EM) 	Elapsed: 0.016	Loglikelihood: -12664.1	(delta): 0.397318
181 (QN/EM) 	Elapsed: 0.016	Loglikelihood: -12663.8	(delta): 0.332511
182 (QN/EM) 	Elapsed: 0.017	Loglikelihood: -12663.6	(delta): 0.142445
183 (QN/EM) 	Elapsed: 0.016	Loglikelihood: -12663.2	(delta): 0.483945
184 (QN/EM) 	Elapsed: 0.017	Loglikelihood: -12662.6	(delta): 0.560903
185 (QN/EM) 	Elapsed: 0.017	Loglikelihood: -12662.4	(delta): 0.195263
186 (QN/EM) 	Elapsed: 0.017	Loglikelihood: -12662.2	(delta): 0.171657
187 (QN/EM) 	Elapsed: 0.017	Loglikelihood: -12662.1	(delta): 0.158485
188 (QN/EM) 	Elapsed: 0.016	Loglikelihood: -12661.6	(delta): 0.467893
189 (QN/EM) 	Elapsed: 0.017	Loglikelihood: -12661	(delta): 0.644348
190 (QN/EM) 	Elapsed: 0.017	Loglikelihood: -12660.9	(delta): 0.103136
191 (QN/EM) 	Elapsed: 0.017	Loglikelihood: -12660.8	(delta): 0.0977926
192 (QN/EM) 	Elapsed: 0.016	Loglikelihood: -12660.7	(delta): 0.110114
193 (QN/EM) 	Elapsed: 0.017	Loglikelihood: -12660.5	(delta): 0.113051
194 (QN/EM) 	Elapsed: 0.017	Loglikelihood: -12660.4	(delta): 0.103177
195 (QN/EM) 	Elapsed: 0.017	Loglikelihood: -12660.3	(delta): 0.0955336
196 (QN/EM) 	Elapsed: 0.017	Loglikelihood: -12660.2	(delta): 0.0959279
197 (QN/EM) 	Elapsed: 0.016	Loglikelihood: -12660	(delta): 0.247972
198 (QN/EM) 	Elapsed: 0.016	Loglikelihood: -12659.1	(delta): 0.932947
199 (QN/EM) 	Elapsed: 0.017	Loglikelihood: -12658.9	(delta): 0.134868
200 (QN/EM) 	Elapsed: 0.016	Loglikelihood: -12658.3	(delta): 0.589031
201 (QN/EM) 	Elapsed: 0.016	Loglikelihood: -12657.7	(delta): 0.640039
202 (QN/EM) 	Elapsed: 0.016	Loglikelihood: -12657.5	(delta): 0.186132
203 (QN/EM) 	Elapsed: 0.017	Loglikelihood: -12657.2	(delta): 0.284858
204 (QN/EM) 	Elapsed: 0.017	Loglikelihood: -12657.1	(delta): 0.0948545
205 (QN/EM) 	Elapsed: 0.017	Loglikelihood: -12657	(delta): 0.103016
206 (QN/EM) 	Elapsed: 0.017	Loglikelihood: -12656.9	(delta): 0.152825
207 (QN/EM) 	Elapsed: 0.017	Loglikelihood: -12656.8	(delta): 0.111598
208 (QN/EM) 	Elapsed: 0.017	Loglikelihood: -12656.7	(delta): 0.0891483
209 (QN/EM) 	Elapsed: 0.017	Loglikelihood: -12656.6	(delta): 0.0824227
210 (QN/EM) 	Elapsed: 0.017	Loglikelihood: -12656.5	(delta): 0.0710868
211 (QN/EM) 	Elapsed: 0.016	Loglikelihood: -12656.3	(delta): 0.231488
212 (QN/EM) 	Elapsed: 0.016	Loglikelihood: -12656.2	(delta): 0.0786066
213 (QN/EM) 	Elapsed: 0.016	Loglikelihood: -12656.1	(delta): 0.133524
214 (QN/EM) 	Elapsed: 0.016	Loglikelihood: -12655.8	(delta): 0.247525
215 (QN/EM) 	Elapsed: 0.017	Loglikelihood: -12655.7	(delta): 0.15586
216 (QN/EM) 	Elapsed: 0.016	Loglikelihood: -12655.4	(delta): 0.25236
217 (QN/EM) 	Elapsed: 0.016	Loglikelihood: -12655.3	(delta): 0.170553
218 (QN/EM) 	Elapsed: 0.016	Loglikelihood: -12655.2	(delta): 0.0783728
219 (QN/EM) 	Elapsed: 0.016	Loglikelihood: -12655	(delta): 0.155947
220 (QN/EM) 	Elapsed: 0.016	Loglikelihood: -12654.8	(delta): 0.252796
221 (QN/EM) 	Elapsed: 0.016	Loglikelihood: -12654.7	(delta): 0.096736
222 (QN/EM) 	Elapsed: 0.016	Loglikelihood: -12654.5	(delta): 0.165248
223 (QN/EM) 	Elapsed: 0.016	Loglikelihood: -12654.5	(delta): 0.0314644
224 (QN/EM) 	Elapsed: 0.016	Loglikelihood: -12654	(delta): 0.451204
225 (QN/EM) 	Elapsed: 0.016	Loglikelihood: -12653	(delta): 0.987534
226 (QN/EM) 	Elapsed: 0.016	Loglikelihood: -12652.5	(delta): 0.568842
227 (QN/EM) 	Elapsed: 0.016	Loglikelihood: -12652.4	(delta): 0.0771592
228 (QN/EM) 	Elapsed: 0.016	Loglikelihood: -12652.3	(delta): 0.0622995
229 (QN/EM) 	Elapsed: 0.016	Loglikelihood: -12652.2	(delta): 0.0816047
230 (QN/EM) 	Elapsed: 0.016	Loglikelihood: -12652.1	(delta): 0.146631
231 (QN/EM) 	Elapsed: 0.016	Loglikelihood: -12652.1	(delta): 0.0193784
232 (QN/EM) 	Elapsed: 0.017	Loglikelihood: -12652.1	(delta): 0.00770554
233 (QN/EM) 	Elapsed: 0.017	Loglikelihood: -12652.1	(delta): 0.0078277
234 (QN/EM) 	Elapsed: 0.017	Loglikelihood: -12652.1	(delta): 0.00798789
235 (QN/EM) 	Elapsed: 0.017	Loglikelihood: -12652.1	(delta): 0.00817734
236 (QN/EM) 	Elapsed: 0.016	Loglikelihood: -12651.6	(delta): 0.403927
237 (QN/EM) 	Elapsed: 0.017	Loglikelihood: -12651.6	(delta): 0.0262615
238 (QN/EM) 	Elapsed: 0.016	Loglikelihood: -12651.6	(delta): 0.00357543
239 (QN/EM) 	Elapsed: 0.016	Loglikelihood: -12651.6	(delta): 0.0354665
240 (QN/EM) 	Elapsed: 0.016	Loglikelihood: -12651.6	(delta): 0.00765391
241 (QN/EM) 	Elapsed: 0.017	Loglikelihood: -12651.6	(delta): 0.00189693
242 (QN/EM) 	Elapsed: 0.017	Loglikelihood: -12651.6	(delta): 0.00224988
243 (QN/EM) 	Elapsed: 0.017	Loglikelihood: -12651.5	(delta): 0.0357472
244 (QN/EM) 	Elapsed: 0.016	Loglikelihood: -12651.5	(delta): 0.0313429
245 (QN/EM) 	Elapsed: 0.016	Loglikelihood: -12651.5	(delta): 0.0320151
246 (QN/EM) 	Elapsed: 0.017	Loglikelihood: -12651.5	(delta): 0.00491092
247 (QN/EM) 	Elapsed: 0.017	Loglikelihood: -12651.5	(delta): 0.00552415
248 (QN/EM) 	Elapsed: 0.017	Loglikelihood: -12651.5	(delta): 0.00638355
249 (QN/EM) 	Elapsed: 0.017	Loglikelihood: -12651.4	(delta): 0.00745737
250 (QN/EM) 	Elapsed: 0.017	Loglikelihood: -12651.4	(delta): 0.00900968
251 (QN/EM) 	Elapsed: 0.017	Loglikelihood: -12651.4	(delta): 0.0100848
252 (QN/EM) 	Elapsed: 0.017	Loglikelihood: -12651.4	(delta): 0.00918377
253 (QN/EM) 	Elapsed: 0.017	Loglikelihood: -12651.4	(delta): 0.0108315
254 (QN/EM) 	Elapsed: 0.017	Loglikelihood: -12651.4	(delta): 0.0129098
255 (QN/EM) 	Elapsed: 0.017	Loglikelihood: -12651.4	(delta): 0.0155162
256 (QN/EM) 	Elapsed: 0.017	Loglikelihood: -12651.4	(delta): 0.0187808
257 (QN/EM) 	Elapsed: 0.017	Loglikelihood: -12651.3	(delta): 0.0228673
258 (QN/EM) 	Elapsed: 0.017	Loglikelihood: -12651.3	(delta): 0.0279759
259 (QN/EM) 	Elapsed: 0.017	Loglikelihood: -12651.3	(delta): 0.0343446
260 (QN/EM) 	Elapsed: 0.017	Loglikelihood: -12651.2	(delta): 0.0422464
261 (QN/EM) 	Elapsed: 0.017	Loglikelihood: -12651.2	(delta): 0.0519763
262 (QN/EM) 	Elapsed: 0.017	Loglikelihood: -12651.1	(delta): 0.0638247
263 (QN/EM) 	Elapsed: 0.017	Loglikelihood: -12651	(delta): 0.0780254
264 (QN/EM) 	Elapsed: 0.017	Loglikelihood: -12650.9	(delta): 0.0946721
265 (QN/EM) 	Elapsed: 0.017	Loglikelihood: -12650.8	(delta): 0.113599
266 (QN/EM) 	Elapsed: 0.017	Loglikelihood: -12650.7	(delta): 0.134235
267 (QN/EM) 	Elapsed: 0.017	Loglikelihood: -12650.5	(delta): 0.155462
268 (QN/EM) 	Elapsed: 0.017	Loglikelihood: -12650.4	(delta): 0.175551
269 (QN/EM) 	Elapsed: 0.017	Loglikelihood: -12650.2	(delta): 0.192282
270 (QN/EM) 	Elapsed: 0.017	Loglikelihood: -12650	(delta): 0.203329
271 (QN/EM) 	Elapsed: 0.017	Loglikelihood: -12649.8	(delta): 0.206888
272 (QN/EM) 	Elapsed: 0.017	Loglikelihood: -12649.6	(delta): 0.202352
273 (QN/EM) 	Elapsed: 0.017	Loglikelihood: -12649.4	(delta): 0.190673
274 (QN/EM) 	Elapsed: 0.017	Loglikelihood: -12649.2	(delta): 0.174168
275 (QN/EM) 	Elapsed: 0.017	Loglikelihood: -12649	(delta): 0.155872
276 (QN/EM) 	Elapsed: 0.017	Loglikelihood: -12648.9	(delta): 0.138874
277 (QN/EM) 	Elapsed: 0.016	Loglikelihood: -12648.6	(delta): 0.312992
278 (QN/EM) 	Elapsed: 0.016	Loglikelihood: -12648	(delta): 0.627108
279 (QN/EM) 	Elapsed: 0.017	Loglikelihood: -12647.9	(delta): 0.0514025
280 (QN/EM) 	Elapsed: 0.017	Loglikelihood: -12647.9	(delta): 0.0290993
281 (QN/EM) 	Elapsed: 0.017	Loglikelihood: -12647.8	(delta): 0.0971559
282 (QN/EM) 	Elapsed: 0.017	Loglikelihood: -12647.5	(delta): 0.326506
283 (QN/EM) 	Elapsed: 0.017	Loglikelihood: -12646.5	(delta): 0.908947
284 (QN/EM) 	Elapsed: 0.016	Loglikelihood: -12644.5	(delta): 2.08671
285 (QN/EM) 	Elapsed: 0.017	Loglikelihood: -12643.5	(delta): 0.962424
286 (QN/EM) 	Elapsed: 0.017	Loglikelihood: -12643	(delta): 0.526429
287 (QN/EM) 	Elapsed: 0.017	Loglikelihood: -12642.6	(delta): 0.333467
288 (QN/EM) 	Elapsed: 0.016	Loglikelihood: -12641.4	(delta): 1.21678
289 (QN/EM) 	Elapsed: 0.016	Loglikelihood: -12640.9	(delta): 0.528292
290 (QN/EM) 	Elapsed: 0.016	Loglikelihood: -12640.4	(delta): 0.483405
291 (QN/EM) 	Elapsed: 0.016	Loglikelihood: -12640.1	(delta): 0.269739
292 (QN/EM) 	Elapsed: 0.017	Loglikelihood: -12640	(delta): 0.117121
293 (QN/EM) 	Elapsed: 0.017	Loglikelihood: -12639.9	(delta): 0.126484
294 (QN/EM) 	Elapsed: 0.017	Loglikelihood: -12639.8	(delta): 0.0874683
295 (QN/EM) 	Elapsed: 0.017	Loglikelihood: -12639.7	(delta): 0.0752034
296 (QN/EM) 	Elapsed: 0.016	Loglikelihood: -12639.7	(delta): 0.0821336
297 (QN/EM) 	Elapsed: 0.016	Loglikelihood: -12639.3	(delta): 0.319214
298 (QN/EM) 	Elapsed: 0.017	Loglikelihood: -12639	(delta): 0.330365
299 (QN/EM) 	Elapsed: 0.016	Loglikelihood: -12638.7	(delta): 0.316873
300 (QN/EM) 	Elapsed: 0.017	Loglikelihood: -12638.4	(delta): 0.308965
301 (QN/EM) 	Elapsed: 0.016	Loglikelihood: -12638.2	(delta): 0.17781
302 (QN/EM) 	Elapsed: 0.016	Loglikelihood: -12638	(delta): 0.235804
303 (QN/EM) 	Elapsed: 0.017	Loglikelihood: -12637.8	(delta): 0.136864
304 (QN/EM) 	Elapsed: 0.016	Loglikelihood: -12637.7	(delta): 0.115616
305 (QN/EM) 	Elapsed: 0.017	Loglikelihood: -12637.7	(delta): 0.0416612
306 (QN/EM) 	Elapsed: 0.016	Loglikelihood: -12636.9	(delta): 0.814647
307 (QN/EM) 	Elapsed: 0.017	Loglikelihood: -12635.9	(delta): 0.945457
308 (QN/EM) 	Elapsed: 0.016	Loglikelihood: -12635.9	(delta): 0.0545216
309 (QN/EM) 	Elapsed: 0.016	Loglikelihood: -12635.8	(delta): 0.089241
310 (QN/EM) 	Elapsed: 0.016	Loglikelihood: -12635.7	(delta): 0.0739673
311 (QN/EM) 	Elapsed: 0.016	Loglikelihood: -12635.4	(delta): 0.30436
312 (QN/EM) 	Elapsed: 0.017	Loglikelihood: -12635	(delta): 0.379313
313 (QN/EM) 	Elapsed: 0.017	Loglikelihood: -12635	(delta): 0.0468311
314 (QN/EM) 	Elapsed: 0.016	Loglikelihood: -12634.9	(delta): 0.0741266
315 (QN/EM) 	Elapsed: 0.016	Loglikelihood: -12634.9	(delta): 0.0297124
316 (QN/EM) 	Elapsed: 0.016	Loglikelihood: -12634.8	(delta): 0.0220165
317 (QN/EM) 	Elapsed: 0.016	Loglikelihood: -12634.8	(delta): 0.00203923
318 (QN/EM) 	Elapsed: 0.016	Loglikelihood: -12634.8	(delta): 0.00172893
319 (QN/EM) 	Elapsed: 0.016	Loglikelihood: -12634.8	(delta): 0.0157936
320 (QN/EM) 	Elapsed: 0.017	Loglikelihood: -12634.8	(delta): 0.00771967
321 (QN/EM) 	Elapsed: 0.016	Loglikelihood: -12634.8	(delta): 0.00546492
322 (QN/EM) 	Elapsed: 0.016	Loglikelihood: -12634.8	(delta): 0.00108634
323 (QN/EM) 	Elapsed: 0.016	Loglikelihood: -12634.8	(delta): 0.00150373
324 (QN/EM) 	Elapsed: 0.016	Loglikelihood: -12634.8	(delta): 9.32417e-05
Summary: 
Converged in 324 iterations (5.594 sec)
Loglikelihood: -12634.798744
Fst divergences between estimated populations: 
	Pop0	Pop1	Pop2	Pop3	Pop4	
Pop0	
Pop1	0.128	
Pop2	0.157	0.165	
Pop3	0.457	0.475	0.479	
Pop4	0.099	0.124	0.125	0.439	
Pop5	0.102	0.130	0.124	0.441	0.079	
CV error (K=6): 0.64617
Writing output files.
