****                   ADMIXTURE Version 1.3.0                  ****
****                    Copyright 2008-2015                     ****
****           David Alexander, Suyash Shringarpure,            ****
****                John  Novembre, Ken Lange                   ****
****                                                            ****
****                 Please cite our paper!                     ****
****   Information at www.genetics.ucla.edu/software/admixture  ****

Cross-validation will be performed.  Folds=5.
Parallel execution requested.  Will use 5 threads.
Random seed: 43
Point estimation method: EM algorithm
Convergence acceleration algorithm: QuasiNewton, 3 secant conditions
Point estimation will terminate when objective function delta < 0.0001
Estimation of standard errors disabled; will compute point estimates only.
Size of G: 38x1073
Performing five EM steps to prime main algorithm
1 (EM) 	Elapsed: 0.009	Loglikelihood: -17917.1	(delta): 37179.7
2 (EM) 	Elapsed: 0.009	Loglikelihood: -16227	(delta): 1690.18
3 (EM) 	Elapsed: 0.009	Loglikelihood: -15779.9	(delta): 447.081
4 (EM) 	Elapsed: 0.009	Loglikelihood: -15487.3	(delta): 292.628
5 (EM) 	Elapsed: 0.009	Loglikelihood: -15251.4	(delta): 235.857
Initial loglikelihood: -15251.4
Starting main algorithm
1 (QN/EM) 	Elapsed: 0.019	Loglikelihood: -14867.8	(delta): 383.615
2 (QN/EM) 	Elapsed: 0.019	Loglikelihood: -14555.7	(delta): 312.097
3 (QN/EM) 	Elapsed: 0.02	Loglikelihood: -13662.3	(delta): 893.434
4 (QN/EM) 	Elapsed: 0.02	Loglikelihood: -13428.4	(delta): 233.809
5 (QN/EM) 	Elapsed: 0.02	Loglikelihood: -13187.4	(delta): 241.013
6 (QN/EM) 	Elapsed: 0.02	Loglikelihood: -12848.1	(delta): 339.339
7 (QN/EM) 	Elapsed: 0.02	Loglikelihood: -12609.4	(delta): 238.648
8 (QN/EM) 	Elapsed: 0.02	Loglikelihood: -12534.8	(delta): 74.6018
9 (QN/EM) 	Elapsed: 0.02	Loglikelihood: -12379.9	(delta): 154.92
10 (QN/EM) 	Elapsed: 0.02	Loglikelihood: -12266.2	(delta): 113.68
11 (QN/EM) 	Elapsed: 0.02	Loglikelihood: -12127	(delta): 139.253
12 (QN/EM) 	Elapsed: 0.02	Loglikelihood: -12067.1	(delta): 59.8813
13 (QN/EM) 	Elapsed: 0.02	Loglikelihood: -11886.4	(delta): 180.707
14 (QN/EM) 	Elapsed: 0.02	Loglikelihood: -11793.4	(delta): 92.9701
15 (QN/EM) 	Elapsed: 0.019	Loglikelihood: -11713.4	(delta): 80.0511
16 (QN/EM) 	Elapsed: 0.019	Loglikelihood: -11671.3	(delta): 42.0922
17 (QN/EM) 	Elapsed: 0.019	Loglikelihood: -11618.2	(delta): 53.0681
18 (QN/EM) 	Elapsed: 0.02	Loglikelihood: -11586.1	(delta): 32.165
19 (QN/EM) 	Elapsed: 0.02	Loglikelihood: -11559.3	(delta): 26.7464
20 (QN/EM) 	Elapsed: 0.019	Loglikelihood: -11516	(delta): 43.2589
21 (QN/EM) 	Elapsed: 0.019	Loglikelihood: -11474	(delta): 42.0901
22 (QN/EM) 	Elapsed: 0.019	Loglikelihood: -11458.9	(delta): 15.0804
23 (QN/EM) 	Elapsed: 0.02	Loglikelihood: -11411.5	(delta): 47.4174
24 (QN/EM) 	Elapsed: 0.019	Loglikelihood: -11390.1	(delta): 21.3813
25 (QN/EM) 	Elapsed: 0.019	Loglikelihood: -11363	(delta): 27.0781
26 (QN/EM) 	Elapsed: 0.02	Loglikelihood: -11353.6	(delta): 9.37536
27 (QN/EM) 	Elapsed: 0.02	Loglikelihood: -11336.6	(delta): 17.0712
28 (QN/EM) 	Elapsed: 0.02	Loglikelihood: -11326.3	(delta): 10.2736
29 (QN/EM) 	Elapsed: 0.02	Loglikelihood: -11323.6	(delta): 2.64867
30 (QN/EM) 	Elapsed: 0.02	Loglikelihood: -11320.8	(delta): 2.80498
31 (QN/EM) 	Elapsed: 0.02	Loglikelihood: -11318.1	(delta): 2.73764
32 (QN/EM) 	Elapsed: 0.02	Loglikelihood: -11315.6	(delta): 2.49154
33 (QN/EM) 	Elapsed: 0.02	Loglikelihood: -11313.3	(delta): 2.26897
34 (QN/EM) 	Elapsed: 0.02	Loglikelihood: -11302.7	(delta): 10.584
35 (QN/EM) 	Elapsed: 0.02	Loglikelihood: -11293.3	(delta): 9.46038
36 (QN/EM) 	Elapsed: 0.02	Loglikelihood: -11289.4	(delta): 3.89777
37 (QN/EM) 	Elapsed: 0.019	Loglikelihood: -11284.4	(delta): 4.96546
38 (QN/EM) 	Elapsed: 0.02	Loglikelihood: -11281	(delta): 3.42421
39 (QN/EM) 	Elapsed: 0.02	Loglikelihood: -11277.4	(delta): 3.55932
40 (QN/EM) 	Elapsed: 0.02	Loglikelihood: -11275.8	(delta): 1.6577
41 (QN/EM) 	Elapsed: 0.02	Loglikelihood: -11274.2	(delta): 1.58859
42 (QN/EM) 	Elapsed: 0.02	Loglikelihood: -11272.2	(delta): 2.01208
43 (QN/EM) 	Elapsed: 0.02	Loglikelihood: -11270.3	(delta): 1.88097
44 (QN/EM) 	Elapsed: 0.02	Loglikelihood: -11268.6	(delta): 1.69204
45 (QN/EM) 	Elapsed: 0.019	Loglikelihood: -11259.1	(delta): 9.4691
46 (QN/EM) 	Elapsed: 0.019	Loglikelihood: -11241	(delta): 18.1559
47 (QN/EM) 	Elapsed: 0.02	Loglikelihood: -11237.3	(delta): 3.68166
48 (QN/EM) 	Elapsed: 0.019	Loglikelihood: -11233.9	(delta): 3.40767
49 (QN/EM) 	Elapsed: 0.019	Loglikelihood: -11231.7	(delta): 2.17162
50 (QN/EM) 	Elapsed: 0.019	Loglikelihood: -11229	(delta): 2.76767
51 (QN/EM) 	Elapsed: 0.02	Loglikelihood: -11224.2	(delta): 4.78053
52 (QN/EM) 	Elapsed: 0.02	Loglikelihood: -11223.2	(delta): 1.02022
53 (QN/EM) 	Elapsed: 0.02	Loglikelihood: -11220.2	(delta): 2.9442
54 (QN/EM) 	Elapsed: 0.02	Loglikelihood: -11215.5	(delta): 4.68658
55 (QN/EM) 	Elapsed: 0.019	Loglikelihood: -11209.8	(delta): 5.70548
56 (QN/EM) 	Elapsed: 0.02	Loglikelihood: -11206.9	(delta): 2.90655
57 (QN/EM) 	Elapsed: 0.02	Loglikelihood: -11203.1	(delta): 3.85523
58 (QN/EM) 	Elapsed: 0.02	Loglikelihood: -11198.5	(delta): 4.53097
59 (QN/EM) 	Elapsed: 0.02	Loglikelihood: -11194.2	(delta): 4.35241
60 (QN/EM) 	Elapsed: 0.019	Loglikelihood: -11188	(delta): 6.12647
61 (QN/EM) 	Elapsed: 0.019	Loglikelihood: -11173.3	(delta): 14.7263
62 (QN/EM) 	Elapsed: 0.02	Loglikelihood: -11168.3	(delta): 5.02112
63 (QN/EM) 	Elapsed: 0.02	Loglikelihood: -11162.1	(delta): 6.21963
64 (QN/EM) 	Elapsed: 0.019	Loglikelihood: -11160.6	(delta): 1.43735
65 (QN/EM) 	Elapsed: 0.019	Loglikelihood: -11159.6	(delta): 0.9982
66 (QN/EM) 	Elapsed: 0.019	Loglikelihood: -11150.9	(delta): 8.75648
67 (QN/EM) 	Elapsed: 0.02	Loglikelihood: -11150.5	(delta): 0.398074
68 (QN/EM) 	Elapsed: 0.02	Loglikelihood: -11150.4	(delta): 0.062892
69 (QN/EM) 	Elapsed: 0.02	Loglikelihood: -11150.4	(delta): 0.0529755
70 (QN/EM) 	Elapsed: 0.02	Loglikelihood: -11150.3	(delta): 0.0514216
71 (QN/EM) 	Elapsed: 0.02	Loglikelihood: -11150.3	(delta): 0.0507544
72 (QN/EM) 	Elapsed: 0.02	Loglikelihood: -11150.2	(delta): 0.0505392
73 (QN/EM) 	Elapsed: 0.02	Loglikelihood: -11150.2	(delta): 0.0504519
74 (QN/EM) 	Elapsed: 0.02	Loglikelihood: -11150.1	(delta): 0.0502191
75 (QN/EM) 	Elapsed: 0.019	Loglikelihood: -11149.5	(delta): 0.573367
76 (QN/EM) 	Elapsed: 0.019	Loglikelihood: -11149.5	(delta): 0.078078
77 (QN/EM) 	Elapsed: 0.019	Loglikelihood: -11149.1	(delta): 0.362607
78 (QN/EM) 	Elapsed: 0.019	Loglikelihood: -11148.2	(delta): 0.902958
79 (QN/EM) 	Elapsed: 0.02	Loglikelihood: -11148.2	(delta): 0.0133303
80 (QN/EM) 	Elapsed: 0.02	Loglikelihood: -11148.2	(delta): 0.0238982
81 (QN/EM) 	Elapsed: 0.02	Loglikelihood: -11148.1	(delta): 0.0407657
82 (QN/EM) 	Elapsed: 0.02	Loglikelihood: -11148.1	(delta): 0.0666889
83 (QN/EM) 	Elapsed: 0.02	Loglikelihood: -11148	(delta): 0.0281766
84 (QN/EM) 	Elapsed: 0.02	Loglikelihood: -11148	(delta): 0.00886801
85 (QN/EM) 	Elapsed: 0.019	Loglikelihood: -11147.7	(delta): 0.284641
86 (QN/EM) 	Elapsed: 0.02	Loglikelihood: -11147.4	(delta): 0.311019
87 (QN/EM) 	Elapsed: 0.02	Loglikelihood: -11147.4	(delta): 0.0627587
88 (QN/EM) 	Elapsed: 0.02	Loglikelihood: -11147.4	(delta): 0.00493964
89 (QN/EM) 	Elapsed: 0.02	Loglikelihood: -11147.4	(delta): 0.00130671
90 (QN/EM) 	Elapsed: 0.02	Loglikelihood: -11147.4	(delta): 0.00117184
91 (QN/EM) 	Elapsed: 0.02	Loglikelihood: -11147.4	(delta): 0.00110059
92 (QN/EM) 	Elapsed: 0.02	Loglikelihood: -11147.3	(delta): 0.00299615
93 (QN/EM) 	Elapsed: 0.02	Loglikelihood: -11147.3	(delta): 0.00782162
94 (QN/EM) 	Elapsed: 0.019	Loglikelihood: -11147.3	(delta): 0.0163851
95 (QN/EM) 	Elapsed: 0.019	Loglikelihood: -11147.3	(delta): 0.00241585
96 (QN/EM) 	Elapsed: 0.02	Loglikelihood: -11147.3	(delta): 0.00377379
97 (QN/EM) 	Elapsed: 0.02	Loglikelihood: -11147.3	(delta): 0.0188352
98 (QN/EM) 	Elapsed: 0.02	Loglikelihood: -11147.3	(delta): 0.0408076
99 (QN/EM) 	Elapsed: 0.02	Loglikelihood: -11147.3	(delta): 5.54207e-05
Summary: 
Converged in 99 iterations (2.065 sec)
Loglikelihood: -11147.257202
Fst divergences between estimated populations: 
	Pop0	Pop1	Pop2	Pop3	Pop4	Pop5	Pop6	Pop7	
Pop0	
Pop1	0.467	
Pop2	0.145	0.473	
Pop3	0.129	0.459	0.134	
Pop4	0.347	0.668	0.341	0.333	
Pop5	0.165	0.481	0.169	0.151	0.340	
Pop6	0.152	0.463	0.148	0.134	0.330	0.170	
Pop7	0.142	0.477	0.141	0.127	0.326	0.172	0.145	
Pop8	0.211	0.552	0.223	0.203	0.400	0.242	0.212	0.219	
CV error (K=9): 0.74373
Writing output files.
