****                   ADMIXTURE Version 1.3.0                  ****
****                    Copyright 2008-2015                     ****
****           David Alexander, Suyash Shringarpure,            ****
****                John  Novembre, Ken Lange                   ****
****                                                            ****
****                 Please cite our paper!                     ****
****   Information at www.genetics.ucla.edu/software/admixture  ****

Cross-validation will be performed.  Folds=5.
Parallel execution requested.  Will use 5 threads.
Random seed: 43
Point estimation method: EM algorithm
Convergence acceleration algorithm: QuasiNewton, 3 secant conditions
Point estimation will terminate when objective function delta < 0.0001
Estimation of standard errors disabled; will compute point estimates only.
Size of G: 41x1060
Performing five EM steps to prime main algorithm
1 (EM) 	Elapsed: 0.006	Loglikelihood: -19320.5	(delta): 44878.4
2 (EM) 	Elapsed: 0.008	Loglikelihood: -18011.6	(delta): 1308.87
3 (EM) 	Elapsed: 0.008	Loglikelihood: -17709.6	(delta): 302.004
4 (EM) 	Elapsed: 0.008	Loglikelihood: -17539.1	(delta): 170.541
5 (EM) 	Elapsed: 0.007	Loglikelihood: -17417.1	(delta): 121.969
Initial loglikelihood: -17417.1
Starting main algorithm
1 (QN/EM) 	Elapsed: 0.01	Loglikelihood: -17228.4	(delta): 188.673
2 (QN/EM) 	Elapsed: 0.009	Loglikelihood: -17057	(delta): 171.467
3 (QN/EM) 	Elapsed: 0.01	Loglikelihood: -16489.4	(delta): 567.578
4 (QN/EM) 	Elapsed: 0.009	Loglikelihood: -16234.1	(delta): 255.276
5 (QN/EM) 	Elapsed: 0.009	Loglikelihood: -15904.3	(delta): 329.841
6 (QN/EM) 	Elapsed: 0.009	Loglikelihood: -15734	(delta): 170.271
7 (QN/EM) 	Elapsed: 0.008	Loglikelihood: -15406.4	(delta): 327.546
8 (QN/EM) 	Elapsed: 0.008	Loglikelihood: -15188.4	(delta): 218.013
9 (QN/EM) 	Elapsed: 0.007	Loglikelihood: -15020.3	(delta): 168.11
10 (QN/EM) 	Elapsed: 0.007	Loglikelihood: -14954.7	(delta): 65.5948
11 (QN/EM) 	Elapsed: 0.007	Loglikelihood: -14892.6	(delta): 62.1154
12 (QN/EM) 	Elapsed: 0.007	Loglikelihood: -14763.7	(delta): 128.906
13 (QN/EM) 	Elapsed: 0.007	Loglikelihood: -14696.6	(delta): 67.0838
14 (QN/EM) 	Elapsed: 0.007	Loglikelihood: -14639.8	(delta): 56.8405
15 (QN/EM) 	Elapsed: 0.007	Loglikelihood: -14590.7	(delta): 49.1251
16 (QN/EM) 	Elapsed: 0.008	Loglikelihood: -14564.5	(delta): 26.1557
17 (QN/EM) 	Elapsed: 0.007	Loglikelihood: -14550.6	(delta): 13.8708
18 (QN/EM) 	Elapsed: 0.007	Loglikelihood: -14524.1	(delta): 26.5372
19 (QN/EM) 	Elapsed: 0.007	Loglikelihood: -14511.5	(delta): 12.5631
20 (QN/EM) 	Elapsed: 0.007	Loglikelihood: -14503.2	(delta): 8.32466
21 (QN/EM) 	Elapsed: 0.007	Loglikelihood: -14498.3	(delta): 4.88006
22 (QN/EM) 	Elapsed: 0.007	Loglikelihood: -14488.8	(delta): 9.49734
23 (QN/EM) 	Elapsed: 0.007	Loglikelihood: -14483.1	(delta): 5.75355
24 (QN/EM) 	Elapsed: 0.007	Loglikelihood: -14471.7	(delta): 11.3349
25 (QN/EM) 	Elapsed: 0.007	Loglikelihood: -14468.9	(delta): 2.828
26 (QN/EM) 	Elapsed: 0.007	Loglikelihood: -14461.6	(delta): 7.29297
27 (QN/EM) 	Elapsed: 0.007	Loglikelihood: -14455.4	(delta): 6.19587
28 (QN/EM) 	Elapsed: 0.007	Loglikelihood: -14452.6	(delta): 2.79187
29 (QN/EM) 	Elapsed: 0.008	Loglikelihood: -14445.7	(delta): 6.89763
30 (QN/EM) 	Elapsed: 0.007	Loglikelihood: -14444.2	(delta): 1.50013
31 (QN/EM) 	Elapsed: 0.007	Loglikelihood: -14443.6	(delta): 0.634762
32 (QN/EM) 	Elapsed: 0.007	Loglikelihood: -14439.9	(delta): 3.66558
33 (QN/EM) 	Elapsed: 0.007	Loglikelihood: -14439.1	(delta): 0.845023
34 (QN/EM) 	Elapsed: 0.008	Loglikelihood: -14438.9	(delta): 0.201509
35 (QN/EM) 	Elapsed: 0.008	Loglikelihood: -14438.7	(delta): 0.194713
36 (QN/EM) 	Elapsed: 0.007	Loglikelihood: -14437.9	(delta): 0.75985
37 (QN/EM) 	Elapsed: 0.007	Loglikelihood: -14434.3	(delta): 3.66484
38 (QN/EM) 	Elapsed: 0.007	Loglikelihood: -14429.8	(delta): 4.45122
39 (QN/EM) 	Elapsed: 0.007	Loglikelihood: -14429.5	(delta): 0.308087
40 (QN/EM) 	Elapsed: 0.007	Loglikelihood: -14429.4	(delta): 0.0878122
41 (QN/EM) 	Elapsed: 0.007	Loglikelihood: -14429.3	(delta): 0.0829815
42 (QN/EM) 	Elapsed: 0.007	Loglikelihood: -14429	(delta): 0.316072
43 (QN/EM) 	Elapsed: 0.007	Loglikelihood: -14428.8	(delta): 0.241703
44 (QN/EM) 	Elapsed: 0.007	Loglikelihood: -14428.7	(delta): 0.081017
45 (QN/EM) 	Elapsed: 0.007	Loglikelihood: -14428.6	(delta): 0.116813
46 (QN/EM) 	Elapsed: 0.007	Loglikelihood: -14428.3	(delta): 0.325539
47 (QN/EM) 	Elapsed: 0.007	Loglikelihood: -14427.8	(delta): 0.488083
48 (QN/EM) 	Elapsed: 0.007	Loglikelihood: -14427.6	(delta): 0.179274
49 (QN/EM) 	Elapsed: 0.007	Loglikelihood: -14427.3	(delta): 0.324305
50 (QN/EM) 	Elapsed: 0.008	Loglikelihood: -14427.2	(delta): 0.0909819
51 (QN/EM) 	Elapsed: 0.007	Loglikelihood: -14425.9	(delta): 1.25565
52 (QN/EM) 	Elapsed: 0.007	Loglikelihood: -14423.9	(delta): 2.0528
53 (QN/EM) 	Elapsed: 0.007	Loglikelihood: -14423.3	(delta): 0.5237
54 (QN/EM) 	Elapsed: 0.007	Loglikelihood: -14423	(delta): 0.318728
55 (QN/EM) 	Elapsed: 0.007	Loglikelihood: -14422.2	(delta): 0.797443
56 (QN/EM) 	Elapsed: 0.007	Loglikelihood: -14421.8	(delta): 0.441008
57 (QN/EM) 	Elapsed: 0.007	Loglikelihood: -14421.6	(delta): 0.150127
58 (QN/EM) 	Elapsed: 0.007	Loglikelihood: -14421.4	(delta): 0.243779
59 (QN/EM) 	Elapsed: 0.007	Loglikelihood: -14420.8	(delta): 0.57152
60 (QN/EM) 	Elapsed: 0.008	Loglikelihood: -14420.5	(delta): 0.353315
61 (QN/EM) 	Elapsed: 0.007	Loglikelihood: -14420.1	(delta): 0.351469
62 (QN/EM) 	Elapsed: 0.007	Loglikelihood: -14419.6	(delta): 0.496691
63 (QN/EM) 	Elapsed: 0.007	Loglikelihood: -14419.1	(delta): 0.538702
64 (QN/EM) 	Elapsed: 0.007	Loglikelihood: -14418.7	(delta): 0.347821
65 (QN/EM) 	Elapsed: 0.008	Loglikelihood: -14418.6	(delta): 0.169665
66 (QN/EM) 	Elapsed: 0.007	Loglikelihood: -14417.7	(delta): 0.837841
67 (QN/EM) 	Elapsed: 0.008	Loglikelihood: -14417.3	(delta): 0.438158
68 (QN/EM) 	Elapsed: 0.007	Loglikelihood: -14417.1	(delta): 0.199121
69 (QN/EM) 	Elapsed: 0.008	Loglikelihood: -14417	(delta): 0.0733467
70 (QN/EM) 	Elapsed: 0.008	Loglikelihood: -14416.9	(delta): 0.0765986
71 (QN/EM) 	Elapsed: 0.008	Loglikelihood: -14416.9	(delta): 0.0811246
72 (QN/EM) 	Elapsed: 0.007	Loglikelihood: -14416.1	(delta): 0.753724
73 (QN/EM) 	Elapsed: 0.008	Loglikelihood: -14416	(delta): 0.141259
74 (QN/EM) 	Elapsed: 0.008	Loglikelihood: -14415.9	(delta): 0.0722564
75 (QN/EM) 	Elapsed: 0.008	Loglikelihood: -14415.8	(delta): 0.069136
76 (QN/EM) 	Elapsed: 0.008	Loglikelihood: -14415.8	(delta): 0.0700583
77 (QN/EM) 	Elapsed: 0.008	Loglikelihood: -14415.7	(delta): 0.0736143
78 (QN/EM) 	Elapsed: 0.007	Loglikelihood: -14415.6	(delta): 0.114155
79 (QN/EM) 	Elapsed: 0.008	Loglikelihood: -14415	(delta): 0.517885
80 (QN/EM) 	Elapsed: 0.008	Loglikelihood: -14415	(delta): 0.052329
81 (QN/EM) 	Elapsed: 0.008	Loglikelihood: -14414.8	(delta): 0.208716
82 (QN/EM) 	Elapsed: 0.008	Loglikelihood: -14414.7	(delta): 0.0733299
83 (QN/EM) 	Elapsed: 0.007	Loglikelihood: -14414.6	(delta): 0.120844
84 (QN/EM) 	Elapsed: 0.007	Loglikelihood: -14414.5	(delta): 0.0613481
85 (QN/EM) 	Elapsed: 0.007	Loglikelihood: -14414.4	(delta): 0.105099
86 (QN/EM) 	Elapsed: 0.007	Loglikelihood: -14414.4	(delta): 0.0222913
87 (QN/EM) 	Elapsed: 0.007	Loglikelihood: -14414.4	(delta): 0.0201304
88 (QN/EM) 	Elapsed: 0.008	Loglikelihood: -14414.4	(delta): 0.0105872
89 (QN/EM) 	Elapsed: 0.008	Loglikelihood: -14414.4	(delta): 0.0124328
90 (QN/EM) 	Elapsed: 0.008	Loglikelihood: -14414.3	(delta): 0.0144879
91 (QN/EM) 	Elapsed: 0.007	Loglikelihood: -14414.3	(delta): 0.0587379
92 (QN/EM) 	Elapsed: 0.008	Loglikelihood: -14414.3	(delta): 0.0195184
93 (QN/EM) 	Elapsed: 0.008	Loglikelihood: -14414.2	(delta): 0.0192132
94 (QN/EM) 	Elapsed: 0.008	Loglikelihood: -14414.2	(delta): 0.0188717
95 (QN/EM) 	Elapsed: 0.007	Loglikelihood: -14414.2	(delta): 0.0348521
96 (QN/EM) 	Elapsed: 0.007	Loglikelihood: -14414.2	(delta): 0.0268029
97 (QN/EM) 	Elapsed: 0.008	Loglikelihood: -14414	(delta): 0.159434
98 (QN/EM) 	Elapsed: 0.007	Loglikelihood: -14413.8	(delta): 0.160923
99 (QN/EM) 	Elapsed: 0.007	Loglikelihood: -14413.8	(delta): 0.0439006
100 (QN/EM) 	Elapsed: 0.007	Loglikelihood: -14413.7	(delta): 0.0787553
101 (QN/EM) 	Elapsed: 0.007	Loglikelihood: -14413.6	(delta): 0.122106
102 (QN/EM) 	Elapsed: 0.007	Loglikelihood: -14413.5	(delta): 0.11961
103 (QN/EM) 	Elapsed: 0.007	Loglikelihood: -14413.4	(delta): 0.0326316
104 (QN/EM) 	Elapsed: 0.007	Loglikelihood: -14413.4	(delta): 0.0205458
105 (QN/EM) 	Elapsed: 0.007	Loglikelihood: -14413.4	(delta): 0.0266466
106 (QN/EM) 	Elapsed: 0.007	Loglikelihood: -14413.4	(delta): 0.0385328
107 (QN/EM) 	Elapsed: 0.007	Loglikelihood: -14413.3	(delta): 0.0600167
108 (QN/EM) 	Elapsed: 0.008	Loglikelihood: -14413.3	(delta): 0.0152012
109 (QN/EM) 	Elapsed: 0.007	Loglikelihood: -14413.3	(delta): 0.0238497
110 (QN/EM) 	Elapsed: 0.007	Loglikelihood: -14413.2	(delta): 0.0422634
111 (QN/EM) 	Elapsed: 0.007	Loglikelihood: -14413.2	(delta): 0.0178797
112 (QN/EM) 	Elapsed: 0.007	Loglikelihood: -14413.2	(delta): 0.0229312
113 (QN/EM) 	Elapsed: 0.007	Loglikelihood: -14413.1	(delta): 0.080044
114 (QN/EM) 	Elapsed: 0.007	Loglikelihood: -14413.1	(delta): 0.0440575
115 (QN/EM) 	Elapsed: 0.008	Loglikelihood: -14413	(delta): 0.0258783
116 (QN/EM) 	Elapsed: 0.008	Loglikelihood: -14413	(delta): 0.0348211
117 (QN/EM) 	Elapsed: 0.007	Loglikelihood: -14413	(delta): 0.0361034
118 (QN/EM) 	Elapsed: 0.008	Loglikelihood: -14412.9	(delta): 0.0224479
119 (QN/EM) 	Elapsed: 0.008	Loglikelihood: -14412.9	(delta): 0.00530225
120 (QN/EM) 	Elapsed: 0.007	Loglikelihood: -14412.5	(delta): 0.459209
121 (QN/EM) 	Elapsed: 0.007	Loglikelihood: -14412.4	(delta): 0.0793783
122 (QN/EM) 	Elapsed: 0.008	Loglikelihood: -14412.4	(delta): 0.00137564
123 (QN/EM) 	Elapsed: 0.007	Loglikelihood: -14412.4	(delta): 0.00288764
124 (QN/EM) 	Elapsed: 0.007	Loglikelihood: -14412.4	(delta): 0.0134227
125 (QN/EM) 	Elapsed: 0.007	Loglikelihood: -14412.4	(delta): 0.00362991
126 (QN/EM) 	Elapsed: 0.007	Loglikelihood: -14412.4	(delta): 0.00360131
127 (QN/EM) 	Elapsed: 0.007	Loglikelihood: -14412.4	(delta): 0.00244077
128 (QN/EM) 	Elapsed: 0.007	Loglikelihood: -14412.4	(delta): 0.00454911
129 (QN/EM) 	Elapsed: 0.007	Loglikelihood: -14412.4	(delta): 0.00181242
130 (QN/EM) 	Elapsed: 0.007	Loglikelihood: -14412.4	(delta): 0.000936522
131 (QN/EM) 	Elapsed: 0.007	Loglikelihood: -14412.4	(delta): 0.00174129
132 (QN/EM) 	Elapsed: 0.007	Loglikelihood: -14412.4	(delta): 0.00136939
133 (QN/EM) 	Elapsed: 0.007	Loglikelihood: -14412.4	(delta): 0.0016223
134 (QN/EM) 	Elapsed: 0.007	Loglikelihood: -14412.4	(delta): 0.000607434
135 (QN/EM) 	Elapsed: 0.007	Loglikelihood: -14412.4	(delta): 0.00110743
136 (QN/EM) 	Elapsed: 0.007	Loglikelihood: -14412.4	(delta): 0.000983384
137 (QN/EM) 	Elapsed: 0.007	Loglikelihood: -14412.4	(delta): 0.000945161
138 (QN/EM) 	Elapsed: 0.007	Loglikelihood: -14412.3	(delta): 0.000421728
139 (QN/EM) 	Elapsed: 0.007	Loglikelihood: -14412.3	(delta): 0.000840685
140 (QN/EM) 	Elapsed: 0.007	Loglikelihood: -14412.3	(delta): 0.000496133
141 (QN/EM) 	Elapsed: 0.007	Loglikelihood: -14412.3	(delta): 0.000833055
142 (QN/EM) 	Elapsed: 0.007	Loglikelihood: -14412.3	(delta): 0.000174158
143 (QN/EM) 	Elapsed: 0.007	Loglikelihood: -14412.3	(delta): 0.000833712
144 (QN/EM) 	Elapsed: 0.007	Loglikelihood: -14412.3	(delta): 0.000230547
145 (QN/EM) 	Elapsed: 0.007	Loglikelihood: -14412.3	(delta): 0.00050599
146 (QN/EM) 	Elapsed: 0.007	Loglikelihood: -14412.3	(delta): 0.000105081
147 (QN/EM) 	Elapsed: 0.007	Loglikelihood: -14412.3	(delta): 0.000584991
148 (QN/EM) 	Elapsed: 0.007	Loglikelihood: -14412.3	(delta): 0.000111532
149 (QN/EM) 	Elapsed: 0.007	Loglikelihood: -14412.3	(delta): 0.000378151
150 (QN/EM) 	Elapsed: 0.007	Loglikelihood: -14412.3	(delta): 4.50819e-05
Summary: 
Converged in 150 iterations (1.262 sec)
Loglikelihood: -14412.344515
Fst divergences between estimated populations: 
	Pop0	Pop1	
Pop0	
Pop1	0.088	
Pop2	0.491	0.459	
CV error (K=3): 0.40222
Writing output files.
