****                   ADMIXTURE Version 1.3.0                  ****
****                    Copyright 2008-2015                     ****
****           David Alexander, Suyash Shringarpure,            ****
****                John  Novembre, Ken Lange                   ****
****                                                            ****
****                 Please cite our paper!                     ****
****   Information at www.genetics.ucla.edu/software/admixture  ****

Cross-validation will be performed.  Folds=5.
Parallel execution requested.  Will use 5 threads.
Random seed: 43
Point estimation method: EM algorithm
Convergence acceleration algorithm: QuasiNewton, 3 secant conditions
Point estimation will terminate when objective function delta < 0.0001
Estimation of standard errors disabled; will compute point estimates only.
Size of G: 41x1060
Performing five EM steps to prime main algorithm
1 (EM) 	Elapsed: 0.011	Loglikelihood: -19341.9	(delta): 42866.3
2 (EM) 	Elapsed: 0.012	Loglikelihood: -17769.5	(delta): 1572.44
3 (EM) 	Elapsed: 0.013	Loglikelihood: -17388.4	(delta): 381.056
4 (EM) 	Elapsed: 0.012	Loglikelihood: -17169.5	(delta): 218.907
5 (EM) 	Elapsed: 0.01	Loglikelihood: -17014.2	(delta): 155.371
Initial loglikelihood: -17014.2
Starting main algorithm
1 (QN/EM) 	Elapsed: 0.01	Loglikelihood: -16799.1	(delta): 215.081
2 (QN/EM) 	Elapsed: 0.01	Loglikelihood: -16645.3	(delta): 153.815
3 (QN/EM) 	Elapsed: 0.01	Loglikelihood: -15857.5	(delta): 787.781
4 (QN/EM) 	Elapsed: 0.011	Loglikelihood: -15643.4	(delta): 214.064
5 (QN/EM) 	Elapsed: 0.009	Loglikelihood: -15221.5	(delta): 421.97
6 (QN/EM) 	Elapsed: 0.009	Loglikelihood: -14662	(delta): 559.444
7 (QN/EM) 	Elapsed: 0.009	Loglikelihood: -14533.6	(delta): 128.42
8 (QN/EM) 	Elapsed: 0.008	Loglikelihood: -14449.2	(delta): 84.3882
9 (QN/EM) 	Elapsed: 0.008	Loglikelihood: -14372	(delta): 77.2068
10 (QN/EM) 	Elapsed: 0.008	Loglikelihood: -14311	(delta): 60.9724
11 (QN/EM) 	Elapsed: 0.008	Loglikelihood: -14285.4	(delta): 25.6582
12 (QN/EM) 	Elapsed: 0.008	Loglikelihood: -14225.5	(delta): 59.9084
13 (QN/EM) 	Elapsed: 0.008	Loglikelihood: -14177.9	(delta): 47.5118
14 (QN/EM) 	Elapsed: 0.008	Loglikelihood: -14148.2	(delta): 29.7077
15 (QN/EM) 	Elapsed: 0.008	Loglikelihood: -14126.7	(delta): 21.5625
16 (QN/EM) 	Elapsed: 0.008	Loglikelihood: -14091.2	(delta): 35.5222
17 (QN/EM) 	Elapsed: 0.008	Loglikelihood: -14075.2	(delta): 15.9499
18 (QN/EM) 	Elapsed: 0.008	Loglikelihood: -14049.5	(delta): 25.7134
19 (QN/EM) 	Elapsed: 0.008	Loglikelihood: -14032.4	(delta): 17.0639
20 (QN/EM) 	Elapsed: 0.008	Loglikelihood: -14018.5	(delta): 13.9674
21 (QN/EM) 	Elapsed: 0.008	Loglikelihood: -14011.1	(delta): 7.38282
22 (QN/EM) 	Elapsed: 0.008	Loglikelihood: -13994.4	(delta): 16.6479
23 (QN/EM) 	Elapsed: 0.008	Loglikelihood: -13983.5	(delta): 10.9156
24 (QN/EM) 	Elapsed: 0.008	Loglikelihood: -13959.4	(delta): 24.0683
25 (QN/EM) 	Elapsed: 0.008	Loglikelihood: -13919.8	(delta): 39.6413
26 (QN/EM) 	Elapsed: 0.008	Loglikelihood: -13906.8	(delta): 12.9767
27 (QN/EM) 	Elapsed: 0.008	Loglikelihood: -13900.4	(delta): 6.39873
28 (QN/EM) 	Elapsed: 0.008	Loglikelihood: -13890.6	(delta): 9.83659
29 (QN/EM) 	Elapsed: 0.008	Loglikelihood: -13884	(delta): 6.6261
30 (QN/EM) 	Elapsed: 0.008	Loglikelihood: -13877.6	(delta): 6.39039
31 (QN/EM) 	Elapsed: 0.008	Loglikelihood: -13874.3	(delta): 3.28975
32 (QN/EM) 	Elapsed: 0.008	Loglikelihood: -13870.3	(delta): 3.97064
33 (QN/EM) 	Elapsed: 0.008	Loglikelihood: -13863.6	(delta): 6.74932
34 (QN/EM) 	Elapsed: 0.008	Loglikelihood: -13860.1	(delta): 3.45723
35 (QN/EM) 	Elapsed: 0.008	Loglikelihood: -13852.5	(delta): 7.63031
36 (QN/EM) 	Elapsed: 0.008	Loglikelihood: -13845.9	(delta): 6.61391
37 (QN/EM) 	Elapsed: 0.008	Loglikelihood: -13842.8	(delta): 3.03911
38 (QN/EM) 	Elapsed: 0.008	Loglikelihood: -13840.5	(delta): 2.28879
39 (QN/EM) 	Elapsed: 0.008	Loglikelihood: -13835.8	(delta): 4.71977
40 (QN/EM) 	Elapsed: 0.008	Loglikelihood: -13828.3	(delta): 7.52703
41 (QN/EM) 	Elapsed: 0.008	Loglikelihood: -13824.1	(delta): 4.15065
42 (QN/EM) 	Elapsed: 0.008	Loglikelihood: -13817	(delta): 7.10428
43 (QN/EM) 	Elapsed: 0.008	Loglikelihood: -13810.9	(delta): 6.08537
44 (QN/EM) 	Elapsed: 0.008	Loglikelihood: -13808.5	(delta): 2.49722
45 (QN/EM) 	Elapsed: 0.007	Loglikelihood: -13807.4	(delta): 1.04688
46 (QN/EM) 	Elapsed: 0.007	Loglikelihood: -13805.9	(delta): 1.49495
47 (QN/EM) 	Elapsed: 0.007	Loglikelihood: -13800.5	(delta): 5.40992
48 (QN/EM) 	Elapsed: 0.009	Loglikelihood: -13798	(delta): 2.53494
49 (QN/EM) 	Elapsed: 0.007	Loglikelihood: -13796.3	(delta): 1.67705
50 (QN/EM) 	Elapsed: 0.008	Loglikelihood: -13795.1	(delta): 1.17468
51 (QN/EM) 	Elapsed: 0.008	Loglikelihood: -13794.4	(delta): 0.746017
52 (QN/EM) 	Elapsed: 0.008	Loglikelihood: -13793.5	(delta): 0.852305
53 (QN/EM) 	Elapsed: 0.008	Loglikelihood: -13788.5	(delta): 4.97585
54 (QN/EM) 	Elapsed: 0.008	Loglikelihood: -13778.5	(delta): 10.0896
55 (QN/EM) 	Elapsed: 0.008	Loglikelihood: -13769.7	(delta): 8.71253
56 (QN/EM) 	Elapsed: 0.008	Loglikelihood: -13762.8	(delta): 6.95776
57 (QN/EM) 	Elapsed: 0.008	Loglikelihood: -13758.6	(delta): 4.15078
58 (QN/EM) 	Elapsed: 0.008	Loglikelihood: -13755.7	(delta): 2.96405
59 (QN/EM) 	Elapsed: 0.008	Loglikelihood: -13753.2	(delta): 2.44724
60 (QN/EM) 	Elapsed: 0.008	Loglikelihood: -13751	(delta): 2.17171
61 (QN/EM) 	Elapsed: 0.008	Loglikelihood: -13748.1	(delta): 2.90252
62 (QN/EM) 	Elapsed: 0.008	Loglikelihood: -13737.5	(delta): 10.6879
63 (QN/EM) 	Elapsed: 0.008	Loglikelihood: -13729.3	(delta): 8.1296
64 (QN/EM) 	Elapsed: 0.008	Loglikelihood: -13724.7	(delta): 4.64356
65 (QN/EM) 	Elapsed: 0.008	Loglikelihood: -13720.6	(delta): 4.11033
66 (QN/EM) 	Elapsed: 0.008	Loglikelihood: -13716.4	(delta): 4.19811
67 (QN/EM) 	Elapsed: 0.008	Loglikelihood: -13712.2	(delta): 4.21003
68 (QN/EM) 	Elapsed: 0.008	Loglikelihood: -13708.2	(delta): 3.95619
69 (QN/EM) 	Elapsed: 0.008	Loglikelihood: -13705.6	(delta): 2.62911
70 (QN/EM) 	Elapsed: 0.008	Loglikelihood: -13704.4	(delta): 1.16503
71 (QN/EM) 	Elapsed: 0.008	Loglikelihood: -13702.8	(delta): 1.58825
72 (QN/EM) 	Elapsed: 0.008	Loglikelihood: -13699.7	(delta): 3.16422
73 (QN/EM) 	Elapsed: 0.008	Loglikelihood: -13696.6	(delta): 3.02307
74 (QN/EM) 	Elapsed: 0.008	Loglikelihood: -13691.6	(delta): 5.0319
75 (QN/EM) 	Elapsed: 0.008	Loglikelihood: -13690.3	(delta): 1.29911
76 (QN/EM) 	Elapsed: 0.008	Loglikelihood: -13689.5	(delta): 0.813996
77 (QN/EM) 	Elapsed: 0.008	Loglikelihood: -13688.9	(delta): 0.562489
78 (QN/EM) 	Elapsed: 0.008	Loglikelihood: -13688.3	(delta): 0.603399
79 (QN/EM) 	Elapsed: 0.008	Loglikelihood: -13687.7	(delta): 0.606193
80 (QN/EM) 	Elapsed: 0.008	Loglikelihood: -13685.5	(delta): 2.19093
81 (QN/EM) 	Elapsed: 0.008	Loglikelihood: -13684.4	(delta): 1.17468
82 (QN/EM) 	Elapsed: 0.009	Loglikelihood: -13683.4	(delta): 0.935218
83 (QN/EM) 	Elapsed: 0.008	Loglikelihood: -13680.4	(delta): 3.04873
84 (QN/EM) 	Elapsed: 0.008	Loglikelihood: -13679.7	(delta): 0.717349
85 (QN/EM) 	Elapsed: 0.008	Loglikelihood: -13678.9	(delta): 0.750186
86 (QN/EM) 	Elapsed: 0.008	Loglikelihood: -13678.6	(delta): 0.272494
87 (QN/EM) 	Elapsed: 0.008	Loglikelihood: -13678	(delta): 0.605568
88 (QN/EM) 	Elapsed: 0.008	Loglikelihood: -13677.5	(delta): 0.516956
89 (QN/EM) 	Elapsed: 0.008	Loglikelihood: -13676.9	(delta): 0.607358
90 (QN/EM) 	Elapsed: 0.008	Loglikelihood: -13676.5	(delta): 0.369024
91 (QN/EM) 	Elapsed: 0.008	Loglikelihood: -13674.8	(delta): 1.70421
92 (QN/EM) 	Elapsed: 0.008	Loglikelihood: -13674.4	(delta): 0.423741
93 (QN/EM) 	Elapsed: 0.008	Loglikelihood: -13674.3	(delta): 0.111549
94 (QN/EM) 	Elapsed: 0.008	Loglikelihood: -13674.2	(delta): 0.0765263
95 (QN/EM) 	Elapsed: 0.008	Loglikelihood: -13673.8	(delta): 0.411059
96 (QN/EM) 	Elapsed: 0.008	Loglikelihood: -13672.2	(delta): 1.62338
97 (QN/EM) 	Elapsed: 0.008	Loglikelihood: -13672.1	(delta): 0.103365
98 (QN/EM) 	Elapsed: 0.008	Loglikelihood: -13672.1	(delta): 0.0137344
99 (QN/EM) 	Elapsed: 0.008	Loglikelihood: -13671.5	(delta): 0.539819
100 (QN/EM) 	Elapsed: 0.008	Loglikelihood: -13671.4	(delta): 0.150503
101 (QN/EM) 	Elapsed: 0.008	Loglikelihood: -13670.3	(delta): 1.04157
102 (QN/EM) 	Elapsed: 0.008	Loglikelihood: -13670.1	(delta): 0.210113
103 (QN/EM) 	Elapsed: 0.008	Loglikelihood: -13669.8	(delta): 0.363532
104 (QN/EM) 	Elapsed: 0.008	Loglikelihood: -13669.4	(delta): 0.358889
105 (QN/EM) 	Elapsed: 0.008	Loglikelihood: -13669	(delta): 0.356565
106 (QN/EM) 	Elapsed: 0.008	Loglikelihood: -13668.9	(delta): 0.124432
107 (QN/EM) 	Elapsed: 0.007	Loglikelihood: -13667.1	(delta): 1.84362
108 (QN/EM) 	Elapsed: 0.008	Loglikelihood: -13666.8	(delta): 0.247579
109 (QN/EM) 	Elapsed: 0.008	Loglikelihood: -13666.8	(delta): 0.0168303
110 (QN/EM) 	Elapsed: 0.008	Loglikelihood: -13666.8	(delta): 0.0260376
111 (QN/EM) 	Elapsed: 0.008	Loglikelihood: -13666.6	(delta): 0.155526
112 (QN/EM) 	Elapsed: 0.008	Loglikelihood: -13666.6	(delta): 0.00960316
113 (QN/EM) 	Elapsed: 0.008	Loglikelihood: -13666.6	(delta): 0.005254
114 (QN/EM) 	Elapsed: 0.008	Loglikelihood: -13666.6	(delta): 0.00529635
115 (QN/EM) 	Elapsed: 0.008	Loglikelihood: -13666.6	(delta): 0.00534384
116 (QN/EM) 	Elapsed: 0.008	Loglikelihood: -13666.6	(delta): 0.00539564
117 (QN/EM) 	Elapsed: 0.008	Loglikelihood: -13666.6	(delta): 0.00545163
118 (QN/EM) 	Elapsed: 0.008	Loglikelihood: -13666.6	(delta): 0.00551169
119 (QN/EM) 	Elapsed: 0.009	Loglikelihood: -13666.6	(delta): 0.0055757
120 (QN/EM) 	Elapsed: 0.008	Loglikelihood: -13666.6	(delta): 0.00564357
121 (QN/EM) 	Elapsed: 0.008	Loglikelihood: -13666.6	(delta): 0.00571521
122 (QN/EM) 	Elapsed: 0.008	Loglikelihood: -13666.6	(delta): 0.00579056
123 (QN/EM) 	Elapsed: 0.008	Loglikelihood: -13666.6	(delta): 0.00586956
124 (QN/EM) 	Elapsed: 0.008	Loglikelihood: -13666.6	(delta): 0.00920831
125 (QN/EM) 	Elapsed: 0.008	Loglikelihood: -13666.5	(delta): 0.0208924
126 (QN/EM) 	Elapsed: 0.008	Loglikelihood: -13666.5	(delta): 0.00657748
127 (QN/EM) 	Elapsed: 0.008	Loglikelihood: -13666.5	(delta): 0.00661059
128 (QN/EM) 	Elapsed: 0.008	Loglikelihood: -13666.5	(delta): 0.00671758
129 (QN/EM) 	Elapsed: 0.008	Loglikelihood: -13666.5	(delta): 0.00683031
130 (QN/EM) 	Elapsed: 0.008	Loglikelihood: -13666.5	(delta): 0.00694665
131 (QN/EM) 	Elapsed: 0.008	Loglikelihood: -13666.5	(delta): 0.00706654
132 (QN/EM) 	Elapsed: 0.008	Loglikelihood: -13666.5	(delta): 0.00719003
133 (QN/EM) 	Elapsed: 0.008	Loglikelihood: -13666.5	(delta): 0.00731724
134 (QN/EM) 	Elapsed: 0.008	Loglikelihood: -13666.5	(delta): 0.00744827
135 (QN/EM) 	Elapsed: 0.008	Loglikelihood: -13666.5	(delta): 0.00758323
136 (QN/EM) 	Elapsed: 0.008	Loglikelihood: -13666.5	(delta): 0.00772223
137 (QN/EM) 	Elapsed: 0.009	Loglikelihood: -13666.4	(delta): 0.00786542
138 (QN/EM) 	Elapsed: 0.008	Loglikelihood: -13666.4	(delta): 0.0080129
139 (QN/EM) 	Elapsed: 0.008	Loglikelihood: -13666.4	(delta): 0.00816483
140 (QN/EM) 	Elapsed: 0.008	Loglikelihood: -13666.4	(delta): 0.00832134
141 (QN/EM) 	Elapsed: 0.008	Loglikelihood: -13666.4	(delta): 0.00848259
142 (QN/EM) 	Elapsed: 0.008	Loglikelihood: -13666.4	(delta): 0.00864874
143 (QN/EM) 	Elapsed: 0.008	Loglikelihood: -13666.4	(delta): 0.00881995
144 (QN/EM) 	Elapsed: 0.008	Loglikelihood: -13666.4	(delta): 0.0089964
145 (QN/EM) 	Elapsed: 0.008	Loglikelihood: -13666.4	(delta): 0.00917828
146 (QN/EM) 	Elapsed: 0.008	Loglikelihood: -13666.4	(delta): 0.00936579
147 (QN/EM) 	Elapsed: 0.008	Loglikelihood: -13666.4	(delta): 0.00955911
148 (QN/EM) 	Elapsed: 0.008	Loglikelihood: -13666.3	(delta): 0.00975848
149 (QN/EM) 	Elapsed: 0.009	Loglikelihood: -13666.3	(delta): 0.00996412
150 (QN/EM) 	Elapsed: 0.008	Loglikelihood: -13666.3	(delta): 0.0101763
151 (QN/EM) 	Elapsed: 0.008	Loglikelihood: -13666.3	(delta): 0.0103951
152 (QN/EM) 	Elapsed: 0.008	Loglikelihood: -13666.3	(delta): 0.0106211
153 (QN/EM) 	Elapsed: 0.008	Loglikelihood: -13666.3	(delta): 0.0108543
154 (QN/EM) 	Elapsed: 0.008	Loglikelihood: -13666.3	(delta): 0.011095
155 (QN/EM) 	Elapsed: 0.008	Loglikelihood: -13666.3	(delta): 0.0113437
156 (QN/EM) 	Elapsed: 0.008	Loglikelihood: -13666.3	(delta): 0.0116006
157 (QN/EM) 	Elapsed: 0.008	Loglikelihood: -13666.2	(delta): 0.011866
158 (QN/EM) 	Elapsed: 0.008	Loglikelihood: -13666.2	(delta): 0.0121403
159 (QN/EM) 	Elapsed: 0.008	Loglikelihood: -13666.2	(delta): 0.012424
160 (QN/EM) 	Elapsed: 0.008	Loglikelihood: -13666.2	(delta): 0.0127172
161 (QN/EM) 	Elapsed: 0.008	Loglikelihood: -13666.2	(delta): 0.0130206
162 (QN/EM) 	Elapsed: 0.008	Loglikelihood: -13666.2	(delta): 0.0133345
163 (QN/EM) 	Elapsed: 0.008	Loglikelihood: -13666.2	(delta): 0.0136595
164 (QN/EM) 	Elapsed: 0.008	Loglikelihood: -13666.2	(delta): 0.0139959
165 (QN/EM) 	Elapsed: 0.008	Loglikelihood: -13666.1	(delta): 0.0143443
166 (QN/EM) 	Elapsed: 0.008	Loglikelihood: -13666.1	(delta): 0.0147052
167 (QN/EM) 	Elapsed: 0.008	Loglikelihood: -13666.1	(delta): 0.0150793
168 (QN/EM) 	Elapsed: 0.008	Loglikelihood: -13666.1	(delta): 0.0154671
169 (QN/EM) 	Elapsed: 0.008	Loglikelihood: -13666.1	(delta): 0.0158693
170 (QN/EM) 	Elapsed: 0.008	Loglikelihood: -13666.1	(delta): 0.0162865
171 (QN/EM) 	Elapsed: 0.008	Loglikelihood: -13666	(delta): 0.0167196
172 (QN/EM) 	Elapsed: 0.008	Loglikelihood: -13666	(delta): 0.0171691
173 (QN/EM) 	Elapsed: 0.008	Loglikelihood: -13666	(delta): 0.017636
174 (QN/EM) 	Elapsed: 0.008	Loglikelihood: -13666	(delta): 0.0181211
175 (QN/EM) 	Elapsed: 0.008	Loglikelihood: -13666	(delta): 0.0186252
176 (QN/EM) 	Elapsed: 0.008	Loglikelihood: -13666	(delta): 0.0191494
177 (QN/EM) 	Elapsed: 0.008	Loglikelihood: -13665.9	(delta): 0.0461646
178 (QN/EM) 	Elapsed: 0.008	Loglikelihood: -13665.9	(delta): 0.0438532
179 (QN/EM) 	Elapsed: 0.008	Loglikelihood: -13665.8	(delta): 0.0248202
180 (QN/EM) 	Elapsed: 0.008	Loglikelihood: -13665.8	(delta): 0.0242046
181 (QN/EM) 	Elapsed: 0.008	Loglikelihood: -13665.8	(delta): 0.0247026
182 (QN/EM) 	Elapsed: 0.008	Loglikelihood: -13665.8	(delta): 0.0253941
183 (QN/EM) 	Elapsed: 0.008	Loglikelihood: -13665.7	(delta): 0.0261531
184 (QN/EM) 	Elapsed: 0.008	Loglikelihood: -13665.7	(delta): 0.0269562
185 (QN/EM) 	Elapsed: 0.008	Loglikelihood: -13665.7	(delta): 0.027799
186 (QN/EM) 	Elapsed: 0.008	Loglikelihood: -13665.6	(delta): 0.0561611
187 (QN/EM) 	Elapsed: 0.008	Loglikelihood: -13665.6	(delta): 0.0520996
188 (QN/EM) 	Elapsed: 0.008	Loglikelihood: -13665.5	(delta): 0.0327597
189 (QN/EM) 	Elapsed: 0.008	Loglikelihood: -13665.5	(delta): 0.033006
190 (QN/EM) 	Elapsed: 0.008	Loglikelihood: -13665.5	(delta): 0.0340118
191 (QN/EM) 	Elapsed: 0.008	Loglikelihood: -13665.4	(delta): 0.0351633
192 (QN/EM) 	Elapsed: 0.008	Loglikelihood: -13665.4	(delta): 0.036389
193 (QN/EM) 	Elapsed: 0.008	Loglikelihood: -13665.4	(delta): 0.0376738
194 (QN/EM) 	Elapsed: 0.008	Loglikelihood: -13665.3	(delta): 0.0390137
195 (QN/EM) 	Elapsed: 0.008	Loglikelihood: -13665.3	(delta): 0.0404072
196 (QN/EM) 	Elapsed: 0.008	Loglikelihood: -13665.2	(delta): 0.0418529
197 (QN/EM) 	Elapsed: 0.008	Loglikelihood: -13665.2	(delta): 0.0433493
198 (QN/EM) 	Elapsed: 0.008	Loglikelihood: -13665.2	(delta): 0.0448939
199 (QN/EM) 	Elapsed: 0.008	Loglikelihood: -13665.1	(delta): 0.0464833
200 (QN/EM) 	Elapsed: 0.008	Loglikelihood: -13665.1	(delta): 0.0481134
201 (QN/EM) 	Elapsed: 0.008	Loglikelihood: -13665	(delta): 0.0497794
202 (QN/EM) 	Elapsed: 0.008	Loglikelihood: -13665	(delta): 0.0514768
203 (QN/EM) 	Elapsed: 0.008	Loglikelihood: -13664.9	(delta): 0.0532014
204 (QN/EM) 	Elapsed: 0.008	Loglikelihood: -13664.9	(delta): 0.0549511
205 (QN/EM) 	Elapsed: 0.008	Loglikelihood: -13664.8	(delta): 0.0567263
206 (QN/EM) 	Elapsed: 0.008	Loglikelihood: -13664.7	(delta): 0.0585303
207 (QN/EM) 	Elapsed: 0.008	Loglikelihood: -13664.7	(delta): 0.06037
208 (QN/EM) 	Elapsed: 0.008	Loglikelihood: -13664.6	(delta): 0.0622544
209 (QN/EM) 	Elapsed: 0.008	Loglikelihood: -13664.6	(delta): 0.0641932
210 (QN/EM) 	Elapsed: 0.008	Loglikelihood: -13664.5	(delta): 0.0661948
211 (QN/EM) 	Elapsed: 0.008	Loglikelihood: -13664.4	(delta): 0.0682644
212 (QN/EM) 	Elapsed: 0.008	Loglikelihood: -13664.4	(delta): 0.0704025
213 (QN/EM) 	Elapsed: 0.008	Loglikelihood: -13664.3	(delta): 0.0726044
214 (QN/EM) 	Elapsed: 0.008	Loglikelihood: -13664.2	(delta): 0.0748608
215 (QN/EM) 	Elapsed: 0.008	Loglikelihood: -13664.1	(delta): 0.0771491
216 (QN/EM) 	Elapsed: 0.008	Loglikelihood: -13664	(delta): 0.0794625
217 (QN/EM) 	Elapsed: 0.008	Loglikelihood: -13664	(delta): 0.0818088
218 (QN/EM) 	Elapsed: 0.008	Loglikelihood: -13663.9	(delta): 0.0841512
219 (QN/EM) 	Elapsed: 0.008	Loglikelihood: -13663.8	(delta): 0.0864792
220 (QN/EM) 	Elapsed: 0.008	Loglikelihood: -13663.7	(delta): 0.0887832
221 (QN/EM) 	Elapsed: 0.008	Loglikelihood: -13663.6	(delta): 0.0910529
222 (QN/EM) 	Elapsed: 0.008	Loglikelihood: -13663.5	(delta): 0.0932747
223 (QN/EM) 	Elapsed: 0.008	Loglikelihood: -13662.5	(delta): 1.04435
224 (QN/EM) 	Elapsed: 0.008	Loglikelihood: -13660.8	(delta): 1.65478
225 (QN/EM) 	Elapsed: 0.008	Loglikelihood: -13660.5	(delta): 0.356321
226 (QN/EM) 	Elapsed: 0.009	Loglikelihood: -13660	(delta): 0.449044
227 (QN/EM) 	Elapsed: 0.008	Loglikelihood: -13659.9	(delta): 0.142109
228 (QN/EM) 	Elapsed: 0.008	Loglikelihood: -13659.8	(delta): 0.0742478
229 (QN/EM) 	Elapsed: 0.008	Loglikelihood: -13659.7	(delta): 0.0701677
230 (QN/EM) 	Elapsed: 0.008	Loglikelihood: -13659.4	(delta): 0.315953
231 (QN/EM) 	Elapsed: 0.008	Loglikelihood: -13659.4	(delta): 0.0318238
232 (QN/EM) 	Elapsed: 0.008	Loglikelihood: -13659.4	(delta): 0.0054548
233 (QN/EM) 	Elapsed: 0.008	Loglikelihood: -13659.4	(delta): 0.00240453
234 (QN/EM) 	Elapsed: 0.008	Loglikelihood: -13659.4	(delta): 0.0123928
235 (QN/EM) 	Elapsed: 0.008	Loglikelihood: -13659.4	(delta): 0.00104588
236 (QN/EM) 	Elapsed: 0.008	Loglikelihood: -13659.4	(delta): 0.0069906
237 (QN/EM) 	Elapsed: 0.008	Loglikelihood: -13659.3	(delta): 0.00926717
238 (QN/EM) 	Elapsed: 0.008	Loglikelihood: -13659.3	(delta): 0.00359262
239 (QN/EM) 	Elapsed: 0.008	Loglikelihood: -13659.3	(delta): 0.00247262
240 (QN/EM) 	Elapsed: 0.008	Loglikelihood: -13659.3	(delta): 0.000683084
241 (QN/EM) 	Elapsed: 0.008	Loglikelihood: -13659.3	(delta): 0.000835117
242 (QN/EM) 	Elapsed: 0.008	Loglikelihood: -13659.3	(delta): 0.00102165
243 (QN/EM) 	Elapsed: 0.008	Loglikelihood: -13659.3	(delta): 0.00152729
244 (QN/EM) 	Elapsed: 0.008	Loglikelihood: -13659.3	(delta): 0.00185752
245 (QN/EM) 	Elapsed: 0.008	Loglikelihood: -13659.3	(delta): 0.00171653
246 (QN/EM) 	Elapsed: 0.008	Loglikelihood: -13659.3	(delta): 0.00206652
247 (QN/EM) 	Elapsed: 0.008	Loglikelihood: -13659.3	(delta): 0.00248482
248 (QN/EM) 	Elapsed: 0.008	Loglikelihood: -13659.3	(delta): 0.002982
249 (QN/EM) 	Elapsed: 0.008	Loglikelihood: -13659.3	(delta): 0.00356893
250 (QN/EM) 	Elapsed: 0.008	Loglikelihood: -13659.3	(delta): 0.00425628
251 (QN/EM) 	Elapsed: 0.008	Loglikelihood: -13659.3	(delta): 0.00505411
252 (QN/EM) 	Elapsed: 0.008	Loglikelihood: -13659.3	(delta): 0.00597177
253 (QN/EM) 	Elapsed: 0.008	Loglikelihood: -13659.3	(delta): 0.0070185
254 (QN/EM) 	Elapsed: 0.008	Loglikelihood: -13659.3	(delta): 0.00820537
255 (QN/EM) 	Elapsed: 0.008	Loglikelihood: -13659.3	(delta): 0.00954891
256 (QN/EM) 	Elapsed: 0.008	Loglikelihood: -13659.3	(delta): 0.0110768
257 (QN/EM) 	Elapsed: 0.008	Loglikelihood: -13659.3	(delta): 0.012835
258 (QN/EM) 	Elapsed: 0.008	Loglikelihood: -13659.2	(delta): 0.0148969
259 (QN/EM) 	Elapsed: 0.008	Loglikelihood: -13659.2	(delta): 0.0173712
260 (QN/EM) 	Elapsed: 0.008	Loglikelihood: -13659.2	(delta): 0.0204107
261 (QN/EM) 	Elapsed: 0.008	Loglikelihood: -13659.2	(delta): 0.0242192
262 (QN/EM) 	Elapsed: 0.008	Loglikelihood: -13659.1	(delta): 0.0290569
263 (QN/EM) 	Elapsed: 0.008	Loglikelihood: -13659.1	(delta): 0.0352416
264 (QN/EM) 	Elapsed: 0.008	Loglikelihood: -13659.1	(delta): 0.0431412
265 (QN/EM) 	Elapsed: 0.008	Loglikelihood: -13659	(delta): 0.0531465
266 (QN/EM) 	Elapsed: 0.008	Loglikelihood: -13659	(delta): 0.0656128
267 (QN/EM) 	Elapsed: 0.008	Loglikelihood: -13658.9	(delta): 0.0807532
268 (QN/EM) 	Elapsed: 0.008	Loglikelihood: -13658.8	(delta): 0.0984839
269 (QN/EM) 	Elapsed: 0.008	Loglikelihood: -13658.7	(delta): 0.118251
270 (QN/EM) 	Elapsed: 0.008	Loglikelihood: -13658.5	(delta): 0.138927
271 (QN/EM) 	Elapsed: 0.008	Loglikelihood: -13658.4	(delta): 0.159193
272 (QN/EM) 	Elapsed: 0.008	Loglikelihood: -13657.9	(delta): 0.494042
273 (QN/EM) 	Elapsed: 0.008	Loglikelihood: -13657.7	(delta): 0.192087
274 (QN/EM) 	Elapsed: 0.008	Loglikelihood: -13657.4	(delta): 0.265078
275 (QN/EM) 	Elapsed: 0.008	Loglikelihood: -13657.1	(delta): 0.287215
276 (QN/EM) 	Elapsed: 0.008	Loglikelihood: -13656.9	(delta): 0.199912
277 (QN/EM) 	Elapsed: 0.008	Loglikelihood: -13656.7	(delta): 0.215592
278 (QN/EM) 	Elapsed: 0.008	Loglikelihood: -13656.5	(delta): 0.249076
279 (QN/EM) 	Elapsed: 0.008	Loglikelihood: -13656.2	(delta): 0.245492
280 (QN/EM) 	Elapsed: 0.008	Loglikelihood: -13656	(delta): 0.215144
281 (QN/EM) 	Elapsed: 0.008	Loglikelihood: -13655.8	(delta): 0.182887
282 (QN/EM) 	Elapsed: 0.008	Loglikelihood: -13655.6	(delta): 0.163574
283 (QN/EM) 	Elapsed: 0.008	Loglikelihood: -13655.4	(delta): 0.202661
284 (QN/EM) 	Elapsed: 0.008	Loglikelihood: -13654.9	(delta): 0.57544
285 (QN/EM) 	Elapsed: 0.008	Loglikelihood: -13654.7	(delta): 0.159977
286 (QN/EM) 	Elapsed: 0.008	Loglikelihood: -13654.3	(delta): 0.423449
287 (QN/EM) 	Elapsed: 0.008	Loglikelihood: -13653.9	(delta): 0.392203
288 (QN/EM) 	Elapsed: 0.008	Loglikelihood: -13653.1	(delta): 0.824906
289 (QN/EM) 	Elapsed: 0.008	Loglikelihood: -13652.2	(delta): 0.914012
290 (QN/EM) 	Elapsed: 0.008	Loglikelihood: -13651.9	(delta): 0.27228
291 (QN/EM) 	Elapsed: 0.008	Loglikelihood: -13651.8	(delta): 0.0517177
292 (QN/EM) 	Elapsed: 0.008	Loglikelihood: -13651.7	(delta): 0.087747
293 (QN/EM) 	Elapsed: 0.008	Loglikelihood: -13651.2	(delta): 0.506686
294 (QN/EM) 	Elapsed: 0.008	Loglikelihood: -13650.6	(delta): 0.682458
295 (QN/EM) 	Elapsed: 0.008	Loglikelihood: -13650.5	(delta): 0.0982542
296 (QN/EM) 	Elapsed: 0.008	Loglikelihood: -13650.4	(delta): 0.037734
297 (QN/EM) 	Elapsed: 0.008	Loglikelihood: -13650.4	(delta): 0.0528718
298 (QN/EM) 	Elapsed: 0.008	Loglikelihood: -13650.3	(delta): 0.0829697
299 (QN/EM) 	Elapsed: 0.008	Loglikelihood: -13650.2	(delta): 0.0580364
300 (QN/EM) 	Elapsed: 0.008	Loglikelihood: -13650.2	(delta): 0.0311143
301 (QN/EM) 	Elapsed: 0.008	Loglikelihood: -13650.2	(delta): 0.027795
302 (QN/EM) 	Elapsed: 0.008	Loglikelihood: -13650.1	(delta): 0.0264762
303 (QN/EM) 	Elapsed: 0.008	Loglikelihood: -13650.1	(delta): 0.0218973
304 (QN/EM) 	Elapsed: 0.008	Loglikelihood: -13650.1	(delta): 0.0174026
305 (QN/EM) 	Elapsed: 0.008	Loglikelihood: -13649.7	(delta): 0.421944
306 (QN/EM) 	Elapsed: 0.008	Loglikelihood: -13649.7	(delta): 0.0185292
307 (QN/EM) 	Elapsed: 0.007	Loglikelihood: -13649.6	(delta): 0.0107623
308 (QN/EM) 	Elapsed: 0.008	Loglikelihood: -13649.6	(delta): 0.011648
309 (QN/EM) 	Elapsed: 0.009	Loglikelihood: -13649.6	(delta): 0.0545524
310 (QN/EM) 	Elapsed: 0.008	Loglikelihood: -13649.5	(delta): 0.0432265
311 (QN/EM) 	Elapsed: 0.008	Loglikelihood: -13649.5	(delta): 0.0542294
312 (QN/EM) 	Elapsed: 0.008	Loglikelihood: -13649.5	(delta): 0.0158774
313 (QN/EM) 	Elapsed: 0.008	Loglikelihood: -13649.5	(delta): 0.0158023
314 (QN/EM) 	Elapsed: 0.008	Loglikelihood: -13649.4	(delta): 0.0639878
315 (QN/EM) 	Elapsed: 0.008	Loglikelihood: -13649.3	(delta): 0.069742
316 (QN/EM) 	Elapsed: 0.008	Loglikelihood: -13649.3	(delta): 0.017641
317 (QN/EM) 	Elapsed: 0.008	Loglikelihood: -13649.3	(delta): 0.0304629
318 (QN/EM) 	Elapsed: 0.008	Loglikelihood: -13649.2	(delta): 0.0297571
319 (QN/EM) 	Elapsed: 0.008	Loglikelihood: -13649.2	(delta): 0.014308
320 (QN/EM) 	Elapsed: 0.008	Loglikelihood: -13649.2	(delta): 0.00112569
321 (QN/EM) 	Elapsed: 0.008	Loglikelihood: -13649.2	(delta): 0.0043634
322 (QN/EM) 	Elapsed: 0.008	Loglikelihood: -13649.2	(delta): 0.000604833
323 (QN/EM) 	Elapsed: 0.008	Loglikelihood: -13649.2	(delta): 0.000618994
324 (QN/EM) 	Elapsed: 0.008	Loglikelihood: -13649.2	(delta): 0.000636802
325 (QN/EM) 	Elapsed: 0.008	Loglikelihood: -13649.2	(delta): 0.0114815
326 (QN/EM) 	Elapsed: 0.008	Loglikelihood: -13649.2	(delta): 0.000258696
327 (QN/EM) 	Elapsed: 0.008	Loglikelihood: -13649.2	(delta): 0.00254035
328 (QN/EM) 	Elapsed: 0.008	Loglikelihood: -13649.2	(delta): 0.00481793
329 (QN/EM) 	Elapsed: 0.008	Loglikelihood: -13649.2	(delta): 0.00309602
330 (QN/EM) 	Elapsed: 0.008	Loglikelihood: -13649.2	(delta): 0.000125573
331 (QN/EM) 	Elapsed: 0.008	Loglikelihood: -13649.2	(delta): 0.00014488
332 (QN/EM) 	Elapsed: 0.008	Loglikelihood: -13649.2	(delta): 0.000166863
333 (QN/EM) 	Elapsed: 0.008	Loglikelihood: -13649.2	(delta): 0.000191465
334 (QN/EM) 	Elapsed: 0.008	Loglikelihood: -13649.2	(delta): 0.000812048
335 (QN/EM) 	Elapsed: 0.008	Loglikelihood: -13649.2	(delta): 0.000383767
336 (QN/EM) 	Elapsed: 0.008	Loglikelihood: -13649.2	(delta): 0.000393384
337 (QN/EM) 	Elapsed: 0.008	Loglikelihood: -13649.2	(delta): 0.00283886
338 (QN/EM) 	Elapsed: 0.008	Loglikelihood: -13649.2	(delta): 0.000132906
339 (QN/EM) 	Elapsed: 0.008	Loglikelihood: -13649.2	(delta): 0.000111774
340 (QN/EM) 	Elapsed: 0.008	Loglikelihood: -13649.2	(delta): 0.000907409
341 (QN/EM) 	Elapsed: 0.008	Loglikelihood: -13649.2	(delta): 0.000492634
342 (QN/EM) 	Elapsed: 0.008	Loglikelihood: -13649.2	(delta): 0.000370277
343 (QN/EM) 	Elapsed: 0.008	Loglikelihood: -13649.2	(delta): 0.000590597
344 (QN/EM) 	Elapsed: 0.008	Loglikelihood: -13649.2	(delta): 0.000151138
345 (QN/EM) 	Elapsed: 0.009	Loglikelihood: -13649.2	(delta): 0.000159601
346 (QN/EM) 	Elapsed: 0.008	Loglikelihood: -13649.2	(delta): 0.000167591
347 (QN/EM) 	Elapsed: 0.008	Loglikelihood: -13649.2	(delta): 0.000174293
348 (QN/EM) 	Elapsed: 0.008	Loglikelihood: -13649.2	(delta): 0.0016865
349 (QN/EM) 	Elapsed: 0.008	Loglikelihood: -13649.2	(delta): 0.00112012
350 (QN/EM) 	Elapsed: 0.008	Loglikelihood: -13649.2	(delta): 0.000285985
351 (QN/EM) 	Elapsed: 0.008	Loglikelihood: -13649.2	(delta): 0.000264822
352 (QN/EM) 	Elapsed: 0.008	Loglikelihood: -13649.2	(delta): 0.000156317
353 (QN/EM) 	Elapsed: 0.008	Loglikelihood: -13649.2	(delta): 0.000152748
354 (QN/EM) 	Elapsed: 0.008	Loglikelihood: -13649.2	(delta): 8.99897e-05
Summary: 
Converged in 354 iterations (3.104 sec)
Loglikelihood: -13649.184316
Fst divergences between estimated populations: 
	Pop0	Pop1	Pop2	
Pop0	
Pop1	0.506	
Pop2	0.101	0.471	
Pop3	0.098	0.461	0.055	
CV error (K=4): 0.48199
Writing output files.
