****                   ADMIXTURE Version 1.3.0                  ****
****                    Copyright 2008-2015                     ****
****           David Alexander, Suyash Shringarpure,            ****
****                John  Novembre, Ken Lange                   ****
****                                                            ****
****                 Please cite our paper!                     ****
****   Information at www.genetics.ucla.edu/software/admixture  ****

Cross-validation will be performed.  Folds=5.
Parallel execution requested.  Will use 5 threads.
Random seed: 43
Point estimation method: EM algorithm
Convergence acceleration algorithm: QuasiNewton, 3 secant conditions
Point estimation will terminate when objective function delta < 0.0001
Estimation of standard errors disabled; will compute point estimates only.
Size of G: 41x1060
Performing five EM steps to prime main algorithm
1 (EM) 	Elapsed: 0.006	Loglikelihood: -19366.1	(delta): 41508.8
2 (EM) 	Elapsed: 0.006	Loglikelihood: -17807.8	(delta): 1558.29
3 (EM) 	Elapsed: 0.006	Loglikelihood: -17421.7	(delta): 386.072
4 (EM) 	Elapsed: 0.005	Loglikelihood: -17168.7	(delta): 252.978
5 (EM) 	Elapsed: 0.005	Loglikelihood: -16974.8	(delta): 193.909
Initial loglikelihood: -16974.8
Starting main algorithm
1 (QN/EM) 	Elapsed: 0.016	Loglikelihood: -16681.6	(delta): 293.188
2 (QN/EM) 	Elapsed: 0.015	Loglikelihood: -16460.6	(delta): 220.993
3 (QN/EM) 	Elapsed: 0.016	Loglikelihood: -15589.9	(delta): 870.682
4 (QN/EM) 	Elapsed: 0.015	Loglikelihood: -15396.2	(delta): 193.771
5 (QN/EM) 	Elapsed: 0.015	Loglikelihood: -15069.5	(delta): 326.63
6 (QN/EM) 	Elapsed: 0.015	Loglikelihood: -14617.9	(delta): 451.63
7 (QN/EM) 	Elapsed: 0.015	Loglikelihood: -14521.7	(delta): 96.183
8 (QN/EM) 	Elapsed: 0.014	Loglikelihood: -14302.5	(delta): 219.186
9 (QN/EM) 	Elapsed: 0.013	Loglikelihood: -14105.9	(delta): 196.685
10 (QN/EM) 	Elapsed: 0.014	Loglikelihood: -13990.8	(delta): 115.092
11 (QN/EM) 	Elapsed: 0.014	Loglikelihood: -13918.5	(delta): 72.2301
12 (QN/EM) 	Elapsed: 0.014	Loglikelihood: -13837	(delta): 81.5356
13 (QN/EM) 	Elapsed: 0.014	Loglikelihood: -13787.2	(delta): 49.8158
14 (QN/EM) 	Elapsed: 0.014	Loglikelihood: -13688.3	(delta): 98.9356
15 (QN/EM) 	Elapsed: 0.014	Loglikelihood: -13648	(delta): 40.2876
16 (QN/EM) 	Elapsed: 0.014	Loglikelihood: -13617.9	(delta): 30.0735
17 (QN/EM) 	Elapsed: 0.014	Loglikelihood: -13584.3	(delta): 33.628
18 (QN/EM) 	Elapsed: 0.014	Loglikelihood: -13567	(delta): 17.2773
19 (QN/EM) 	Elapsed: 0.014	Loglikelihood: -13556.3	(delta): 10.7164
20 (QN/EM) 	Elapsed: 0.014	Loglikelihood: -13530.2	(delta): 26.0733
21 (QN/EM) 	Elapsed: 0.015	Loglikelihood: -13506.6	(delta): 23.5542
22 (QN/EM) 	Elapsed: 0.014	Loglikelihood: -13500.5	(delta): 6.1646
23 (QN/EM) 	Elapsed: 0.014	Loglikelihood: -13485.4	(delta): 15.0712
24 (QN/EM) 	Elapsed: 0.014	Loglikelihood: -13469.3	(delta): 16.1429
25 (QN/EM) 	Elapsed: 0.014	Loglikelihood: -13456.5	(delta): 12.7974
26 (QN/EM) 	Elapsed: 0.014	Loglikelihood: -13443.6	(delta): 12.8207
27 (QN/EM) 	Elapsed: 0.015	Loglikelihood: -13408.3	(delta): 35.3238
28 (QN/EM) 	Elapsed: 0.014	Loglikelihood: -13389.9	(delta): 18.3695
29 (QN/EM) 	Elapsed: 0.014	Loglikelihood: -13370	(delta): 19.9887
30 (QN/EM) 	Elapsed: 0.014	Loglikelihood: -13363.4	(delta): 6.54289
31 (QN/EM) 	Elapsed: 0.014	Loglikelihood: -13347.4	(delta): 16.023
32 (QN/EM) 	Elapsed: 0.014	Loglikelihood: -13337.1	(delta): 10.2643
33 (QN/EM) 	Elapsed: 0.014	Loglikelihood: -13327.5	(delta): 9.66557
34 (QN/EM) 	Elapsed: 0.014	Loglikelihood: -13309.7	(delta): 17.7274
35 (QN/EM) 	Elapsed: 0.014	Loglikelihood: -13297	(delta): 12.7603
36 (QN/EM) 	Elapsed: 0.014	Loglikelihood: -13288.1	(delta): 8.8871
37 (QN/EM) 	Elapsed: 0.014	Loglikelihood: -13271.9	(delta): 16.1476
38 (QN/EM) 	Elapsed: 0.014	Loglikelihood: -13258.5	(delta): 13.4613
39 (QN/EM) 	Elapsed: 0.014	Loglikelihood: -13252.8	(delta): 5.68924
40 (QN/EM) 	Elapsed: 0.014	Loglikelihood: -13237.6	(delta): 15.1643
41 (QN/EM) 	Elapsed: 0.014	Loglikelihood: -13231.6	(delta): 5.99078
42 (QN/EM) 	Elapsed: 0.014	Loglikelihood: -13222.6	(delta): 9.01338
43 (QN/EM) 	Elapsed: 0.014	Loglikelihood: -13217.7	(delta): 4.93413
44 (QN/EM) 	Elapsed: 0.014	Loglikelihood: -13206.8	(delta): 10.9169
45 (QN/EM) 	Elapsed: 0.014	Loglikelihood: -13194.4	(delta): 12.3395
46 (QN/EM) 	Elapsed: 0.014	Loglikelihood: -13181.8	(delta): 12.6721
47 (QN/EM) 	Elapsed: 0.014	Loglikelihood: -13173.5	(delta): 8.27432
48 (QN/EM) 	Elapsed: 0.014	Loglikelihood: -13169.5	(delta): 4.03571
49 (QN/EM) 	Elapsed: 0.014	Loglikelihood: -13163.7	(delta): 5.75996
50 (QN/EM) 	Elapsed: 0.014	Loglikelihood: -13158.6	(delta): 5.0421
51 (QN/EM) 	Elapsed: 0.014	Loglikelihood: -13151.7	(delta): 6.91823
52 (QN/EM) 	Elapsed: 0.015	Loglikelihood: -13149.8	(delta): 1.97482
53 (QN/EM) 	Elapsed: 0.015	Loglikelihood: -13147.8	(delta): 1.95111
54 (QN/EM) 	Elapsed: 0.014	Loglikelihood: -13144.1	(delta): 3.66882
55 (QN/EM) 	Elapsed: 0.014	Loglikelihood: -13138.8	(delta): 5.3409
56 (QN/EM) 	Elapsed: 0.014	Loglikelihood: -13127.4	(delta): 11.4062
57 (QN/EM) 	Elapsed: 0.015	Loglikelihood: -13121.1	(delta): 6.31813
58 (QN/EM) 	Elapsed: 0.014	Loglikelihood: -13116.1	(delta): 4.9281
59 (QN/EM) 	Elapsed: 0.015	Loglikelihood: -13103.4	(delta): 12.7476
60 (QN/EM) 	Elapsed: 0.014	Loglikelihood: -13100.4	(delta): 3.00618
61 (QN/EM) 	Elapsed: 0.014	Loglikelihood: -13099.3	(delta): 1.0602
62 (QN/EM) 	Elapsed: 0.014	Loglikelihood: -13098.3	(delta): 1.01498
63 (QN/EM) 	Elapsed: 0.015	Loglikelihood: -13097.8	(delta): 0.510552
64 (QN/EM) 	Elapsed: 0.015	Loglikelihood: -13097.2	(delta): 0.560984
65 (QN/EM) 	Elapsed: 0.015	Loglikelihood: -13096.6	(delta): 0.618808
66 (QN/EM) 	Elapsed: 0.014	Loglikelihood: -13093.6	(delta): 3.06328
67 (QN/EM) 	Elapsed: 0.014	Loglikelihood: -13092.3	(delta): 1.30767
68 (QN/EM) 	Elapsed: 0.014	Loglikelihood: -13091.7	(delta): 0.59282
69 (QN/EM) 	Elapsed: 0.014	Loglikelihood: -13089	(delta): 2.68033
70 (QN/EM) 	Elapsed: 0.014	Loglikelihood: -13088.5	(delta): 0.524812
71 (QN/EM) 	Elapsed: 0.014	Loglikelihood: -13087.4	(delta): 1.07369
72 (QN/EM) 	Elapsed: 0.015	Loglikelihood: -13087	(delta): 0.339731
73 (QN/EM) 	Elapsed: 0.015	Loglikelihood: -13086.7	(delta): 0.361884
74 (QN/EM) 	Elapsed: 0.015	Loglikelihood: -13086.3	(delta): 0.386367
75 (QN/EM) 	Elapsed: 0.015	Loglikelihood: -13085.9	(delta): 0.402053
76 (QN/EM) 	Elapsed: 0.014	Loglikelihood: -13084.4	(delta): 1.44227
77 (QN/EM) 	Elapsed: 0.015	Loglikelihood: -13080.1	(delta): 4.37625
78 (QN/EM) 	Elapsed: 0.014	Loglikelihood: -13079.7	(delta): 0.334265
79 (QN/EM) 	Elapsed: 0.015	Loglikelihood: -13079.4	(delta): 0.357216
80 (QN/EM) 	Elapsed: 0.014	Loglikelihood: -13078.9	(delta): 0.498689
81 (QN/EM) 	Elapsed: 0.014	Loglikelihood: -13078.3	(delta): 0.619541
82 (QN/EM) 	Elapsed: 0.015	Loglikelihood: -13077.6	(delta): 0.701253
83 (QN/EM) 	Elapsed: 0.014	Loglikelihood: -13076.9	(delta): 0.711281
84 (QN/EM) 	Elapsed: 0.015	Loglikelihood: -13076.1	(delta): 0.744592
85 (QN/EM) 	Elapsed: 0.014	Loglikelihood: -13072.4	(delta): 3.65981
86 (QN/EM) 	Elapsed: 0.015	Loglikelihood: -13071.5	(delta): 0.913404
87 (QN/EM) 	Elapsed: 0.014	Loglikelihood: -13069.3	(delta): 2.27788
88 (QN/EM) 	Elapsed: 0.014	Loglikelihood: -13067.9	(delta): 1.40287
89 (QN/EM) 	Elapsed: 0.014	Loglikelihood: -13066.2	(delta): 1.66516
90 (QN/EM) 	Elapsed: 0.014	Loglikelihood: -13066	(delta): 0.190858
91 (QN/EM) 	Elapsed: 0.015	Loglikelihood: -13065.8	(delta): 0.167309
92 (QN/EM) 	Elapsed: 0.015	Loglikelihood: -13065.6	(delta): 0.210447
93 (QN/EM) 	Elapsed: 0.014	Loglikelihood: -13065.1	(delta): 0.528827
94 (QN/EM) 	Elapsed: 0.015	Loglikelihood: -13064.9	(delta): 0.201078
95 (QN/EM) 	Elapsed: 0.015	Loglikelihood: -13064.7	(delta): 0.180404
96 (QN/EM) 	Elapsed: 0.014	Loglikelihood: -13064.3	(delta): 0.377964
97 (QN/EM) 	Elapsed: 0.014	Loglikelihood: -13064.2	(delta): 0.15945
98 (QN/EM) 	Elapsed: 0.015	Loglikelihood: -13064	(delta): 0.131337
99 (QN/EM) 	Elapsed: 0.015	Loglikelihood: -13063.9	(delta): 0.123509
100 (QN/EM) 	Elapsed: 0.014	Loglikelihood: -13063.8	(delta): 0.120998
101 (QN/EM) 	Elapsed: 0.014	Loglikelihood: -13062.6	(delta): 1.17404
102 (QN/EM) 	Elapsed: 0.015	Loglikelihood: -13062.4	(delta): 0.201207
103 (QN/EM) 	Elapsed: 0.015	Loglikelihood: -13062.3	(delta): 0.13514
104 (QN/EM) 	Elapsed: 0.014	Loglikelihood: -13062	(delta): 0.27454
105 (QN/EM) 	Elapsed: 0.014	Loglikelihood: -13061.4	(delta): 0.590344
106 (QN/EM) 	Elapsed: 0.014	Loglikelihood: -13060.9	(delta): 0.499764
107 (QN/EM) 	Elapsed: 0.014	Loglikelihood: -13060.6	(delta): 0.360822
108 (QN/EM) 	Elapsed: 0.015	Loglikelihood: -13060.4	(delta): 0.17188
109 (QN/EM) 	Elapsed: 0.015	Loglikelihood: -13060.2	(delta): 0.170719
110 (QN/EM) 	Elapsed: 0.015	Loglikelihood: -13060.1	(delta): 0.131648
111 (QN/EM) 	Elapsed: 0.014	Loglikelihood: -13059.3	(delta): 0.742397
112 (QN/EM) 	Elapsed: 0.015	Loglikelihood: -13058.9	(delta): 0.416239
113 (QN/EM) 	Elapsed: 0.015	Loglikelihood: -13058.8	(delta): 0.0877514
114 (QN/EM) 	Elapsed: 0.015	Loglikelihood: -13058.7	(delta): 0.0884481
115 (QN/EM) 	Elapsed: 0.015	Loglikelihood: -13058.7	(delta): 0.091039
116 (QN/EM) 	Elapsed: 0.015	Loglikelihood: -13058.5	(delta): 0.145068
117 (QN/EM) 	Elapsed: 0.015	Loglikelihood: -13057.3	(delta): 1.17833
118 (QN/EM) 	Elapsed: 0.015	Loglikelihood: -13057.2	(delta): 0.136002
119 (QN/EM) 	Elapsed: 0.014	Loglikelihood: -13057	(delta): 0.239034
120 (QN/EM) 	Elapsed: 0.014	Loglikelihood: -13055.8	(delta): 1.19639
121 (QN/EM) 	Elapsed: 0.014	Loglikelihood: -13054.7	(delta): 1.03988
122 (QN/EM) 	Elapsed: 0.015	Loglikelihood: -13054.4	(delta): 0.316048
123 (QN/EM) 	Elapsed: 0.014	Loglikelihood: -13054.4	(delta): 0.038909
124 (QN/EM) 	Elapsed: 0.014	Loglikelihood: -13054.2	(delta): 0.146127
125 (QN/EM) 	Elapsed: 0.014	Loglikelihood: -13053.9	(delta): 0.345834
126 (QN/EM) 	Elapsed: 0.014	Loglikelihood: -13053.7	(delta): 0.137935
127 (QN/EM) 	Elapsed: 0.014	Loglikelihood: -13053.7	(delta): 0.00779524
128 (QN/EM) 	Elapsed: 0.015	Loglikelihood: -13053.7	(delta): 0.00541579
129 (QN/EM) 	Elapsed: 0.014	Loglikelihood: -13053.5	(delta): 0.255018
130 (QN/EM) 	Elapsed: 0.014	Loglikelihood: -13053.5	(delta): 0.0191498
131 (QN/EM) 	Elapsed: 0.014	Loglikelihood: -13053.4	(delta): 0.00797517
132 (QN/EM) 	Elapsed: 0.015	Loglikelihood: -13053.4	(delta): 7.45093e-05
Summary: 
Converged in 132 iterations (2.012 sec)
Loglikelihood: -13053.443388
Fst divergences between estimated populations: 
	Pop0	Pop1	Pop2	Pop3	
Pop0	
Pop1	0.113	
Pop2	0.084	0.126	
Pop3	0.473	0.509	0.491	
Pop4	0.072	0.119	0.092	0.480	
CV error (K=5): 0.53792
Writing output files.
