****                   ADMIXTURE Version 1.3.0                  ****
****                    Copyright 2008-2015                     ****
****           David Alexander, Suyash Shringarpure,            ****
****                John  Novembre, Ken Lange                   ****
****                                                            ****
****                 Please cite our paper!                     ****
****   Information at www.genetics.ucla.edu/software/admixture  ****

Cross-validation will be performed.  Folds=5.
Parallel execution requested.  Will use 5 threads.
Random seed: 43
Point estimation method: EM algorithm
Convergence acceleration algorithm: QuasiNewton, 3 secant conditions
Point estimation will terminate when objective function delta < 0.0001
Estimation of standard errors disabled; will compute point estimates only.
Size of G: 41x1060
Performing five EM steps to prime main algorithm
1 (EM) 	Elapsed: 0.013	Loglikelihood: -19136.3	(delta): 40970.1
2 (EM) 	Elapsed: 0.013	Loglikelihood: -17417.8	(delta): 1718.5
3 (EM) 	Elapsed: 0.012	Loglikelihood: -16935	(delta): 482.781
4 (EM) 	Elapsed: 0.011	Loglikelihood: -16607.4	(delta): 327.586
5 (EM) 	Elapsed: 0.011	Loglikelihood: -16338	(delta): 269.456
Initial loglikelihood: -16338
Starting main algorithm
1 (QN/EM) 	Elapsed: 0.018	Loglikelihood: -15882.8	(delta): 455.175
2 (QN/EM) 	Elapsed: 0.017	Loglikelihood: -15488.2	(delta): 394.619
3 (QN/EM) 	Elapsed: 0.017	Loglikelihood: -14185.9	(delta): 1302.34
4 (QN/EM) 	Elapsed: 0.016	Loglikelihood: -14001.5	(delta): 184.317
5 (QN/EM) 	Elapsed: 0.014	Loglikelihood: -13644.2	(delta): 357.357
6 (QN/EM) 	Elapsed: 0.014	Loglikelihood: -13471.5	(delta): 172.718
7 (QN/EM) 	Elapsed: 0.014	Loglikelihood: -13201.2	(delta): 270.268
8 (QN/EM) 	Elapsed: 0.014	Loglikelihood: -13055.6	(delta): 145.578
9 (QN/EM) 	Elapsed: 0.013	Loglikelihood: -12950.3	(delta): 105.308
10 (QN/EM) 	Elapsed: 0.014	Loglikelihood: -12911.6	(delta): 38.7597
11 (QN/EM) 	Elapsed: 0.013	Loglikelihood: -12810.9	(delta): 100.694
12 (QN/EM) 	Elapsed: 0.014	Loglikelihood: -12777.2	(delta): 33.6529
13 (QN/EM) 	Elapsed: 0.014	Loglikelihood: -12720.1	(delta): 57.1503
14 (QN/EM) 	Elapsed: 0.013	Loglikelihood: -12685.7	(delta): 34.3281
15 (QN/EM) 	Elapsed: 0.014	Loglikelihood: -12659.3	(delta): 26.4725
16 (QN/EM) 	Elapsed: 0.013	Loglikelihood: -12647.3	(delta): 11.9429
17 (QN/EM) 	Elapsed: 0.014	Loglikelihood: -12639.7	(delta): 7.65972
18 (QN/EM) 	Elapsed: 0.014	Loglikelihood: -12621.6	(delta): 18.0034
19 (QN/EM) 	Elapsed: 0.013	Loglikelihood: -12613.7	(delta): 7.91711
20 (QN/EM) 	Elapsed: 0.014	Loglikelihood: -12602.6	(delta): 11.1522
21 (QN/EM) 	Elapsed: 0.013	Loglikelihood: -12564.7	(delta): 37.9022
22 (QN/EM) 	Elapsed: 0.014	Loglikelihood: -12551.1	(delta): 13.6161
23 (QN/EM) 	Elapsed: 0.013	Loglikelihood: -12532.1	(delta): 18.9436
24 (QN/EM) 	Elapsed: 0.014	Loglikelihood: -12519.8	(delta): 12.2845
25 (QN/EM) 	Elapsed: 0.013	Loglikelihood: -12507.6	(delta): 12.2506
26 (QN/EM) 	Elapsed: 0.014	Loglikelihood: -12498.3	(delta): 9.30894
27 (QN/EM) 	Elapsed: 0.014	Loglikelihood: -12495.2	(delta): 3.04902
28 (QN/EM) 	Elapsed: 0.014	Loglikelihood: -12486	(delta): 9.26637
29 (QN/EM) 	Elapsed: 0.014	Loglikelihood: -12483.7	(delta): 2.25953
30 (QN/EM) 	Elapsed: 0.013	Loglikelihood: -12465.1	(delta): 18.6011
31 (QN/EM) 	Elapsed: 0.014	Loglikelihood: -12462.8	(delta): 2.3159
32 (QN/EM) 	Elapsed: 0.014	Loglikelihood: -12456.5	(delta): 6.28443
33 (QN/EM) 	Elapsed: 0.014	Loglikelihood: -12455	(delta): 1.48302
34 (QN/EM) 	Elapsed: 0.014	Loglikelihood: -12453.4	(delta): 1.60535
35 (QN/EM) 	Elapsed: 0.014	Loglikelihood: -12440.9	(delta): 12.5101
36 (QN/EM) 	Elapsed: 0.014	Loglikelihood: -12432.8	(delta): 8.13661
37 (QN/EM) 	Elapsed: 0.014	Loglikelihood: -12431.3	(delta): 1.42977
38 (QN/EM) 	Elapsed: 0.014	Loglikelihood: -12430	(delta): 1.34907
39 (QN/EM) 	Elapsed: 0.014	Loglikelihood: -12428.4	(delta): 1.54565
40 (QN/EM) 	Elapsed: 0.014	Loglikelihood: -12426.4	(delta): 2.00752
41 (QN/EM) 	Elapsed: 0.014	Loglikelihood: -12424.1	(delta): 2.31993
42 (QN/EM) 	Elapsed: 0.014	Loglikelihood: -12417	(delta): 7.05996
43 (QN/EM) 	Elapsed: 0.014	Loglikelihood: -12412.2	(delta): 4.85151
44 (QN/EM) 	Elapsed: 0.014	Loglikelihood: -12409.1	(delta): 3.05116
45 (QN/EM) 	Elapsed: 0.014	Loglikelihood: -12406.8	(delta): 2.29793
46 (QN/EM) 	Elapsed: 0.014	Loglikelihood: -12405.9	(delta): 0.899274
47 (QN/EM) 	Elapsed: 0.013	Loglikelihood: -12404	(delta): 1.94983
48 (QN/EM) 	Elapsed: 0.014	Loglikelihood: -12402.1	(delta): 1.88753
49 (QN/EM) 	Elapsed: 0.013	Loglikelihood: -12400.2	(delta): 1.87702
50 (QN/EM) 	Elapsed: 0.013	Loglikelihood: -12398.7	(delta): 1.57172
51 (QN/EM) 	Elapsed: 0.013	Loglikelihood: -12395.7	(delta): 2.97199
52 (QN/EM) 	Elapsed: 0.014	Loglikelihood: -12394.9	(delta): 0.762391
53 (QN/EM) 	Elapsed: 0.013	Loglikelihood: -12392.5	(delta): 2.46111
54 (QN/EM) 	Elapsed: 0.013	Loglikelihood: -12390.3	(delta): 2.20348
55 (QN/EM) 	Elapsed: 0.013	Loglikelihood: -12388.4	(delta): 1.82288
56 (QN/EM) 	Elapsed: 0.013	Loglikelihood: -12387.8	(delta): 0.648308
57 (QN/EM) 	Elapsed: 0.014	Loglikelihood: -12387.4	(delta): 0.422002
58 (QN/EM) 	Elapsed: 0.014	Loglikelihood: -12386.9	(delta): 0.463483
59 (QN/EM) 	Elapsed: 0.013	Loglikelihood: -12386	(delta): 0.901402
60 (QN/EM) 	Elapsed: 0.013	Loglikelihood: -12384.8	(delta): 1.22851
61 (QN/EM) 	Elapsed: 0.013	Loglikelihood: -12383	(delta): 1.8245
62 (QN/EM) 	Elapsed: 0.013	Loglikelihood: -12381.5	(delta): 1.45171
63 (QN/EM) 	Elapsed: 0.014	Loglikelihood: -12380.6	(delta): 0.936593
64 (QN/EM) 	Elapsed: 0.014	Loglikelihood: -12379.6	(delta): 0.999405
65 (QN/EM) 	Elapsed: 0.013	Loglikelihood: -12374.3	(delta): 5.26539
66 (QN/EM) 	Elapsed: 0.013	Loglikelihood: -12372.2	(delta): 2.11996
67 (QN/EM) 	Elapsed: 0.014	Loglikelihood: -12371.7	(delta): 0.465023
68 (QN/EM) 	Elapsed: 0.014	Loglikelihood: -12371.2	(delta): 0.50257
69 (QN/EM) 	Elapsed: 0.013	Loglikelihood: -12370.6	(delta): 0.63965
70 (QN/EM) 	Elapsed: 0.014	Loglikelihood: -12369.6	(delta): 1.02113
71 (QN/EM) 	Elapsed: 0.014	Loglikelihood: -12368.6	(delta): 0.922515
72 (QN/EM) 	Elapsed: 0.014	Loglikelihood: -12364.9	(delta): 3.77368
73 (QN/EM) 	Elapsed: 0.014	Loglikelihood: -12362.8	(delta): 2.06107
74 (QN/EM) 	Elapsed: 0.014	Loglikelihood: -12359.9	(delta): 2.92392
75 (QN/EM) 	Elapsed: 0.014	Loglikelihood: -12356.3	(delta): 3.59574
76 (QN/EM) 	Elapsed: 0.014	Loglikelihood: -12353.4	(delta): 2.89163
77 (QN/EM) 	Elapsed: 0.014	Loglikelihood: -12350.4	(delta): 3.00658
78 (QN/EM) 	Elapsed: 0.014	Loglikelihood: -12348.2	(delta): 2.19223
79 (QN/EM) 	Elapsed: 0.014	Loglikelihood: -12346.9	(delta): 1.3254
80 (QN/EM) 	Elapsed: 0.014	Loglikelihood: -12344.2	(delta): 2.62198
81 (QN/EM) 	Elapsed: 0.013	Loglikelihood: -12342.1	(delta): 2.16007
82 (QN/EM) 	Elapsed: 0.013	Loglikelihood: -12340.3	(delta): 1.80992
83 (QN/EM) 	Elapsed: 0.014	Loglikelihood: -12339.2	(delta): 1.115
84 (QN/EM) 	Elapsed: 0.014	Loglikelihood: -12336.4	(delta): 2.78054
85 (QN/EM) 	Elapsed: 0.014	Loglikelihood: -12333.7	(delta): 2.66034
86 (QN/EM) 	Elapsed: 0.014	Loglikelihood: -12332.9	(delta): 0.854038
87 (QN/EM) 	Elapsed: 0.014	Loglikelihood: -12330.9	(delta): 1.96675
88 (QN/EM) 	Elapsed: 0.014	Loglikelihood: -12329.7	(delta): 1.19862
89 (QN/EM) 	Elapsed: 0.013	Loglikelihood: -12326.2	(delta): 3.5076
90 (QN/EM) 	Elapsed: 0.014	Loglikelihood: -12322.2	(delta): 3.96384
91 (QN/EM) 	Elapsed: 0.013	Loglikelihood: -12321.5	(delta): 0.690695
92 (QN/EM) 	Elapsed: 0.014	Loglikelihood: -12321	(delta): 0.492121
93 (QN/EM) 	Elapsed: 0.013	Loglikelihood: -12320.7	(delta): 0.386212
94 (QN/EM) 	Elapsed: 0.014	Loglikelihood: -12320.6	(delta): 0.0792466
95 (QN/EM) 	Elapsed: 0.014	Loglikelihood: -12320	(delta): 0.525269
96 (QN/EM) 	Elapsed: 0.013	Loglikelihood: -12319.1	(delta): 0.944797
97 (QN/EM) 	Elapsed: 0.013	Loglikelihood: -12318.2	(delta): 0.859157
98 (QN/EM) 	Elapsed: 0.014	Loglikelihood: -12318.2	(delta): 0.066097
99 (QN/EM) 	Elapsed: 0.013	Loglikelihood: -12318.1	(delta): 0.0911673
100 (QN/EM) 	Elapsed: 0.014	Loglikelihood: -12318	(delta): 0.112433
101 (QN/EM) 	Elapsed: 0.013	Loglikelihood: -12317.9	(delta): 0.0739207
102 (QN/EM) 	Elapsed: 0.013	Loglikelihood: -12317.7	(delta): 0.181095
103 (QN/EM) 	Elapsed: 0.013	Loglikelihood: -12317.6	(delta): 0.103419
104 (QN/EM) 	Elapsed: 0.013	Loglikelihood: -12317.6	(delta): 0.0367022
105 (QN/EM) 	Elapsed: 0.013	Loglikelihood: -12317.5	(delta): 0.108683
106 (QN/EM) 	Elapsed: 0.014	Loglikelihood: -12317.4	(delta): 0.0360932
107 (QN/EM) 	Elapsed: 0.014	Loglikelihood: -12317.4	(delta): 0.0205292
108 (QN/EM) 	Elapsed: 0.013	Loglikelihood: -12317.4	(delta): 0.0312356
109 (QN/EM) 	Elapsed: 0.013	Loglikelihood: -12317.4	(delta): 0.0305001
110 (QN/EM) 	Elapsed: 0.013	Loglikelihood: -12317.1	(delta): 0.237268
111 (QN/EM) 	Elapsed: 0.013	Loglikelihood: -12317	(delta): 0.151838
112 (QN/EM) 	Elapsed: 0.014	Loglikelihood: -12316.9	(delta): 0.0522959
113 (QN/EM) 	Elapsed: 0.014	Loglikelihood: -12316.9	(delta): 0.0532157
114 (QN/EM) 	Elapsed: 0.014	Loglikelihood: -12316.8	(delta): 0.0598227
115 (QN/EM) 	Elapsed: 0.014	Loglikelihood: -12316.7	(delta): 0.0676339
116 (QN/EM) 	Elapsed: 0.013	Loglikelihood: -12315	(delta): 1.72254
117 (QN/EM) 	Elapsed: 0.014	Loglikelihood: -12314.1	(delta): 0.917132
118 (QN/EM) 	Elapsed: 0.014	Loglikelihood: -12313.2	(delta): 0.858107
119 (QN/EM) 	Elapsed: 0.014	Loglikelihood: -12312	(delta): 1.2174
120 (QN/EM) 	Elapsed: 0.014	Loglikelihood: -12310.4	(delta): 1.59468
121 (QN/EM) 	Elapsed: 0.014	Loglikelihood: -12306.1	(delta): 4.30969
122 (QN/EM) 	Elapsed: 0.014	Loglikelihood: -12301.7	(delta): 4.36289
123 (QN/EM) 	Elapsed: 0.014	Loglikelihood: -12300.7	(delta): 1.03225
124 (QN/EM) 	Elapsed: 0.014	Loglikelihood: -12299.5	(delta): 1.17297
125 (QN/EM) 	Elapsed: 0.014	Loglikelihood: -12297.3	(delta): 2.26832
126 (QN/EM) 	Elapsed: 0.014	Loglikelihood: -12293.3	(delta): 3.97288
127 (QN/EM) 	Elapsed: 0.014	Loglikelihood: -12289	(delta): 4.26239
128 (QN/EM) 	Elapsed: 0.014	Loglikelihood: -12282.5	(delta): 6.53104
129 (QN/EM) 	Elapsed: 0.014	Loglikelihood: -12279.6	(delta): 2.87076
130 (QN/EM) 	Elapsed: 0.014	Loglikelihood: -12275.6	(delta): 4.02776
131 (QN/EM) 	Elapsed: 0.014	Loglikelihood: -12270.4	(delta): 5.19203
132 (QN/EM) 	Elapsed: 0.014	Loglikelihood: -12265.9	(delta): 4.53372
133 (QN/EM) 	Elapsed: 0.014	Loglikelihood: -12265.1	(delta): 0.812461
134 (QN/EM) 	Elapsed: 0.014	Loglikelihood: -12264.8	(delta): 0.225521
135 (QN/EM) 	Elapsed: 0.014	Loglikelihood: -12262.7	(delta): 2.10296
136 (QN/EM) 	Elapsed: 0.014	Loglikelihood: -12262.3	(delta): 0.439984
137 (QN/EM) 	Elapsed: 0.013	Loglikelihood: -12262	(delta): 0.30378
138 (QN/EM) 	Elapsed: 0.014	Loglikelihood: -12261.4	(delta): 0.618585
139 (QN/EM) 	Elapsed: 0.014	Loglikelihood: -12260.4	(delta): 0.989636
140 (QN/EM) 	Elapsed: 0.014	Loglikelihood: -12259.4	(delta): 0.980634
141 (QN/EM) 	Elapsed: 0.014	Loglikelihood: -12258.7	(delta): 0.684016
142 (QN/EM) 	Elapsed: 0.014	Loglikelihood: -12258.2	(delta): 0.47953
143 (QN/EM) 	Elapsed: 0.014	Loglikelihood: -12257.8	(delta): 0.408727
144 (QN/EM) 	Elapsed: 0.014	Loglikelihood: -12257.5	(delta): 0.370182
145 (QN/EM) 	Elapsed: 0.014	Loglikelihood: -12257.1	(delta): 0.386167
146 (QN/EM) 	Elapsed: 0.015	Loglikelihood: -12256.6	(delta): 0.499403
147 (QN/EM) 	Elapsed: 0.014	Loglikelihood: -12256.2	(delta): 0.335598
148 (QN/EM) 	Elapsed: 0.014	Loglikelihood: -12255.9	(delta): 0.299946
149 (QN/EM) 	Elapsed: 0.014	Loglikelihood: -12254	(delta): 1.9752
150 (QN/EM) 	Elapsed: 0.014	Loglikelihood: -12252.6	(delta): 1.39117
151 (QN/EM) 	Elapsed: 0.014	Loglikelihood: -12250.9	(delta): 1.64799
152 (QN/EM) 	Elapsed: 0.014	Loglikelihood: -12249.2	(delta): 1.72837
153 (QN/EM) 	Elapsed: 0.014	Loglikelihood: -12248.6	(delta): 0.557727
154 (QN/EM) 	Elapsed: 0.013	Loglikelihood: -12247.9	(delta): 0.695898
155 (QN/EM) 	Elapsed: 0.014	Loglikelihood: -12247.2	(delta): 0.740766
156 (QN/EM) 	Elapsed: 0.014	Loglikelihood: -12246.7	(delta): 0.466066
157 (QN/EM) 	Elapsed: 0.014	Loglikelihood: -12246.4	(delta): 0.299216
158 (QN/EM) 	Elapsed: 0.014	Loglikelihood: -12246	(delta): 0.441964
159 (QN/EM) 	Elapsed: 0.014	Loglikelihood: -12245.6	(delta): 0.423988
160 (QN/EM) 	Elapsed: 0.014	Loglikelihood: -12244.9	(delta): 0.640261
161 (QN/EM) 	Elapsed: 0.014	Loglikelihood: -12244.6	(delta): 0.368467
162 (QN/EM) 	Elapsed: 0.014	Loglikelihood: -12243.6	(delta): 0.940479
163 (QN/EM) 	Elapsed: 0.014	Loglikelihood: -12240.3	(delta): 3.33101
164 (QN/EM) 	Elapsed: 0.014	Loglikelihood: -12238.7	(delta): 1.55205
165 (QN/EM) 	Elapsed: 0.014	Loglikelihood: -12238.1	(delta): 0.653496
166 (QN/EM) 	Elapsed: 0.014	Loglikelihood: -12237.6	(delta): 0.498566
167 (QN/EM) 	Elapsed: 0.014	Loglikelihood: -12237.5	(delta): 0.102362
168 (QN/EM) 	Elapsed: 0.014	Loglikelihood: -12235.9	(delta): 1.6308
169 (QN/EM) 	Elapsed: 0.014	Loglikelihood: -12235	(delta): 0.843241
170 (QN/EM) 	Elapsed: 0.014	Loglikelihood: -12234.8	(delta): 0.165889
171 (QN/EM) 	Elapsed: 0.014	Loglikelihood: -12234.4	(delta): 0.402921
172 (QN/EM) 	Elapsed: 0.013	Loglikelihood: -12234.3	(delta): 0.170281
173 (QN/EM) 	Elapsed: 0.014	Loglikelihood: -12234.1	(delta): 0.194115
174 (QN/EM) 	Elapsed: 0.014	Loglikelihood: -12233.2	(delta): 0.845409
175 (QN/EM) 	Elapsed: 0.014	Loglikelihood: -12227.8	(delta): 5.38863
176 (QN/EM) 	Elapsed: 0.014	Loglikelihood: -12225.6	(delta): 2.24524
177 (QN/EM) 	Elapsed: 0.014	Loglikelihood: -12224.6	(delta): 1.01981
178 (QN/EM) 	Elapsed: 0.014	Loglikelihood: -12224.3	(delta): 0.307103
179 (QN/EM) 	Elapsed: 0.014	Loglikelihood: -12224.1	(delta): 0.21121
180 (QN/EM) 	Elapsed: 0.014	Loglikelihood: -12224	(delta): 0.0674376
181 (QN/EM) 	Elapsed: 0.014	Loglikelihood: -12224	(delta): 0.032751
182 (QN/EM) 	Elapsed: 0.014	Loglikelihood: -12223.9	(delta): 0.0232624
183 (QN/EM) 	Elapsed: 0.013	Loglikelihood: -12223.9	(delta): 0.0765109
184 (QN/EM) 	Elapsed: 0.014	Loglikelihood: -12223.8	(delta): 0.0446186
185 (QN/EM) 	Elapsed: 0.014	Loglikelihood: -12223.8	(delta): 0.0581113
186 (QN/EM) 	Elapsed: 0.014	Loglikelihood: -12223.7	(delta): 0.0666018
187 (QN/EM) 	Elapsed: 0.014	Loglikelihood: -12223.6	(delta): 0.0702245
188 (QN/EM) 	Elapsed: 0.014	Loglikelihood: -12223.6	(delta): 0.073534
189 (QN/EM) 	Elapsed: 0.014	Loglikelihood: -12223.5	(delta): 0.0797416
190 (QN/EM) 	Elapsed: 0.014	Loglikelihood: -12223.4	(delta): 0.0889671
191 (QN/EM) 	Elapsed: 0.014	Loglikelihood: -12223.3	(delta): 0.100005
192 (QN/EM) 	Elapsed: 0.013	Loglikelihood: -12222.7	(delta): 0.548083
193 (QN/EM) 	Elapsed: 0.014	Loglikelihood: -12222.6	(delta): 0.114753
194 (QN/EM) 	Elapsed: 0.014	Loglikelihood: -12222.5	(delta): 0.0808339
195 (QN/EM) 	Elapsed: 0.014	Loglikelihood: -12222.4	(delta): 0.0905604
196 (QN/EM) 	Elapsed: 0.014	Loglikelihood: -12222.3	(delta): 0.189917
197 (QN/EM) 	Elapsed: 0.014	Loglikelihood: -12222	(delta): 0.236197
198 (QN/EM) 	Elapsed: 0.014	Loglikelihood: -12221.9	(delta): 0.128697
199 (QN/EM) 	Elapsed: 0.014	Loglikelihood: -12221.8	(delta): 0.109244
200 (QN/EM) 	Elapsed: 0.014	Loglikelihood: -12221.6	(delta): 0.158328
201 (QN/EM) 	Elapsed: 0.014	Loglikelihood: -12221.4	(delta): 0.213967
202 (QN/EM) 	Elapsed: 0.014	Loglikelihood: -12220	(delta): 1.43685
203 (QN/EM) 	Elapsed: 0.014	Loglikelihood: -12218.9	(delta): 1.04815
204 (QN/EM) 	Elapsed: 0.013	Loglikelihood: -12218.8	(delta): 0.142751
205 (QN/EM) 	Elapsed: 0.013	Loglikelihood: -12218.7	(delta): 0.0621696
206 (QN/EM) 	Elapsed: 0.013	Loglikelihood: -12218.7	(delta): 0.0322277
207 (QN/EM) 	Elapsed: 0.013	Loglikelihood: -12218.6	(delta): 0.0529292
208 (QN/EM) 	Elapsed: 0.013	Loglikelihood: -12218.6	(delta): 0.0446983
209 (QN/EM) 	Elapsed: 0.013	Loglikelihood: -12218.6	(delta): 0.0180139
210 (QN/EM) 	Elapsed: 0.014	Loglikelihood: -12218.6	(delta): 0.00655304
211 (QN/EM) 	Elapsed: 0.014	Loglikelihood: -12218.6	(delta): 0.00874042
212 (QN/EM) 	Elapsed: 0.014	Loglikelihood: -12218.5	(delta): 0.0114012
213 (QN/EM) 	Elapsed: 0.015	Loglikelihood: -12218.5	(delta): 0.0141574
214 (QN/EM) 	Elapsed: 0.015	Loglikelihood: -12218.5	(delta): 0.0164144
215 (QN/EM) 	Elapsed: 0.015	Loglikelihood: -12218.5	(delta): 0.0175188
216 (QN/EM) 	Elapsed: 0.014	Loglikelihood: -12218.5	(delta): 0.017154
217 (QN/EM) 	Elapsed: 0.014	Loglikelihood: -12218.5	(delta): 0.0156134
218 (QN/EM) 	Elapsed: 0.014	Loglikelihood: -12218.5	(delta): 0.0136134
219 (QN/EM) 	Elapsed: 0.014	Loglikelihood: -12218.4	(delta): 0.0118099
220 (QN/EM) 	Elapsed: 0.014	Loglikelihood: -12218.4	(delta): 0.0105009
221 (QN/EM) 	Elapsed: 0.014	Loglikelihood: -12218.4	(delta): 0.00967504
222 (QN/EM) 	Elapsed: 0.014	Loglikelihood: -12218.4	(delta): 0.0091905
223 (QN/EM) 	Elapsed: 0.014	Loglikelihood: -12218.3	(delta): 0.0752937
224 (QN/EM) 	Elapsed: 0.013	Loglikelihood: -12218.3	(delta): 0.043078
225 (QN/EM) 	Elapsed: 0.013	Loglikelihood: -12218.3	(delta): 0.00921049
226 (QN/EM) 	Elapsed: 0.014	Loglikelihood: -12218.2	(delta): 0.0774841
227 (QN/EM) 	Elapsed: 0.014	Loglikelihood: -12218.2	(delta): 0.0139856
228 (QN/EM) 	Elapsed: 0.014	Loglikelihood: -12218.2	(delta): 0.0139505
229 (QN/EM) 	Elapsed: 0.014	Loglikelihood: -12218.2	(delta): 0.0139458
230 (QN/EM) 	Elapsed: 0.014	Loglikelihood: -12218.2	(delta): 0.0129532
231 (QN/EM) 	Elapsed: 0.014	Loglikelihood: -12218.1	(delta): 0.0110185
232 (QN/EM) 	Elapsed: 0.014	Loglikelihood: -12218.1	(delta): 0.00878561
233 (QN/EM) 	Elapsed: 0.013	Loglikelihood: -12218.1	(delta): 0.00703194
234 (QN/EM) 	Elapsed: 0.014	Loglikelihood: -12218.1	(delta): 0.0622127
235 (QN/EM) 	Elapsed: 0.014	Loglikelihood: -12218	(delta): 0.037403
236 (QN/EM) 	Elapsed: 0.014	Loglikelihood: -12218	(delta): 0.0112612
237 (QN/EM) 	Elapsed: 0.014	Loglikelihood: -12218	(delta): 0.00643707
238 (QN/EM) 	Elapsed: 0.014	Loglikelihood: -12218	(delta): 0.00562299
239 (QN/EM) 	Elapsed: 0.014	Loglikelihood: -12218	(delta): 0.00590119
240 (QN/EM) 	Elapsed: 0.014	Loglikelihood: -12218	(delta): 0.0358849
241 (QN/EM) 	Elapsed: 0.013	Loglikelihood: -12217.9	(delta): 0.0126941
242 (QN/EM) 	Elapsed: 0.014	Loglikelihood: -12217.9	(delta): 0.00585824
243 (QN/EM) 	Elapsed: 0.014	Loglikelihood: -12217.9	(delta): 0.0687107
244 (QN/EM) 	Elapsed: 0.014	Loglikelihood: -12217.8	(delta): 0.104999
245 (QN/EM) 	Elapsed: 0.014	Loglikelihood: -12217.6	(delta): 0.19036
246 (QN/EM) 	Elapsed: 0.014	Loglikelihood: -12217.3	(delta): 0.286617
247 (QN/EM) 	Elapsed: 0.014	Loglikelihood: -12217.2	(delta): 0.0755204
248 (QN/EM) 	Elapsed: 0.014	Loglikelihood: -12217.2	(delta): 0.053321
249 (QN/EM) 	Elapsed: 0.014	Loglikelihood: -12217.1	(delta): 0.0766302
250 (QN/EM) 	Elapsed: 0.014	Loglikelihood: -12217	(delta): 0.0912595
251 (QN/EM) 	Elapsed: 0.014	Loglikelihood: -12216.9	(delta): 0.0897158
252 (QN/EM) 	Elapsed: 0.014	Loglikelihood: -12216.8	(delta): 0.069316
253 (QN/EM) 	Elapsed: 0.014	Loglikelihood: -12216.6	(delta): 0.271486
254 (QN/EM) 	Elapsed: 0.014	Loglikelihood: -12216.4	(delta): 0.119453
255 (QN/EM) 	Elapsed: 0.014	Loglikelihood: -12216.4	(delta): 0.063223
256 (QN/EM) 	Elapsed: 0.014	Loglikelihood: -12216.3	(delta): 0.0595393
257 (QN/EM) 	Elapsed: 0.013	Loglikelihood: -12216.2	(delta): 0.104791
258 (QN/EM) 	Elapsed: 0.014	Loglikelihood: -12215.9	(delta): 0.360672
259 (QN/EM) 	Elapsed: 0.014	Loglikelihood: -12215.8	(delta): 0.0882139
260 (QN/EM) 	Elapsed: 0.013	Loglikelihood: -12215.3	(delta): 0.447544
261 (QN/EM) 	Elapsed: 0.013	Loglikelihood: -12214.8	(delta): 0.511128
262 (QN/EM) 	Elapsed: 0.014	Loglikelihood: -12214.7	(delta): 0.132832
263 (QN/EM) 	Elapsed: 0.014	Loglikelihood: -12214.5	(delta): 0.220074
264 (QN/EM) 	Elapsed: 0.014	Loglikelihood: -12214.2	(delta): 0.253337
265 (QN/EM) 	Elapsed: 0.014	Loglikelihood: -12213.9	(delta): 0.270238
266 (QN/EM) 	Elapsed: 0.014	Loglikelihood: -12213.6	(delta): 0.285647
267 (QN/EM) 	Elapsed: 0.014	Loglikelihood: -12213	(delta): 0.640925
268 (QN/EM) 	Elapsed: 0.014	Loglikelihood: -12212.7	(delta): 0.281253
269 (QN/EM) 	Elapsed: 0.014	Loglikelihood: -12212.6	(delta): 0.124405
270 (QN/EM) 	Elapsed: 0.014	Loglikelihood: -12212.4	(delta): 0.220733
271 (QN/EM) 	Elapsed: 0.014	Loglikelihood: -12211.8	(delta): 0.582248
272 (QN/EM) 	Elapsed: 0.014	Loglikelihood: -12211.6	(delta): 0.154747
273 (QN/EM) 	Elapsed: 0.014	Loglikelihood: -12211.6	(delta): 0.0645044
274 (QN/EM) 	Elapsed: 0.014	Loglikelihood: -12211.5	(delta): 0.0349904
275 (QN/EM) 	Elapsed: 0.014	Loglikelihood: -12211.5	(delta): 0.0394473
276 (QN/EM) 	Elapsed: 0.014	Loglikelihood: -12211.5	(delta): 0.036092
277 (QN/EM) 	Elapsed: 0.014	Loglikelihood: -12211.4	(delta): 0.0277167
278 (QN/EM) 	Elapsed: 0.014	Loglikelihood: -12211.4	(delta): 0.020893
279 (QN/EM) 	Elapsed: 0.014	Loglikelihood: -12211.4	(delta): 0.0179855
280 (QN/EM) 	Elapsed: 0.014	Loglikelihood: -12211.4	(delta): 0.0178554
281 (QN/EM) 	Elapsed: 0.014	Loglikelihood: -12211.3	(delta): 0.0529684
282 (QN/EM) 	Elapsed: 0.014	Loglikelihood: -12211.3	(delta): 0.0380581
283 (QN/EM) 	Elapsed: 0.014	Loglikelihood: -12211.3	(delta): 0.0249916
284 (QN/EM) 	Elapsed: 0.014	Loglikelihood: -12211.2	(delta): 0.0251288
285 (QN/EM) 	Elapsed: 0.014	Loglikelihood: -12211.2	(delta): 0.0274351
286 (QN/EM) 	Elapsed: 0.014	Loglikelihood: -12211.2	(delta): 0.0279206
287 (QN/EM) 	Elapsed: 0.013	Loglikelihood: -12211.1	(delta): 0.048221
288 (QN/EM) 	Elapsed: 0.013	Loglikelihood: -12211.1	(delta): 0.0419395
289 (QN/EM) 	Elapsed: 0.014	Loglikelihood: -12211.1	(delta): 0.034138
290 (QN/EM) 	Elapsed: 0.014	Loglikelihood: -12210.9	(delta): 0.135498
291 (QN/EM) 	Elapsed: 0.014	Loglikelihood: -12210.8	(delta): 0.148614
292 (QN/EM) 	Elapsed: 0.013	Loglikelihood: -12210.7	(delta): 0.0537806
293 (QN/EM) 	Elapsed: 0.014	Loglikelihood: -12210.7	(delta): 0.0330937
294 (QN/EM) 	Elapsed: 0.014	Loglikelihood: -12210.7	(delta): 0.0351904
295 (QN/EM) 	Elapsed: 0.014	Loglikelihood: -12210.6	(delta): 0.0270478
296 (QN/EM) 	Elapsed: 0.014	Loglikelihood: -12210.6	(delta): 0.016971
297 (QN/EM) 	Elapsed: 0.014	Loglikelihood: -12210.6	(delta): 0.0114321
298 (QN/EM) 	Elapsed: 0.014	Loglikelihood: -12210.6	(delta): 0.00953057
299 (QN/EM) 	Elapsed: 0.014	Loglikelihood: -12210.6	(delta): 0.0205706
300 (QN/EM) 	Elapsed: 0.014	Loglikelihood: -12210.5	(delta): 0.0378382
301 (QN/EM) 	Elapsed: 0.013	Loglikelihood: -12210.3	(delta): 0.247758
302 (QN/EM) 	Elapsed: 0.014	Loglikelihood: -12210.2	(delta): 0.111373
303 (QN/EM) 	Elapsed: 0.014	Loglikelihood: -12210.1	(delta): 0.0526969
304 (QN/EM) 	Elapsed: 0.014	Loglikelihood: -12210	(delta): 0.0771075
305 (QN/EM) 	Elapsed: 0.014	Loglikelihood: -12210	(delta): 0.0439438
306 (QN/EM) 	Elapsed: 0.014	Loglikelihood: -12210	(delta): 0.0317178
307 (QN/EM) 	Elapsed: 0.014	Loglikelihood: -12209.9	(delta): 0.0394408
308 (QN/EM) 	Elapsed: 0.014	Loglikelihood: -12209.9	(delta): 0.0368342
309 (QN/EM) 	Elapsed: 0.014	Loglikelihood: -12209.9	(delta): 0.0299763
310 (QN/EM) 	Elapsed: 0.014	Loglikelihood: -12209.8	(delta): 0.028068
311 (QN/EM) 	Elapsed: 0.014	Loglikelihood: -12209.8	(delta): 0.0283074
312 (QN/EM) 	Elapsed: 0.014	Loglikelihood: -12209.8	(delta): 0.0270335
313 (QN/EM) 	Elapsed: 0.014	Loglikelihood: -12209.8	(delta): 0.024711
314 (QN/EM) 	Elapsed: 0.014	Loglikelihood: -12209.5	(delta): 0.279178
315 (QN/EM) 	Elapsed: 0.013	Loglikelihood: -12209.1	(delta): 0.337909
316 (QN/EM) 	Elapsed: 0.014	Loglikelihood: -12209	(delta): 0.141189
317 (QN/EM) 	Elapsed: 0.013	Loglikelihood: -12208.9	(delta): 0.0463991
318 (QN/EM) 	Elapsed: 0.014	Loglikelihood: -12208.9	(delta): 0.0869664
319 (QN/EM) 	Elapsed: 0.013	Loglikelihood: -12208.8	(delta): 0.10995
320 (QN/EM) 	Elapsed: 0.014	Loglikelihood: -12207.9	(delta): 0.804758
321 (QN/EM) 	Elapsed: 0.014	Loglikelihood: -12207.9	(delta): 0.0382142
322 (QN/EM) 	Elapsed: 0.014	Loglikelihood: -12207.9	(delta): 0.000497131
323 (QN/EM) 	Elapsed: 0.014	Loglikelihood: -12207.9	(delta): 0.0103253
324 (QN/EM) 	Elapsed: 0.014	Loglikelihood: -12207.9	(delta): 0.00166331
325 (QN/EM) 	Elapsed: 0.014	Loglikelihood: -12207.9	(delta): 0.00103883
326 (QN/EM) 	Elapsed: 0.014	Loglikelihood: -12207.9	(delta): 0.00140164
327 (QN/EM) 	Elapsed: 0.014	Loglikelihood: -12207.9	(delta): 0.00183557
328 (QN/EM) 	Elapsed: 0.014	Loglikelihood: -12207.9	(delta): 0.00230649
329 (QN/EM) 	Elapsed: 0.014	Loglikelihood: -12207.9	(delta): 0.00274579
330 (QN/EM) 	Elapsed: 0.014	Loglikelihood: -12207.9	(delta): 0.00305521
331 (QN/EM) 	Elapsed: 0.014	Loglikelihood: -12207.9	(delta): 0.00313757
332 (QN/EM) 	Elapsed: 0.014	Loglikelihood: -12207.9	(delta): 0.00294704
333 (QN/EM) 	Elapsed: 0.014	Loglikelihood: -12207.9	(delta): 0.00252514
334 (QN/EM) 	Elapsed: 0.014	Loglikelihood: -12207.9	(delta): 0.00198626
335 (QN/EM) 	Elapsed: 0.014	Loglikelihood: -12207.9	(delta): 0.00145847
336 (QN/EM) 	Elapsed: 0.014	Loglikelihood: -12207.9	(delta): 0.0010273
337 (QN/EM) 	Elapsed: 0.014	Loglikelihood: -12207.9	(delta): 0.000719252
338 (QN/EM) 	Elapsed: 0.014	Loglikelihood: -12207.9	(delta): 0.00383712
339 (QN/EM) 	Elapsed: 0.014	Loglikelihood: -12207.9	(delta): 0.00266224
340 (QN/EM) 	Elapsed: 0.014	Loglikelihood: -12207.9	(delta): 0.000119118
341 (QN/EM) 	Elapsed: 0.014	Loglikelihood: -12207.9	(delta): 6.64546e-05
Summary: 
Converged in 341 iterations (5.008 sec)
Loglikelihood: -12207.864374
Fst divergences between estimated populations: 
	Pop0	Pop1	Pop2	Pop3	Pop4	Pop5	
Pop0	
Pop1	0.217	
Pop2	0.195	0.114	
Pop3	0.202	0.105	0.110	
Pop4	0.200	0.112	0.107	0.100	
Pop5	0.208	0.135	0.113	0.133	0.125	
Pop6	0.603	0.501	0.486	0.493	0.493	0.509	
CV error (K=7): 0.65911
Writing output files.
